OpenROAD 6f9b2bb8b808b1bb5831d4525d868212ae50517a 
This program is licensed under the BSD-3 license. See the LICENSE file for details.
Components of this program may be licensed under more restrictive licenses which must be honored.
[INFO]: Reading ODB at '/openlane/designs/alphasoc_mem/runs/RUN_2023.12.03_14.26.22/tmp/placement/9-resizer.odb'…
define_corners Typical
read_liberty -corner Typical /home/vsduser/Desktop/work/tools/openlane_working_dir/pdks/sky130A/libs.ref/sky130_fd_sc_hd/lib/sky130_fd_sc_hd__tt_025C_1v80.lib
read_liberty -corner Typical /openlane/designs/alphasoc_mem/src/sky130_fd_sc_hd__tt_025C_1v80.lib
[WARNING STA-0053] /openlane/designs/alphasoc_mem/src/sky130_fd_sc_hd__tt_025C_1v80.lib line 1, library sky130_fd_sc_hd__tt_025C_1v80 already exists.
Using 1e-12 for capacitance...
Using 1e+03 for resistance...
Using 1e-09 for time...
Using 1e+00 for voltage...
Using 1e-03 for current...
Using 1e-09 for power...
Using 1e-06 for distance...
Reading design constraints file at '/openlane/designs/alphasoc_mem/src/alphasoc_mem_synthesis.sdc'…
Placement Analysis
---------------------------------
total displacement          0.0 u
average displacement        0.0 u
max displacement            0.0 u
original HPWL         1136255.4 u
legalized HPWL        1163205.5 u
delta HPWL                    2 %

[INFO DPL-0020] Mirrored 9298 instances
[INFO DPL-0021] HPWL before          1163205.5 u
[INFO DPL-0022] HPWL after           1136255.4 u
[INFO DPL-0023] HPWL delta               -2.3 %
Setting global connections for newly added cells…
Writing OpenROAD database to '/openlane/designs/alphasoc_mem/runs/RUN_2023.12.03_14.26.22/results/placement/alphasoc_mem.odb'…
Writing netlist to '/openlane/designs/alphasoc_mem/runs/RUN_2023.12.03_14.26.22/results/placement/alphasoc_mem.nl.v'…
Writing powered netlist to '/openlane/designs/alphasoc_mem/runs/RUN_2023.12.03_14.26.22/results/placement/alphasoc_mem.pnl.v'…
Writing layout to '/openlane/designs/alphasoc_mem/runs/RUN_2023.12.03_14.26.22/results/placement/alphasoc_mem.def'…
