OpenROAD 6f9b2bb8b808b1bb5831d4525d868212ae50517a 
This program is licensed under the BSD-3 license. See the LICENSE file for details.
Components of this program may be licensed under more restrictive licenses which must be honored.
[INFO]: Reading ODB at '/openlane/designs/alphasoc_mem/runs/RUN_2023.12.03_14.26.22/results/floorplan/alphasoc_mem.odb'…
define_corners Typical
read_liberty -corner Typical /home/vsduser/Desktop/work/tools/openlane_working_dir/pdks/sky130A/libs.ref/sky130_fd_sc_hd/lib/sky130_fd_sc_hd__tt_025C_1v80.lib
read_liberty -corner Typical /openlane/designs/alphasoc_mem/src/sky130_fd_sc_hd__tt_025C_1v80.lib
[WARNING STA-0053] /openlane/designs/alphasoc_mem/src/sky130_fd_sc_hd__tt_025C_1v80.lib line 1, library sky130_fd_sc_hd__tt_025C_1v80 already exists.
Using 1e-12 for capacitance...
Using 1e+03 for resistance...
Using 1e-09 for time...
Using 1e+00 for voltage...
Using 1e-03 for current...
Using 1e-09 for power...
Using 1e-06 for distance...
Reading design constraints file at '/openlane/designs/alphasoc_mem/src/alphasoc_mem_synthesis.sdc'…
[INFO]: Setting RC values...
[INFO]: Setting signal min routing layer to: met1 and clock min routing layer to met1. 
[INFO]: Setting signal max routing layer to: met5 and clock max routing layer to met5. 
[INFO GPL-0002] DBU: 1000
[INFO GPL-0003] SiteSize: 460 2720
[INFO GPL-0004] CoreAreaLxLy: 5520 10880
[INFO GPL-0005] CoreAreaUxUy: 876760 881280
[INFO GPL-0006] NumInstances: 43801
[INFO GPL-0007] NumPlaceInstances: 32374
[INFO GPL-0008] NumFixedInstances: 11427
[INFO GPL-0009] NumDummyInstances: 0
[INFO GPL-0010] NumNets: 32433
[INFO GPL-0011] NumPins: 106491
[INFO GPL-0012] DieAreaLxLy: 0 0
[INFO GPL-0013] DieAreaUxUy: 882575 893295
[INFO GPL-0014] CoreAreaLxLy: 5520 10880
[INFO GPL-0015] CoreAreaUxUy: 876760 881280
[INFO GPL-0016] CoreArea: 758327296000
[INFO GPL-0017] NonPlaceInstsArea: 15898998400
[INFO GPL-0018] PlaceInstsArea: 379785494400
[INFO GPL-0019] Util(%): 51.15
[INFO GPL-0020] StdInstsArea: 379785494400
[INFO GPL-0021] MacroInstsArea: 0
[InitialPlace]  Iter: 1 CG residual: 0.00396102 HPWL: 399135750
[InitialPlace]  Iter: 2 CG residual: 0.00004661 HPWL: 344951130
[InitialPlace]  Iter: 3 CG residual: 0.00001860 HPWL: 350204271
[InitialPlace]  Iter: 4 CG residual: 0.00010792 HPWL: 352207194
[InitialPlace]  Iter: 5 CG residual: 0.00003114 HPWL: 351888657
[InitialPlace]  Iter: 6 CG residual: 0.00003602 HPWL: 352655680
[InitialPlace]  Iter: 7 CG residual: 0.00004213 HPWL: 352052040
[InitialPlace]  Iter: 8 CG residual: 0.00007600 HPWL: 352713616
[InitialPlace]  Iter: 9 CG residual: 0.00006812 HPWL: 352038231
[InitialPlace]  Iter: 10 CG residual: 0.00005106 HPWL: 352724657
[InitialPlace]  Iter: 11 CG residual: 0.00004351 HPWL: 352042435
[InitialPlace]  Iter: 12 CG residual: 0.00003899 HPWL: 352713849
[InitialPlace]  Iter: 13 CG residual: 0.00005522 HPWL: 352052208
[InitialPlace]  Iter: 14 CG residual: 0.00004331 HPWL: 352700330
[InitialPlace]  Iter: 15 CG residual: 0.00004333 HPWL: 352058737
[InitialPlace]  Iter: 16 CG residual: 0.00004433 HPWL: 352693174
[InitialPlace]  Iter: 17 CG residual: 0.00003493 HPWL: 352041927
[InitialPlace]  Iter: 18 CG residual: 0.00003298 HPWL: 352698859
[InitialPlace]  Iter: 19 CG residual: 0.00001541 HPWL: 352034160
[InitialPlace]  Iter: 20 CG residual: 0.00003079 HPWL: 352722180
[INFO GPL-0031] FillerInit: NumGCells: 38048
[INFO GPL-0032] FillerInit: NumGNets: 32433
[INFO GPL-0033] FillerInit: NumGPins: 106491
[INFO GPL-0023] TargetDensity: 0.60
[INFO GPL-0024] AveragePlaceInstArea: 11731188
[INFO GPL-0025] IdealBinArea: 19551980
[INFO GPL-0026] IdealBinCnt: 38785
[INFO GPL-0027] TotalBinArea: 758327296000
[INFO GPL-0028] BinCnt: 128 128
[INFO GPL-0029] BinSize: 6807 6800
[INFO GPL-0030] NumBins: 16384
[NesterovSolve] Iter: 1 overflow: 0.99743 HPWL: 73690888
[NesterovSolve] Iter: 10 overflow: 0.995111 HPWL: 91004636
[NesterovSolve] Iter: 20 overflow: 0.995129 HPWL: 92726991
[NesterovSolve] Iter: 30 overflow: 0.995119 HPWL: 92923418
[NesterovSolve] Iter: 40 overflow: 0.995117 HPWL: 93270042
[NesterovSolve] Iter: 50 overflow: 0.995114 HPWL: 93613189
[NesterovSolve] Iter: 60 overflow: 0.995114 HPWL: 93489382
[NesterovSolve] Iter: 70 overflow: 0.995114 HPWL: 93397652
[NesterovSolve] Iter: 80 overflow: 0.995113 HPWL: 93385231
[NesterovSolve] Iter: 90 overflow: 0.995111 HPWL: 93381728
[NesterovSolve] Iter: 100 overflow: 0.995104 HPWL: 93521438
[NesterovSolve] Iter: 110 overflow: 0.995092 HPWL: 93795458
[NesterovSolve] Iter: 120 overflow: 0.995071 HPWL: 94227764
[NesterovSolve] Iter: 130 overflow: 0.995049 HPWL: 94958112
[NesterovSolve] Iter: 140 overflow: 0.994724 HPWL: 96210723
[NesterovSolve] Iter: 150 overflow: 0.994383 HPWL: 98296222
[NesterovSolve] Iter: 160 overflow: 0.994365 HPWL: 101491242
[NesterovSolve] Iter: 170 overflow: 0.993959 HPWL: 106705805
[NesterovSolve] Iter: 180 overflow: 0.993512 HPWL: 115080419
[NesterovSolve] Iter: 190 overflow: 0.992506 HPWL: 128631376
[NesterovSolve] Iter: 200 overflow: 0.991042 HPWL: 150033753
[NesterovSolve] Iter: 210 overflow: 0.988502 HPWL: 178265965
[NesterovSolve] Iter: 220 overflow: 0.984864 HPWL: 208537824
[NesterovSolve] Iter: 230 overflow: 0.98016 HPWL: 242377757
[NesterovSolve] Iter: 240 overflow: 0.973618 HPWL: 287783438
[NesterovSolve] Iter: 250 overflow: 0.961964 HPWL: 350281469
[NesterovSolve] Iter: 260 overflow: 0.945562 HPWL: 425647998
[NesterovSolve] Iter: 270 overflow: 0.924779 HPWL: 506982694
[NesterovSolve] Iter: 280 overflow: 0.899131 HPWL: 579995330
[NesterovSolve] Iter: 290 overflow: 0.868226 HPWL: 652366188
[NesterovSolve] Iter: 300 overflow: 0.831153 HPWL: 723648624
[NesterovSolve] Iter: 310 overflow: 0.792945 HPWL: 768622300
[INFO GPL-0100] worst slack 1.1e-06
[INFO GPL-0103] Weighted 3239 nets.
[NesterovSolve] Iter: 320 overflow: 0.757645 HPWL: 783234606
[NesterovSolve] Iter: 330 overflow: 0.72187 HPWL: 841005567
[NesterovSolve] Iter: 340 overflow: 0.676811 HPWL: 913436842
[NesterovSolve] Iter: 350 overflow: 0.637276 HPWL: 962220355
[INFO GPL-0100] worst slack 1.1e-06
[INFO GPL-0103] Weighted 3243 nets.
[NesterovSolve] Snapshot saved at iter = 358
[NesterovSolve] Iter: 360 overflow: 0.597388 HPWL: 1016815985
[NesterovSolve] Iter: 370 overflow: 0.56743 HPWL: 1043642631
[NesterovSolve] Iter: 380 overflow: 0.530929 HPWL: 1046416790
[NesterovSolve] Iter: 390 overflow: 0.495142 HPWL: 1043474586
[INFO GPL-0100] worst slack 1.1e-06
[INFO GPL-0103] Weighted 3238 nets.
[NesterovSolve] Iter: 400 overflow: 0.453577 HPWL: 1048052665
[NesterovSolve] Iter: 410 overflow: 0.414082 HPWL: 1044667230
[NesterovSolve] Iter: 420 overflow: 0.363683 HPWL: 1040995987
[NesterovSolve] Iter: 430 overflow: 0.322735 HPWL: 1037012417
[NesterovSolve] Iter: 440 overflow: 0.290183 HPWL: 1032326281
[INFO GPL-0100] worst slack 1.1e-06
[INFO GPL-0103] Weighted 3242 nets.
[NesterovSolve] Iter: 450 overflow: 0.258221 HPWL: 1029443004
[NesterovSolve] Iter: 460 overflow: 0.228821 HPWL: 1028944059
[INFO GPL-0100] worst slack 1.1e-06
[INFO GPL-0103] Weighted 3242 nets.
[NesterovSolve] Iter: 470 overflow: 0.201411 HPWL: 1028528903
[INFO GPL-0075] Routability numCall: 1 inflationIterCnt: 1 bloatIterCnt: 0
[INFO GPL-0036] TileLxLy: 0 0
[INFO GPL-0037] TileSize: 6900 6900
[INFO GPL-0038] TileCnt: 127 129
[INFO GPL-0039] numRoutingLayers: 6
[INFO GPL-0040] NumTiles: 16383
[INFO GPL-0063] TotalRouteOverflowH2: 7.600000739097595
[INFO GPL-0064] TotalRouteOverflowV2: 2.500000834465027
[INFO GPL-0065] OverflowTileCnt2: 82
[INFO GPL-0066] 0.5%RC: 1.0324786356371691
[INFO GPL-0067] 1.0%RC: 1.0162740915184103
[INFO GPL-0068] 2.0%RC: 1.0081370457592052
[INFO GPL-0069] 5.0%RC: 1.0032562128273768
[INFO GPL-0070] 0.5rcK: 1.0
[INFO GPL-0071] 1.0rcK: 1.0
[INFO GPL-0072] 2.0rcK: 0.0
[INFO GPL-0073] 5.0rcK: 0.0
[INFO GPL-0074] FinalRC: 1.0243764
[NesterovSolve] Iter: 480 overflow: 0.176537 HPWL: 1029677708
[NesterovSolve] Iter: 490 overflow: 0.152009 HPWL: 1030681631
[INFO GPL-0100] worst slack 1.1e-06
[INFO GPL-0103] Weighted 3238 nets.
[NesterovSolve] Iter: 500 overflow: 0.129366 HPWL: 1032271645
[NesterovSolve] Iter: 510 overflow: 0.109874 HPWL: 1033792486
[NesterovSolve] Finished with Overflow: 0.098485
Setting global connections for newly added cells…
Writing OpenROAD database to '/openlane/designs/alphasoc_mem/runs/RUN_2023.12.03_14.26.22/tmp/placement/7-global.odb'…
Writing netlist to '/openlane/designs/alphasoc_mem/runs/RUN_2023.12.03_14.26.22/tmp/placement/7-global.nl.v'…
Writing powered netlist to '/openlane/designs/alphasoc_mem/runs/RUN_2023.12.03_14.26.22/tmp/placement/7-global.pnl.v'…
Writing layout to '/openlane/designs/alphasoc_mem/runs/RUN_2023.12.03_14.26.22/tmp/placement/7-global.def'…
