OpenROAD 6f9b2bb8b808b1bb5831d4525d868212ae50517a 
This program is licensed under the BSD-3 license. See the LICENSE file for details.
Components of this program may be licensed under more restrictive licenses which must be honored.
define_corners Typical
read_liberty -corner Typical /home/vsduser/Desktop/work/tools/openlane_working_dir/pdks/sky130A/libs.ref/sky130_fd_sc_hd/lib/sky130_fd_sc_hd__tt_025C_1v80.lib
Using 1e-12 for capacitance...
Using 1e+03 for resistance...
Using 1e-09 for time...
Using 1e+00 for voltage...
Using 1e-03 for current...
Using 1e-09 for power...
Using 1e-06 for distance...
[INFO ODB-0222] Reading LEF file: /openlane/designs/alphacore/runs/RUN_2023.12.03_09.03.48/tmp/merged.nom.lef
[INFO ODB-0223]     Created 13 technology layers
[INFO ODB-0224]     Created 25 technology vias
[INFO ODB-0225]     Created 442 library cells
[INFO ODB-0226] Finished LEF file:  /openlane/designs/alphacore/runs/RUN_2023.12.03_09.03.48/tmp/merged.nom.lef
Reading netlist '/openlane/designs/alphacore/runs/RUN_2023.12.03_09.03.48/results/synthesis/alphacore.v'…
Reading design constraints file at '/openlane/designs/alphacore/src/alphacore_synthesis.sdc'…
[INFO IFP-0001] Added 174 rows of 1034 site unithd with height 1.
[INFO IFP-0030] Inserted 0 tiecells using sky130_fd_sc_hd__conb_1/LO.
[INFO IFP-0030] Inserted 0 tiecells using sky130_fd_sc_hd__conb_1/HI.
[INFO] Extracting DIE_AREA and CORE_AREA from the floorplan
[INFO] Floorplanned on a die area of 0.0 0.0 486.885 497.605 (microns). Saving to /openlane/designs/alphacore/runs/RUN_2023.12.03_09.03.48/reports/floorplan/3-initial_fp_die_area.rpt.
[INFO] Floorplanned on a core area of 5.52 10.88 481.16 484.16 (microns). Saving to /openlane/designs/alphacore/runs/RUN_2023.12.03_09.03.48/reports/floorplan/3-initial_fp_core_area.rpt.
Writing OpenROAD database to '/openlane/designs/alphacore/runs/RUN_2023.12.03_09.03.48/tmp/floorplan/3-initial_fp.odb'…
Writing layout to '/openlane/designs/alphacore/runs/RUN_2023.12.03_09.03.48/tmp/floorplan/3-initial_fp.def'…
Writing timing constraints to '/openlane/designs/alphacore/runs/RUN_2023.12.03_09.03.48/tmp/floorplan/3-initial_fp.sdc'…
