
===========================================================================
 report_power
============================================================================
======================= Fastest Corner ===================================

Group                  Internal  Switching    Leakage      Total
                          Power      Power      Power      Power (Watts)
----------------------------------------------------------------
Sequential             7.54e-06   1.52e-07   2.72e-09   7.69e-06  55.5%
Combinational          2.87e-07   3.02e-07   4.98e-09   5.94e-07   4.3%
Clock                  1.79e-06   3.76e-06   1.27e-08   5.57e-06  40.2%
Macro                  0.00e+00   0.00e+00   0.00e+00   0.00e+00   0.0%
Pad                    0.00e+00   0.00e+00   0.00e+00   0.00e+00   0.0%
----------------------------------------------------------------
Total                  9.62e-06   4.21e-06   2.04e-08   1.39e-05 100.0%
                          69.4%      30.4%       0.1%

======================= Slowest Corner ===================================

Group                  Internal  Switching    Leakage      Total
                          Power      Power      Power      Power (Watts)
----------------------------------------------------------------
Sequential             5.25e-06   1.02e-07   2.42e-06   7.77e-06  46.4%
Combinational          2.12e-07   2.00e-07   4.55e-06   4.96e-06  29.6%
Clock                  1.26e-06   2.53e-06   2.23e-07   4.01e-06  23.9%
Macro                  0.00e+00   0.00e+00   0.00e+00   0.00e+00   0.0%
Pad                    0.00e+00   0.00e+00   0.00e+00   0.00e+00   0.0%
----------------------------------------------------------------
Total                  6.72e-06   2.83e-06   7.20e-06   1.67e-05 100.0%
                          40.1%      16.9%      43.0%

======================= Typical Corner ===================================

Group                  Internal  Switching    Leakage      Total
                          Power      Power      Power      Power (Watts)
----------------------------------------------------------------
Sequential             6.52e-06   1.29e-07   1.42e-09   6.65e-06  55.6%
Combinational          2.60e-07   2.55e-07   3.41e-09   5.18e-07   4.3%
Clock                  1.56e-06   3.22e-06   1.23e-08   4.80e-06  40.1%
Macro                  0.00e+00   0.00e+00   0.00e+00   0.00e+00   0.0%
Pad                    0.00e+00   0.00e+00   0.00e+00   0.00e+00   0.0%
----------------------------------------------------------------
Total                  8.34e-06   3.61e-06   1.71e-08   1.20e-05 100.0%
                          69.7%      30.1%       0.1%

