Netgen 1.5.255 compiled on Wed Jul 12 10:06:14 UTC 2023
Warning: netgen command 'format' use fully-qualified name '::netgen::format'
Warning: netgen command 'global' use fully-qualified name '::netgen::global'
Generating JSON file result
Reading netlist file /openlane/designs/alphasoc_mem/runs/RUN_2023.12.02_20.46.33/results/signoff/alphasoc_mem.spice
Reading netlist file /openlane/designs/alphasoc_mem/runs/RUN_2023.12.02_20.46.33/tmp/signoff/35-alphasoc_mem.pnl.v
Warning:  A case-insensitive file has been read and so the	verilog file must be treated case-insensitive to match.
Creating placeholder cell definition for module sky130_fd_sc_hd__diode_2.
Creating placeholder cell definition for module sky130_fd_sc_hd__decap_3.
Creating placeholder cell definition for module sky130_ef_sc_hd__decap_12.
Creating placeholder cell definition for module sky130_fd_sc_hd__decap_6.
Creating placeholder cell definition for module sky130_fd_sc_hd__decap_8.
Creating placeholder cell definition for module sky130_fd_sc_hd__fill_1.
Creating placeholder cell definition for module sky130_fd_sc_hd__decap_4.
Creating placeholder cell definition for module sky130_fd_sc_hd__fill_2.
Creating placeholder cell definition for module sky130_fd_sc_hd__tapvpwrvgnd_1.
Creating placeholder cell definition for module sky130_fd_sc_hd__nor2b_4.
Creating placeholder cell definition for module sky130_fd_sc_hd__buf_6.
Creating placeholder cell definition for module sky130_fd_sc_hd__buf_4.
Creating placeholder cell definition for module sky130_fd_sc_hd__nor2_8.
Creating placeholder cell definition for module sky130_fd_sc_hd__buf_12.
Creating placeholder cell definition for module sky130_fd_sc_hd__clkbuf_16.
Creating placeholder cell definition for module sky130_fd_sc_hd__buf_8.
Creating placeholder cell definition for module sky130_fd_sc_hd__mux4_1.
Creating placeholder cell definition for module sky130_fd_sc_hd__and2b_1.
Creating placeholder cell definition for module sky130_fd_sc_hd__and2_1.
Creating placeholder cell definition for module sky130_fd_sc_hd__mux4_2.
Creating placeholder cell definition for module sky130_fd_sc_hd__a22o_1.
Creating placeholder cell definition for module sky130_fd_sc_hd__a221o_1.
Creating placeholder cell definition for module sky130_fd_sc_hd__clkbuf_8.
Creating placeholder cell definition for module sky130_fd_sc_hd__and2_4.
Creating placeholder cell definition for module sky130_fd_sc_hd__o21a_1.
Creating placeholder cell definition for module sky130_fd_sc_hd__clkbuf_4.
Creating placeholder cell definition for module sky130_fd_sc_hd__a2111o_1.
Creating placeholder cell definition for module sky130_fd_sc_hd__o41a_2.
Creating placeholder cell definition for module sky130_fd_sc_hd__o41a_1.
Creating placeholder cell definition for module sky130_fd_sc_hd__and2b_2.
Creating placeholder cell definition for module sky130_fd_sc_hd__a22o_2.
Creating placeholder cell definition for module sky130_fd_sc_hd__o21a_2.
Creating placeholder cell definition for module sky130_fd_sc_hd__o41a_4.
Creating placeholder cell definition for module sky130_fd_sc_hd__buf_2.
Creating placeholder cell definition for module sky130_fd_sc_hd__o21a_4.
Creating placeholder cell definition for module sky130_fd_sc_hd__clkbuf_2.
Creating placeholder cell definition for module sky130_fd_sc_hd__nand2b_4.
Creating placeholder cell definition for module sky130_fd_sc_hd__or2_4.
Creating placeholder cell definition for module sky130_fd_sc_hd__and3_1.
Creating placeholder cell definition for module sky130_fd_sc_hd__mux2_1.
Creating placeholder cell definition for module sky130_fd_sc_hd__clkbuf_1.
Creating placeholder cell definition for module sky130_fd_sc_hd__nand2_8.
Creating placeholder cell definition for module sky130_fd_sc_hd__or2b_4.
Creating placeholder cell definition for module sky130_fd_sc_hd__and3_2.
Creating placeholder cell definition for module sky130_fd_sc_hd__dfxtp_1.
Creating placeholder cell definition for module sky130_fd_sc_hd__dfxtp_4.
Creating placeholder cell definition for module sky130_fd_sc_hd__dfxtp_2.

Reading setup file /home/vsduser/Desktop/work/tools/openlane_working_dir/pdks/sky130A/libs.tech/netgen/sky130A_setup.tcl

Comparison output logged to file /openlane/designs/alphasoc_mem/runs/RUN_2023.12.02_20.46.33/logs/signoff/38-alphasoc_mem.lef.lvs.log
Logging to file "/openlane/designs/alphasoc_mem/runs/RUN_2023.12.02_20.46.33/logs/signoff/38-alphasoc_mem.lef.lvs.log" enabled

Contents of circuit 1:  Circuit: 'sky130_fd_sc_hd__buf_2'
Circuit sky130_fd_sc_hd__buf_2 contains 0 device instances.
Circuit contains 0 nets, and 6 disconnected pins.
Contents of circuit 2:  Circuit: 'sky130_fd_sc_hd__buf_2'
Circuit sky130_fd_sc_hd__buf_2 contains 0 device instances.
Circuit contains 0 nets.

Circuit sky130_fd_sc_hd__buf_2 contains no devices.

Contents of circuit 1:  Circuit: 'sky130_fd_sc_hd__mux2_1'
Circuit sky130_fd_sc_hd__mux2_1 contains 0 device instances.
Circuit contains 0 nets, and 8 disconnected pins.
Contents of circuit 2:  Circuit: 'sky130_fd_sc_hd__mux2_1'
Circuit sky130_fd_sc_hd__mux2_1 contains 0 device instances.
Circuit contains 0 nets.

Circuit sky130_fd_sc_hd__mux2_1 contains no devices.

Contents of circuit 1:  Circuit: 'sky130_fd_sc_hd__decap_6'
Circuit sky130_fd_sc_hd__decap_6 contains 0 device instances.
Circuit contains 0 nets, and 4 disconnected pins.
Contents of circuit 2:  Circuit: 'sky130_fd_sc_hd__decap_6'
Circuit sky130_fd_sc_hd__decap_6 contains 0 device instances.
Circuit contains 0 nets.

Circuit sky130_fd_sc_hd__decap_6 contains no devices.

Contents of circuit 1:  Circuit: 'sky130_ef_sc_hd__decap_12'
Circuit sky130_ef_sc_hd__decap_12 contains 0 device instances.
Circuit contains 0 nets, and 4 disconnected pins.
Contents of circuit 2:  Circuit: 'sky130_ef_sc_hd__decap_12'
Circuit sky130_ef_sc_hd__decap_12 contains 0 device instances.
Circuit contains 0 nets.

Circuit sky130_ef_sc_hd__decap_12 contains no devices.

Contents of circuit 1:  Circuit: 'sky130_fd_sc_hd__fill_1'
Circuit sky130_fd_sc_hd__fill_1 contains 0 device instances.
Circuit contains 0 nets, and 4 disconnected pins.
Contents of circuit 2:  Circuit: 'sky130_fd_sc_hd__fill_1'
Circuit sky130_fd_sc_hd__fill_1 contains 0 device instances.
Circuit contains 0 nets.

Circuit sky130_fd_sc_hd__fill_1 contains no devices.

Contents of circuit 1:  Circuit: 'sky130_fd_sc_hd__clkbuf_1'
Circuit sky130_fd_sc_hd__clkbuf_1 contains 0 device instances.
Circuit contains 0 nets, and 6 disconnected pins.
Contents of circuit 2:  Circuit: 'sky130_fd_sc_hd__clkbuf_1'
Circuit sky130_fd_sc_hd__clkbuf_1 contains 0 device instances.
Circuit contains 0 nets.

Circuit sky130_fd_sc_hd__clkbuf_1 contains no devices.

Contents of circuit 1:  Circuit: 'sky130_fd_sc_hd__decap_3'
Circuit sky130_fd_sc_hd__decap_3 contains 0 device instances.
Circuit contains 0 nets, and 4 disconnected pins.
Contents of circuit 2:  Circuit: 'sky130_fd_sc_hd__decap_3'
Circuit sky130_fd_sc_hd__decap_3 contains 0 device instances.
Circuit contains 0 nets.

Circuit sky130_fd_sc_hd__decap_3 contains no devices.

Contents of circuit 1:  Circuit: 'sky130_fd_sc_hd__dfxtp_1'
Circuit sky130_fd_sc_hd__dfxtp_1 contains 0 device instances.
Circuit contains 0 nets, and 7 disconnected pins.
Contents of circuit 2:  Circuit: 'sky130_fd_sc_hd__dfxtp_1'
Circuit sky130_fd_sc_hd__dfxtp_1 contains 0 device instances.
Circuit contains 0 nets.

Circuit sky130_fd_sc_hd__dfxtp_1 contains no devices.

Contents of circuit 1:  Circuit: 'sky130_fd_sc_hd__buf_4'
Circuit sky130_fd_sc_hd__buf_4 contains 0 device instances.
Circuit contains 0 nets, and 6 disconnected pins.
Contents of circuit 2:  Circuit: 'sky130_fd_sc_hd__buf_4'
Circuit sky130_fd_sc_hd__buf_4 contains 0 device instances.
Circuit contains 0 nets.

Circuit sky130_fd_sc_hd__buf_4 contains no devices.

Contents of circuit 1:  Circuit: 'sky130_fd_sc_hd__decap_8'
Circuit sky130_fd_sc_hd__decap_8 contains 0 device instances.
Circuit contains 0 nets, and 4 disconnected pins.
Contents of circuit 2:  Circuit: 'sky130_fd_sc_hd__decap_8'
Circuit sky130_fd_sc_hd__decap_8 contains 0 device instances.
Circuit contains 0 nets.

Circuit sky130_fd_sc_hd__decap_8 contains no devices.

Contents of circuit 1:  Circuit: 'sky130_fd_sc_hd__fill_2'
Circuit sky130_fd_sc_hd__fill_2 contains 0 device instances.
Circuit contains 0 nets, and 4 disconnected pins.
Contents of circuit 2:  Circuit: 'sky130_fd_sc_hd__fill_2'
Circuit sky130_fd_sc_hd__fill_2 contains 0 device instances.
Circuit contains 0 nets.

Circuit sky130_fd_sc_hd__fill_2 contains no devices.

Contents of circuit 1:  Circuit: 'sky130_fd_sc_hd__clkbuf_4'
Circuit sky130_fd_sc_hd__clkbuf_4 contains 0 device instances.
Circuit contains 0 nets, and 6 disconnected pins.
Contents of circuit 2:  Circuit: 'sky130_fd_sc_hd__clkbuf_4'
Circuit sky130_fd_sc_hd__clkbuf_4 contains 0 device instances.
Circuit contains 0 nets.

Circuit sky130_fd_sc_hd__clkbuf_4 contains no devices.

Contents of circuit 1:  Circuit: 'sky130_fd_sc_hd__tapvpwrvgnd_1'
Circuit sky130_fd_sc_hd__tapvpwrvgnd_1 contains 0 device instances.
Circuit contains 0 nets, and 2 disconnected pins.
Contents of circuit 2:  Circuit: 'sky130_fd_sc_hd__tapvpwrvgnd_1'
Circuit sky130_fd_sc_hd__tapvpwrvgnd_1 contains 0 device instances.
Circuit contains 0 nets.

Circuit sky130_fd_sc_hd__tapvpwrvgnd_1 contains no devices.

Contents of circuit 1:  Circuit: 'sky130_fd_sc_hd__decap_4'
Circuit sky130_fd_sc_hd__decap_4 contains 0 device instances.
Circuit contains 0 nets, and 4 disconnected pins.
Contents of circuit 2:  Circuit: 'sky130_fd_sc_hd__decap_4'
Circuit sky130_fd_sc_hd__decap_4 contains 0 device instances.
Circuit contains 0 nets.

Circuit sky130_fd_sc_hd__decap_4 contains no devices.

Contents of circuit 1:  Circuit: 'sky130_fd_sc_hd__clkbuf_2'
Circuit sky130_fd_sc_hd__clkbuf_2 contains 0 device instances.
Circuit contains 0 nets, and 6 disconnected pins.
Contents of circuit 2:  Circuit: 'sky130_fd_sc_hd__clkbuf_2'
Circuit sky130_fd_sc_hd__clkbuf_2 contains 0 device instances.
Circuit contains 0 nets.

Circuit sky130_fd_sc_hd__clkbuf_2 contains no devices.

Contents of circuit 1:  Circuit: 'sky130_fd_sc_hd__mux4_1'
Circuit sky130_fd_sc_hd__mux4_1 contains 0 device instances.
Circuit contains 0 nets, and 11 disconnected pins.
Contents of circuit 2:  Circuit: 'sky130_fd_sc_hd__mux4_1'
Circuit sky130_fd_sc_hd__mux4_1 contains 0 device instances.
Circuit contains 0 nets.

Circuit sky130_fd_sc_hd__mux4_1 contains no devices.

Contents of circuit 1:  Circuit: 'sky130_fd_sc_hd__a22o_1'
Circuit sky130_fd_sc_hd__a22o_1 contains 0 device instances.
Circuit contains 0 nets, and 9 disconnected pins.
Contents of circuit 2:  Circuit: 'sky130_fd_sc_hd__a22o_1'
Circuit sky130_fd_sc_hd__a22o_1 contains 0 device instances.
Circuit contains 0 nets.

Circuit sky130_fd_sc_hd__a22o_1 contains no devices.

Contents of circuit 1:  Circuit: 'sky130_fd_sc_hd__o21a_4'
Circuit sky130_fd_sc_hd__o21a_4 contains 0 device instances.
Circuit contains 0 nets, and 8 disconnected pins.
Contents of circuit 2:  Circuit: 'sky130_fd_sc_hd__o21a_4'
Circuit sky130_fd_sc_hd__o21a_4 contains 0 device instances.
Circuit contains 0 nets.

Circuit sky130_fd_sc_hd__o21a_4 contains no devices.

Contents of circuit 1:  Circuit: 'sky130_fd_sc_hd__diode_2'
Circuit sky130_fd_sc_hd__diode_2 contains 0 device instances.
Circuit contains 0 nets, and 5 disconnected pins.
Contents of circuit 2:  Circuit: 'sky130_fd_sc_hd__diode_2'
Circuit sky130_fd_sc_hd__diode_2 contains 0 device instances.
Circuit contains 0 nets.

Circuit sky130_fd_sc_hd__diode_2 contains no devices.

Contents of circuit 1:  Circuit: 'sky130_fd_sc_hd__a2111o_1'
Circuit sky130_fd_sc_hd__a2111o_1 contains 0 device instances.
Circuit contains 0 nets, and 10 disconnected pins.
Contents of circuit 2:  Circuit: 'sky130_fd_sc_hd__a2111o_1'
Circuit sky130_fd_sc_hd__a2111o_1 contains 0 device instances.
Circuit contains 0 nets.

Circuit sky130_fd_sc_hd__a2111o_1 contains no devices.

Contents of circuit 1:  Circuit: 'sky130_fd_sc_hd__o21a_2'
Circuit sky130_fd_sc_hd__o21a_2 contains 0 device instances.
Circuit contains 0 nets, and 8 disconnected pins.
Contents of circuit 2:  Circuit: 'sky130_fd_sc_hd__o21a_2'
Circuit sky130_fd_sc_hd__o21a_2 contains 0 device instances.
Circuit contains 0 nets.

Circuit sky130_fd_sc_hd__o21a_2 contains no devices.

Contents of circuit 1:  Circuit: 'sky130_fd_sc_hd__clkbuf_8'
Circuit sky130_fd_sc_hd__clkbuf_8 contains 0 device instances.
Circuit contains 0 nets, and 6 disconnected pins.
Contents of circuit 2:  Circuit: 'sky130_fd_sc_hd__clkbuf_8'
Circuit sky130_fd_sc_hd__clkbuf_8 contains 0 device instances.
Circuit contains 0 nets.

Circuit sky130_fd_sc_hd__clkbuf_8 contains no devices.

Contents of circuit 1:  Circuit: 'sky130_fd_sc_hd__mux4_2'
Circuit sky130_fd_sc_hd__mux4_2 contains 0 device instances.
Circuit contains 0 nets, and 11 disconnected pins.
Contents of circuit 2:  Circuit: 'sky130_fd_sc_hd__mux4_2'
Circuit sky130_fd_sc_hd__mux4_2 contains 0 device instances.
Circuit contains 0 nets.

Circuit sky130_fd_sc_hd__mux4_2 contains no devices.

Contents of circuit 1:  Circuit: 'sky130_fd_sc_hd__o21a_1'
Circuit sky130_fd_sc_hd__o21a_1 contains 0 device instances.
Circuit contains 0 nets, and 8 disconnected pins.
Contents of circuit 2:  Circuit: 'sky130_fd_sc_hd__o21a_1'
Circuit sky130_fd_sc_hd__o21a_1 contains 0 device instances.
Circuit contains 0 nets.

Circuit sky130_fd_sc_hd__o21a_1 contains no devices.

Contents of circuit 1:  Circuit: 'sky130_fd_sc_hd__and3_1'
Circuit sky130_fd_sc_hd__and3_1 contains 0 device instances.
Circuit contains 0 nets, and 8 disconnected pins.
Contents of circuit 2:  Circuit: 'sky130_fd_sc_hd__and3_1'
Circuit sky130_fd_sc_hd__and3_1 contains 0 device instances.
Circuit contains 0 nets.

Circuit sky130_fd_sc_hd__and3_1 contains no devices.

Contents of circuit 1:  Circuit: 'sky130_fd_sc_hd__nor2_8'
Circuit sky130_fd_sc_hd__nor2_8 contains 0 device instances.
Circuit contains 0 nets, and 7 disconnected pins.
Contents of circuit 2:  Circuit: 'sky130_fd_sc_hd__nor2_8'
Circuit sky130_fd_sc_hd__nor2_8 contains 0 device instances.
Circuit contains 0 nets.

Circuit sky130_fd_sc_hd__nor2_8 contains no devices.

Contents of circuit 1:  Circuit: 'sky130_fd_sc_hd__o41a_1'
Circuit sky130_fd_sc_hd__o41a_1 contains 0 device instances.
Circuit contains 0 nets, and 10 disconnected pins.
Contents of circuit 2:  Circuit: 'sky130_fd_sc_hd__o41a_1'
Circuit sky130_fd_sc_hd__o41a_1 contains 0 device instances.
Circuit contains 0 nets.

Circuit sky130_fd_sc_hd__o41a_1 contains no devices.

Contents of circuit 1:  Circuit: 'sky130_fd_sc_hd__buf_6'
Circuit sky130_fd_sc_hd__buf_6 contains 0 device instances.
Circuit contains 0 nets, and 6 disconnected pins.
Contents of circuit 2:  Circuit: 'sky130_fd_sc_hd__buf_6'
Circuit sky130_fd_sc_hd__buf_6 contains 0 device instances.
Circuit contains 0 nets.

Circuit sky130_fd_sc_hd__buf_6 contains no devices.

Contents of circuit 1:  Circuit: 'sky130_fd_sc_hd__buf_8'
Circuit sky130_fd_sc_hd__buf_8 contains 0 device instances.
Circuit contains 0 nets, and 6 disconnected pins.
Contents of circuit 2:  Circuit: 'sky130_fd_sc_hd__buf_8'
Circuit sky130_fd_sc_hd__buf_8 contains 0 device instances.
Circuit contains 0 nets.

Circuit sky130_fd_sc_hd__buf_8 contains no devices.

Contents of circuit 1:  Circuit: 'sky130_fd_sc_hd__buf_12'
Circuit sky130_fd_sc_hd__buf_12 contains 0 device instances.
Circuit contains 0 nets, and 6 disconnected pins.
Contents of circuit 2:  Circuit: 'sky130_fd_sc_hd__buf_12'
Circuit sky130_fd_sc_hd__buf_12 contains 0 device instances.
Circuit contains 0 nets.

Circuit sky130_fd_sc_hd__buf_12 contains no devices.

Contents of circuit 1:  Circuit: 'sky130_fd_sc_hd__clkbuf_16'
Circuit sky130_fd_sc_hd__clkbuf_16 contains 0 device instances.
Circuit contains 0 nets, and 6 disconnected pins.
Contents of circuit 2:  Circuit: 'sky130_fd_sc_hd__clkbuf_16'
Circuit sky130_fd_sc_hd__clkbuf_16 contains 0 device instances.
Circuit contains 0 nets.

Circuit sky130_fd_sc_hd__clkbuf_16 contains no devices.

Contents of circuit 1:  Circuit: 'sky130_fd_sc_hd__o41a_2'
Circuit sky130_fd_sc_hd__o41a_2 contains 0 device instances.
Circuit contains 0 nets, and 10 disconnected pins.
Contents of circuit 2:  Circuit: 'sky130_fd_sc_hd__o41a_2'
Circuit sky130_fd_sc_hd__o41a_2 contains 0 device instances.
Circuit contains 0 nets.

Circuit sky130_fd_sc_hd__o41a_2 contains no devices.

Contents of circuit 1:  Circuit: 'sky130_fd_sc_hd__a22o_2'
Circuit sky130_fd_sc_hd__a22o_2 contains 0 device instances.
Circuit contains 0 nets, and 9 disconnected pins.
Contents of circuit 2:  Circuit: 'sky130_fd_sc_hd__a22o_2'
Circuit sky130_fd_sc_hd__a22o_2 contains 0 device instances.
Circuit contains 0 nets.

Circuit sky130_fd_sc_hd__a22o_2 contains no devices.

Contents of circuit 1:  Circuit: 'sky130_fd_sc_hd__o41a_4'
Circuit sky130_fd_sc_hd__o41a_4 contains 0 device instances.
Circuit contains 0 nets, and 10 disconnected pins.
Contents of circuit 2:  Circuit: 'sky130_fd_sc_hd__o41a_4'
Circuit sky130_fd_sc_hd__o41a_4 contains 0 device instances.
Circuit contains 0 nets.

Circuit sky130_fd_sc_hd__o41a_4 contains no devices.

Contents of circuit 1:  Circuit: 'sky130_fd_sc_hd__a221o_1'
Circuit sky130_fd_sc_hd__a221o_1 contains 0 device instances.
Circuit contains 0 nets, and 10 disconnected pins.
Contents of circuit 2:  Circuit: 'sky130_fd_sc_hd__a221o_1'
Circuit sky130_fd_sc_hd__a221o_1 contains 0 device instances.
Circuit contains 0 nets.

Circuit sky130_fd_sc_hd__a221o_1 contains no devices.

Contents of circuit 1:  Circuit: 'sky130_fd_sc_hd__nand2_8'
Circuit sky130_fd_sc_hd__nand2_8 contains 0 device instances.
Circuit contains 0 nets, and 7 disconnected pins.
Contents of circuit 2:  Circuit: 'sky130_fd_sc_hd__nand2_8'
Circuit sky130_fd_sc_hd__nand2_8 contains 0 device instances.
Circuit contains 0 nets.

Circuit sky130_fd_sc_hd__nand2_8 contains no devices.

Contents of circuit 1:  Circuit: 'sky130_fd_sc_hd__or2_4'
Circuit sky130_fd_sc_hd__or2_4 contains 0 device instances.
Circuit contains 0 nets, and 7 disconnected pins.
Contents of circuit 2:  Circuit: 'sky130_fd_sc_hd__or2_4'
Circuit sky130_fd_sc_hd__or2_4 contains 0 device instances.
Circuit contains 0 nets.

Circuit sky130_fd_sc_hd__or2_4 contains no devices.

Contents of circuit 1:  Circuit: 'sky130_fd_sc_hd__and2_4'
Circuit sky130_fd_sc_hd__and2_4 contains 0 device instances.
Circuit contains 0 nets, and 7 disconnected pins.
Contents of circuit 2:  Circuit: 'sky130_fd_sc_hd__and2_4'
Circuit sky130_fd_sc_hd__and2_4 contains 0 device instances.
Circuit contains 0 nets.

Circuit sky130_fd_sc_hd__and2_4 contains no devices.

Contents of circuit 1:  Circuit: 'sky130_fd_sc_hd__nor2b_4'
Circuit sky130_fd_sc_hd__nor2b_4 contains 0 device instances.
Circuit contains 0 nets, and 7 disconnected pins.
Contents of circuit 2:  Circuit: 'sky130_fd_sc_hd__nor2b_4'
Circuit sky130_fd_sc_hd__nor2b_4 contains 0 device instances.
Circuit contains 0 nets.

Circuit sky130_fd_sc_hd__nor2b_4 contains no devices.

Contents of circuit 1:  Circuit: 'sky130_fd_sc_hd__and2_1'
Circuit sky130_fd_sc_hd__and2_1 contains 0 device instances.
Circuit contains 0 nets, and 7 disconnected pins.
Contents of circuit 2:  Circuit: 'sky130_fd_sc_hd__and2_1'
Circuit sky130_fd_sc_hd__and2_1 contains 0 device instances.
Circuit contains 0 nets.

Circuit sky130_fd_sc_hd__and2_1 contains no devices.

Contents of circuit 1:  Circuit: 'sky130_fd_sc_hd__dfxtp_2'
Circuit sky130_fd_sc_hd__dfxtp_2 contains 0 device instances.
Circuit contains 0 nets, and 7 disconnected pins.
Contents of circuit 2:  Circuit: 'sky130_fd_sc_hd__dfxtp_2'
Circuit sky130_fd_sc_hd__dfxtp_2 contains 0 device instances.
Circuit contains 0 nets.

Circuit sky130_fd_sc_hd__dfxtp_2 contains no devices.

Contents of circuit 1:  Circuit: 'sky130_fd_sc_hd__and2b_1'
Circuit sky130_fd_sc_hd__and2b_1 contains 0 device instances.
Circuit contains 0 nets, and 7 disconnected pins.
Contents of circuit 2:  Circuit: 'sky130_fd_sc_hd__and2b_1'
Circuit sky130_fd_sc_hd__and2b_1 contains 0 device instances.
Circuit contains 0 nets.

Circuit sky130_fd_sc_hd__and2b_1 contains no devices.

Contents of circuit 1:  Circuit: 'sky130_fd_sc_hd__dfxtp_4'
Circuit sky130_fd_sc_hd__dfxtp_4 contains 0 device instances.
Circuit contains 0 nets, and 7 disconnected pins.
Contents of circuit 2:  Circuit: 'sky130_fd_sc_hd__dfxtp_4'
Circuit sky130_fd_sc_hd__dfxtp_4 contains 0 device instances.
Circuit contains 0 nets.

Circuit sky130_fd_sc_hd__dfxtp_4 contains no devices.

Contents of circuit 1:  Circuit: 'sky130_fd_sc_hd__or2b_4'
Circuit sky130_fd_sc_hd__or2b_4 contains 0 device instances.
Circuit contains 0 nets, and 7 disconnected pins.
Contents of circuit 2:  Circuit: 'sky130_fd_sc_hd__or2b_4'
Circuit sky130_fd_sc_hd__or2b_4 contains 0 device instances.
Circuit contains 0 nets.

Circuit sky130_fd_sc_hd__or2b_4 contains no devices.

Contents of circuit 1:  Circuit: 'sky130_fd_sc_hd__and3_2'
Circuit sky130_fd_sc_hd__and3_2 contains 0 device instances.
Circuit contains 0 nets, and 8 disconnected pins.
Contents of circuit 2:  Circuit: 'sky130_fd_sc_hd__and3_2'
Circuit sky130_fd_sc_hd__and3_2 contains 0 device instances.
Circuit contains 0 nets.

Circuit sky130_fd_sc_hd__and3_2 contains no devices.

Contents of circuit 1:  Circuit: 'sky130_fd_sc_hd__and2b_2'
Circuit sky130_fd_sc_hd__and2b_2 contains 0 device instances.
Circuit contains 0 nets, and 7 disconnected pins.
Contents of circuit 2:  Circuit: 'sky130_fd_sc_hd__and2b_2'
Circuit sky130_fd_sc_hd__and2b_2 contains 0 device instances.
Circuit contains 0 nets.

Circuit sky130_fd_sc_hd__and2b_2 contains no devices.

Contents of circuit 1:  Circuit: 'sky130_fd_sc_hd__nand2b_4'
Circuit sky130_fd_sc_hd__nand2b_4 contains 0 device instances.
Circuit contains 0 nets, and 7 disconnected pins.
Contents of circuit 2:  Circuit: 'sky130_fd_sc_hd__nand2b_4'
Circuit sky130_fd_sc_hd__nand2b_4 contains 0 device instances.
Circuit contains 0 nets.

Circuit sky130_fd_sc_hd__nand2b_4 contains no devices.

Contents of circuit 1:  Circuit: 'alphasoc_mem'
Circuit alphasoc_mem contains 93002 device instances.
  Class: sky130_fd_sc_hd__clkbuf_16 instances:  76
  Class: sky130_fd_sc_hd__dfxtp_1 instances: 8203
  Class: sky130_fd_sc_hd__dfxtp_2 instances:  11
  Class: sky130_fd_sc_hd__dfxtp_4 instances:  10
  Class: sky130_fd_sc_hd__buf_2 instances: 322
  Class: sky130_fd_sc_hd__buf_4 instances: 477
  Class: sky130_fd_sc_hd__buf_6 instances: 225
  Class: sky130_fd_sc_hd__buf_8 instances: 131
  Class: sky130_fd_sc_hd__mux4_1 instances: 1896
  Class: sky130_fd_sc_hd__mux4_2 instances: 152
  Class: sky130_ef_sc_hd__decap_12 instances: 13725
  Class: sky130_fd_sc_hd__clkbuf_1 instances: 8224
  Class: sky130_fd_sc_hd__clkbuf_2 instances: 761
  Class: sky130_fd_sc_hd__clkbuf_4 instances: 1547
  Class: sky130_fd_sc_hd__clkbuf_8 instances: 159
  Class: sky130_fd_sc_hd__and2b_1 instances:   3
  Class: sky130_fd_sc_hd__and2b_2 instances:   1
  Class: sky130_fd_sc_hd__buf_12 instances:  97
  Class: sky130_fd_sc_hd__and3_1 instances: 1023
  Class: sky130_fd_sc_hd__and3_2 instances:   1
  Class: sky130_fd_sc_hd__a2111o_1 instances:  64
  Class: sky130_fd_sc_hd__decap_3 instances: 4194
  Class: sky130_fd_sc_hd__decap_4 instances: 4540
  Class: sky130_fd_sc_hd__decap_6 instances: 4428
  Class: sky130_fd_sc_hd__decap_8 instances: 4042
  Class: sky130_fd_sc_hd__or2_4 instances:   2
  Class: sky130_fd_sc_hd__nand2_8 instances:   2
  Class: sky130_fd_sc_hd__mux2_1 instances: 8192
  Class: sky130_fd_sc_hd__and2_1 instances:   2
  Class: sky130_fd_sc_hd__and2_4 instances:  17
  Class: sky130_fd_sc_hd__nand2b_4 instances:   2
  Class: sky130_fd_sc_hd__diode_2 instances: 1357
  Class: sky130_fd_sc_hd__a221o_1 instances:  32
  Class: sky130_fd_sc_hd__o41a_1 instances:  35
  Class: sky130_fd_sc_hd__o41a_2 instances:  21
  Class: sky130_fd_sc_hd__o41a_4 instances:  40
  Class: sky130_fd_sc_hd__a22o_1 instances: 977
  Class: sky130_fd_sc_hd__a22o_2 instances:  15
  Class: sky130_fd_sc_hd__o21a_1 instances: 387
  Class: sky130_fd_sc_hd__o21a_2 instances:  79
  Class: sky130_fd_sc_hd__o21a_4 instances:  14
  Class: sky130_fd_sc_hd__nor2b_4 instances:   2
  Class: sky130_fd_sc_hd__tapvpwrvgnd_1 instances: 10787
  Class: sky130_fd_sc_hd__fill_1 instances: 10376
  Class: sky130_fd_sc_hd__fill_2 instances: 6330
  Class: sky130_fd_sc_hd__or2b_4 instances:   2
  Class: sky130_fd_sc_hd__nor2_8 instances:  19
Circuit contains 33270 nets, and 14 disconnected pins.
Contents of circuit 2:  Circuit: 'alphasoc_mem'
Circuit alphasoc_mem contains 93002 device instances.
  Class: sky130_fd_sc_hd__clkbuf_16 instances:  76
  Class: sky130_fd_sc_hd__dfxtp_1 instances: 8203
  Class: sky130_fd_sc_hd__dfxtp_2 instances:  11
  Class: sky130_fd_sc_hd__dfxtp_4 instances:  10
  Class: sky130_fd_sc_hd__buf_2 instances: 322
  Class: sky130_fd_sc_hd__buf_4 instances: 477
  Class: sky130_fd_sc_hd__buf_6 instances: 225
  Class: sky130_fd_sc_hd__buf_8 instances: 131
  Class: sky130_fd_sc_hd__mux4_1 instances: 1896
  Class: sky130_fd_sc_hd__mux4_2 instances: 152
  Class: sky130_ef_sc_hd__decap_12 instances: 13725
  Class: sky130_fd_sc_hd__clkbuf_1 instances: 8224
  Class: sky130_fd_sc_hd__clkbuf_2 instances: 761
  Class: sky130_fd_sc_hd__clkbuf_4 instances: 1547
  Class: sky130_fd_sc_hd__clkbuf_8 instances: 159
  Class: sky130_fd_sc_hd__and2b_1 instances:   3
  Class: sky130_fd_sc_hd__and2b_2 instances:   1
  Class: sky130_fd_sc_hd__buf_12 instances:  97
  Class: sky130_fd_sc_hd__and3_1 instances: 1023
  Class: sky130_fd_sc_hd__and3_2 instances:   1
  Class: sky130_fd_sc_hd__a2111o_1 instances:  64
  Class: sky130_fd_sc_hd__decap_3 instances: 4194
  Class: sky130_fd_sc_hd__decap_4 instances: 4540
  Class: sky130_fd_sc_hd__decap_6 instances: 4428
  Class: sky130_fd_sc_hd__decap_8 instances: 4042
  Class: sky130_fd_sc_hd__or2_4 instances:   2
  Class: sky130_fd_sc_hd__nand2_8 instances:   2
  Class: sky130_fd_sc_hd__mux2_1 instances: 8192
  Class: sky130_fd_sc_hd__and2_1 instances:   2
  Class: sky130_fd_sc_hd__and2_4 instances:  17
  Class: sky130_fd_sc_hd__nand2b_4 instances:   2
  Class: sky130_fd_sc_hd__diode_2 instances: 1357
  Class: sky130_fd_sc_hd__a221o_1 instances:  32
  Class: sky130_fd_sc_hd__o41a_1 instances:  35
  Class: sky130_fd_sc_hd__o41a_2 instances:  21
  Class: sky130_fd_sc_hd__o41a_4 instances:  40
  Class: sky130_fd_sc_hd__a22o_1 instances: 977
  Class: sky130_fd_sc_hd__a22o_2 instances:  15
  Class: sky130_fd_sc_hd__o21a_1 instances: 387
  Class: sky130_fd_sc_hd__o21a_2 instances:  79
  Class: sky130_fd_sc_hd__o21a_4 instances:  14
  Class: sky130_fd_sc_hd__nor2b_4 instances:   2
  Class: sky130_fd_sc_hd__tapvpwrvgnd_1 instances: 10787
  Class: sky130_fd_sc_hd__fill_1 instances: 10376
  Class: sky130_fd_sc_hd__fill_2 instances: 6330
  Class: sky130_fd_sc_hd__or2b_4 instances:   2
  Class: sky130_fd_sc_hd__nor2_8 instances:  19
Circuit contains 33270 nets, and 14 disconnected pins.

Circuit was modified by parallel/series device merging.
New circuit summary:

Contents of circuit 1:  Circuit: 'alphasoc_mem'
Circuit alphasoc_mem contains 33674 device instances.
  Class: sky130_fd_sc_hd__clkbuf_16 instances:  76
  Class: sky130_fd_sc_hd__dfxtp_1 instances: 8203
  Class: sky130_fd_sc_hd__dfxtp_2 instances:  11
  Class: sky130_fd_sc_hd__dfxtp_4 instances:  10
  Class: sky130_fd_sc_hd__buf_2 instances: 322
  Class: sky130_fd_sc_hd__buf_4 instances: 477
  Class: sky130_fd_sc_hd__buf_6 instances: 225
  Class: sky130_fd_sc_hd__buf_8 instances: 131
  Class: sky130_fd_sc_hd__mux4_1 instances: 1896
  Class: sky130_fd_sc_hd__mux4_2 instances: 152
  Class: sky130_ef_sc_hd__decap_12 instances:   1
  Class: sky130_fd_sc_hd__clkbuf_1 instances: 8224
  Class: sky130_fd_sc_hd__clkbuf_2 instances: 761
  Class: sky130_fd_sc_hd__clkbuf_4 instances: 1547
  Class: sky130_fd_sc_hd__clkbuf_8 instances: 159
  Class: sky130_fd_sc_hd__and2b_1 instances:   3
  Class: sky130_fd_sc_hd__and2b_2 instances:   1
  Class: sky130_fd_sc_hd__buf_12 instances:  97
  Class: sky130_fd_sc_hd__and3_1 instances: 1023
  Class: sky130_fd_sc_hd__and3_2 instances:   1
  Class: sky130_fd_sc_hd__a2111o_1 instances:  64
  Class: sky130_fd_sc_hd__decap_3 instances:   1
  Class: sky130_fd_sc_hd__decap_4 instances:   1
  Class: sky130_fd_sc_hd__decap_6 instances:   1
  Class: sky130_fd_sc_hd__decap_8 instances:   1
  Class: sky130_fd_sc_hd__or2_4 instances:   2
  Class: sky130_fd_sc_hd__nand2_8 instances:   2
  Class: sky130_fd_sc_hd__mux2_1 instances: 8192
  Class: sky130_fd_sc_hd__and2_1 instances:   2
  Class: sky130_fd_sc_hd__and2_4 instances:  17
  Class: sky130_fd_sc_hd__nand2b_4 instances:   2
  Class: sky130_fd_sc_hd__diode_2 instances: 443
  Class: sky130_fd_sc_hd__a221o_1 instances:  32
  Class: sky130_fd_sc_hd__o41a_1 instances:  35
  Class: sky130_fd_sc_hd__o41a_2 instances:  21
  Class: sky130_fd_sc_hd__o41a_4 instances:  40
  Class: sky130_fd_sc_hd__a22o_1 instances: 977
  Class: sky130_fd_sc_hd__a22o_2 instances:  15
  Class: sky130_fd_sc_hd__o21a_1 instances: 387
  Class: sky130_fd_sc_hd__o21a_2 instances:  79
  Class: sky130_fd_sc_hd__o21a_4 instances:  14
  Class: sky130_fd_sc_hd__nor2b_4 instances:   2
  Class: sky130_fd_sc_hd__tapvpwrvgnd_1 instances:   1
  Class: sky130_fd_sc_hd__fill_1 instances:   1
  Class: sky130_fd_sc_hd__fill_2 instances:   1
  Class: sky130_fd_sc_hd__or2b_4 instances:   2
  Class: sky130_fd_sc_hd__nor2_8 instances:  19
Circuit contains 33270 nets, and 14 disconnected pins.
Contents of circuit 2:  Circuit: 'alphasoc_mem'
Circuit alphasoc_mem contains 33674 device instances.
  Class: sky130_fd_sc_hd__clkbuf_16 instances:  76
  Class: sky130_fd_sc_hd__dfxtp_1 instances: 8203
  Class: sky130_fd_sc_hd__dfxtp_2 instances:  11
  Class: sky130_fd_sc_hd__dfxtp_4 instances:  10
  Class: sky130_fd_sc_hd__buf_2 instances: 322
  Class: sky130_fd_sc_hd__buf_4 instances: 477
  Class: sky130_fd_sc_hd__buf_6 instances: 225
  Class: sky130_fd_sc_hd__buf_8 instances: 131
  Class: sky130_fd_sc_hd__mux4_1 instances: 1896
  Class: sky130_fd_sc_hd__mux4_2 instances: 152
  Class: sky130_ef_sc_hd__decap_12 instances:   1
  Class: sky130_fd_sc_hd__clkbuf_1 instances: 8224
  Class: sky130_fd_sc_hd__clkbuf_2 instances: 761
  Class: sky130_fd_sc_hd__clkbuf_4 instances: 1547
  Class: sky130_fd_sc_hd__clkbuf_8 instances: 159
  Class: sky130_fd_sc_hd__and2b_1 instances:   3
  Class: sky130_fd_sc_hd__and2b_2 instances:   1
  Class: sky130_fd_sc_hd__buf_12 instances:  97
  Class: sky130_fd_sc_hd__and3_1 instances: 1023
  Class: sky130_fd_sc_hd__and3_2 instances:   1
  Class: sky130_fd_sc_hd__a2111o_1 instances:  64
  Class: sky130_fd_sc_hd__decap_3 instances:   1
  Class: sky130_fd_sc_hd__decap_4 instances:   1
  Class: sky130_fd_sc_hd__decap_6 instances:   1
  Class: sky130_fd_sc_hd__decap_8 instances:   1
  Class: sky130_fd_sc_hd__or2_4 instances:   2
  Class: sky130_fd_sc_hd__nand2_8 instances:   2
  Class: sky130_fd_sc_hd__mux2_1 instances: 8192
  Class: sky130_fd_sc_hd__and2_1 instances:   2
  Class: sky130_fd_sc_hd__and2_4 instances:  17
  Class: sky130_fd_sc_hd__nand2b_4 instances:   2
  Class: sky130_fd_sc_hd__diode_2 instances: 443
  Class: sky130_fd_sc_hd__a221o_1 instances:  32
  Class: sky130_fd_sc_hd__o41a_1 instances:  35
  Class: sky130_fd_sc_hd__o41a_2 instances:  21
  Class: sky130_fd_sc_hd__o41a_4 instances:  40
  Class: sky130_fd_sc_hd__a22o_1 instances: 977
  Class: sky130_fd_sc_hd__a22o_2 instances:  15
  Class: sky130_fd_sc_hd__o21a_1 instances: 387
  Class: sky130_fd_sc_hd__o21a_2 instances:  79
  Class: sky130_fd_sc_hd__o21a_4 instances:  14
  Class: sky130_fd_sc_hd__nor2b_4 instances:   2
  Class: sky130_fd_sc_hd__tapvpwrvgnd_1 instances:   1
  Class: sky130_fd_sc_hd__fill_1 instances:   1
  Class: sky130_fd_sc_hd__fill_2 instances:   1
  Class: sky130_fd_sc_hd__or2b_4 instances:   2
  Class: sky130_fd_sc_hd__nor2_8 instances:  19
Circuit contains 33270 nets, and 14 disconnected pins.

Circuit 1 contains 33674 devices, Circuit 2 contains 33674 devices.
Circuit 1 contains 33270 nets,    Circuit 2 contains 33270 nets.


Final result: 
Circuits match uniquely.
.
Logging to file "/openlane/designs/alphasoc_mem/runs/RUN_2023.12.02_20.46.33/logs/signoff/38-alphasoc_mem.lef.lvs.log" disabled
LVS Done.
