OpenROAD 6f9b2bb8b808b1bb5831d4525d868212ae50517a 
This program is licensed under the BSD-3 license. See the LICENSE file for details.
Components of this program may be licensed under more restrictive licenses which must be honored.
[INFO]: Reading ODB at '/openlane/designs/spimemio/runs/RUN_2023.12.03_10.14.21/tmp/routing/./19-diodes_legalized.odb'…
define_corners Typical
read_liberty -corner Typical /home/vsduser/Desktop/work/tools/openlane_working_dir/pdks/sky130A/libs.ref/sky130_fd_sc_hd/lib/sky130_fd_sc_hd__tt_025C_1v80.lib
read_liberty -corner Typical /openlane/designs/spimemio/src/sky130_fd_sc_hd__tt_025C_1v80.lib
[WARNING STA-0053] /openlane/designs/spimemio/src/sky130_fd_sc_hd__tt_025C_1v80.lib line 1, library sky130_fd_sc_hd__tt_025C_1v80 already exists.
Using 1e-12 for capacitance...
Using 1e+03 for resistance...
Using 1e-09 for time...
Using 1e+00 for voltage...
Using 1e-03 for current...
Using 1e-09 for power...
Using 1e-06 for distance...
Reading design constraints file at '/openlane/designs/spimemio/src/spimemio_synthesis.sdc'…
[INFO]: Setting signal min routing layer to: met1 and clock min routing layer to met1. 
[INFO]: Setting signal max routing layer to: met5 and clock max routing layer to met5. 
-congestion_iterations 50 -verbose -congestion_report_file /openlane/designs/spimemio/runs/RUN_2023.12.03_10.14.21/tmp/routing/groute-congestion.rpt
[INFO GRT-0020] Min routing layer: met1
[INFO GRT-0021] Max routing layer: met5
[INFO GRT-0022] Global adjustment: 30%
[INFO GRT-0023] Grid origin: (0, 0)
[INFO GRT-0043] No OR_DEFAULT vias defined.
[INFO GRT-0088] Layer li1     Track-Pitch = 0.4600  line-2-Via Pitch: 0.3400
[INFO GRT-0088] Layer met1    Track-Pitch = 0.3400  line-2-Via Pitch: 0.3400
[INFO GRT-0088] Layer met2    Track-Pitch = 0.4600  line-2-Via Pitch: 0.3500
[INFO GRT-0088] Layer met3    Track-Pitch = 0.6800  line-2-Via Pitch: 0.6150
[INFO GRT-0088] Layer met4    Track-Pitch = 0.9200  line-2-Via Pitch: 1.0400
[INFO GRT-0088] Layer met5    Track-Pitch = 3.4000  line-2-Via Pitch: 3.1100
[INFO GRT-0019] Found 22 clock nets.
[INFO GRT-0001] Minimum degree: 2
[INFO GRT-0002] Maximum degree: 37
[INFO GRT-0003] Macros: 0
[INFO GRT-0004] Blockages: 2511

[INFO GRT-0053] Routing resources analysis:
          Routing      Original      Derated      Resource
Layer     Direction    Resources     Resources    Reduction (%)
---------------------------------------------------------------
li1        Vertical            0             0          0.00%
met1       Horizontal      92420         45407          50.87%
met2       Vertical        69789         45749          34.45%
met3       Horizontal      46210         31792          31.20%
met4       Vertical        28026         17636          37.07%
met5       Horizontal       9242          4554          50.72%
---------------------------------------------------------------

[INFO GRT-0197] Via related to pin nodes: 5180
[INFO GRT-0198] Via related Steiner nodes: 180
[INFO GRT-0199] Via filling finished.
[INFO GRT-0111] Final number of vias: 6009
[INFO GRT-0112] Final usage 3D: 25962

[INFO GRT-0096] Final congestion report:
Layer         Resource        Demand        Usage (%)    Max H / Max V / Total Overflow
---------------------------------------------------------------------------------------
li1                  0             0            0.00%             0 /  0 /  0
met1             45407          4149            9.14%             0 /  0 /  0
met2             45749          3562            7.79%             0 /  0 /  0
met3             31792           137            0.43%             0 /  0 /  0
met4             17636            87            0.49%             0 /  0 /  0
met5              4554             0            0.00%             0 /  0 /  0
---------------------------------------------------------------------------------------
Total           145138          7935            5.47%             0 /  0 /  0

[INFO GRT-0018] Total wirelength: 78591 um
[INFO GRT-0014] Routed nets: 1166
[INFO GRT-0006] Repairing antennas, iteration 1.
[INFO GRT-0043] No OR_DEFAULT vias defined.
[INFO GRT-0012] Found 0 antenna violations.
Placement Analysis
---------------------------------
total displacement          0.0 u
average displacement        0.0 u
max displacement            0.0 u
original HPWL           48348.5 u
legalized HPWL          49170.1 u
delta HPWL                    2 %

[INFO DPL-0020] Mirrored 578 instances
[INFO DPL-0021] HPWL before           49170.1 u
[INFO DPL-0022] HPWL after            48348.5 u
[INFO DPL-0023] HPWL delta               -1.7 %
[INFO]: Setting signal min routing layer to: met1 and clock min routing layer to met1. 
[INFO]: Setting signal max routing layer to: met5 and clock max routing layer to met5. 
-congestion_iterations 50 -verbose -congestion_report_file /openlane/designs/spimemio/runs/RUN_2023.12.03_10.14.21/tmp/routing/groute-congestion.rpt
[INFO GRT-0020] Min routing layer: met1
[INFO GRT-0021] Max routing layer: met5
[INFO GRT-0022] Global adjustment: 30%
[INFO GRT-0023] Grid origin: (0, 0)
[INFO GRT-0043] No OR_DEFAULT vias defined.
[INFO GRT-0088] Layer li1     Track-Pitch = 0.4600  line-2-Via Pitch: 0.3400
[INFO GRT-0088] Layer met1    Track-Pitch = 0.3400  line-2-Via Pitch: 0.3400
[INFO GRT-0088] Layer met2    Track-Pitch = 0.4600  line-2-Via Pitch: 0.3500
[INFO GRT-0088] Layer met3    Track-Pitch = 0.6800  line-2-Via Pitch: 0.6150
[INFO GRT-0088] Layer met4    Track-Pitch = 0.9200  line-2-Via Pitch: 1.0400
[INFO GRT-0088] Layer met5    Track-Pitch = 3.4000  line-2-Via Pitch: 3.1100
[INFO GRT-0019] Found 22 clock nets.
[INFO GRT-0001] Minimum degree: 2
[INFO GRT-0002] Maximum degree: 37
[INFO GRT-0003] Macros: 0
[INFO GRT-0004] Blockages: 2511

[INFO GRT-0053] Routing resources analysis:
          Routing      Original      Derated      Resource
Layer     Direction    Resources     Resources    Reduction (%)
---------------------------------------------------------------
li1        Vertical            0             0          0.00%
met1       Horizontal      92420         45407          50.87%
met2       Vertical        69789         45749          34.45%
met3       Horizontal      46210         31792          31.20%
met4       Vertical        28026         17636          37.07%
met5       Horizontal       9242          4554          50.72%
---------------------------------------------------------------

[INFO GRT-0197] Via related to pin nodes: 5180
[INFO GRT-0198] Via related Steiner nodes: 180
[INFO GRT-0199] Via filling finished.
[INFO GRT-0111] Final number of vias: 6009
[INFO GRT-0112] Final usage 3D: 25962

[INFO GRT-0096] Final congestion report:
Layer         Resource        Demand        Usage (%)    Max H / Max V / Total Overflow
---------------------------------------------------------------------------------------
li1                  0             0            0.00%             0 /  0 /  0
met1             45407          4149            9.14%             0 /  0 /  0
met2             45749          3562            7.79%             0 /  0 /  0
met3             31792           137            0.43%             0 /  0 /  0
met4             17636            87            0.49%             0 /  0 /  0
met5              4554             0            0.00%             0 /  0 /  0
---------------------------------------------------------------------------------------
Total           145138          7935            5.47%             0 /  0 /  0

[INFO GRT-0018] Total wirelength: 78591 um
[INFO GRT-0014] Routed nets: 1166
Setting global connections for newly added cells…
Writing OpenROAD database to '/openlane/designs/spimemio/runs/RUN_2023.12.03_10.14.21/tmp/routing/21-global.odb'…
Writing layout to '/openlane/designs/spimemio/runs/RUN_2023.12.03_10.14.21/tmp/routing/21-global.def'…
Writing routing guides to '/openlane/designs/spimemio/runs/RUN_2023.12.03_10.14.21/tmp/routing/21-global.guide'…
