OpenROAD 6f9b2bb8b808b1bb5831d4525d868212ae50517a 
This program is licensed under the BSD-3 license. See the LICENSE file for details.
Components of this program may be licensed under more restrictive licenses which must be honored.
[INFO]: Reading ODB at '/openlane/designs/alphacore/runs/RUN_2023.12.03_09.03.48/tmp/routing/./19-diodes_legalized.odb'…
define_corners Typical
read_liberty -corner Typical /home/vsduser/Desktop/work/tools/openlane_working_dir/pdks/sky130A/libs.ref/sky130_fd_sc_hd/lib/sky130_fd_sc_hd__tt_025C_1v80.lib
Using 1e-12 for capacitance...
Using 1e+03 for resistance...
Using 1e-09 for time...
Using 1e+00 for voltage...
Using 1e-03 for current...
Using 1e-09 for power...
Using 1e-06 for distance...
Reading design constraints file at '/openlane/designs/alphacore/src/alphacore_synthesis.sdc'…
[INFO]: Setting signal min routing layer to: met1 and clock min routing layer to met1. 
[INFO]: Setting signal max routing layer to: met5 and clock max routing layer to met5. 
-congestion_iterations 50 -verbose -congestion_report_file /openlane/designs/alphacore/runs/RUN_2023.12.03_09.03.48/tmp/routing/groute-congestion.rpt
[INFO GRT-0020] Min routing layer: met1
[INFO GRT-0021] Max routing layer: met5
[INFO GRT-0022] Global adjustment: 30%
[INFO GRT-0023] Grid origin: (0, 0)
[INFO GRT-0043] No OR_DEFAULT vias defined.
[INFO GRT-0088] Layer li1     Track-Pitch = 0.4600  line-2-Via Pitch: 0.3400
[INFO GRT-0088] Layer met1    Track-Pitch = 0.3400  line-2-Via Pitch: 0.3400
[INFO GRT-0088] Layer met2    Track-Pitch = 0.4600  line-2-Via Pitch: 0.3500
[INFO GRT-0088] Layer met3    Track-Pitch = 0.6800  line-2-Via Pitch: 0.6150
[INFO GRT-0088] Layer met4    Track-Pitch = 0.9200  line-2-Via Pitch: 1.0400
[INFO GRT-0088] Layer met5    Track-Pitch = 3.4000  line-2-Via Pitch: 3.1100
[INFO GRT-0019] Found 210 clock nets.
[INFO GRT-0001] Minimum degree: 2
[INFO GRT-0002] Maximum degree: 33
[INFO GRT-0003] Macros: 0
[INFO GRT-0004] Blockages: 37396

[INFO GRT-0053] Routing resources analysis:
          Routing      Original      Derated      Resource
Layer     Direction    Resources     Resources    Reduction (%)
---------------------------------------------------------------
li1        Vertical            0             0          0.00%
met1       Horizontal     100900         47842          52.58%
met2       Vertical        76206         50002          34.39%
met3       Horizontal      50450         34702          31.22%
met4       Vertical        30612         19265          37.07%
met5       Horizontal      10076          4968          50.69%
---------------------------------------------------------------

[INFO GRT-0101] Running extra iterations to remove overflow.
[INFO GRT-0197] Via related to pin nodes: 63407
[INFO GRT-0198] Via related Steiner nodes: 2513
[INFO GRT-0199] Via filling finished.
[INFO GRT-0111] Final number of vias: 74097
[INFO GRT-0112] Final usage 3D: 307427

[INFO GRT-0096] Final congestion report:
Layer         Resource        Demand        Usage (%)    Max H / Max V / Total Overflow
---------------------------------------------------------------------------------------
li1                  0             0            0.00%             0 /  0 /  0
met1             47842         29084           60.79%             0 /  0 /  0
met2             50002         31232           62.46%             0 /  0 /  0
met3             34702         14962           43.12%             0 /  0 /  0
met4             19265          8945           46.43%             0 /  0 /  0
met5              4968           913           18.38%             0 /  0 /  0
---------------------------------------------------------------------------------------
Total           156779         85136           54.30%             0 /  0 /  0

[INFO GRT-0018] Total wirelength: 848989 um
[INFO GRT-0014] Routed nets: 10910
[INFO GRT-0006] Repairing antennas, iteration 1.
[INFO GRT-0043] No OR_DEFAULT vias defined.
[INFO GRT-0012] Found 56 antenna violations.
[INFO GRT-0015] Inserted 91 diodes.
[INFO GRT-0054] Using detailed placer to place 4 diodes.
[INFO GRT-0009] rerouting 7778 nets.
[INFO GRT-0001] Minimum degree: 2
[INFO GRT-0002] Maximum degree: 33
[INFO GRT-0006] Repairing antennas, iteration 2.
[INFO GRT-0043] No OR_DEFAULT vias defined.
[INFO GRT-0012] Found 26 antenna violations.
[INFO GRT-0015] Inserted 39 diodes.
[INFO GRT-0009] rerouting 498 nets.
[INFO GRT-0001] Minimum degree: 2
[INFO GRT-0002] Maximum degree: 24
[INFO GRT-0006] Repairing antennas, iteration 3.
[INFO GRT-0043] No OR_DEFAULT vias defined.
[INFO GRT-0012] Found 8 antenna violations.
[INFO GRT-0015] Inserted 14 diodes.
[INFO GRT-0009] rerouting 199 nets.
[INFO GRT-0001] Minimum degree: 2
[INFO GRT-0002] Maximum degree: 24
[INFO GRT-0006] Repairing antennas, iteration 4.
[INFO GRT-0043] No OR_DEFAULT vias defined.
[INFO GRT-0012] Found 4 antenna violations.
[INFO GRT-0015] Inserted 7 diodes.
[INFO GRT-0009] rerouting 69 nets.
[INFO GRT-0001] Minimum degree: 2
[INFO GRT-0002] Maximum degree: 23
[INFO GRT-0006] Repairing antennas, iteration 5.
[INFO GRT-0043] No OR_DEFAULT vias defined.
[INFO GRT-0012] Found 1 antenna violations.
[INFO GRT-0015] Inserted 2 diodes.
[INFO GRT-0009] rerouting 26 nets.
[INFO GRT-0001] Minimum degree: 3
[INFO GRT-0002] Maximum degree: 24
[INFO GRT-0006] Repairing antennas, iteration 6.
[INFO GRT-0043] No OR_DEFAULT vias defined.
[INFO GRT-0012] Found 0 antenna violations.
Placement Analysis
---------------------------------
total displacement          0.0 u
average displacement        0.0 u
max displacement            0.0 u
original HPWL          462160.0 u
legalized HPWL         462160.0 u
delta HPWL                    0 %

[INFO DPL-0020] Mirrored 6371 instances
[INFO DPL-0021] HPWL before          462160.0 u
[INFO DPL-0022] HPWL after           453318.4 u
[INFO DPL-0023] HPWL delta               -1.9 %
[INFO]: Setting signal min routing layer to: met1 and clock min routing layer to met1. 
[INFO]: Setting signal max routing layer to: met5 and clock max routing layer to met5. 
-congestion_iterations 50 -verbose -congestion_report_file /openlane/designs/alphacore/runs/RUN_2023.12.03_09.03.48/tmp/routing/groute-congestion.rpt
[INFO GRT-0020] Min routing layer: met1
[INFO GRT-0021] Max routing layer: met5
[INFO GRT-0022] Global adjustment: 30%
[INFO GRT-0023] Grid origin: (0, 0)
[INFO GRT-0043] No OR_DEFAULT vias defined.
[INFO GRT-0088] Layer li1     Track-Pitch = 0.4600  line-2-Via Pitch: 0.3400
[INFO GRT-0088] Layer met1    Track-Pitch = 0.3400  line-2-Via Pitch: 0.3400
[INFO GRT-0088] Layer met2    Track-Pitch = 0.4600  line-2-Via Pitch: 0.3500
[INFO GRT-0088] Layer met3    Track-Pitch = 0.6800  line-2-Via Pitch: 0.6150
[INFO GRT-0088] Layer met4    Track-Pitch = 0.9200  line-2-Via Pitch: 1.0400
[INFO GRT-0088] Layer met5    Track-Pitch = 3.4000  line-2-Via Pitch: 3.1100
[INFO GRT-0019] Found 210 clock nets.
[INFO GRT-0001] Minimum degree: 2
[INFO GRT-0002] Maximum degree: 33
[INFO GRT-0003] Macros: 0
[INFO GRT-0004] Blockages: 37396

[INFO GRT-0053] Routing resources analysis:
          Routing      Original      Derated      Resource
Layer     Direction    Resources     Resources    Reduction (%)
---------------------------------------------------------------
li1        Vertical            0             0          0.00%
met1       Horizontal     100900         47842          52.58%
met2       Vertical        76206         50004          34.38%
met3       Horizontal      50450         34696          31.23%
met4       Vertical        30612         19265          37.07%
met5       Horizontal      10076          4968          50.69%
---------------------------------------------------------------

[INFO GRT-0101] Running extra iterations to remove overflow.
[INFO GRT-0197] Via related to pin nodes: 63954
[INFO GRT-0198] Via related Steiner nodes: 2536
[INFO GRT-0199] Via filling finished.
[INFO GRT-0111] Final number of vias: 74736
[INFO GRT-0112] Final usage 3D: 310261

[INFO GRT-0096] Final congestion report:
Layer         Resource        Demand        Usage (%)    Max H / Max V / Total Overflow
---------------------------------------------------------------------------------------
li1                  0             0            0.00%             0 /  0 /  0
met1             47842         29152           60.93%             0 /  0 /  0
met2             50004         31334           62.66%             0 /  0 /  0
met3             34696         15412           44.42%             0 /  0 /  0
met4             19265          9155           47.52%             0 /  0 /  0
met5              4968          1000           20.13%             0 /  0 /  0
---------------------------------------------------------------------------------------
Total           156775         86053           54.89%             0 /  0 /  0

[INFO GRT-0018] Total wirelength: 858166 um
[INFO GRT-0014] Routed nets: 10910
Setting global connections for newly added cells…
Writing OpenROAD database to '/openlane/designs/alphacore/runs/RUN_2023.12.03_09.03.48/tmp/routing/21-global.odb'…
Writing layout to '/openlane/designs/alphacore/runs/RUN_2023.12.03_09.03.48/tmp/routing/21-global.def'…
Writing routing guides to '/openlane/designs/alphacore/runs/RUN_2023.12.03_09.03.48/tmp/routing/21-global.guide'…
