OpenROAD 6f9b2bb8b808b1bb5831d4525d868212ae50517a 
This program is licensed under the BSD-3 license. See the LICENSE file for details.
Components of this program may be licensed under more restrictive licenses which must be honored.
[INFO ODB-0222] Reading LEF file: /openlane/designs/spimemio/runs/RUN_2023.12.03_10.14.21/tmp/merged.nom.lef
[INFO ODB-0223]     Created 13 technology layers
[INFO ODB-0224]     Created 25 technology vias
[INFO ODB-0225]     Created 442 library cells
[INFO ODB-0226] Finished LEF file:  /openlane/designs/spimemio/runs/RUN_2023.12.03_10.14.21/tmp/merged.nom.lef
[INFO ODB-0127] Reading DEF file: /openlane/designs/spimemio/runs/RUN_2023.12.03_10.14.21/results/routing/spimemio.def
[INFO ODB-0128] Design: spimemio
[INFO ODB-0130]     Created 144 pins.
[INFO ODB-0131]     Created 22827 components and 89921 component-terminals.
[INFO ODB-0132]     Created 2 special nets and 85394 connections.
[INFO ODB-0133]     Created 1180 nets and 4513 connections.
[INFO ODB-0134] Finished DEF file: /openlane/designs/spimemio/runs/RUN_2023.12.03_10.14.21/results/routing/spimemio.def
Top-level design name: spimemio
Found default power net 'VPWR'
Found default ground net 'VGND'
Found 1 power ports.
Found 1 ground ports.
Modified power connections of 22827/22827 cells.
