OpenROAD 6f9b2bb8b808b1bb5831d4525d868212ae50517a 
This program is licensed under the BSD-3 license. See the LICENSE file for details.
Components of this program may be licensed under more restrictive licenses which must be honored.
[INFO]: Reading ODB at '/openlane/designs/spimemio/runs/RUN_2023.12.03_10.14.21/results/routing/spimemio.odb'…
define_corners Typical
read_liberty -corner Typical /home/vsduser/Desktop/work/tools/openlane_working_dir/pdks/sky130A/libs.ref/sky130_fd_sc_hd/lib/sky130_fd_sc_hd__tt_025C_1v80.lib
read_liberty -corner Typical /openlane/designs/spimemio/src/sky130_fd_sc_hd__tt_025C_1v80.lib
[WARNING STA-0053] /openlane/designs/spimemio/src/sky130_fd_sc_hd__tt_025C_1v80.lib line 1, library sky130_fd_sc_hd__tt_025C_1v80 already exists.
Using 1e-12 for capacitance...
Using 1e+03 for resistance...
Using 1e-09 for time...
Using 1e+00 for voltage...
Using 1e-03 for current...
Using 1e-09 for power...
Using 1e-06 for distance...
Reading design constraints file at '/openlane/designs/spimemio/src/spimemio_synthesis.sdc'…
Net: config_do\[1\]
  Pin: _1344_/A0 (sky130_fd_sc_hd__mux2_1)
    Layer: met2
      Partial area ratio:   19.25
      Required ratio:    0.00 (Gate area) 
      Partial area ratio:   97.26
      Required ratio: 3119.36 (Side area) 
      Cumulative area ratio:   30.31
      Required ratio:    0.00 (Cumulative area) 
      Cumulative area ratio:  154.93
      Required ratio:    0.00 (Cumulative side area) 

    Layer: met1
      Partial area ratio:   11.07
      Required ratio:    0.00 (Gate area) 
      Partial area ratio:   57.67
      Required ratio: 2773.88 (Side area) 
      Cumulative area ratio:   11.07
      Required ratio:    0.00 (Cumulative area) 
      Cumulative area ratio:   57.67
      Required ratio:    0.00 (Cumulative side area) 

    Layer: li1
      Partial area ratio:    0.00
      Required ratio:    0.00 (Gate area) 
      Partial area ratio:    0.00
      Required ratio:   75.00 (Side area) 
      Cumulative area ratio:    0.00
      Required ratio:    0.00 (Cumulative area) 
      Cumulative area ratio:    0.00
      Required ratio:    0.00 (Cumulative side area) 

    Via: M1M2_PR
      Partial area ratio:    0.18
      Required ratio:    6.00 (Gate area) 
      Cumulative area ratio:    0.41
      Required ratio:    0.00 (Cumulative area) 

    Via: L1M1_PR_MR
      Partial area ratio:    0.23
      Required ratio:    3.00 (Gate area) 
      Cumulative area ratio:    0.23
      Required ratio:    0.00 (Cumulative area) 

  Pin: _1025_/A0 (sky130_fd_sc_hd__mux2_2)
    Layer: met2
      Partial area ratio:   19.25
      Required ratio:    0.00 (Gate area) 
      Partial area ratio:   97.26
      Required ratio: 3119.36 (Side area) 
      Cumulative area ratio:  156.94
      Required ratio:    0.00 (Cumulative area) 
      Cumulative area ratio:  791.89
      Required ratio:    0.00 (Cumulative side area) 

    Layer: met1
      Partial area ratio:  137.69
      Required ratio:    0.00 (Gate area) 
      Partial area ratio:  694.63
      Required ratio:  400.00 (Side area) (VIOLATED)
      Cumulative area ratio:  137.69
      Required ratio:    0.00 (Cumulative area) 
      Cumulative area ratio:  694.63
      Required ratio:    0.00 (Cumulative side area) 

    Layer: li1
      Partial area ratio:    0.00
      Required ratio:    0.00 (Gate area) 
      Partial area ratio:    0.00
      Required ratio:   75.00 (Side area) 
      Cumulative area ratio:    0.00
      Required ratio:    0.00 (Cumulative area) 
      Cumulative area ratio:    0.00
      Required ratio:    0.00 (Cumulative side area) 

    Via: M1M2_PR
      Partial area ratio:    0.28
      Required ratio:    6.00 (Gate area) 
      Cumulative area ratio:    0.46
      Required ratio:    0.00 (Cumulative area) 

    Via: L1M1_PR_MR
      Partial area ratio:    0.18
      Required ratio:    3.00 (Gate area) 
      Cumulative area ratio:    0.18
      Required ratio:    0.00 (Cumulative area) 


[INFO ANT-0002] Found 1 net violations.
[INFO ANT-0001] Found 1 pin violations.
