
===========================================================================
report_checks -unconstrained
===========================================================================
======================= Fastest Corner ===================================

Startpoint: _51902_ (rising edge-triggered flip-flop clocked by core_clk)
Endpoint: _49654_ (rising edge-triggered flip-flop clocked by core_clk)
Path Group: core_clk
Path Type: max
Corner: Fastest

Fanout     Cap    Slew   Delay    Time   Description
-----------------------------------------------------------------------------
                  0.00    0.00    0.00   clock core_clk (rise edge)
                          0.00    0.00   clock network delay (ideal)
                  0.00    0.00    0.00 ^ _51902_/CLK (sky130_fd_sc_hd__dfxtp_1)
     2    0.03    0.10    0.24    0.24 v _51902_/Q (sky130_fd_sc_hd__dfxtp_1)
                                         mem[16][20] (net)
                  0.10    0.00    0.25 v _27267_/A0 (sky130_fd_sc_hd__mux4_2)
     1    0.03    0.12    0.35    0.60 v _27267_/X (sky130_fd_sc_hd__mux4_2)
                                         _11321_ (net)
                  0.12    0.00    0.60 v _27269_/A2 (sky130_fd_sc_hd__a22o_1)
     1    0.02    0.08    0.20    0.80 v _27269_/X (sky130_fd_sc_hd__a22o_1)
                                         _11323_ (net)
                  0.08    0.00    0.81 v _27270_/A2 (sky130_fd_sc_hd__o21a_2)
     1    0.12    0.20    0.29    1.10 v _27270_/X (sky130_fd_sc_hd__o21a_2)
                                         _11324_ (net)
                  0.20    0.01    1.11 v _27272_/A4 (sky130_fd_sc_hd__o41a_1)
     1    0.02    0.10    0.31    1.42 v _27272_/X (sky130_fd_sc_hd__o41a_1)
                                         _11326_ (net)
                  0.10    0.00    1.42 v _27312_/C1 (sky130_fd_sc_hd__a2111o_1)
     1    0.00    0.04    0.18    1.60 v _27312_/X (sky130_fd_sc_hd__a2111o_1)
                                         _00012_ (net)
                  0.04    0.00    1.60 v _49654_/D (sky130_fd_sc_hd__dfxtp_1)
                                  1.60   data arrival time

                  0.00 1100.00 1100.00   clock core_clk (rise edge)
                          0.00 1100.00   clock network delay (ideal)
                          0.00 1100.00   clock reconvergence pessimism
                               1100.00 ^ _49654_/CLK (sky130_fd_sc_hd__dfxtp_1)
                         -0.08 1099.92   library setup time
                               1099.92   data required time
-----------------------------------------------------------------------------
                               1099.92   data required time
                                 -1.60   data arrival time
-----------------------------------------------------------------------------
                               1098.33   slack (MET)



======================= Slowest Corner ===================================

Startpoint: _51902_ (rising edge-triggered flip-flop clocked by core_clk)
Endpoint: _49654_ (rising edge-triggered flip-flop clocked by core_clk)
Path Group: core_clk
Path Type: max
Corner: Slowest

Fanout     Cap    Slew   Delay    Time   Description
-----------------------------------------------------------------------------
                  0.00    0.00    0.00   clock core_clk (rise edge)
                          0.00    0.00   clock network delay (ideal)
                  0.00    0.00    0.00 ^ _51902_/CLK (sky130_fd_sc_hd__dfxtp_1)
     2    0.03    0.28    0.73    0.73 v _51902_/Q (sky130_fd_sc_hd__dfxtp_1)
                                         mem[16][20] (net)
                  0.28    0.00    0.73 v _27267_/A0 (sky130_fd_sc_hd__mux4_2)
     1    0.03    0.29    1.32    2.05 v _27267_/X (sky130_fd_sc_hd__mux4_2)
                                         _11321_ (net)
                  0.29    0.00    2.05 v _27269_/A2 (sky130_fd_sc_hd__a22o_1)
     1    0.02    0.22    0.65    2.70 v _27269_/X (sky130_fd_sc_hd__a22o_1)
                                         _11323_ (net)
                  0.22    0.00    2.71 v _27270_/A2 (sky130_fd_sc_hd__o21a_2)
     1    0.12    0.53    0.83    3.54 v _27270_/X (sky130_fd_sc_hd__o21a_2)
                                         _11324_ (net)
                  0.53    0.01    3.55 v _27272_/A4 (sky130_fd_sc_hd__o41a_1)
     1    0.02    0.27    0.95    4.50 v _27272_/X (sky130_fd_sc_hd__o41a_1)
                                         _11326_ (net)
                  0.27    0.00    4.50 v _27312_/C1 (sky130_fd_sc_hd__a2111o_1)
     1    0.00    0.11    0.73    5.23 v _27312_/X (sky130_fd_sc_hd__a2111o_1)
                                         _00012_ (net)
                  0.11    0.00    5.23 v _49654_/D (sky130_fd_sc_hd__dfxtp_1)
                                  5.23   data arrival time

                  0.00 1100.00 1100.00   clock core_clk (rise edge)
                          0.00 1100.00   clock network delay (ideal)
                          0.00 1100.00   clock reconvergence pessimism
                               1100.00 ^ _49654_/CLK (sky130_fd_sc_hd__dfxtp_1)
                         -0.30 1099.70   library setup time
                               1099.70   data required time
-----------------------------------------------------------------------------
                               1099.70   data required time
                                 -5.23   data arrival time
-----------------------------------------------------------------------------
                               1094.47   slack (MET)



======================= Typical Corner ===================================

Startpoint: _51902_ (rising edge-triggered flip-flop clocked by core_clk)
Endpoint: _49654_ (rising edge-triggered flip-flop clocked by core_clk)
Path Group: core_clk
Path Type: max
Corner: Typical

Fanout     Cap    Slew   Delay    Time   Description
-----------------------------------------------------------------------------
                  0.00    0.00    0.00   clock core_clk (rise edge)
                          0.00    0.00   clock network delay (ideal)
                  0.00    0.00    0.00 ^ _51902_/CLK (sky130_fd_sc_hd__dfxtp_1)
     2    0.03    0.15    0.37    0.37 v _51902_/Q (sky130_fd_sc_hd__dfxtp_1)
                                         mem[16][20] (net)
                  0.15    0.00    0.38 v _27267_/A0 (sky130_fd_sc_hd__mux4_2)
     1    0.03    0.16    0.60    0.98 v _27267_/X (sky130_fd_sc_hd__mux4_2)
                                         _11321_ (net)
                  0.16    0.00    0.98 v _27269_/A2 (sky130_fd_sc_hd__a22o_1)
     1    0.02    0.12    0.35    1.34 v _27269_/X (sky130_fd_sc_hd__a22o_1)
                                         _11323_ (net)
                  0.12    0.00    1.34 v _27270_/A2 (sky130_fd_sc_hd__o21a_2)
     1    0.12    0.28    0.44    1.78 v _27270_/X (sky130_fd_sc_hd__o21a_2)
                                         _11324_ (net)
                  0.28    0.01    1.79 v _27272_/A4 (sky130_fd_sc_hd__o41a_1)
     1    0.02    0.14    0.49    2.27 v _27272_/X (sky130_fd_sc_hd__o41a_1)
                                         _11326_ (net)
                  0.14    0.00    2.28 v _27312_/C1 (sky130_fd_sc_hd__a2111o_1)
     1    0.00    0.06    0.37    2.64 v _27312_/X (sky130_fd_sc_hd__a2111o_1)
                                         _00012_ (net)
                  0.06    0.00    2.65 v _49654_/D (sky130_fd_sc_hd__dfxtp_1)
                                  2.65   data arrival time

                  0.00 1100.00 1100.00   clock core_clk (rise edge)
                          0.00 1100.00   clock network delay (ideal)
                          0.00 1100.00   clock reconvergence pessimism
                               1100.00 ^ _49654_/CLK (sky130_fd_sc_hd__dfxtp_1)
                         -0.13 1099.87   library setup time
                               1099.87   data required time
-----------------------------------------------------------------------------
                               1099.87   data required time
                                 -2.65   data arrival time
-----------------------------------------------------------------------------
                               1097.23   slack (MET)




===========================================================================
report_checks --slack_max -0.01
============================================================================
======================= Fastest Corner ===================================

No paths found.

======================= Slowest Corner ===================================

No paths found.

======================= Typical Corner ===================================

No paths found.


===========================================================================
 report_check_types -max_slew -max_cap -max_fanout -violators
============================================================================
======================= Fastest Corner ===================================


max slew violations count Fastest: 0
max fanout violations count Fastest: 0
max cap violations count Fastest: 0
======================= Slowest Corner ===================================

max slew

Pin                                    Limit    Slew   Slack
------------------------------------------------------------
_28923_/Y                               1.50    2.06   -0.57 (VIOLATED)
_28924_/A                               1.50    2.07   -0.57 (VIOLATED)
ANTENNA_165/DIODE                       1.50    2.07   -0.57 (VIOLATED)
ANTENNA_1049/DIODE                      1.50    2.06   -0.56 (VIOLATED)
ANTENNA_1046/DIODE                      1.50    2.06   -0.56 (VIOLATED)
ANTENNA_1047/DIODE                      1.50    2.06   -0.56 (VIOLATED)
ANTENNA_1044/DIODE                      1.50    2.06   -0.56 (VIOLATED)
ANTENNA_1042/DIODE                      1.50    2.06   -0.56 (VIOLATED)
ANTENNA_1040/DIODE                      1.50    2.06   -0.56 (VIOLATED)
_47918_/C                               1.50    2.06   -0.56 (VIOLATED)
ANTENNA_1041/DIODE                      1.50    2.06   -0.56 (VIOLATED)
ANTENNA_1043/DIODE                      1.50    2.06   -0.56 (VIOLATED)
ANTENNA_1045/DIODE                      1.50    2.06   -0.56 (VIOLATED)
ANTENNA_1048/DIODE                      1.50    2.06   -0.56 (VIOLATED)
ANTENNA_1050/DIODE                      1.50    2.06   -0.56 (VIOLATED)
ANTENNA_1057/DIODE                      1.50    2.06   -0.56 (VIOLATED)
_48224_/C                               1.50    2.06   -0.56 (VIOLATED)
ANTENNA_1053/DIODE                      1.50    2.06   -0.56 (VIOLATED)
ANTENNA_1052/DIODE                      1.50    2.06   -0.56 (VIOLATED)
ANTENNA_1051/DIODE                      1.50    2.06   -0.56 (VIOLATED)
ANTENNA_1056/DIODE                      1.50    2.06   -0.56 (VIOLATED)
ANTENNA_1054/DIODE                      1.50    2.06   -0.56 (VIOLATED)
ANTENNA_1055/DIODE                      1.50    2.06   -0.56 (VIOLATED)
_48188_/C                               1.50    2.06   -0.56 (VIOLATED)
_44148_/A                               1.50    2.06   -0.56 (VIOLATED)
_48152_/C                               1.50    2.06   -0.56 (VIOLATED)
ANTENNA_1225/DIODE                      1.50    2.06   -0.56 (VIOLATED)
_40899_/A                               1.50    2.06   -0.56 (VIOLATED)
_29019_/Y                               1.50    1.86   -0.36 (VIOLATED)
_47566_/C                               1.50    1.86   -0.36 (VIOLATED)
_34029_/A                               1.50    1.86   -0.36 (VIOLATED)
ANTENNA_179/DIODE                       1.50    1.86   -0.36 (VIOLATED)
ANTENNA_763/DIODE                       1.50    1.86   -0.36 (VIOLATED)
ANTENNA_760/DIODE                       1.50    1.86   -0.36 (VIOLATED)
ANTENNA_762/DIODE                       1.50    1.86   -0.36 (VIOLATED)
ANTENNA_761/DIODE                       1.50    1.86   -0.36 (VIOLATED)
_48062_/C                               1.50    1.86   -0.36 (VIOLATED)
_47530_/C                               1.50    1.86   -0.36 (VIOLATED)
_47494_/C                               1.50    1.86   -0.36 (VIOLATED)
_29020_/A                               1.50    1.86   -0.36 (VIOLATED)
_36041_/A                               1.50    1.86   -0.36 (VIOLATED)
_29075_/A                               1.50    1.86   -0.36 (VIOLATED)
_28903_/Y                               1.50    1.84   -0.34 (VIOLATED)
ANTENNA_1038/DIODE                      1.50    1.84   -0.34 (VIOLATED)
ANTENNA_1036/DIODE                      1.50    1.84   -0.34 (VIOLATED)
ANTENNA_1034/DIODE                      1.50    1.84   -0.34 (VIOLATED)
ANTENNA_1032/DIODE                      1.50    1.84   -0.34 (VIOLATED)
ANTENNA_1030/DIODE                      1.50    1.84   -0.34 (VIOLATED)
ANTENNA_1028/DIODE                      1.50    1.84   -0.34 (VIOLATED)
_48026_/C                               1.50    1.84   -0.34 (VIOLATED)
ANTENNA_1029/DIODE                      1.50    1.84   -0.34 (VIOLATED)
ANTENNA_1031/DIODE                      1.50    1.84   -0.34 (VIOLATED)
ANTENNA_1033/DIODE                      1.50    1.84   -0.34 (VIOLATED)
ANTENNA_1035/DIODE                      1.50    1.84   -0.34 (VIOLATED)
ANTENNA_1037/DIODE                      1.50    1.84   -0.34 (VIOLATED)
_40722_/A                               1.50    1.84   -0.34 (VIOLATED)
_44511_/A                               1.50    1.84   -0.34 (VIOLATED)
_33766_/A                               1.50    1.84   -0.34 (VIOLATED)
ANTENNA_753/DIODE                       1.50    1.84   -0.34 (VIOLATED)
_35968_/A                               1.50    1.84   -0.34 (VIOLATED)
_41956_/C                               1.50    1.84   -0.34 (VIOLATED)
_42679_/C                               1.50    1.84   -0.34 (VIOLATED)
_42715_/C                               1.50    1.84   -0.34 (VIOLATED)
_29114_/Y                               1.50    1.82   -0.33 (VIOLATED)
_48098_/C                               1.50    1.83   -0.33 (VIOLATED)
ANTENNA_782/DIODE                       1.50    1.83   -0.33 (VIOLATED)
_34084_/A                               1.50    1.83   -0.33 (VIOLATED)
_41547_/A                               1.50    1.83   -0.33 (VIOLATED)
_41785_/C                               1.50    1.83   -0.33 (VIOLATED)
_36105_/A                               1.50    1.83   -0.33 (VIOLATED)
_41821_/C                               1.50    1.83   -0.33 (VIOLATED)
_41857_/C                               1.50    1.83   -0.33 (VIOLATED)
_48116_/C                               1.50    1.81   -0.31 (VIOLATED)
_48080_/C                               1.50    1.81   -0.31 (VIOLATED)
_48044_/C                               1.50    1.81   -0.31 (VIOLATED)
_28882_/Y                               1.50    1.81   -0.31 (VIOLATED)
_44037_/A                               1.50    1.81   -0.31 (VIOLATED)
_28883_/A                               1.50    1.81   -0.31 (VIOLATED)
ANTENNA_157/DIODE                       1.50    1.81   -0.31 (VIOLATED)
_47882_/C                               1.50    1.81   -0.31 (VIOLATED)
_33674_/A                               1.50    1.81   -0.31 (VIOLATED)
ANTENNA_1027/DIODE                      1.50    1.81   -0.31 (VIOLATED)
ANTENNA_1026/DIODE                      1.50    1.81   -0.31 (VIOLATED)
_40918_/A                               1.50    1.81   -0.31 (VIOLATED)
_28740_/Y                               1.50    1.72   -0.23 (VIOLATED)
_36975_/C                               1.50    1.73   -0.23 (VIOLATED)
_36938_/C                               1.50    1.73   -0.23 (VIOLATED)
_30033_/A                               1.50    1.73   -0.23 (VIOLATED)
_28741_/A                               1.50    1.72   -0.22 (VIOLATED)
_31260_/C                               1.50    1.72   -0.22 (VIOLATED)
_37011_/C                               1.50    1.72   -0.22 (VIOLATED)
_28669_/Y                               1.50    1.64   -0.14 (VIOLATED)
_31223_/C                               1.50    1.64   -0.14 (VIOLATED)
_36866_/C                               1.50    1.64   -0.14 (VIOLATED)
_41766_/C                               1.50    1.64   -0.14 (VIOLATED)
_36902_/C                               1.50    1.64   -0.14 (VIOLATED)
_28800_/Y                               1.50    1.60   -0.11 (VIOLATED)
ANTENNA_1022/DIODE                      1.50    1.61   -0.11 (VIOLATED)
ANTENNA_1021/DIODE                      1.50    1.61   -0.11 (VIOLATED)
ANTENNA_1020/DIODE                      1.50    1.61   -0.11 (VIOLATED)
ANTENNA_752/DIODE                       1.50    1.61   -0.11 (VIOLATED)
_31296_/C                               1.50    1.61   -0.11 (VIOLATED)
ANTENNA_1019/DIODE                      1.50    1.61   -0.11 (VIOLATED)
_33544_/A                               1.50    1.60   -0.10 (VIOLATED)
ANTENNA_751/DIODE                       1.50    1.60   -0.10 (VIOLATED)
_37084_/C                               1.50    1.60   -0.10 (VIOLATED)
ANTENNA_1025/DIODE                      1.50    1.60   -0.10 (VIOLATED)
_37047_/C                               1.50    1.60   -0.10 (VIOLATED)
ANTENNA_1024/DIODE                      1.50    1.60   -0.10 (VIOLATED)
_37120_/C                               1.50    1.60   -0.10 (VIOLATED)
ANTENNA_1023/DIODE                      1.50    1.60   -0.10 (VIOLATED)
_29160_/Y                               1.50    1.56   -0.06 (VIOLATED)
_34158_/A                               1.50    1.56   -0.06 (VIOLATED)
_38440_/A                               1.50    1.56   -0.06 (VIOLATED)
_48134_/C                               1.50    1.56   -0.06 (VIOLATED)
_42769_/C                               1.50    1.56   -0.06 (VIOLATED)
_29161_/A                               1.50    1.56   -0.06 (VIOLATED)
_41510_/A                               1.50    1.56   -0.06 (VIOLATED)
_42850_/C                               1.50    1.56   -0.06 (VIOLATED)
_42814_/C                               1.50    1.56   -0.06 (VIOLATED)

max capacitance

Pin                                    Limit     Cap   Slack
------------------------------------------------------------
_28923_/Y                               0.27    0.38   -0.11 (VIOLATED)
_29019_/Y                               0.27    0.34   -0.07 (VIOLATED)
_28903_/Y                               0.27    0.34   -0.07 (VIOLATED)
_29114_/Y                               0.27    0.34   -0.07 (VIOLATED)
_28882_/Y                               0.27    0.33   -0.06 (VIOLATED)
_28740_/Y                               0.27    0.32   -0.05 (VIOLATED)
_28669_/Y                               0.27    0.30   -0.03 (VIOLATED)
_28800_/Y                               0.27    0.29   -0.02 (VIOLATED)
_29160_/Y                               0.27    0.29   -0.02 (VIOLATED)


max slew violations count Slowest: 120
max fanout violations count Slowest: 0
max cap violations count Slowest: 9
======================= Typical Corner ===================================


max slew violations count Typical: 0
max fanout violations count Typical: 0
max cap violations count Typical: 0

===========================================================================
report_parasitic_annotation -report_unannotated
============================================================================
Found 14 unannotated drivers.
 addr[10]
 addr[11]
 addr[12]
 addr[13]
 addr[14]
 addr[15]
 addr[16]
 addr[17]
 addr[18]
 addr[19]
 addr[20]
 addr[21]
 addr[8]
 addr[9]
Found 0 partially unannotated drivers.

===========================================================================
max slew violation count 120
max fanout violation count 0
max cap violation count 9
============================================================================

===========================================================================
check_setup -verbose -unconstrained_endpoints -multiple_clock -no_clock -no_input_delay -loops -generated_clocks
===========================================================================
Warning: There are 58 input ports missing set_input_delay.
  addr[0]
  addr[10]
  addr[11]
  addr[12]
  addr[13]
  addr[14]
  addr[15]
  addr[16]
  addr[17]
  addr[18]
  addr[19]
  addr[1]
  addr[20]
  addr[21]
  addr[2]
  addr[3]
  addr[4]
  addr[5]
  addr[6]
  addr[7]
  addr[8]
  addr[9]
  wdata[0]
  wdata[10]
  wdata[11]
  wdata[12]
  wdata[13]
  wdata[14]
  wdata[15]
  wdata[16]
  wdata[17]
  wdata[18]
  wdata[19]
  wdata[1]
  wdata[20]
  wdata[21]
  wdata[22]
  wdata[23]
  wdata[24]
  wdata[25]
  wdata[26]
  wdata[27]
  wdata[28]
  wdata[29]
  wdata[2]
  wdata[30]
  wdata[31]
  wdata[3]
  wdata[4]
  wdata[5]
  wdata[6]
  wdata[7]
  wdata[8]
  wdata[9]
  wen[0]
  wen[1]
  wen[2]
  wen[3]
Warning: There are 32 unconstrained endpoints.
  rdata[0]
  rdata[10]
  rdata[11]
  rdata[12]
  rdata[13]
  rdata[14]
  rdata[15]
  rdata[16]
  rdata[17]
  rdata[18]
  rdata[19]
  rdata[1]
  rdata[20]
  rdata[21]
  rdata[22]
  rdata[23]
  rdata[24]
  rdata[25]
  rdata[26]
  rdata[27]
  rdata[28]
  rdata[29]
  rdata[2]
  rdata[30]
  rdata[31]
  rdata[3]
  rdata[4]
  rdata[5]
  rdata[6]
  rdata[7]
  rdata[8]
  rdata[9]
