OpenROAD 6f9b2bb8b808b1bb5831d4525d868212ae50517a 
This program is licensed under the BSD-3 license. See the LICENSE file for details.
Components of this program may be licensed under more restrictive licenses which must be honored.
[INFO]: Reading ODB at '/openlane/designs/simpleuart/runs/RUN_2023.12.03_10.07.08/results/floorplan/simpleuart.odb'…
define_corners Typical
read_liberty -corner Typical /home/vsduser/Desktop/work/tools/openlane_working_dir/pdks/sky130A/libs.ref/sky130_fd_sc_hd/lib/sky130_fd_sc_hd__tt_025C_1v80.lib
read_liberty -corner Typical /openlane/designs/simpleuart/src/sky130_fd_sc_hd__tt_025C_1v80.lib
[WARNING STA-0053] /openlane/designs/simpleuart/src/sky130_fd_sc_hd__tt_025C_1v80.lib line 1, library sky130_fd_sc_hd__tt_025C_1v80 already exists.
Using 1e-12 for capacitance...
Using 1e+03 for resistance...
Using 1e-09 for time...
Using 1e+00 for voltage...
Using 1e-03 for current...
Using 1e-09 for power...
Using 1e-06 for distance...
Reading design constraints file at '/openlane/designs/simpleuart/src/simpleuart_synthesis.sdc'…
[INFO]: Setting RC values...
[INFO]: Setting signal min routing layer to: met1 and clock min routing layer to met1. 
[INFO]: Setting signal max routing layer to: met5 and clock max routing layer to met5. 
[INFO GPL-0002] DBU: 1000
[INFO GPL-0003] SiteSize: 460 2720
[INFO GPL-0004] CoreAreaLxLy: 5520 10880
[INFO GPL-0005] CoreAreaUxUy: 421820 427040
[INFO GPL-0006] NumInstances: 3719
[INFO GPL-0007] NumPlaceInstances: 933
[INFO GPL-0008] NumFixedInstances: 2786
[INFO GPL-0009] NumDummyInstances: 0
[INFO GPL-0010] NumNets: 1006
[INFO GPL-0011] NumPins: 3253
[INFO GPL-0012] DieAreaLxLy: 0 0
[INFO GPL-0013] DieAreaUxUy: 427715 438435
[INFO GPL-0014] CoreAreaLxLy: 5520 10880
[INFO GPL-0015] CoreAreaUxUy: 421820 427040
[INFO GPL-0016] CoreArea: 173247408000
[INFO GPL-0017] NonPlaceInstsArea: 4251577600
[INFO GPL-0018] PlaceInstsArea: 8680825600
[INFO GPL-0019] Util(%): 5.14
[INFO GPL-0020] StdInstsArea: 8680825600
[INFO GPL-0021] MacroInstsArea: 0
[InitialPlace]  Iter: 1 CG residual: 0.00000013 HPWL: 77925525
[InitialPlace]  Iter: 2 CG residual: 0.00001963 HPWL: 20406457
[InitialPlace]  Iter: 3 CG residual: 0.00000010 HPWL: 16580253
[InitialPlace]  Iter: 4 CG residual: 0.00000011 HPWL: 16178709
[InitialPlace]  Iter: 5 CG residual: 0.00000034 HPWL: 15970909
[INFO GPL-0031] FillerInit: NumGCells: 2797
[INFO GPL-0032] FillerInit: NumGNets: 1006
[INFO GPL-0033] FillerInit: NumGPins: 3253
[INFO GPL-0023] TargetDensity: 0.15
[INFO GPL-0024] AveragePlaceInstArea: 9304207
[INFO GPL-0025] IdealBinArea: 62028044
[INFO GPL-0026] IdealBinCnt: 2793
[INFO GPL-0027] TotalBinArea: 173247408000
[INFO GPL-0028] BinCnt: 32 32
[INFO GPL-0029] BinSize: 13010 13005
[INFO GPL-0030] NumBins: 1024
[NesterovSolve] Iter: 1 overflow: 0.927455 HPWL: 12267772
[NesterovSolve] Iter: 10 overflow: 0.870809 HPWL: 14746301
[NesterovSolve] Iter: 20 overflow: 0.843265 HPWL: 15109376
[NesterovSolve] Iter: 30 overflow: 0.837915 HPWL: 15113038
[NesterovSolve] Iter: 40 overflow: 0.838735 HPWL: 14978494
[NesterovSolve] Iter: 50 overflow: 0.842523 HPWL: 14860632
[NesterovSolve] Iter: 60 overflow: 0.841801 HPWL: 14860350
[NesterovSolve] Iter: 70 overflow: 0.840485 HPWL: 14905826
[NesterovSolve] Iter: 80 overflow: 0.839774 HPWL: 14923579
[NesterovSolve] Iter: 90 overflow: 0.840099 HPWL: 14914018
[NesterovSolve] Iter: 100 overflow: 0.840394 HPWL: 14911238
[NesterovSolve] Iter: 110 overflow: 0.840237 HPWL: 14928367
[NesterovSolve] Iter: 120 overflow: 0.839933 HPWL: 14964756
[NesterovSolve] Iter: 130 overflow: 0.839456 HPWL: 15030260
[NesterovSolve] Iter: 140 overflow: 0.838316 HPWL: 15144393
[NesterovSolve] Iter: 150 overflow: 0.83581 HPWL: 15333789
[NesterovSolve] Iter: 160 overflow: 0.832813 HPWL: 15628601
[NesterovSolve] Iter: 170 overflow: 0.828085 HPWL: 16065629
[NesterovSolve] Iter: 180 overflow: 0.822815 HPWL: 16640115
[NesterovSolve] Iter: 190 overflow: 0.811267 HPWL: 17277527
[NesterovSolve] Iter: 200 overflow: 0.799594 HPWL: 17819615
[INFO GPL-0100] worst slack 1.1e-06
[INFO GPL-0103] Weighted 97 nets.
[NesterovSolve] Iter: 210 overflow: 0.778927 HPWL: 18262962
[NesterovSolve] Iter: 220 overflow: 0.755799 HPWL: 19232005
[NesterovSolve] Iter: 230 overflow: 0.726985 HPWL: 20278619
[NesterovSolve] Iter: 240 overflow: 0.683373 HPWL: 21126038
[NesterovSolve] Iter: 250 overflow: 0.650722 HPWL: 22188636
[INFO GPL-0100] worst slack 1.1e-06
[INFO GPL-0103] Weighted 100 nets.
[NesterovSolve] Iter: 260 overflow: 0.61272 HPWL: 23173125
[NesterovSolve] Snapshot saved at iter = 263
[NesterovSolve] Iter: 270 overflow: 0.571808 HPWL: 24319468
[NesterovSolve] Iter: 280 overflow: 0.52866 HPWL: 25043175
[NesterovSolve] Iter: 290 overflow: 0.487855 HPWL: 25547965
[INFO GPL-0100] worst slack 1.1e-06
[INFO GPL-0103] Weighted 95 nets.
[NesterovSolve] Iter: 300 overflow: 0.443797 HPWL: 26028315
[NesterovSolve] Iter: 310 overflow: 0.401904 HPWL: 26378367
[NesterovSolve] Iter: 320 overflow: 0.355317 HPWL: 27047228
[NesterovSolve] Iter: 330 overflow: 0.320608 HPWL: 27489275
[NesterovSolve] Iter: 340 overflow: 0.287242 HPWL: 27812924
[INFO GPL-0100] worst slack 1.1e-06
[INFO GPL-0103] Weighted 100 nets.
[NesterovSolve] Iter: 350 overflow: 0.259441 HPWL: 28197868
[NesterovSolve] Iter: 360 overflow: 0.224516 HPWL: 28279557
[INFO GPL-0100] worst slack 1.1e-06
[INFO GPL-0103] Weighted 100 nets.
[INFO GPL-0075] Routability numCall: 1 inflationIterCnt: 1 bloatIterCnt: 0
[INFO GPL-0036] TileLxLy: 0 0
[INFO GPL-0037] TileSize: 6900 6900
[INFO GPL-0038] TileCnt: 61 63
[INFO GPL-0039] numRoutingLayers: 6
[INFO GPL-0040] NumTiles: 3843
[INFO GPL-0063] TotalRouteOverflowH2: 0.0
[INFO GPL-0064] TotalRouteOverflowV2: 0.0
[INFO GPL-0065] OverflowTileCnt2: 0
[INFO GPL-0066] 0.5%RC: 0.9547008566367321
[INFO GPL-0067] 1.0%RC: 0.875431037154691
[INFO GPL-0068] 2.0%RC: 0.81688311915377
[INFO GPL-0069] 5.0%RC: 0.7152777753977312
[INFO GPL-0070] 0.5rcK: 1.0
[INFO GPL-0071] 1.0rcK: 1.0
[INFO GPL-0072] 2.0rcK: 0.0
[INFO GPL-0073] 5.0rcK: 0.0
[INFO GPL-0074] FinalRC: 0.91506594
[NesterovSolve] Iter: 370 overflow: 0.197544 HPWL: 28580621
[NesterovSolve] Iter: 380 overflow: 0.174557 HPWL: 28748553
[NesterovSolve] Iter: 390 overflow: 0.156098 HPWL: 28960708
[INFO GPL-0100] worst slack 1.1e-06
[INFO GPL-0103] Weighted 100 nets.
[NesterovSolve] Iter: 400 overflow: 0.132663 HPWL: 29088533
[NesterovSolve] Iter: 410 overflow: 0.113879 HPWL: 29324352
[NesterovSolve] Finished with Overflow: 0.098694
Setting global connections for newly added cells…
Writing OpenROAD database to '/openlane/designs/simpleuart/runs/RUN_2023.12.03_10.07.08/tmp/placement/7-global.odb'…
Writing netlist to '/openlane/designs/simpleuart/runs/RUN_2023.12.03_10.07.08/tmp/placement/7-global.nl.v'…
Writing powered netlist to '/openlane/designs/simpleuart/runs/RUN_2023.12.03_10.07.08/tmp/placement/7-global.pnl.v'…
Writing layout to '/openlane/designs/simpleuart/runs/RUN_2023.12.03_10.07.08/tmp/placement/7-global.def'…
