OpenROAD 6f9b2bb8b808b1bb5831d4525d868212ae50517a 
This program is licensed under the BSD-3 license. See the LICENSE file for details.
Components of this program may be licensed under more restrictive licenses which must be honored.
[INFO]: Reading ODB at '/openlane/designs/simpleuart/runs/RUN_2023.12.03_10.07.08/tmp/routing/./19-diodes_legalized.odb'…
define_corners Typical
read_liberty -corner Typical /home/vsduser/Desktop/work/tools/openlane_working_dir/pdks/sky130A/libs.ref/sky130_fd_sc_hd/lib/sky130_fd_sc_hd__tt_025C_1v80.lib
read_liberty -corner Typical /openlane/designs/simpleuart/src/sky130_fd_sc_hd__tt_025C_1v80.lib
[WARNING STA-0053] /openlane/designs/simpleuart/src/sky130_fd_sc_hd__tt_025C_1v80.lib line 1, library sky130_fd_sc_hd__tt_025C_1v80 already exists.
Using 1e-12 for capacitance...
Using 1e+03 for resistance...
Using 1e-09 for time...
Using 1e+00 for voltage...
Using 1e-03 for current...
Using 1e-09 for power...
Using 1e-06 for distance...
Reading design constraints file at '/openlane/designs/simpleuart/src/simpleuart_synthesis.sdc'…
[INFO]: Setting signal min routing layer to: met1 and clock min routing layer to met1. 
[INFO]: Setting signal max routing layer to: met5 and clock max routing layer to met5. 
-congestion_iterations 50 -verbose -congestion_report_file /openlane/designs/simpleuart/runs/RUN_2023.12.03_10.07.08/tmp/routing/groute-congestion.rpt
[INFO GRT-0020] Min routing layer: met1
[INFO GRT-0021] Max routing layer: met5
[INFO GRT-0022] Global adjustment: 30%
[INFO GRT-0023] Grid origin: (0, 0)
[INFO GRT-0043] No OR_DEFAULT vias defined.
[INFO GRT-0088] Layer li1     Track-Pitch = 0.4600  line-2-Via Pitch: 0.3400
[INFO GRT-0088] Layer met1    Track-Pitch = 0.3400  line-2-Via Pitch: 0.3400
[INFO GRT-0088] Layer met2    Track-Pitch = 0.4600  line-2-Via Pitch: 0.3500
[INFO GRT-0088] Layer met3    Track-Pitch = 0.6800  line-2-Via Pitch: 0.6150
[INFO GRT-0088] Layer met4    Track-Pitch = 0.9200  line-2-Via Pitch: 1.0400
[INFO GRT-0088] Layer met5    Track-Pitch = 3.4000  line-2-Via Pitch: 3.1100
[INFO GRT-0019] Found 18 clock nets.
[INFO GRT-0001] Minimum degree: 2
[INFO GRT-0002] Maximum degree: 67
[INFO GRT-0003] Macros: 0
[INFO GRT-0004] Blockages: 1834

[INFO GRT-0053] Routing resources analysis:
          Routing      Original      Derated      Resource
Layer     Direction    Resources     Resources    Reduction (%)
---------------------------------------------------------------
li1        Vertical            0             0          0.00%
met1       Horizontal      77491         38070          50.87%
met2       Vertical        58557         38366          34.48%
met3       Horizontal      38715         26562          31.39%
met4       Vertical        23574         14718          37.57%
met5       Horizontal       7743          3840          50.41%
---------------------------------------------------------------

[INFO GRT-0101] Running extra iterations to remove overflow.
[INFO GRT-0197] Via related to pin nodes: 4417
[INFO GRT-0198] Via related Steiner nodes: 116
[INFO GRT-0199] Via filling finished.
[INFO GRT-0111] Final number of vias: 5053
[INFO GRT-0112] Final usage 3D: 20378

[INFO GRT-0096] Final congestion report:
Layer         Resource        Demand        Usage (%)    Max H / Max V / Total Overflow
---------------------------------------------------------------------------------------
li1                  0             0            0.00%             0 /  0 /  0
met1             38070          2576            6.77%             0 /  0 /  0
met2             38366          2525            6.58%             0 /  0 /  0
met3             26562            48            0.18%             0 /  0 /  0
met4             14718            70            0.48%             0 /  0 /  0
met5              3840             0            0.00%             0 /  0 /  0
---------------------------------------------------------------------------------------
Total           121556          5219            4.29%             0 /  0 /  0

[INFO GRT-0018] Total wirelength: 55234 um
[INFO GRT-0014] Routed nets: 1113
[INFO GRT-0006] Repairing antennas, iteration 1.
[INFO GRT-0043] No OR_DEFAULT vias defined.
[INFO GRT-0012] Found 4 antenna violations.
[INFO GRT-0015] Inserted 4 diodes.
[INFO GRT-0009] rerouting 871 nets.
[INFO GRT-0001] Minimum degree: 2
[INFO GRT-0002] Maximum degree: 27
[INFO GRT-0006] Repairing antennas, iteration 2.
[INFO GRT-0043] No OR_DEFAULT vias defined.
[INFO GRT-0012] Found 0 antenna violations.
Placement Analysis
---------------------------------
total displacement          0.0 u
average displacement        0.0 u
max displacement            0.0 u
original HPWL           32478.7 u
legalized HPWL          32478.7 u
delta HPWL                    0 %

[INFO DPL-0020] Mirrored 594 instances
[INFO DPL-0021] HPWL before           32478.7 u
[INFO DPL-0022] HPWL after            31482.9 u
[INFO DPL-0023] HPWL delta               -3.1 %
[INFO]: Setting signal min routing layer to: met1 and clock min routing layer to met1. 
[INFO]: Setting signal max routing layer to: met5 and clock max routing layer to met5. 
-congestion_iterations 50 -verbose -congestion_report_file /openlane/designs/simpleuart/runs/RUN_2023.12.03_10.07.08/tmp/routing/groute-congestion.rpt
[INFO GRT-0020] Min routing layer: met1
[INFO GRT-0021] Max routing layer: met5
[INFO GRT-0022] Global adjustment: 30%
[INFO GRT-0023] Grid origin: (0, 0)
[INFO GRT-0043] No OR_DEFAULT vias defined.
[INFO GRT-0088] Layer li1     Track-Pitch = 0.4600  line-2-Via Pitch: 0.3400
[INFO GRT-0088] Layer met1    Track-Pitch = 0.3400  line-2-Via Pitch: 0.3400
[INFO GRT-0088] Layer met2    Track-Pitch = 0.4600  line-2-Via Pitch: 0.3500
[INFO GRT-0088] Layer met3    Track-Pitch = 0.6800  line-2-Via Pitch: 0.6150
[INFO GRT-0088] Layer met4    Track-Pitch = 0.9200  line-2-Via Pitch: 1.0400
[INFO GRT-0088] Layer met5    Track-Pitch = 3.4000  line-2-Via Pitch: 3.1100
[INFO GRT-0019] Found 18 clock nets.
[INFO GRT-0001] Minimum degree: 2
[INFO GRT-0002] Maximum degree: 67
[INFO GRT-0003] Macros: 0
[INFO GRT-0004] Blockages: 1834

[INFO GRT-0053] Routing resources analysis:
          Routing      Original      Derated      Resource
Layer     Direction    Resources     Resources    Reduction (%)
---------------------------------------------------------------
li1        Vertical            0             0          0.00%
met1       Horizontal      77491         38070          50.87%
met2       Vertical        58557         38366          34.48%
met3       Horizontal      38715         26562          31.39%
met4       Vertical        23574         14718          37.57%
met5       Horizontal       7743          3840          50.41%
---------------------------------------------------------------

[INFO GRT-0101] Running extra iterations to remove overflow.
[INFO GRT-0197] Via related to pin nodes: 4432
[INFO GRT-0198] Via related Steiner nodes: 117
[INFO GRT-0199] Via filling finished.
[INFO GRT-0111] Final number of vias: 5067
[INFO GRT-0112] Final usage 3D: 20420

[INFO GRT-0096] Final congestion report:
Layer         Resource        Demand        Usage (%)    Max H / Max V / Total Overflow
---------------------------------------------------------------------------------------
li1                  0             0            0.00%             0 /  0 /  0
met1             38070          2570            6.75%             0 /  0 /  0
met2             38366          2510            6.54%             0 /  0 /  0
met3             26562            49            0.18%             0 /  0 /  0
met4             14718            90            0.61%             0 /  0 /  0
met5              3840             0            0.00%             0 /  0 /  0
---------------------------------------------------------------------------------------
Total           121556          5219            4.29%             0 /  0 /  0

[INFO GRT-0018] Total wirelength: 55296 um
[INFO GRT-0014] Routed nets: 1113
Setting global connections for newly added cells…
Writing OpenROAD database to '/openlane/designs/simpleuart/runs/RUN_2023.12.03_10.07.08/tmp/routing/21-global.odb'…
Writing layout to '/openlane/designs/simpleuart/runs/RUN_2023.12.03_10.07.08/tmp/routing/21-global.def'…
Writing routing guides to '/openlane/designs/simpleuart/runs/RUN_2023.12.03_10.07.08/tmp/routing/21-global.guide'…
