#! /usr/bin/vvp
:ivl_version "11.0 (stable)";
:ivl_delay_selection "TYPICAL";
:vpi_time_precision - 12;
:vpi_module "/usr/lib/x86_64-linux-gnu/ivl/system.vpi";
:vpi_module "/usr/lib/x86_64-linux-gnu/ivl/vhdl_sys.vpi";
:vpi_module "/usr/lib/x86_64-linux-gnu/ivl/vhdl_textio.vpi";
:vpi_module "/usr/lib/x86_64-linux-gnu/ivl/v2005_math.vpi";
:vpi_module "/usr/lib/x86_64-linux-gnu/ivl/va_math.vpi";
S_0x55d5b119d970 .scope module, "alphacore_tb" "alphacore_tb" 2 3;
 .timescale -9 -12;
v0x55d5b1258900_0 .var "clkread", 0 0;
v0x55d5b12589e0_0 .var/i "count", 31 0;
v0x55d5b1258ac0_0 .var "fastclk", 0 0;
v0x55d5b1258b60_0 .net "reg_read_data_1", 31 0, L_0x55d5b126a0b0;  1 drivers
v0x55d5b1258c00_0 .var "reset", 0 0;
v0x55d5b1258cf0_0 .var "switch_run", 0 0;
v0x55d5b1258d90_0 .var "switch_select", 4 0;
E_0x55d5b1184e80 .event posedge, v0x55d5b1258900_0;
S_0x55d5b11a11d0 .scope module, "uut" "alphacore" 2 18, 3 14 0, S_0x55d5b119d970;
 .timescale 0 0;
    .port_info 0 /INPUT 1 "fastclk";
    .port_info 1 /INPUT 1 "reset";
    .port_info 2 /INPUT 5 "switch_select";
    .port_info 3 /INPUT 1 "switch_run";
    .port_info 4 /OUTPUT 32 "reg_read_data_1";
L_0x55d5b1269500 .functor BUFZ 1, v0x55d5b1256bc0_0, C4<0>, C4<0>, C4<0>;
L_0x55d5b1292460 .functor AND 1, v0x55d5b1253690_0, L_0x55d5b126dab0, C4<1>, C4<1>;
L_0x55d5b12936e0 .functor BUFZ 1, v0x55d5b1256ed0_0, C4<0>, C4<0>, C4<0>;
L_0x55d5b12938c0 .functor BUFZ 1, v0x55d5b1257b20_0, C4<0>, C4<0>, C4<0>;
v0x55d5b1255ef0_0 .net *"_ivl_11", 3 0, L_0x55d5b12692e0;  1 drivers
L_0x7fc957936060 .functor BUFT 1, C4<0>, C4<0>, C4<0>, C4<0>;
v0x55d5b1255fd0_0 .net *"_ivl_21", 0 0, L_0x7fc957936060;  1 drivers
L_0x7fc957936018 .functor BUFT 1, C4<00000000000000000000000000>, C4<0>, C4<0>, C4<0>;
v0x55d5b12560b0_0 .net/2u *"_ivl_4", 25 0, L_0x7fc957936018;  1 drivers
v0x55d5b1256170_0 .net *"_ivl_6", 33 0, L_0x55d5b1269020;  1 drivers
o0x7fc9579848c8 .functor BUFZ 1, C4<z>; HiZ drive
v0x55d5b1256250_0 .net "aluSrc", 0 0, o0x7fc9579848c8;  0 drivers
v0x55d5b1256340_0 .net "alu_control_out", 3 0, L_0x55d5b128eea0;  1 drivers
v0x55d5b1256430_0 .net "alu_in_b", 31 0, L_0x55d5b1293000;  1 drivers
v0x55d5b1256540_0 .net "alu_out", 31 0, v0x55d5b12532f0_0;  1 drivers
v0x55d5b1256650_0 .net "aluop", 1 0, L_0x55d5b12848e0;  1 drivers
v0x55d5b1256710_0 .net "alusrc", 0 0, L_0x55d5b12781b0;  1 drivers
v0x55d5b12567b0_0 .net "branch", 0 0, L_0x55d5b126dab0;  1 drivers
v0x55d5b1256850_0 .net "branch_decided", 0 0, L_0x55d5b1292460;  1 drivers
v0x55d5b12568f0_0 .net "branch_out", 31 0, L_0x55d5b1293520;  1 drivers
v0x55d5b12569e0_0 .net "branch_result", 31 0, L_0x55d5b1293220;  1 drivers
v0x55d5b1256ad0_0 .net "clk", 0 0, v0x55d5b1256bc0_0;  1 drivers
v0x55d5b1256bc0_0 .var "clk_reg", 0 0;
o0x7fc9579856a8 .functor BUFZ 1, C4<z>; HiZ drive
v0x55d5b1256c60_0 .net "clknormal", 0 0, o0x7fc9579856a8;  0 drivers
v0x55d5b1256e30_0 .net "clkrf", 0 0, L_0x55d5b12936e0;  1 drivers
v0x55d5b1256ed0_0 .var "clkrf_reg", 0 0;
v0x55d5b1256f70_0 .net "d_mem_addr", 7 0, L_0x55d5b1258e30;  1 drivers
v0x55d5b1257030_0 .net "d_mem_read_data", 31 0, L_0x55d5b126a7e0;  1 drivers
v0x55d5b1257120_0 .net "extended_immidiate", 31 0, L_0x55d5b1292540;  1 drivers
v0x55d5b12571e0_0 .net "fastclk", 0 0, v0x55d5b1258ac0_0;  1 drivers
v0x55d5b12572a0_0 .net "instruction", 31 0, L_0x55d5b1269c30;  1 drivers
v0x55d5b1257360_0 .net "jump", 0 0, L_0x55d5b126c6d0;  1 drivers
v0x55d5b1257450_0 .net "jump_addr", 31 0, L_0x55d5b1269380;  1 drivers
v0x55d5b12574f0_0 .net "jump_base28", 27 0, L_0x55d5b1292ae0;  1 drivers
v0x55d5b1257590_0 .net "led_indicator", 0 0, L_0x55d5b1269500;  1 drivers
v0x55d5b1257630_0 .net "mem_read", 0 0, L_0x55d5b126eb80;  1 drivers
v0x55d5b1257720_0 .net "mem_to_reg", 0 0, L_0x55d5b126fef0;  1 drivers
v0x55d5b1257810_0 .net "mem_write", 0 0, L_0x55d5b12709a0;  1 drivers
v0x55d5b1257900_0 .net "multi_purpose_read_addr", 4 0, v0x55d5b12579c0_0;  1 drivers
v0x55d5b12579c0_0 .var "multi_purpose_read_addr_reg", 4 0;
v0x55d5b1257a80_0 .net "multi_purpose_reg_write", 0 0, L_0x55d5b12938c0;  1 drivers
v0x55d5b1257b20_0 .var "multi_purpose_reg_write_reg", 0 0;
v0x55d5b1257bc0_0 .net "pc_in", 7 0, L_0x55d5b1258f20;  1 drivers
v0x55d5b1257ca0_0 .net "pc_origin_al", 31 0, L_0x55d5b12932c0;  1 drivers
v0x55d5b1257d60_0 .net "pc_out", 7 0, L_0x55d5b1269660;  1 drivers
v0x55d5b1257e20_0 .net "pc_out_unsign_extended", 31 0, L_0x55d5b1269170;  1 drivers
v0x55d5b1257ee0_0 .net "pc_plus4", 31 0, L_0x55d5b1293480;  1 drivers
v0x55d5b1257f80_0 .net "reg_dest", 0 0, L_0x55d5b126b720;  1 drivers
v0x55d5b1258070_0 .net "reg_read_data_1", 31 0, L_0x55d5b126a0b0;  alias, 1 drivers
v0x55d5b1258180_0 .net "reg_read_data_2", 31 0, L_0x55d5b126a3c0;  1 drivers
v0x55d5b1258240_0 .net "reg_write", 0 0, L_0x55d5b12821c0;  1 drivers
v0x55d5b12582e0_0 .net "reg_write_addr", 4 0, L_0x55d5b1292d40;  1 drivers
v0x55d5b12583d0_0 .net "reg_write_data", 31 0, L_0x55d5b12930f0;  1 drivers
v0x55d5b12584e0_0 .net "reset", 0 0, v0x55d5b1258c00_0;  1 drivers
v0x55d5b1258580_0 .net "shifted_immidiate", 31 0, L_0x55d5b12929a0;  1 drivers
v0x55d5b1258640_0 .net "switch_run", 0 0, v0x55d5b1258cf0_0;  1 drivers
v0x55d5b1258700_0 .net "switch_select", 4 0, v0x55d5b1258d90_0;  1 drivers
v0x55d5b12587e0_0 .net "zero", 0 0, v0x55d5b1253690_0;  1 drivers
E_0x55d5b11868c0 .event edge, v0x55d5b1258640_0;
L_0x55d5b1258e30 .part v0x55d5b12532f0_0, 0, 8;
L_0x55d5b1258f20 .part L_0x55d5b12932c0, 0, 8;
L_0x55d5b1269020 .concat [ 8 26 0 0], L_0x55d5b1269660, L_0x7fc957936018;
L_0x55d5b1269170 .part L_0x55d5b1269020, 0, 32;
L_0x55d5b12692e0 .part L_0x55d5b1293480, 28, 4;
L_0x55d5b1269380 .concat [ 28 4 0 0], L_0x55d5b1292ae0, L_0x55d5b12692e0;
L_0x55d5b1269570 .part L_0x55d5b1258f20, 0, 7;
L_0x55d5b1269660 .concat [ 7 1 0 0], v0x55d5b1250870_0, L_0x7fc957936060;
L_0x55d5b1269d40 .part L_0x55d5b1269660, 0, 7;
L_0x55d5b126a4c0 .part L_0x55d5b1269c30, 16, 5;
L_0x55d5b1287ab0 .part L_0x55d5b1269c30, 26, 6;
L_0x55d5b12923c0 .part L_0x55d5b1269c30, 0, 6;
L_0x55d5b1292860 .part L_0x55d5b1269c30, 0, 16;
L_0x55d5b1292bd0 .part L_0x55d5b1269c30, 0, 26;
L_0x55d5b1292de0 .part L_0x55d5b1269c30, 16, 5;
L_0x55d5b1292e80 .part L_0x55d5b1269c30, 11, 5;
S_0x55d5b11a8b40 .scope module, "alucontrol1" "alucontrol" 3 76, 4 4 0, S_0x55d5b11a11d0;
 .timescale 0 0;
    .port_info 0 /INPUT 2 "aluop";
    .port_info 1 /INPUT 6 "funct";
    .port_info 2 /OUTPUT 4 "out_to_alu";
L_0x55d5b1288240 .functor NOT 1, L_0x55d5b1287b50, C4<0>, C4<0>, C4<0>;
L_0x55d5b1288350 .functor AND 1, L_0x55d5b1288240, L_0x55d5b12882b0, C4<1>, C4<1>;
L_0x55d5b1288550 .functor NOT 1, L_0x55d5b12884b0, C4<0>, C4<0>, C4<0>;
L_0x55d5b1288610 .functor AND 1, L_0x55d5b1288410, L_0x55d5b1288550, C4<1>, C4<1>;
L_0x55d5b12887c0 .functor NOT 1, L_0x55d5b1288720, C4<0>, C4<0>, C4<0>;
L_0x55d5b1288880 .functor AND 1, L_0x55d5b1288610, L_0x55d5b12887c0, C4<1>, C4<1>;
L_0x55d5b1288ac0 .functor NOT 1, L_0x55d5b1288990, C4<0>, C4<0>, C4<0>;
L_0x55d5b1288b80 .functor AND 1, L_0x55d5b1288880, L_0x55d5b1288ac0, C4<1>, C4<1>;
L_0x55d5b1288d80 .functor AND 1, L_0x55d5b1288b80, L_0x55d5b1288ce0, C4<1>, C4<1>;
L_0x55d5b1289010 .functor NOT 1, L_0x55d5b1288e90, C4<0>, C4<0>, C4<0>;
L_0x55d5b12890e0 .functor AND 1, L_0x55d5b1288d80, L_0x55d5b1289010, C4<1>, C4<1>;
L_0x55d5b12891a0 .functor OR 1, L_0x55d5b1288350, L_0x55d5b12890e0, C4<0>, C4<0>;
L_0x55d5b12894c0 .functor NOT 1, L_0x55d5b12893c0, C4<0>, C4<0>, C4<0>;
L_0x55d5b1289530 .functor AND 1, L_0x55d5b1289320, L_0x55d5b12894c0, C4<1>, C4<1>;
L_0x55d5b12892b0 .functor AND 1, L_0x55d5b1289530, L_0x55d5b12896c0, C4<1>, C4<1>;
L_0x55d5b1289910 .functor NOT 1, L_0x55d5b1289800, C4<0>, C4<0>, C4<0>;
L_0x55d5b1289a60 .functor AND 1, L_0x55d5b12892b0, L_0x55d5b1289910, C4<1>, C4<1>;
L_0x55d5b1289c10 .functor AND 1, L_0x55d5b1289a60, L_0x55d5b1289b70, C4<1>, C4<1>;
L_0x55d5b12898a0 .functor NOT 1, L_0x55d5b1289dc0, C4<0>, C4<0>, C4<0>;
L_0x55d5b1289f30 .functor AND 1, L_0x55d5b1289c10, L_0x55d5b12898a0, C4<1>, C4<1>;
L_0x55d5b128a0f0 .functor OR 1, L_0x55d5b12891a0, L_0x55d5b1289f30, C4<0>, C4<0>;
L_0x55d5b128a200 .functor NOT 1, L_0x55d5b1289d20, C4<0>, C4<0>, C4<0>;
L_0x55d5b128a4b0 .functor NOT 1, L_0x55d5b128a380, C4<0>, C4<0>, C4<0>;
L_0x55d5b128a570 .functor AND 1, L_0x55d5b128a200, L_0x55d5b128a4b0, C4<1>, C4<1>;
L_0x55d5b128a7f0 .functor NOT 1, L_0x55d5b128a750, C4<0>, C4<0>, C4<0>;
L_0x55d5b128a9f0 .functor AND 1, L_0x55d5b128a7f0, L_0x55d5b128a8b0, C4<1>, C4<1>;
L_0x55d5b128abe0 .functor OR 1, L_0x55d5b128a570, L_0x55d5b128a9f0, C4<0>, C4<0>;
L_0x55d5b128aee0 .functor NOT 1, L_0x55d5b128ad90, C4<0>, C4<0>, C4<0>;
L_0x55d5b128b090 .functor AND 1, L_0x55d5b128acf0, L_0x55d5b128aee0, C4<1>, C4<1>;
L_0x55d5b128b1a0 .functor NOT 1, L_0x55d5b128a950, C4<0>, C4<0>, C4<0>;
L_0x55d5b128b360 .functor AND 1, L_0x55d5b128b090, L_0x55d5b128b1a0, C4<1>, C4<1>;
L_0x55d5b128b5d0 .functor NOT 1, L_0x55d5b128b470, C4<0>, C4<0>, C4<0>;
L_0x55d5b128b7a0 .functor AND 1, L_0x55d5b128b360, L_0x55d5b128b5d0, C4<1>, C4<1>;
L_0x55d5b128b950 .functor NOT 1, L_0x55d5b128b8b0, C4<0>, C4<0>, C4<0>;
L_0x55d5b128bb30 .functor AND 1, L_0x55d5b128b7a0, L_0x55d5b128b950, C4<1>, C4<1>;
L_0x55d5b128bdb0 .functor NOT 1, L_0x55d5b128bc40, C4<0>, C4<0>, C4<0>;
L_0x55d5b128ba10 .functor AND 1, L_0x55d5b128bb30, L_0x55d5b128bdb0, C4<1>, C4<1>;
L_0x55d5b128bfa0 .functor OR 1, L_0x55d5b128abe0, L_0x55d5b128ba10, C4<0>, C4<0>;
L_0x55d5b128c410 .functor NOT 1, L_0x55d5b128c290, C4<0>, C4<0>, C4<0>;
L_0x55d5b128c4d0 .functor AND 1, L_0x55d5b128c1f0, L_0x55d5b128c410, C4<1>, C4<1>;
L_0x55d5b128c7d0 .functor NOT 1, L_0x55d5b128c730, C4<0>, C4<0>, C4<0>;
L_0x55d5b128c890 .functor AND 1, L_0x55d5b128c4d0, L_0x55d5b128c7d0, C4<1>, C4<1>;
L_0x55d5b128cc90 .functor NOT 1, L_0x55d5b128cb00, C4<0>, C4<0>, C4<0>;
L_0x55d5b128cd50 .functor AND 1, L_0x55d5b128c890, L_0x55d5b128cc90, C4<1>, C4<1>;
L_0x55d5b128d070 .functor AND 1, L_0x55d5b128cd50, L_0x55d5b128cfd0, C4<1>, C4<1>;
L_0x55d5b128d320 .functor NOT 1, L_0x55d5b128d180, C4<0>, C4<0>, C4<0>;
L_0x55d5b128d560 .functor AND 1, L_0x55d5b128d070, L_0x55d5b128d320, C4<1>, C4<1>;
L_0x55d5b128d670 .functor OR 1, L_0x55d5b128bfa0, L_0x55d5b128d560, C4<0>, C4<0>;
L_0x55d5b128db60 .functor NOT 1, L_0x55d5b128d9b0, C4<0>, C4<0>, C4<0>;
L_0x55d5b128dc20 .functor AND 1, L_0x55d5b128d910, L_0x55d5b128db60, C4<1>, C4<1>;
L_0x55d5b128df70 .functor AND 1, L_0x55d5b128dc20, L_0x55d5b128ded0, C4<1>, C4<1>;
L_0x55d5b128e240 .functor NOT 1, L_0x55d5b128e080, C4<0>, C4<0>, C4<0>;
L_0x55d5b128e4b0 .functor AND 1, L_0x55d5b128df70, L_0x55d5b128e240, C4<1>, C4<1>;
L_0x55d5b128e660 .functor AND 1, L_0x55d5b128e4b0, L_0x55d5b128e5c0, C4<1>, C4<1>;
L_0x55d5b128e120 .functor NOT 1, L_0x55d5b128e930, C4<0>, C4<0>, C4<0>;
L_0x55d5b128eb00 .functor AND 1, L_0x55d5b128e660, L_0x55d5b128e120, C4<1>, C4<1>;
L_0x55d5b128ed90 .functor OR 1, L_0x55d5b128d670, L_0x55d5b128eb00, C4<0>, C4<0>;
L_0x55d5b128f2b0 .functor NOT 1, L_0x55d5b128f210, C4<0>, C4<0>, C4<0>;
L_0x55d5b128f550 .functor AND 1, L_0x55d5b128f030, L_0x55d5b128f2b0, C4<1>, C4<1>;
L_0x55d5b128f850 .functor NOT 1, L_0x55d5b128f660, C4<0>, C4<0>, C4<0>;
L_0x55d5b128fb00 .functor AND 1, L_0x55d5b128f550, L_0x55d5b128f850, C4<1>, C4<1>;
L_0x55d5b128fcb0 .functor AND 1, L_0x55d5b128fb00, L_0x55d5b128fc10, C4<1>, C4<1>;
L_0x55d5b12901c0 .functor NOT 1, L_0x55d5b128ffc0, C4<0>, C4<0>, C4<0>;
L_0x55d5b1290280 .functor AND 1, L_0x55d5b128fcb0, L_0x55d5b12901c0, C4<1>, C4<1>;
L_0x55d5b1290640 .functor AND 1, L_0x55d5b1290280, L_0x55d5b12905a0, C4<1>, C4<1>;
L_0x55d5b1290a00 .functor NOT 1, L_0x55d5b1290960, C4<0>, C4<0>, C4<0>;
L_0x55d5b1290ce0 .functor AND 1, L_0x55d5b1290750, L_0x55d5b1290a00, C4<1>, C4<1>;
L_0x55d5b1291010 .functor AND 1, L_0x55d5b1290ce0, L_0x55d5b1290df0, C4<1>, C4<1>;
L_0x55d5b12913f0 .functor NOT 1, L_0x55d5b1291350, C4<0>, C4<0>, C4<0>;
L_0x55d5b12914b0 .functor AND 1, L_0x55d5b1291010, L_0x55d5b12913f0, C4<1>, C4<1>;
L_0x55d5b1291a30 .functor AND 1, L_0x55d5b12914b0, L_0x55d5b1291800, C4<1>, C4<1>;
L_0x55d5b1291be0 .functor NOT 1, L_0x55d5b1291b40, C4<0>, C4<0>, C4<0>;
L_0x55d5b1291ef0 .functor AND 1, L_0x55d5b1291a30, L_0x55d5b1291be0, C4<1>, C4<1>;
L_0x55d5b1292000 .functor OR 1, L_0x55d5b1290640, L_0x55d5b1291ef0, C4<0>, C4<0>;
v0x55d5b1175b20_0 .net *"_ivl_101", 0 0, L_0x55d5b128ad90;  1 drivers
v0x55d5b119ecc0_0 .net *"_ivl_102", 0 0, L_0x55d5b128aee0;  1 drivers
v0x55d5b119ed90_0 .net *"_ivl_104", 0 0, L_0x55d5b128b090;  1 drivers
v0x55d5b1236740_0 .net *"_ivl_107", 0 0, L_0x55d5b128a950;  1 drivers
v0x55d5b1236820_0 .net *"_ivl_108", 0 0, L_0x55d5b128b1a0;  1 drivers
v0x55d5b1236950_0 .net *"_ivl_11", 0 0, L_0x55d5b12882b0;  1 drivers
v0x55d5b1236a30_0 .net *"_ivl_110", 0 0, L_0x55d5b128b360;  1 drivers
v0x55d5b1236b10_0 .net *"_ivl_113", 0 0, L_0x55d5b128b470;  1 drivers
v0x55d5b1236bf0_0 .net *"_ivl_114", 0 0, L_0x55d5b128b5d0;  1 drivers
v0x55d5b1236cd0_0 .net *"_ivl_116", 0 0, L_0x55d5b128b7a0;  1 drivers
v0x55d5b1236db0_0 .net *"_ivl_119", 0 0, L_0x55d5b128b8b0;  1 drivers
v0x55d5b1236e90_0 .net *"_ivl_12", 0 0, L_0x55d5b1288350;  1 drivers
v0x55d5b1236f70_0 .net *"_ivl_120", 0 0, L_0x55d5b128b950;  1 drivers
v0x55d5b1237050_0 .net *"_ivl_122", 0 0, L_0x55d5b128bb30;  1 drivers
v0x55d5b1237130_0 .net *"_ivl_125", 0 0, L_0x55d5b128bc40;  1 drivers
v0x55d5b1237210_0 .net *"_ivl_126", 0 0, L_0x55d5b128bdb0;  1 drivers
v0x55d5b12372f0_0 .net *"_ivl_128", 0 0, L_0x55d5b128ba10;  1 drivers
v0x55d5b12373d0_0 .net *"_ivl_130", 0 0, L_0x55d5b128bfa0;  1 drivers
v0x55d5b12374b0_0 .net *"_ivl_133", 0 0, L_0x55d5b128c1f0;  1 drivers
v0x55d5b1237590_0 .net *"_ivl_135", 0 0, L_0x55d5b128c290;  1 drivers
v0x55d5b1237670_0 .net *"_ivl_136", 0 0, L_0x55d5b128c410;  1 drivers
v0x55d5b1237750_0 .net *"_ivl_138", 0 0, L_0x55d5b128c4d0;  1 drivers
v0x55d5b1237830_0 .net *"_ivl_141", 0 0, L_0x55d5b128c730;  1 drivers
v0x55d5b1237910_0 .net *"_ivl_142", 0 0, L_0x55d5b128c7d0;  1 drivers
v0x55d5b12379f0_0 .net *"_ivl_144", 0 0, L_0x55d5b128c890;  1 drivers
v0x55d5b1237ad0_0 .net *"_ivl_147", 0 0, L_0x55d5b128cb00;  1 drivers
v0x55d5b1237bb0_0 .net *"_ivl_148", 0 0, L_0x55d5b128cc90;  1 drivers
v0x55d5b1237c90_0 .net *"_ivl_15", 0 0, L_0x55d5b1288410;  1 drivers
v0x55d5b1237d70_0 .net *"_ivl_150", 0 0, L_0x55d5b128cd50;  1 drivers
v0x55d5b1237e50_0 .net *"_ivl_153", 0 0, L_0x55d5b128cfd0;  1 drivers
v0x55d5b1237f30_0 .net *"_ivl_154", 0 0, L_0x55d5b128d070;  1 drivers
v0x55d5b1238010_0 .net *"_ivl_157", 0 0, L_0x55d5b128d180;  1 drivers
v0x55d5b12380f0_0 .net *"_ivl_158", 0 0, L_0x55d5b128d320;  1 drivers
v0x55d5b12381d0_0 .net *"_ivl_160", 0 0, L_0x55d5b128d560;  1 drivers
v0x55d5b12382b0_0 .net *"_ivl_162", 0 0, L_0x55d5b128d670;  1 drivers
v0x55d5b1238390_0 .net *"_ivl_165", 0 0, L_0x55d5b128d910;  1 drivers
v0x55d5b1238470_0 .net *"_ivl_167", 0 0, L_0x55d5b128d9b0;  1 drivers
v0x55d5b1238550_0 .net *"_ivl_168", 0 0, L_0x55d5b128db60;  1 drivers
v0x55d5b1238630_0 .net *"_ivl_17", 0 0, L_0x55d5b12884b0;  1 drivers
v0x55d5b1238710_0 .net *"_ivl_170", 0 0, L_0x55d5b128dc20;  1 drivers
v0x55d5b12387f0_0 .net *"_ivl_173", 0 0, L_0x55d5b128ded0;  1 drivers
v0x55d5b12388d0_0 .net *"_ivl_174", 0 0, L_0x55d5b128df70;  1 drivers
v0x55d5b12389b0_0 .net *"_ivl_177", 0 0, L_0x55d5b128e080;  1 drivers
v0x55d5b1238a90_0 .net *"_ivl_178", 0 0, L_0x55d5b128e240;  1 drivers
v0x55d5b1238b70_0 .net *"_ivl_18", 0 0, L_0x55d5b1288550;  1 drivers
v0x55d5b1238c50_0 .net *"_ivl_180", 0 0, L_0x55d5b128e4b0;  1 drivers
v0x55d5b1238d30_0 .net *"_ivl_183", 0 0, L_0x55d5b128e5c0;  1 drivers
v0x55d5b1238e10_0 .net *"_ivl_184", 0 0, L_0x55d5b128e660;  1 drivers
v0x55d5b1238ef0_0 .net *"_ivl_187", 0 0, L_0x55d5b128e930;  1 drivers
v0x55d5b1238fd0_0 .net *"_ivl_188", 0 0, L_0x55d5b128e120;  1 drivers
v0x55d5b12390b0_0 .net *"_ivl_190", 0 0, L_0x55d5b128eb00;  1 drivers
v0x55d5b1239190_0 .net *"_ivl_192", 0 0, L_0x55d5b128ed90;  1 drivers
v0x55d5b1239270_0 .net *"_ivl_198", 0 0, L_0x55d5b128f030;  1 drivers
L_0x7fc957936210 .functor BUFT 1, C4<0>, C4<0>, C4<0>, C4<0>;
v0x55d5b1239350_0 .net/2s *"_ivl_2", 0 0, L_0x7fc957936210;  1 drivers
v0x55d5b1239430_0 .net *"_ivl_20", 0 0, L_0x55d5b1288610;  1 drivers
v0x55d5b1239510_0 .net *"_ivl_200", 0 0, L_0x55d5b128f210;  1 drivers
v0x55d5b12395f0_0 .net *"_ivl_201", 0 0, L_0x55d5b128f2b0;  1 drivers
v0x55d5b12396d0_0 .net *"_ivl_203", 0 0, L_0x55d5b128f550;  1 drivers
v0x55d5b12397b0_0 .net *"_ivl_206", 0 0, L_0x55d5b128f660;  1 drivers
v0x55d5b1239890_0 .net *"_ivl_207", 0 0, L_0x55d5b128f850;  1 drivers
v0x55d5b1239970_0 .net *"_ivl_209", 0 0, L_0x55d5b128fb00;  1 drivers
v0x55d5b1239a50_0 .net *"_ivl_212", 0 0, L_0x55d5b128fc10;  1 drivers
v0x55d5b1239b30_0 .net *"_ivl_213", 0 0, L_0x55d5b128fcb0;  1 drivers
v0x55d5b1239c10_0 .net *"_ivl_216", 0 0, L_0x55d5b128ffc0;  1 drivers
v0x55d5b1239cf0_0 .net *"_ivl_217", 0 0, L_0x55d5b12901c0;  1 drivers
v0x55d5b123a1e0_0 .net *"_ivl_219", 0 0, L_0x55d5b1290280;  1 drivers
v0x55d5b123a2c0_0 .net *"_ivl_222", 0 0, L_0x55d5b12905a0;  1 drivers
v0x55d5b123a3a0_0 .net *"_ivl_223", 0 0, L_0x55d5b1290640;  1 drivers
v0x55d5b123a480_0 .net *"_ivl_226", 0 0, L_0x55d5b1290750;  1 drivers
v0x55d5b123a560_0 .net *"_ivl_228", 0 0, L_0x55d5b1290960;  1 drivers
v0x55d5b123a640_0 .net *"_ivl_229", 0 0, L_0x55d5b1290a00;  1 drivers
v0x55d5b123a720_0 .net *"_ivl_23", 0 0, L_0x55d5b1288720;  1 drivers
v0x55d5b123a800_0 .net *"_ivl_231", 0 0, L_0x55d5b1290ce0;  1 drivers
v0x55d5b123a8e0_0 .net *"_ivl_234", 0 0, L_0x55d5b1290df0;  1 drivers
v0x55d5b123a9c0_0 .net *"_ivl_235", 0 0, L_0x55d5b1291010;  1 drivers
v0x55d5b123aaa0_0 .net *"_ivl_238", 0 0, L_0x55d5b1291350;  1 drivers
v0x55d5b123ab80_0 .net *"_ivl_239", 0 0, L_0x55d5b12913f0;  1 drivers
v0x55d5b123ac60_0 .net *"_ivl_24", 0 0, L_0x55d5b12887c0;  1 drivers
v0x55d5b123ad40_0 .net *"_ivl_241", 0 0, L_0x55d5b12914b0;  1 drivers
v0x55d5b123ae20_0 .net *"_ivl_244", 0 0, L_0x55d5b1291800;  1 drivers
v0x55d5b123af00_0 .net *"_ivl_245", 0 0, L_0x55d5b1291a30;  1 drivers
v0x55d5b123afe0_0 .net *"_ivl_248", 0 0, L_0x55d5b1291b40;  1 drivers
v0x55d5b123b0c0_0 .net *"_ivl_249", 0 0, L_0x55d5b1291be0;  1 drivers
v0x55d5b123b1a0_0 .net *"_ivl_251", 0 0, L_0x55d5b1291ef0;  1 drivers
v0x55d5b123b280_0 .net *"_ivl_253", 0 0, L_0x55d5b1292000;  1 drivers
v0x55d5b123b360_0 .net *"_ivl_26", 0 0, L_0x55d5b1288880;  1 drivers
v0x55d5b123b440_0 .net *"_ivl_29", 0 0, L_0x55d5b1288990;  1 drivers
v0x55d5b123b520_0 .net *"_ivl_30", 0 0, L_0x55d5b1288ac0;  1 drivers
v0x55d5b123b600_0 .net *"_ivl_32", 0 0, L_0x55d5b1288b80;  1 drivers
v0x55d5b123b6e0_0 .net *"_ivl_35", 0 0, L_0x55d5b1288ce0;  1 drivers
v0x55d5b123b7c0_0 .net *"_ivl_36", 0 0, L_0x55d5b1288d80;  1 drivers
v0x55d5b123b8a0_0 .net *"_ivl_39", 0 0, L_0x55d5b1288e90;  1 drivers
v0x55d5b123b980_0 .net *"_ivl_40", 0 0, L_0x55d5b1289010;  1 drivers
v0x55d5b123ba60_0 .net *"_ivl_42", 0 0, L_0x55d5b12890e0;  1 drivers
v0x55d5b123bb40_0 .net *"_ivl_44", 0 0, L_0x55d5b12891a0;  1 drivers
v0x55d5b123bc20_0 .net *"_ivl_47", 0 0, L_0x55d5b1289320;  1 drivers
v0x55d5b123bd00_0 .net *"_ivl_49", 0 0, L_0x55d5b12893c0;  1 drivers
v0x55d5b123bde0_0 .net *"_ivl_50", 0 0, L_0x55d5b12894c0;  1 drivers
v0x55d5b123bec0_0 .net *"_ivl_52", 0 0, L_0x55d5b1289530;  1 drivers
v0x55d5b123bfa0_0 .net *"_ivl_55", 0 0, L_0x55d5b12896c0;  1 drivers
v0x55d5b123c080_0 .net *"_ivl_56", 0 0, L_0x55d5b12892b0;  1 drivers
v0x55d5b123c160_0 .net *"_ivl_59", 0 0, L_0x55d5b1289800;  1 drivers
v0x55d5b123c240_0 .net *"_ivl_60", 0 0, L_0x55d5b1289910;  1 drivers
v0x55d5b123c320_0 .net *"_ivl_62", 0 0, L_0x55d5b1289a60;  1 drivers
v0x55d5b123c400_0 .net *"_ivl_65", 0 0, L_0x55d5b1289b70;  1 drivers
v0x55d5b123c4e0_0 .net *"_ivl_66", 0 0, L_0x55d5b1289c10;  1 drivers
v0x55d5b123c5c0_0 .net *"_ivl_69", 0 0, L_0x55d5b1289dc0;  1 drivers
v0x55d5b123c6a0_0 .net *"_ivl_7", 0 0, L_0x55d5b1287b50;  1 drivers
v0x55d5b123c780_0 .net *"_ivl_70", 0 0, L_0x55d5b12898a0;  1 drivers
v0x55d5b123c860_0 .net *"_ivl_72", 0 0, L_0x55d5b1289f30;  1 drivers
v0x55d5b123c940_0 .net *"_ivl_74", 0 0, L_0x55d5b128a0f0;  1 drivers
v0x55d5b123ca20_0 .net *"_ivl_79", 0 0, L_0x55d5b1289d20;  1 drivers
v0x55d5b123cb00_0 .net *"_ivl_8", 0 0, L_0x55d5b1288240;  1 drivers
v0x55d5b123cbe0_0 .net *"_ivl_80", 0 0, L_0x55d5b128a200;  1 drivers
v0x55d5b123ccc0_0 .net *"_ivl_83", 0 0, L_0x55d5b128a380;  1 drivers
v0x55d5b123cda0_0 .net *"_ivl_84", 0 0, L_0x55d5b128a4b0;  1 drivers
v0x55d5b123ce80_0 .net *"_ivl_86", 0 0, L_0x55d5b128a570;  1 drivers
v0x55d5b123cf60_0 .net *"_ivl_89", 0 0, L_0x55d5b128a750;  1 drivers
v0x55d5b123d040_0 .net *"_ivl_90", 0 0, L_0x55d5b128a7f0;  1 drivers
v0x55d5b123d120_0 .net *"_ivl_93", 0 0, L_0x55d5b128a8b0;  1 drivers
v0x55d5b123d200_0 .net *"_ivl_94", 0 0, L_0x55d5b128a9f0;  1 drivers
v0x55d5b123d2e0_0 .net *"_ivl_96", 0 0, L_0x55d5b128abe0;  1 drivers
v0x55d5b123d3c0_0 .net *"_ivl_99", 0 0, L_0x55d5b128acf0;  1 drivers
v0x55d5b123d4a0_0 .net "aluop", 1 0, L_0x55d5b12848e0;  alias, 1 drivers
v0x55d5b123d580_0 .net "funct", 5 0, L_0x55d5b12923c0;  1 drivers
v0x55d5b123d660_0 .net "out_to_alu", 3 0, L_0x55d5b128eea0;  alias, 1 drivers
L_0x55d5b1287b50 .part L_0x55d5b12848e0, 1, 1;
L_0x55d5b12882b0 .part L_0x55d5b12848e0, 0, 1;
L_0x55d5b1288410 .part L_0x55d5b12848e0, 1, 1;
L_0x55d5b12884b0 .part L_0x55d5b12848e0, 0, 1;
L_0x55d5b1288720 .part L_0x55d5b12923c0, 3, 1;
L_0x55d5b1288990 .part L_0x55d5b12923c0, 2, 1;
L_0x55d5b1288ce0 .part L_0x55d5b12923c0, 1, 1;
L_0x55d5b1288e90 .part L_0x55d5b12923c0, 0, 1;
L_0x55d5b1289320 .part L_0x55d5b12848e0, 1, 1;
L_0x55d5b12893c0 .part L_0x55d5b12848e0, 0, 1;
L_0x55d5b12896c0 .part L_0x55d5b12923c0, 3, 1;
L_0x55d5b1289800 .part L_0x55d5b12923c0, 2, 1;
L_0x55d5b1289b70 .part L_0x55d5b12923c0, 1, 1;
L_0x55d5b1289dc0 .part L_0x55d5b12923c0, 0, 1;
L_0x55d5b1289d20 .part L_0x55d5b12848e0, 1, 1;
L_0x55d5b128a380 .part L_0x55d5b12848e0, 0, 1;
L_0x55d5b128a750 .part L_0x55d5b12848e0, 1, 1;
L_0x55d5b128a8b0 .part L_0x55d5b12848e0, 0, 1;
L_0x55d5b128acf0 .part L_0x55d5b12848e0, 1, 1;
L_0x55d5b128ad90 .part L_0x55d5b12848e0, 0, 1;
L_0x55d5b128a950 .part L_0x55d5b12923c0, 3, 1;
L_0x55d5b128b470 .part L_0x55d5b12923c0, 2, 1;
L_0x55d5b128b8b0 .part L_0x55d5b12923c0, 1, 1;
L_0x55d5b128bc40 .part L_0x55d5b12923c0, 0, 1;
L_0x55d5b128c1f0 .part L_0x55d5b12848e0, 1, 1;
L_0x55d5b128c290 .part L_0x55d5b12848e0, 0, 1;
L_0x55d5b128c730 .part L_0x55d5b12923c0, 3, 1;
L_0x55d5b128cb00 .part L_0x55d5b12923c0, 2, 1;
L_0x55d5b128cfd0 .part L_0x55d5b12923c0, 1, 1;
L_0x55d5b128d180 .part L_0x55d5b12923c0, 0, 1;
L_0x55d5b128d910 .part L_0x55d5b12848e0, 1, 1;
L_0x55d5b128d9b0 .part L_0x55d5b12848e0, 0, 1;
L_0x55d5b128ded0 .part L_0x55d5b12923c0, 3, 1;
L_0x55d5b128e080 .part L_0x55d5b12923c0, 2, 1;
L_0x55d5b128e5c0 .part L_0x55d5b12923c0, 1, 1;
L_0x55d5b128e930 .part L_0x55d5b12923c0, 0, 1;
L_0x55d5b128eea0 .concat8 [ 1 1 1 1], L_0x55d5b1292000, L_0x55d5b128ed90, L_0x55d5b128a0f0, L_0x7fc957936210;
L_0x55d5b128f030 .part L_0x55d5b12848e0, 1, 1;
L_0x55d5b128f210 .part L_0x55d5b12848e0, 0, 1;
L_0x55d5b128f660 .part L_0x55d5b12923c0, 3, 1;
L_0x55d5b128fc10 .part L_0x55d5b12923c0, 2, 1;
L_0x55d5b128ffc0 .part L_0x55d5b12923c0, 1, 1;
L_0x55d5b12905a0 .part L_0x55d5b12923c0, 0, 1;
L_0x55d5b1290750 .part L_0x55d5b12848e0, 1, 1;
L_0x55d5b1290960 .part L_0x55d5b12848e0, 0, 1;
L_0x55d5b1290df0 .part L_0x55d5b12923c0, 3, 1;
L_0x55d5b1291350 .part L_0x55d5b12923c0, 2, 1;
L_0x55d5b1291800 .part L_0x55d5b12923c0, 1, 1;
L_0x55d5b1291b40 .part L_0x55d5b12923c0, 0, 1;
S_0x55d5b11a7d20 .scope module, "branch_shift1" "branch_shiftleft2" 3 78, 5 5 0, S_0x55d5b11a11d0;
 .timescale 0 0;
    .port_info 0 /INPUT 32 "shift_in";
    .port_info 1 /OUTPUT 32 "shift_out";
v0x55d5b123d7c0_0 .net *"_ivl_1", 29 0, L_0x55d5b1292900;  1 drivers
L_0x7fc9579362e8 .functor BUFT 1, C4<00>, C4<0>, C4<0>, C4<0>;
v0x55d5b123d8c0_0 .net/2u *"_ivl_2", 1 0, L_0x7fc9579362e8;  1 drivers
v0x55d5b123d9a0_0 .net "shift_in", 31 0, L_0x55d5b1292540;  alias, 1 drivers
v0x55d5b123da60_0 .net "shift_out", 31 0, L_0x55d5b12929a0;  alias, 1 drivers
L_0x55d5b1292900 .part L_0x55d5b1292540, 0, 30;
L_0x55d5b12929a0 .concat [ 2 30 0 0], L_0x7fc9579362e8, L_0x55d5b1292900;
S_0x55d5b119e530 .scope module, "control1" "control" 3 75, 6 4 0, S_0x55d5b11a11d0;
 .timescale 0 0;
    .port_info 0 /INPUT 6 "opcode";
    .port_info 1 /OUTPUT 1 "reg_dest";
    .port_info 2 /OUTPUT 1 "jump";
    .port_info 3 /OUTPUT 1 "branch";
    .port_info 4 /OUTPUT 1 "mem_read";
    .port_info 5 /OUTPUT 1 "mem_to_reg";
    .port_info 6 /OUTPUT 2 "aluop";
    .port_info 7 /OUTPUT 1 "mem_write";
    .port_info 8 /OUTPUT 1 "alusrc";
    .port_info 9 /OUTPUT 1 "reg_write";
L_0x55d5b126a920 .functor NOT 1, L_0x55d5b126a880, C4<0>, C4<0>, C4<0>;
L_0x55d5b126aad0 .functor NOT 1, L_0x55d5b126a9e0, C4<0>, C4<0>, C4<0>;
L_0x55d5b126ab90 .functor AND 1, L_0x55d5b126a920, L_0x55d5b126aad0, C4<1>, C4<1>;
L_0x55d5b126ad40 .functor NOT 1, L_0x55d5b126aca0, C4<0>, C4<0>, C4<0>;
L_0x55d5b126ae30 .functor AND 1, L_0x55d5b126ab90, L_0x55d5b126ad40, C4<1>, C4<1>;
L_0x55d5b126b0a0 .functor NOT 1, L_0x55d5b126af40, C4<0>, C4<0>, C4<0>;
L_0x55d5b126b150 .functor AND 1, L_0x55d5b126ae30, L_0x55d5b126b0a0, C4<1>, C4<1>;
L_0x55d5b126b300 .functor NOT 1, L_0x55d5b126b260, C4<0>, C4<0>, C4<0>;
L_0x55d5b126b410 .functor AND 1, L_0x55d5b126b150, L_0x55d5b126b300, C4<1>, C4<1>;
L_0x55d5b126b600 .functor NOT 1, L_0x55d5b126b520, C4<0>, C4<0>, C4<0>;
L_0x55d5b126b720 .functor AND 1, L_0x55d5b126b410, L_0x55d5b126b600, C4<1>, C4<1>;
L_0x55d5b126b880 .functor NOT 1, L_0x55d5b126b7e0, C4<0>, C4<0>, C4<0>;
L_0x55d5b126baa0 .functor NOT 1, L_0x55d5b126b9b0, C4<0>, C4<0>, C4<0>;
L_0x55d5b126bb60 .functor AND 1, L_0x55d5b126b880, L_0x55d5b126baa0, C4<1>, C4<1>;
L_0x55d5b126b940 .functor NOT 1, L_0x55d5b126bcf0, C4<0>, C4<0>, C4<0>;
L_0x55d5b126bde0 .functor AND 1, L_0x55d5b126bb60, L_0x55d5b126b940, C4<1>, C4<1>;
L_0x55d5b126c080 .functor NOT 1, L_0x55d5b126bf80, C4<0>, C4<0>, C4<0>;
L_0x55d5b126c0f0 .functor AND 1, L_0x55d5b126bde0, L_0x55d5b126c080, C4<1>, C4<1>;
L_0x55d5b126c340 .functor AND 1, L_0x55d5b126c0f0, L_0x55d5b126c2a0, C4<1>, C4<1>;
L_0x55d5b126c560 .functor NOT 1, L_0x55d5b126c450, C4<0>, C4<0>, C4<0>;
L_0x55d5b126c6d0 .functor AND 1, L_0x55d5b126c340, L_0x55d5b126c560, C4<1>, C4<1>;
L_0x55d5b126c7e0 .functor NOT 1, L_0x55d5b126c200, C4<0>, C4<0>, C4<0>;
L_0x55d5b126c4f0 .functor NOT 1, L_0x55d5b126c960, C4<0>, C4<0>, C4<0>;
L_0x55d5b126cad0 .functor AND 1, L_0x55d5b126c7e0, L_0x55d5b126c4f0, C4<1>, C4<1>;
L_0x55d5b126cd50 .functor NOT 1, L_0x55d5b126ccb0, C4<0>, C4<0>, C4<0>;
L_0x55d5b126ce10 .functor AND 1, L_0x55d5b126cad0, L_0x55d5b126cd50, C4<1>, C4<1>;
L_0x55d5b126d340 .functor AND 1, L_0x55d5b126ce10, L_0x55d5b126d000, C4<1>, C4<1>;
L_0x55d5b126d4f0 .functor NOT 1, L_0x55d5b126d450, C4<0>, C4<0>, C4<0>;
L_0x55d5b126d6a0 .functor AND 1, L_0x55d5b126d340, L_0x55d5b126d4f0, C4<1>, C4<1>;
L_0x55d5b126d8f0 .functor NOT 1, L_0x55d5b126d7b0, C4<0>, C4<0>, C4<0>;
L_0x55d5b126dab0 .functor AND 1, L_0x55d5b126d6a0, L_0x55d5b126d8f0, C4<1>, C4<1>;
L_0x55d5b126de00 .functor NOT 1, L_0x55d5b126dcb0, C4<0>, C4<0>, C4<0>;
L_0x55d5b126dfd0 .functor AND 1, L_0x55d5b126dc10, L_0x55d5b126de00, C4<1>, C4<1>;
L_0x55d5b126e0e0 .functor NOT 1, L_0x55d5b126d850, C4<0>, C4<0>, C4<0>;
L_0x55d5b126e2c0 .functor AND 1, L_0x55d5b126dfd0, L_0x55d5b126e0e0, C4<1>, C4<1>;
L_0x55d5b126e530 .functor NOT 1, L_0x55d5b126e3d0, C4<0>, C4<0>, C4<0>;
L_0x55d5b126e1a0 .functor AND 1, L_0x55d5b126e2c0, L_0x55d5b126e530, C4<1>, C4<1>;
L_0x55d5b126e7c0 .functor AND 1, L_0x55d5b126e1a0, L_0x55d5b126e720, C4<1>, C4<1>;
L_0x55d5b126eb80 .functor AND 1, L_0x55d5b126e7c0, L_0x55d5b126ea10, C4<1>, C4<1>;
L_0x55d5b126ee60 .functor NOT 1, L_0x55d5b126ece0, C4<0>, C4<0>, C4<0>;
L_0x55d5b126f070 .functor AND 1, L_0x55d5b126ec40, L_0x55d5b126ee60, C4<1>, C4<1>;
L_0x55d5b126f220 .functor NOT 1, L_0x55d5b126f180, C4<0>, C4<0>, C4<0>;
L_0x55d5b126f440 .functor AND 1, L_0x55d5b126f070, L_0x55d5b126f220, C4<1>, C4<1>;
L_0x55d5b126f6e0 .functor NOT 1, L_0x55d5b126f550, C4<0>, C4<0>, C4<0>;
L_0x55d5b126f910 .functor AND 1, L_0x55d5b126f440, L_0x55d5b126f6e0, C4<1>, C4<1>;
L_0x55d5b126fac0 .functor AND 1, L_0x55d5b126f910, L_0x55d5b126fa20, C4<1>, C4<1>;
L_0x55d5b126fef0 .functor AND 1, L_0x55d5b126fac0, L_0x55d5b126fd50, C4<1>, C4<1>;
L_0x55d5b1270250 .functor NOT 1, L_0x55d5b12700a0, C4<0>, C4<0>, C4<0>;
L_0x55d5b12704a0 .functor AND 1, L_0x55d5b1270000, L_0x55d5b1270250, C4<1>, C4<1>;
L_0x55d5b1270650 .functor AND 1, L_0x55d5b12704a0, L_0x55d5b12705b0, C4<1>, C4<1>;
L_0x55d5b1270ac0 .functor NOT 1, L_0x55d5b1270900, C4<0>, C4<0>, C4<0>;
L_0x55d5b1270b80 .functor AND 1, L_0x55d5b1270650, L_0x55d5b1270ac0, C4<1>, C4<1>;
L_0x55d5b1270ee0 .functor AND 1, L_0x55d5b1270b80, L_0x55d5b1270e40, C4<1>, C4<1>;
L_0x55d5b12709a0 .functor AND 1, L_0x55d5b1270ee0, L_0x55d5b1270ff0, C4<1>, C4<1>;
L_0x55d5b1271420 .functor NOT 1, L_0x55d5b1271380, C4<0>, C4<0>, C4<0>;
L_0x55d5b12716c0 .functor NOT 1, L_0x55d5b12714e0, C4<0>, C4<0>, C4<0>;
L_0x55d5b1271950 .functor AND 1, L_0x55d5b1271420, L_0x55d5b12716c0, C4<1>, C4<1>;
L_0x55d5b1271b00 .functor AND 1, L_0x55d5b1271950, L_0x55d5b1271a60, C4<1>, C4<1>;
L_0x55d5b1271fe0 .functor NOT 1, L_0x55d5b1271df0, C4<0>, C4<0>, C4<0>;
L_0x55d5b12720a0 .functor AND 1, L_0x55d5b1271b00, L_0x55d5b1271fe0, C4<1>, C4<1>;
L_0x55d5b1272440 .functor NOT 1, L_0x55d5b12723a0, C4<0>, C4<0>, C4<0>;
L_0x55d5b1272500 .functor AND 1, L_0x55d5b12720a0, L_0x55d5b1272440, C4<1>, C4<1>;
L_0x55d5b1272a10 .functor NOT 1, L_0x55d5b1272810, C4<0>, C4<0>, C4<0>;
L_0x55d5b1272ad0 .functor AND 1, L_0x55d5b1272500, L_0x55d5b1272a10, C4<1>, C4<1>;
L_0x55d5b1272e90 .functor NOT 1, L_0x55d5b1272df0, C4<0>, C4<0>, C4<0>;
L_0x55d5b1273160 .functor NOT 1, L_0x55d5b1272f50, C4<0>, C4<0>, C4<0>;
L_0x55d5b1273440 .functor AND 1, L_0x55d5b1272e90, L_0x55d5b1273160, C4<1>, C4<1>;
L_0x55d5b12735f0 .functor AND 1, L_0x55d5b1273440, L_0x55d5b1273550, C4<1>, C4<1>;
L_0x55d5b1273b50 .functor AND 1, L_0x55d5b12735f0, L_0x55d5b1273930, C4<1>, C4<1>;
L_0x55d5b1273d00 .functor NOT 1, L_0x55d5b1273c60, C4<0>, C4<0>, C4<0>;
L_0x55d5b1274000 .functor AND 1, L_0x55d5b1273b50, L_0x55d5b1273d00, C4<1>, C4<1>;
L_0x55d5b1274340 .functor NOT 1, L_0x55d5b1274110, C4<0>, C4<0>, C4<0>;
L_0x55d5b1274650 .functor AND 1, L_0x55d5b1274000, L_0x55d5b1274340, C4<1>, C4<1>;
L_0x55d5b1274760 .functor OR 1, L_0x55d5b1272ad0, L_0x55d5b1274650, C4<0>, C4<0>;
L_0x55d5b1274db0 .functor NOT 1, L_0x55d5b1274b70, C4<0>, C4<0>, C4<0>;
L_0x55d5b1274e70 .functor AND 1, L_0x55d5b1274ad0, L_0x55d5b1274db0, C4<1>, C4<1>;
L_0x55d5b1275290 .functor NOT 1, L_0x55d5b12751f0, C4<0>, C4<0>, C4<0>;
L_0x55d5b1275350 .functor AND 1, L_0x55d5b1274e70, L_0x55d5b1275290, C4<1>, C4<1>;
L_0x55d5b1275930 .functor NOT 1, L_0x55d5b12756e0, C4<0>, C4<0>, C4<0>;
L_0x55d5b12759f0 .functor AND 1, L_0x55d5b1275350, L_0x55d5b1275930, C4<1>, C4<1>;
L_0x55d5b1275e30 .functor AND 1, L_0x55d5b12759f0, L_0x55d5b1275d90, C4<1>, C4<1>;
L_0x55d5b12761a0 .functor AND 1, L_0x55d5b1275e30, L_0x55d5b1275f40, C4<1>, C4<1>;
L_0x55d5b1276550 .functor OR 1, L_0x55d5b1274760, L_0x55d5b12761a0, C4<0>, C4<0>;
L_0x55d5b1276970 .functor NOT 1, L_0x55d5b1276700, C4<0>, C4<0>, C4<0>;
L_0x55d5b1276ce0 .functor AND 1, L_0x55d5b1276660, L_0x55d5b1276970, C4<1>, C4<1>;
L_0x55d5b1276e90 .functor AND 1, L_0x55d5b1276ce0, L_0x55d5b1276df0, C4<1>, C4<1>;
L_0x55d5b12774e0 .functor NOT 1, L_0x55d5b1277260, C4<0>, C4<0>, C4<0>;
L_0x55d5b12775a0 .functor AND 1, L_0x55d5b1276e90, L_0x55d5b12774e0, C4<1>, C4<1>;
L_0x55d5b1277a20 .functor AND 1, L_0x55d5b12775a0, L_0x55d5b1277980, C4<1>, C4<1>;
L_0x55d5b1277dc0 .functor AND 1, L_0x55d5b1277a20, L_0x55d5b1277b30, C4<1>, C4<1>;
L_0x55d5b12781b0 .functor OR 1, L_0x55d5b1276550, L_0x55d5b1277dc0, C4<0>, C4<0>;
L_0x55d5b12783b0 .functor NOT 1, L_0x55d5b1278310, C4<0>, C4<0>, C4<0>;
L_0x55d5b1278a00 .functor NOT 1, L_0x55d5b1278760, C4<0>, C4<0>, C4<0>;
L_0x55d5b1278ac0 .functor AND 1, L_0x55d5b12783b0, L_0x55d5b1278a00, C4<1>, C4<1>;
L_0x55d5b1278f70 .functor NOT 1, L_0x55d5b1278ed0, C4<0>, C4<0>, C4<0>;
L_0x55d5b1279030 .functor AND 1, L_0x55d5b1278ac0, L_0x55d5b1278f70, C4<1>, C4<1>;
L_0x55d5b1279f10 .functor NOT 1, L_0x55d5b1279450, C4<0>, C4<0>, C4<0>;
L_0x55d5b1279fd0 .functor AND 1, L_0x55d5b1279030, L_0x55d5b1279f10, C4<1>, C4<1>;
L_0x55d5b127a4a0 .functor NOT 1, L_0x55d5b127a400, C4<0>, C4<0>, C4<0>;
L_0x55d5b127a560 .functor AND 1, L_0x55d5b1279fd0, L_0x55d5b127a4a0, C4<1>, C4<1>;
L_0x55d5b127ac60 .functor NOT 1, L_0x55d5b127a9a0, C4<0>, C4<0>, C4<0>;
L_0x55d5b127ad20 .functor AND 1, L_0x55d5b127a560, L_0x55d5b127ac60, C4<1>, C4<1>;
L_0x55d5b127b210 .functor NOT 1, L_0x55d5b127b170, C4<0>, C4<0>, C4<0>;
L_0x55d5b127b5a0 .functor NOT 1, L_0x55d5b127b2d0, C4<0>, C4<0>, C4<0>;
L_0x55d5b127b9b0 .functor AND 1, L_0x55d5b127b210, L_0x55d5b127b5a0, C4<1>, C4<1>;
L_0x55d5b127bb60 .functor AND 1, L_0x55d5b127b9b0, L_0x55d5b127bac0, C4<1>, C4<1>;
L_0x55d5b127c2b0 .functor NOT 1, L_0x55d5b127bfd0, C4<0>, C4<0>, C4<0>;
L_0x55d5b127c370 .functor AND 1, L_0x55d5b127bb60, L_0x55d5b127c2b0, C4<1>, C4<1>;
L_0x55d5b127c890 .functor NOT 1, L_0x55d5b127c7f0, C4<0>, C4<0>, C4<0>;
L_0x55d5b127c950 .functor AND 1, L_0x55d5b127c370, L_0x55d5b127c890, C4<1>, C4<1>;
L_0x55d5b127d0d0 .functor NOT 1, L_0x55d5b127cde0, C4<0>, C4<0>, C4<0>;
L_0x55d5b127d190 .functor AND 1, L_0x55d5b127c950, L_0x55d5b127d0d0, C4<1>, C4<1>;
L_0x55d5b127d630 .functor OR 1, L_0x55d5b127ad20, L_0x55d5b127d190, C4<0>, C4<0>;
L_0x55d5b127d7e0 .functor NOT 1, L_0x55d5b127d740, C4<0>, C4<0>, C4<0>;
L_0x55d5b127df40 .functor NOT 1, L_0x55d5b127dc40, C4<0>, C4<0>, C4<0>;
L_0x55d5b127e000 .functor AND 1, L_0x55d5b127d7e0, L_0x55d5b127df40, C4<1>, C4<1>;
L_0x55d5b127e560 .functor AND 1, L_0x55d5b127e000, L_0x55d5b127e4c0, C4<1>, C4<1>;
L_0x55d5b127e980 .functor AND 1, L_0x55d5b127e560, L_0x55d5b127e670, C4<1>, C4<1>;
L_0x55d5b127eef0 .functor NOT 1, L_0x55d5b127ee50, C4<0>, C4<0>, C4<0>;
L_0x55d5b127efb0 .functor AND 1, L_0x55d5b127e980, L_0x55d5b127eef0, C4<1>, C4<1>;
L_0x55d5b127f7b0 .functor NOT 1, L_0x55d5b127f490, C4<0>, C4<0>, C4<0>;
L_0x55d5b127f870 .functor AND 1, L_0x55d5b127efb0, L_0x55d5b127f7b0, C4<1>, C4<1>;
L_0x55d5b127fd60 .functor OR 1, L_0x55d5b127d630, L_0x55d5b127f870, C4<0>, C4<0>;
L_0x55d5b1280240 .functor NOT 1, L_0x55d5b127ff10, C4<0>, C4<0>, C4<0>;
L_0x55d5b12806f0 .functor AND 1, L_0x55d5b127fe70, L_0x55d5b1280240, C4<1>, C4<1>;
L_0x55d5b12808a0 .functor NOT 1, L_0x55d5b1280800, C4<0>, C4<0>, C4<0>;
L_0x55d5b1280d60 .functor AND 1, L_0x55d5b12806f0, L_0x55d5b12808a0, C4<1>, C4<1>;
L_0x55d5b12811b0 .functor NOT 1, L_0x55d5b1280e70, C4<0>, C4<0>, C4<0>;
L_0x55d5b1281680 .functor AND 1, L_0x55d5b1280d60, L_0x55d5b12811b0, C4<1>, C4<1>;
L_0x55d5b1281830 .functor AND 1, L_0x55d5b1281680, L_0x55d5b1281790, C4<1>, C4<1>;
L_0x55d5b12820b0 .functor AND 1, L_0x55d5b1281830, L_0x55d5b1281d60, C4<1>, C4<1>;
L_0x55d5b12821c0 .functor OR 1, L_0x55d5b127fd60, L_0x55d5b12820b0, C4<0>, C4<0>;
L_0x55d5b12819e0 .functor NOT 1, L_0x55d5b1281940, C4<0>, C4<0>, C4<0>;
L_0x55d5b1281b40 .functor NOT 1, L_0x55d5b1281aa0, C4<0>, C4<0>, C4<0>;
L_0x55d5b1281c00 .functor AND 1, L_0x55d5b12819e0, L_0x55d5b1281b40, C4<1>, C4<1>;
L_0x55d5b12823c0 .functor NOT 1, L_0x55d5b1282320, C4<0>, C4<0>, C4<0>;
L_0x55d5b1282430 .functor AND 1, L_0x55d5b1281c00, L_0x55d5b12823c0, C4<1>, C4<1>;
L_0x55d5b12825e0 .functor NOT 1, L_0x55d5b1282540, C4<0>, C4<0>, C4<0>;
L_0x55d5b12826a0 .functor AND 1, L_0x55d5b1282430, L_0x55d5b12825e0, C4<1>, C4<1>;
L_0x55d5b1282b50 .functor NOT 1, L_0x55d5b1282ab0, C4<0>, C4<0>, C4<0>;
L_0x55d5b1282c10 .functor AND 1, L_0x55d5b12826a0, L_0x55d5b1282b50, C4<1>, C4<1>;
L_0x55d5b1282dc0 .functor NOT 1, L_0x55d5b1282d20, C4<0>, C4<0>, C4<0>;
L_0x55d5b1283130 .functor AND 1, L_0x55d5b1282c10, L_0x55d5b1282dc0, C4<1>, C4<1>;
L_0x55d5b12832e0 .functor NOT 1, L_0x55d5b1283240, C4<0>, C4<0>, C4<0>;
L_0x55d5b1283440 .functor NOT 1, L_0x55d5b12833a0, C4<0>, C4<0>, C4<0>;
L_0x55d5b1283500 .functor AND 1, L_0x55d5b12832e0, L_0x55d5b1283440, C4<1>, C4<1>;
L_0x55d5b1283970 .functor AND 1, L_0x55d5b1283500, L_0x55d5b12838d0, C4<1>, C4<1>;
L_0x55d5b1283b20 .functor AND 1, L_0x55d5b1283970, L_0x55d5b1283a80, C4<1>, C4<1>;
L_0x55d5b1283cd0 .functor NOT 1, L_0x55d5b1283c30, C4<0>, C4<0>, C4<0>;
L_0x55d5b1284140 .functor AND 1, L_0x55d5b1283b20, L_0x55d5b1283cd0, C4<1>, C4<1>;
L_0x55d5b12842f0 .functor NOT 1, L_0x55d5b1284250, C4<0>, C4<0>, C4<0>;
L_0x55d5b12843b0 .functor AND 1, L_0x55d5b1284140, L_0x55d5b12842f0, C4<1>, C4<1>;
L_0x55d5b12844c0 .functor OR 1, L_0x55d5b1283130, L_0x55d5b12843b0, C4<0>, C4<0>;
L_0x55d5b1284a70 .functor NOT 1, L_0x55d5b12849d0, C4<0>, C4<0>, C4<0>;
L_0x55d5b1284bd0 .functor NOT 1, L_0x55d5b1284b30, C4<0>, C4<0>, C4<0>;
L_0x55d5b1284c90 .functor AND 1, L_0x55d5b1284a70, L_0x55d5b1284bd0, C4<1>, C4<1>;
L_0x55d5b1285480 .functor NOT 1, L_0x55d5b12850b0, C4<0>, C4<0>, C4<0>;
L_0x55d5b1285d90 .functor AND 1, L_0x55d5b1284c90, L_0x55d5b1285480, C4<1>, C4<1>;
L_0x55d5b12858f0 .functor AND 1, L_0x55d5b1285d90, L_0x55d5b1285850, C4<1>, C4<1>;
L_0x55d5b1285aa0 .functor NOT 1, L_0x55d5b1285a00, C4<0>, C4<0>, C4<0>;
L_0x55d5b1285b60 .functor AND 1, L_0x55d5b12858f0, L_0x55d5b1285aa0, C4<1>, C4<1>;
L_0x55d5b1285ea0 .functor NOT 1, L_0x55d5b1285c70, C4<0>, C4<0>, C4<0>;
L_0x55d5b1285f60 .functor AND 1, L_0x55d5b1285b60, L_0x55d5b1285ea0, C4<1>, C4<1>;
L_0x55d5b1286110 .functor NOT 1, L_0x55d5b1286070, C4<0>, C4<0>, C4<0>;
L_0x55d5b1286270 .functor NOT 1, L_0x55d5b12861d0, C4<0>, C4<0>, C4<0>;
L_0x55d5b1286330 .functor AND 1, L_0x55d5b1286110, L_0x55d5b1286270, C4<1>, C4<1>;
L_0x55d5b1286b80 .functor AND 1, L_0x55d5b1286330, L_0x55d5b1286780, C4<1>, C4<1>;
L_0x55d5b12875d0 .functor AND 1, L_0x55d5b1286b80, L_0x55d5b1287530, C4<1>, C4<1>;
L_0x55d5b1287360 .functor NOT 1, L_0x55d5b1286f50, C4<0>, C4<0>, C4<0>;
L_0x55d5b1287420 .functor AND 1, L_0x55d5b12875d0, L_0x55d5b1287360, C4<1>, C4<1>;
L_0x55d5b1287780 .functor NOT 1, L_0x55d5b12876e0, C4<0>, C4<0>, C4<0>;
L_0x55d5b1287840 .functor AND 1, L_0x55d5b1287420, L_0x55d5b1287780, C4<1>, C4<1>;
L_0x55d5b1287950 .functor OR 1, L_0x55d5b1285f60, L_0x55d5b1287840, C4<0>, C4<0>;
v0x55d5b123dcf0_0 .net *"_ivl_1", 0 0, L_0x55d5b126a880;  1 drivers
v0x55d5b123ddb0_0 .net *"_ivl_101", 0 0, L_0x55d5b126dcb0;  1 drivers
v0x55d5b123de90_0 .net *"_ivl_102", 0 0, L_0x55d5b126de00;  1 drivers
v0x55d5b123df50_0 .net *"_ivl_104", 0 0, L_0x55d5b126dfd0;  1 drivers
v0x55d5b123e030_0 .net *"_ivl_107", 0 0, L_0x55d5b126d850;  1 drivers
v0x55d5b123e160_0 .net *"_ivl_108", 0 0, L_0x55d5b126e0e0;  1 drivers
v0x55d5b123e240_0 .net *"_ivl_11", 0 0, L_0x55d5b126aca0;  1 drivers
v0x55d5b123e320_0 .net *"_ivl_110", 0 0, L_0x55d5b126e2c0;  1 drivers
v0x55d5b123e400_0 .net *"_ivl_113", 0 0, L_0x55d5b126e3d0;  1 drivers
v0x55d5b123e4e0_0 .net *"_ivl_114", 0 0, L_0x55d5b126e530;  1 drivers
v0x55d5b123e5c0_0 .net *"_ivl_116", 0 0, L_0x55d5b126e1a0;  1 drivers
v0x55d5b123e6a0_0 .net *"_ivl_119", 0 0, L_0x55d5b126e720;  1 drivers
v0x55d5b123e780_0 .net *"_ivl_12", 0 0, L_0x55d5b126ad40;  1 drivers
v0x55d5b123e860_0 .net *"_ivl_120", 0 0, L_0x55d5b126e7c0;  1 drivers
v0x55d5b123e940_0 .net *"_ivl_123", 0 0, L_0x55d5b126ea10;  1 drivers
v0x55d5b123ea20_0 .net *"_ivl_127", 0 0, L_0x55d5b126ec40;  1 drivers
v0x55d5b123eb00_0 .net *"_ivl_129", 0 0, L_0x55d5b126ece0;  1 drivers
v0x55d5b123ebe0_0 .net *"_ivl_130", 0 0, L_0x55d5b126ee60;  1 drivers
v0x55d5b123ecc0_0 .net *"_ivl_132", 0 0, L_0x55d5b126f070;  1 drivers
v0x55d5b123eda0_0 .net *"_ivl_135", 0 0, L_0x55d5b126f180;  1 drivers
v0x55d5b123ee80_0 .net *"_ivl_136", 0 0, L_0x55d5b126f220;  1 drivers
v0x55d5b123ef60_0 .net *"_ivl_138", 0 0, L_0x55d5b126f440;  1 drivers
v0x55d5b123f040_0 .net *"_ivl_14", 0 0, L_0x55d5b126ae30;  1 drivers
v0x55d5b123f120_0 .net *"_ivl_141", 0 0, L_0x55d5b126f550;  1 drivers
v0x55d5b123f200_0 .net *"_ivl_142", 0 0, L_0x55d5b126f6e0;  1 drivers
v0x55d5b123f2e0_0 .net *"_ivl_144", 0 0, L_0x55d5b126f910;  1 drivers
v0x55d5b123f3c0_0 .net *"_ivl_147", 0 0, L_0x55d5b126fa20;  1 drivers
v0x55d5b123f4a0_0 .net *"_ivl_148", 0 0, L_0x55d5b126fac0;  1 drivers
v0x55d5b123f580_0 .net *"_ivl_151", 0 0, L_0x55d5b126fd50;  1 drivers
v0x55d5b123f660_0 .net *"_ivl_155", 0 0, L_0x55d5b1270000;  1 drivers
v0x55d5b123f740_0 .net *"_ivl_157", 0 0, L_0x55d5b12700a0;  1 drivers
v0x55d5b123f820_0 .net *"_ivl_158", 0 0, L_0x55d5b1270250;  1 drivers
v0x55d5b123f900_0 .net *"_ivl_160", 0 0, L_0x55d5b12704a0;  1 drivers
v0x55d5b123f9e0_0 .net *"_ivl_163", 0 0, L_0x55d5b12705b0;  1 drivers
v0x55d5b123fac0_0 .net *"_ivl_164", 0 0, L_0x55d5b1270650;  1 drivers
v0x55d5b123fba0_0 .net *"_ivl_167", 0 0, L_0x55d5b1270900;  1 drivers
v0x55d5b123fc80_0 .net *"_ivl_168", 0 0, L_0x55d5b1270ac0;  1 drivers
v0x55d5b123fd60_0 .net *"_ivl_17", 0 0, L_0x55d5b126af40;  1 drivers
v0x55d5b123fe40_0 .net *"_ivl_170", 0 0, L_0x55d5b1270b80;  1 drivers
v0x55d5b123ff20_0 .net *"_ivl_173", 0 0, L_0x55d5b1270e40;  1 drivers
v0x55d5b1240000_0 .net *"_ivl_174", 0 0, L_0x55d5b1270ee0;  1 drivers
v0x55d5b12400e0_0 .net *"_ivl_177", 0 0, L_0x55d5b1270ff0;  1 drivers
v0x55d5b12401c0_0 .net *"_ivl_18", 0 0, L_0x55d5b126b0a0;  1 drivers
v0x55d5b12402a0_0 .net *"_ivl_181", 0 0, L_0x55d5b1271380;  1 drivers
v0x55d5b1240380_0 .net *"_ivl_182", 0 0, L_0x55d5b1271420;  1 drivers
v0x55d5b1240460_0 .net *"_ivl_185", 0 0, L_0x55d5b12714e0;  1 drivers
v0x55d5b1240540_0 .net *"_ivl_186", 0 0, L_0x55d5b12716c0;  1 drivers
v0x55d5b1240620_0 .net *"_ivl_188", 0 0, L_0x55d5b1271950;  1 drivers
v0x55d5b1240700_0 .net *"_ivl_191", 0 0, L_0x55d5b1271a60;  1 drivers
v0x55d5b12407e0_0 .net *"_ivl_192", 0 0, L_0x55d5b1271b00;  1 drivers
v0x55d5b12408c0_0 .net *"_ivl_195", 0 0, L_0x55d5b1271df0;  1 drivers
v0x55d5b12409a0_0 .net *"_ivl_196", 0 0, L_0x55d5b1271fe0;  1 drivers
v0x55d5b1240a80_0 .net *"_ivl_198", 0 0, L_0x55d5b12720a0;  1 drivers
v0x55d5b1240b60_0 .net *"_ivl_2", 0 0, L_0x55d5b126a920;  1 drivers
v0x55d5b1240c40_0 .net *"_ivl_20", 0 0, L_0x55d5b126b150;  1 drivers
v0x55d5b1240d20_0 .net *"_ivl_201", 0 0, L_0x55d5b12723a0;  1 drivers
v0x55d5b1240e00_0 .net *"_ivl_202", 0 0, L_0x55d5b1272440;  1 drivers
v0x55d5b1240ee0_0 .net *"_ivl_204", 0 0, L_0x55d5b1272500;  1 drivers
v0x55d5b1240fc0_0 .net *"_ivl_207", 0 0, L_0x55d5b1272810;  1 drivers
v0x55d5b12410a0_0 .net *"_ivl_208", 0 0, L_0x55d5b1272a10;  1 drivers
v0x55d5b1241180_0 .net *"_ivl_210", 0 0, L_0x55d5b1272ad0;  1 drivers
v0x55d5b1241260_0 .net *"_ivl_213", 0 0, L_0x55d5b1272df0;  1 drivers
v0x55d5b1241340_0 .net *"_ivl_214", 0 0, L_0x55d5b1272e90;  1 drivers
v0x55d5b1241420_0 .net *"_ivl_217", 0 0, L_0x55d5b1272f50;  1 drivers
v0x55d5b1241500_0 .net *"_ivl_218", 0 0, L_0x55d5b1273160;  1 drivers
v0x55d5b12419f0_0 .net *"_ivl_220", 0 0, L_0x55d5b1273440;  1 drivers
v0x55d5b1241ad0_0 .net *"_ivl_223", 0 0, L_0x55d5b1273550;  1 drivers
v0x55d5b1241bb0_0 .net *"_ivl_224", 0 0, L_0x55d5b12735f0;  1 drivers
v0x55d5b1241c90_0 .net *"_ivl_227", 0 0, L_0x55d5b1273930;  1 drivers
v0x55d5b1241d70_0 .net *"_ivl_228", 0 0, L_0x55d5b1273b50;  1 drivers
v0x55d5b1241e50_0 .net *"_ivl_23", 0 0, L_0x55d5b126b260;  1 drivers
v0x55d5b1241f30_0 .net *"_ivl_231", 0 0, L_0x55d5b1273c60;  1 drivers
v0x55d5b1242010_0 .net *"_ivl_232", 0 0, L_0x55d5b1273d00;  1 drivers
v0x55d5b12420f0_0 .net *"_ivl_234", 0 0, L_0x55d5b1274000;  1 drivers
v0x55d5b12421d0_0 .net *"_ivl_237", 0 0, L_0x55d5b1274110;  1 drivers
v0x55d5b12422b0_0 .net *"_ivl_238", 0 0, L_0x55d5b1274340;  1 drivers
v0x55d5b1242390_0 .net *"_ivl_24", 0 0, L_0x55d5b126b300;  1 drivers
v0x55d5b1242470_0 .net *"_ivl_240", 0 0, L_0x55d5b1274650;  1 drivers
v0x55d5b1242550_0 .net *"_ivl_242", 0 0, L_0x55d5b1274760;  1 drivers
v0x55d5b1242630_0 .net *"_ivl_245", 0 0, L_0x55d5b1274ad0;  1 drivers
v0x55d5b1242710_0 .net *"_ivl_247", 0 0, L_0x55d5b1274b70;  1 drivers
v0x55d5b12427f0_0 .net *"_ivl_248", 0 0, L_0x55d5b1274db0;  1 drivers
v0x55d5b12428d0_0 .net *"_ivl_250", 0 0, L_0x55d5b1274e70;  1 drivers
v0x55d5b12429b0_0 .net *"_ivl_253", 0 0, L_0x55d5b12751f0;  1 drivers
v0x55d5b1242a90_0 .net *"_ivl_254", 0 0, L_0x55d5b1275290;  1 drivers
v0x55d5b1242b70_0 .net *"_ivl_256", 0 0, L_0x55d5b1275350;  1 drivers
v0x55d5b1242c50_0 .net *"_ivl_259", 0 0, L_0x55d5b12756e0;  1 drivers
v0x55d5b1242d30_0 .net *"_ivl_26", 0 0, L_0x55d5b126b410;  1 drivers
v0x55d5b1242e10_0 .net *"_ivl_260", 0 0, L_0x55d5b1275930;  1 drivers
v0x55d5b1242ef0_0 .net *"_ivl_262", 0 0, L_0x55d5b12759f0;  1 drivers
v0x55d5b1242fd0_0 .net *"_ivl_265", 0 0, L_0x55d5b1275d90;  1 drivers
v0x55d5b12430b0_0 .net *"_ivl_266", 0 0, L_0x55d5b1275e30;  1 drivers
v0x55d5b1243190_0 .net *"_ivl_269", 0 0, L_0x55d5b1275f40;  1 drivers
v0x55d5b1243270_0 .net *"_ivl_270", 0 0, L_0x55d5b12761a0;  1 drivers
v0x55d5b1243350_0 .net *"_ivl_272", 0 0, L_0x55d5b1276550;  1 drivers
v0x55d5b1243430_0 .net *"_ivl_275", 0 0, L_0x55d5b1276660;  1 drivers
v0x55d5b1243510_0 .net *"_ivl_277", 0 0, L_0x55d5b1276700;  1 drivers
v0x55d5b12435f0_0 .net *"_ivl_278", 0 0, L_0x55d5b1276970;  1 drivers
v0x55d5b12436d0_0 .net *"_ivl_280", 0 0, L_0x55d5b1276ce0;  1 drivers
v0x55d5b12437b0_0 .net *"_ivl_283", 0 0, L_0x55d5b1276df0;  1 drivers
v0x55d5b1243890_0 .net *"_ivl_284", 0 0, L_0x55d5b1276e90;  1 drivers
v0x55d5b1243970_0 .net *"_ivl_287", 0 0, L_0x55d5b1277260;  1 drivers
v0x55d5b1243a50_0 .net *"_ivl_288", 0 0, L_0x55d5b12774e0;  1 drivers
v0x55d5b1243b30_0 .net *"_ivl_29", 0 0, L_0x55d5b126b520;  1 drivers
v0x55d5b1243c10_0 .net *"_ivl_290", 0 0, L_0x55d5b12775a0;  1 drivers
v0x55d5b1243cf0_0 .net *"_ivl_293", 0 0, L_0x55d5b1277980;  1 drivers
v0x55d5b1243dd0_0 .net *"_ivl_294", 0 0, L_0x55d5b1277a20;  1 drivers
v0x55d5b1243eb0_0 .net *"_ivl_297", 0 0, L_0x55d5b1277b30;  1 drivers
v0x55d5b1243f90_0 .net *"_ivl_298", 0 0, L_0x55d5b1277dc0;  1 drivers
v0x55d5b1244070_0 .net *"_ivl_30", 0 0, L_0x55d5b126b600;  1 drivers
v0x55d5b1244150_0 .net *"_ivl_303", 0 0, L_0x55d5b1278310;  1 drivers
v0x55d5b1244230_0 .net *"_ivl_304", 0 0, L_0x55d5b12783b0;  1 drivers
v0x55d5b1244310_0 .net *"_ivl_307", 0 0, L_0x55d5b1278760;  1 drivers
v0x55d5b12443f0_0 .net *"_ivl_308", 0 0, L_0x55d5b1278a00;  1 drivers
v0x55d5b12444d0_0 .net *"_ivl_310", 0 0, L_0x55d5b1278ac0;  1 drivers
v0x55d5b12445b0_0 .net *"_ivl_313", 0 0, L_0x55d5b1278ed0;  1 drivers
v0x55d5b1244690_0 .net *"_ivl_314", 0 0, L_0x55d5b1278f70;  1 drivers
v0x55d5b1244770_0 .net *"_ivl_316", 0 0, L_0x55d5b1279030;  1 drivers
v0x55d5b1244850_0 .net *"_ivl_319", 0 0, L_0x55d5b1279450;  1 drivers
v0x55d5b1244930_0 .net *"_ivl_320", 0 0, L_0x55d5b1279f10;  1 drivers
v0x55d5b1244a10_0 .net *"_ivl_322", 0 0, L_0x55d5b1279fd0;  1 drivers
v0x55d5b1244af0_0 .net *"_ivl_325", 0 0, L_0x55d5b127a400;  1 drivers
v0x55d5b1244bd0_0 .net *"_ivl_326", 0 0, L_0x55d5b127a4a0;  1 drivers
v0x55d5b1244cb0_0 .net *"_ivl_328", 0 0, L_0x55d5b127a560;  1 drivers
v0x55d5b1244d90_0 .net *"_ivl_331", 0 0, L_0x55d5b127a9a0;  1 drivers
v0x55d5b1244e70_0 .net *"_ivl_332", 0 0, L_0x55d5b127ac60;  1 drivers
v0x55d5b1244f50_0 .net *"_ivl_334", 0 0, L_0x55d5b127ad20;  1 drivers
v0x55d5b1245030_0 .net *"_ivl_337", 0 0, L_0x55d5b127b170;  1 drivers
v0x55d5b1245110_0 .net *"_ivl_338", 0 0, L_0x55d5b127b210;  1 drivers
v0x55d5b1245a00_0 .net *"_ivl_341", 0 0, L_0x55d5b127b2d0;  1 drivers
v0x55d5b1245ae0_0 .net *"_ivl_342", 0 0, L_0x55d5b127b5a0;  1 drivers
v0x55d5b1245bc0_0 .net *"_ivl_344", 0 0, L_0x55d5b127b9b0;  1 drivers
v0x55d5b1245ca0_0 .net *"_ivl_347", 0 0, L_0x55d5b127bac0;  1 drivers
v0x55d5b1245d80_0 .net *"_ivl_348", 0 0, L_0x55d5b127bb60;  1 drivers
v0x55d5b1245e60_0 .net *"_ivl_35", 0 0, L_0x55d5b126b7e0;  1 drivers
v0x55d5b1245f40_0 .net *"_ivl_351", 0 0, L_0x55d5b127bfd0;  1 drivers
v0x55d5b1246020_0 .net *"_ivl_352", 0 0, L_0x55d5b127c2b0;  1 drivers
v0x55d5b1246100_0 .net *"_ivl_354", 0 0, L_0x55d5b127c370;  1 drivers
v0x55d5b12461e0_0 .net *"_ivl_357", 0 0, L_0x55d5b127c7f0;  1 drivers
v0x55d5b12462c0_0 .net *"_ivl_358", 0 0, L_0x55d5b127c890;  1 drivers
v0x55d5b12463a0_0 .net *"_ivl_36", 0 0, L_0x55d5b126b880;  1 drivers
v0x55d5b1246480_0 .net *"_ivl_360", 0 0, L_0x55d5b127c950;  1 drivers
v0x55d5b1246560_0 .net *"_ivl_363", 0 0, L_0x55d5b127cde0;  1 drivers
v0x55d5b1246640_0 .net *"_ivl_364", 0 0, L_0x55d5b127d0d0;  1 drivers
v0x55d5b1246720_0 .net *"_ivl_366", 0 0, L_0x55d5b127d190;  1 drivers
v0x55d5b1246800_0 .net *"_ivl_368", 0 0, L_0x55d5b127d630;  1 drivers
v0x55d5b12468e0_0 .net *"_ivl_371", 0 0, L_0x55d5b127d740;  1 drivers
v0x55d5b12469c0_0 .net *"_ivl_372", 0 0, L_0x55d5b127d7e0;  1 drivers
v0x55d5b1246aa0_0 .net *"_ivl_375", 0 0, L_0x55d5b127dc40;  1 drivers
v0x55d5b1246b80_0 .net *"_ivl_376", 0 0, L_0x55d5b127df40;  1 drivers
v0x55d5b1246c60_0 .net *"_ivl_378", 0 0, L_0x55d5b127e000;  1 drivers
v0x55d5b1246d40_0 .net *"_ivl_381", 0 0, L_0x55d5b127e4c0;  1 drivers
v0x55d5b1246e20_0 .net *"_ivl_382", 0 0, L_0x55d5b127e560;  1 drivers
v0x55d5b1246f00_0 .net *"_ivl_385", 0 0, L_0x55d5b127e670;  1 drivers
v0x55d5b1246fe0_0 .net *"_ivl_386", 0 0, L_0x55d5b127e980;  1 drivers
v0x55d5b12470c0_0 .net *"_ivl_389", 0 0, L_0x55d5b127ee50;  1 drivers
v0x55d5b12471a0_0 .net *"_ivl_39", 0 0, L_0x55d5b126b9b0;  1 drivers
v0x55d5b1247280_0 .net *"_ivl_390", 0 0, L_0x55d5b127eef0;  1 drivers
v0x55d5b1247360_0 .net *"_ivl_392", 0 0, L_0x55d5b127efb0;  1 drivers
v0x55d5b1247440_0 .net *"_ivl_395", 0 0, L_0x55d5b127f490;  1 drivers
v0x55d5b1247520_0 .net *"_ivl_396", 0 0, L_0x55d5b127f7b0;  1 drivers
v0x55d5b1247600_0 .net *"_ivl_398", 0 0, L_0x55d5b127f870;  1 drivers
v0x55d5b12476e0_0 .net *"_ivl_40", 0 0, L_0x55d5b126baa0;  1 drivers
v0x55d5b12477c0_0 .net *"_ivl_400", 0 0, L_0x55d5b127fd60;  1 drivers
v0x55d5b12478a0_0 .net *"_ivl_403", 0 0, L_0x55d5b127fe70;  1 drivers
v0x55d5b1247980_0 .net *"_ivl_405", 0 0, L_0x55d5b127ff10;  1 drivers
v0x55d5b1247a60_0 .net *"_ivl_406", 0 0, L_0x55d5b1280240;  1 drivers
v0x55d5b1247b40_0 .net *"_ivl_408", 0 0, L_0x55d5b12806f0;  1 drivers
v0x55d5b1247c20_0 .net *"_ivl_411", 0 0, L_0x55d5b1280800;  1 drivers
v0x55d5b1247d00_0 .net *"_ivl_412", 0 0, L_0x55d5b12808a0;  1 drivers
v0x55d5b1247de0_0 .net *"_ivl_414", 0 0, L_0x55d5b1280d60;  1 drivers
v0x55d5b1247ec0_0 .net *"_ivl_417", 0 0, L_0x55d5b1280e70;  1 drivers
v0x55d5b1247fa0_0 .net *"_ivl_418", 0 0, L_0x55d5b12811b0;  1 drivers
v0x55d5b1248080_0 .net *"_ivl_42", 0 0, L_0x55d5b126bb60;  1 drivers
v0x55d5b1248160_0 .net *"_ivl_420", 0 0, L_0x55d5b1281680;  1 drivers
v0x55d5b1248240_0 .net *"_ivl_423", 0 0, L_0x55d5b1281790;  1 drivers
v0x55d5b1248320_0 .net *"_ivl_424", 0 0, L_0x55d5b1281830;  1 drivers
v0x55d5b1248400_0 .net *"_ivl_427", 0 0, L_0x55d5b1281d60;  1 drivers
v0x55d5b12484e0_0 .net *"_ivl_428", 0 0, L_0x55d5b12820b0;  1 drivers
v0x55d5b12485c0_0 .net *"_ivl_435", 0 0, L_0x55d5b1281940;  1 drivers
v0x55d5b12486a0_0 .net *"_ivl_436", 0 0, L_0x55d5b12819e0;  1 drivers
v0x55d5b1248780_0 .net *"_ivl_439", 0 0, L_0x55d5b1281aa0;  1 drivers
v0x55d5b1248860_0 .net *"_ivl_440", 0 0, L_0x55d5b1281b40;  1 drivers
v0x55d5b1248940_0 .net *"_ivl_442", 0 0, L_0x55d5b1281c00;  1 drivers
v0x55d5b1248a20_0 .net *"_ivl_445", 0 0, L_0x55d5b1282320;  1 drivers
v0x55d5b1248b00_0 .net *"_ivl_446", 0 0, L_0x55d5b12823c0;  1 drivers
v0x55d5b1248be0_0 .net *"_ivl_448", 0 0, L_0x55d5b1282430;  1 drivers
v0x55d5b1248cc0_0 .net *"_ivl_45", 0 0, L_0x55d5b126bcf0;  1 drivers
v0x55d5b1248da0_0 .net *"_ivl_451", 0 0, L_0x55d5b1282540;  1 drivers
v0x55d5b1248e80_0 .net *"_ivl_452", 0 0, L_0x55d5b12825e0;  1 drivers
v0x55d5b1248f60_0 .net *"_ivl_454", 0 0, L_0x55d5b12826a0;  1 drivers
v0x55d5b1249040_0 .net *"_ivl_457", 0 0, L_0x55d5b1282ab0;  1 drivers
v0x55d5b1249120_0 .net *"_ivl_458", 0 0, L_0x55d5b1282b50;  1 drivers
v0x55d5b1249200_0 .net *"_ivl_46", 0 0, L_0x55d5b126b940;  1 drivers
v0x55d5b12492e0_0 .net *"_ivl_460", 0 0, L_0x55d5b1282c10;  1 drivers
v0x55d5b12493c0_0 .net *"_ivl_463", 0 0, L_0x55d5b1282d20;  1 drivers
v0x55d5b12494a0_0 .net *"_ivl_464", 0 0, L_0x55d5b1282dc0;  1 drivers
v0x55d5b1249580_0 .net *"_ivl_466", 0 0, L_0x55d5b1283130;  1 drivers
v0x55d5b1249660_0 .net *"_ivl_469", 0 0, L_0x55d5b1283240;  1 drivers
v0x55d5b1249740_0 .net *"_ivl_470", 0 0, L_0x55d5b12832e0;  1 drivers
v0x55d5b1249820_0 .net *"_ivl_473", 0 0, L_0x55d5b12833a0;  1 drivers
v0x55d5b1249900_0 .net *"_ivl_474", 0 0, L_0x55d5b1283440;  1 drivers
v0x55d5b12499e0_0 .net *"_ivl_476", 0 0, L_0x55d5b1283500;  1 drivers
v0x55d5b1249ac0_0 .net *"_ivl_479", 0 0, L_0x55d5b12838d0;  1 drivers
v0x55d5b1249ba0_0 .net *"_ivl_48", 0 0, L_0x55d5b126bde0;  1 drivers
v0x55d5b1249c80_0 .net *"_ivl_480", 0 0, L_0x55d5b1283970;  1 drivers
v0x55d5b1249d60_0 .net *"_ivl_483", 0 0, L_0x55d5b1283a80;  1 drivers
v0x55d5b1249e40_0 .net *"_ivl_484", 0 0, L_0x55d5b1283b20;  1 drivers
v0x55d5b1249f20_0 .net *"_ivl_487", 0 0, L_0x55d5b1283c30;  1 drivers
v0x55d5b124a000_0 .net *"_ivl_488", 0 0, L_0x55d5b1283cd0;  1 drivers
v0x55d5b124a0e0_0 .net *"_ivl_490", 0 0, L_0x55d5b1284140;  1 drivers
v0x55d5b124a1c0_0 .net *"_ivl_493", 0 0, L_0x55d5b1284250;  1 drivers
v0x55d5b124a2a0_0 .net *"_ivl_494", 0 0, L_0x55d5b12842f0;  1 drivers
v0x55d5b124a380_0 .net *"_ivl_496", 0 0, L_0x55d5b12843b0;  1 drivers
v0x55d5b124a460_0 .net *"_ivl_498", 0 0, L_0x55d5b12844c0;  1 drivers
v0x55d5b124a540_0 .net *"_ivl_5", 0 0, L_0x55d5b126a9e0;  1 drivers
v0x55d5b124a620_0 .net *"_ivl_504", 0 0, L_0x55d5b12849d0;  1 drivers
v0x55d5b124a700_0 .net *"_ivl_505", 0 0, L_0x55d5b1284a70;  1 drivers
v0x55d5b124a7e0_0 .net *"_ivl_508", 0 0, L_0x55d5b1284b30;  1 drivers
v0x55d5b124a8c0_0 .net *"_ivl_509", 0 0, L_0x55d5b1284bd0;  1 drivers
v0x55d5b124a9a0_0 .net *"_ivl_51", 0 0, L_0x55d5b126bf80;  1 drivers
v0x55d5b124aa80_0 .net *"_ivl_511", 0 0, L_0x55d5b1284c90;  1 drivers
v0x55d5b124ab60_0 .net *"_ivl_514", 0 0, L_0x55d5b12850b0;  1 drivers
v0x55d5b124ac40_0 .net *"_ivl_515", 0 0, L_0x55d5b1285480;  1 drivers
v0x55d5b124ad20_0 .net *"_ivl_517", 0 0, L_0x55d5b1285d90;  1 drivers
v0x55d5b124ae00_0 .net *"_ivl_52", 0 0, L_0x55d5b126c080;  1 drivers
v0x55d5b124aee0_0 .net *"_ivl_520", 0 0, L_0x55d5b1285850;  1 drivers
v0x55d5b124afc0_0 .net *"_ivl_521", 0 0, L_0x55d5b12858f0;  1 drivers
v0x55d5b124b0a0_0 .net *"_ivl_524", 0 0, L_0x55d5b1285a00;  1 drivers
v0x55d5b124b180_0 .net *"_ivl_525", 0 0, L_0x55d5b1285aa0;  1 drivers
v0x55d5b124b260_0 .net *"_ivl_527", 0 0, L_0x55d5b1285b60;  1 drivers
v0x55d5b124b340_0 .net *"_ivl_530", 0 0, L_0x55d5b1285c70;  1 drivers
v0x55d5b124b420_0 .net *"_ivl_531", 0 0, L_0x55d5b1285ea0;  1 drivers
v0x55d5b124b500_0 .net *"_ivl_533", 0 0, L_0x55d5b1285f60;  1 drivers
v0x55d5b124b5e0_0 .net *"_ivl_536", 0 0, L_0x55d5b1286070;  1 drivers
v0x55d5b124b6c0_0 .net *"_ivl_537", 0 0, L_0x55d5b1286110;  1 drivers
v0x55d5b124b7a0_0 .net *"_ivl_54", 0 0, L_0x55d5b126c0f0;  1 drivers
v0x55d5b124b880_0 .net *"_ivl_540", 0 0, L_0x55d5b12861d0;  1 drivers
v0x55d5b124b960_0 .net *"_ivl_541", 0 0, L_0x55d5b1286270;  1 drivers
v0x55d5b124ba40_0 .net *"_ivl_543", 0 0, L_0x55d5b1286330;  1 drivers
v0x55d5b124bb20_0 .net *"_ivl_546", 0 0, L_0x55d5b1286780;  1 drivers
v0x55d5b124bc00_0 .net *"_ivl_547", 0 0, L_0x55d5b1286b80;  1 drivers
v0x55d5b124bce0_0 .net *"_ivl_550", 0 0, L_0x55d5b1287530;  1 drivers
v0x55d5b124bdc0_0 .net *"_ivl_551", 0 0, L_0x55d5b12875d0;  1 drivers
v0x55d5b124bea0_0 .net *"_ivl_554", 0 0, L_0x55d5b1286f50;  1 drivers
v0x55d5b124bf80_0 .net *"_ivl_555", 0 0, L_0x55d5b1287360;  1 drivers
v0x55d5b124c060_0 .net *"_ivl_557", 0 0, L_0x55d5b1287420;  1 drivers
v0x55d5b124c140_0 .net *"_ivl_560", 0 0, L_0x55d5b12876e0;  1 drivers
v0x55d5b124c220_0 .net *"_ivl_561", 0 0, L_0x55d5b1287780;  1 drivers
v0x55d5b124c300_0 .net *"_ivl_563", 0 0, L_0x55d5b1287840;  1 drivers
v0x55d5b124c3e0_0 .net *"_ivl_565", 0 0, L_0x55d5b1287950;  1 drivers
v0x55d5b124c4c0_0 .net *"_ivl_57", 0 0, L_0x55d5b126c2a0;  1 drivers
v0x55d5b124c5a0_0 .net *"_ivl_58", 0 0, L_0x55d5b126c340;  1 drivers
v0x55d5b124c680_0 .net *"_ivl_6", 0 0, L_0x55d5b126aad0;  1 drivers
v0x55d5b124c760_0 .net *"_ivl_61", 0 0, L_0x55d5b126c450;  1 drivers
v0x55d5b124c840_0 .net *"_ivl_62", 0 0, L_0x55d5b126c560;  1 drivers
v0x55d5b124c920_0 .net *"_ivl_67", 0 0, L_0x55d5b126c200;  1 drivers
v0x55d5b12451f0_0 .net *"_ivl_68", 0 0, L_0x55d5b126c7e0;  1 drivers
v0x55d5b12452d0_0 .net *"_ivl_71", 0 0, L_0x55d5b126c960;  1 drivers
v0x55d5b12453b0_0 .net *"_ivl_72", 0 0, L_0x55d5b126c4f0;  1 drivers
v0x55d5b1245490_0 .net *"_ivl_74", 0 0, L_0x55d5b126cad0;  1 drivers
v0x55d5b1245570_0 .net *"_ivl_77", 0 0, L_0x55d5b126ccb0;  1 drivers
v0x55d5b1245650_0 .net *"_ivl_78", 0 0, L_0x55d5b126cd50;  1 drivers
v0x55d5b1245730_0 .net *"_ivl_8", 0 0, L_0x55d5b126ab90;  1 drivers
v0x55d5b1245810_0 .net *"_ivl_80", 0 0, L_0x55d5b126ce10;  1 drivers
v0x55d5b12458f0_0 .net *"_ivl_83", 0 0, L_0x55d5b126d000;  1 drivers
v0x55d5b124d9f0_0 .net *"_ivl_84", 0 0, L_0x55d5b126d340;  1 drivers
v0x55d5b124dad0_0 .net *"_ivl_87", 0 0, L_0x55d5b126d450;  1 drivers
v0x55d5b124dbb0_0 .net *"_ivl_88", 0 0, L_0x55d5b126d4f0;  1 drivers
v0x55d5b124dc90_0 .net *"_ivl_90", 0 0, L_0x55d5b126d6a0;  1 drivers
v0x55d5b124dd70_0 .net *"_ivl_93", 0 0, L_0x55d5b126d7b0;  1 drivers
v0x55d5b124de50_0 .net *"_ivl_94", 0 0, L_0x55d5b126d8f0;  1 drivers
v0x55d5b124df30_0 .net *"_ivl_99", 0 0, L_0x55d5b126dc10;  1 drivers
v0x55d5b124e010_0 .net "aluop", 1 0, L_0x55d5b12848e0;  alias, 1 drivers
v0x55d5b124e0d0_0 .net "alusrc", 0 0, L_0x55d5b12781b0;  alias, 1 drivers
v0x55d5b124e170_0 .net "branch", 0 0, L_0x55d5b126dab0;  alias, 1 drivers
v0x55d5b124e230_0 .net "jump", 0 0, L_0x55d5b126c6d0;  alias, 1 drivers
v0x55d5b124e2f0_0 .net "mem_read", 0 0, L_0x55d5b126eb80;  alias, 1 drivers
v0x55d5b124e3b0_0 .net "mem_to_reg", 0 0, L_0x55d5b126fef0;  alias, 1 drivers
v0x55d5b124e470_0 .net "mem_write", 0 0, L_0x55d5b12709a0;  alias, 1 drivers
v0x55d5b124e530_0 .net "opcode", 5 0, L_0x55d5b1287ab0;  1 drivers
v0x55d5b124e610_0 .net "reg_dest", 0 0, L_0x55d5b126b720;  alias, 1 drivers
v0x55d5b124e6d0_0 .net "reg_write", 0 0, L_0x55d5b12821c0;  alias, 1 drivers
L_0x55d5b126a880 .part L_0x55d5b1287ab0, 5, 1;
L_0x55d5b126a9e0 .part L_0x55d5b1287ab0, 4, 1;
L_0x55d5b126aca0 .part L_0x55d5b1287ab0, 3, 1;
L_0x55d5b126af40 .part L_0x55d5b1287ab0, 2, 1;
L_0x55d5b126b260 .part L_0x55d5b1287ab0, 1, 1;
L_0x55d5b126b520 .part L_0x55d5b1287ab0, 0, 1;
L_0x55d5b126b7e0 .part L_0x55d5b1287ab0, 5, 1;
L_0x55d5b126b9b0 .part L_0x55d5b1287ab0, 4, 1;
L_0x55d5b126bcf0 .part L_0x55d5b1287ab0, 3, 1;
L_0x55d5b126bf80 .part L_0x55d5b1287ab0, 2, 1;
L_0x55d5b126c2a0 .part L_0x55d5b1287ab0, 1, 1;
L_0x55d5b126c450 .part L_0x55d5b1287ab0, 0, 1;
L_0x55d5b126c200 .part L_0x55d5b1287ab0, 5, 1;
L_0x55d5b126c960 .part L_0x55d5b1287ab0, 4, 1;
L_0x55d5b126ccb0 .part L_0x55d5b1287ab0, 3, 1;
L_0x55d5b126d000 .part L_0x55d5b1287ab0, 2, 1;
L_0x55d5b126d450 .part L_0x55d5b1287ab0, 1, 1;
L_0x55d5b126d7b0 .part L_0x55d5b1287ab0, 0, 1;
L_0x55d5b126dc10 .part L_0x55d5b1287ab0, 5, 1;
L_0x55d5b126dcb0 .part L_0x55d5b1287ab0, 4, 1;
L_0x55d5b126d850 .part L_0x55d5b1287ab0, 3, 1;
L_0x55d5b126e3d0 .part L_0x55d5b1287ab0, 2, 1;
L_0x55d5b126e720 .part L_0x55d5b1287ab0, 1, 1;
L_0x55d5b126ea10 .part L_0x55d5b1287ab0, 0, 1;
L_0x55d5b126ec40 .part L_0x55d5b1287ab0, 5, 1;
L_0x55d5b126ece0 .part L_0x55d5b1287ab0, 4, 1;
L_0x55d5b126f180 .part L_0x55d5b1287ab0, 3, 1;
L_0x55d5b126f550 .part L_0x55d5b1287ab0, 2, 1;
L_0x55d5b126fa20 .part L_0x55d5b1287ab0, 1, 1;
L_0x55d5b126fd50 .part L_0x55d5b1287ab0, 0, 1;
L_0x55d5b1270000 .part L_0x55d5b1287ab0, 5, 1;
L_0x55d5b12700a0 .part L_0x55d5b1287ab0, 4, 1;
L_0x55d5b12705b0 .part L_0x55d5b1287ab0, 3, 1;
L_0x55d5b1270900 .part L_0x55d5b1287ab0, 2, 1;
L_0x55d5b1270e40 .part L_0x55d5b1287ab0, 1, 1;
L_0x55d5b1270ff0 .part L_0x55d5b1287ab0, 0, 1;
L_0x55d5b1271380 .part L_0x55d5b1287ab0, 5, 1;
L_0x55d5b12714e0 .part L_0x55d5b1287ab0, 4, 1;
L_0x55d5b1271a60 .part L_0x55d5b1287ab0, 3, 1;
L_0x55d5b1271df0 .part L_0x55d5b1287ab0, 2, 1;
L_0x55d5b12723a0 .part L_0x55d5b1287ab0, 1, 1;
L_0x55d5b1272810 .part L_0x55d5b1287ab0, 0, 1;
L_0x55d5b1272df0 .part L_0x55d5b1287ab0, 5, 1;
L_0x55d5b1272f50 .part L_0x55d5b1287ab0, 4, 1;
L_0x55d5b1273550 .part L_0x55d5b1287ab0, 3, 1;
L_0x55d5b1273930 .part L_0x55d5b1287ab0, 2, 1;
L_0x55d5b1273c60 .part L_0x55d5b1287ab0, 1, 1;
L_0x55d5b1274110 .part L_0x55d5b1287ab0, 0, 1;
L_0x55d5b1274ad0 .part L_0x55d5b1287ab0, 5, 1;
L_0x55d5b1274b70 .part L_0x55d5b1287ab0, 4, 1;
L_0x55d5b12751f0 .part L_0x55d5b1287ab0, 3, 1;
L_0x55d5b12756e0 .part L_0x55d5b1287ab0, 2, 1;
L_0x55d5b1275d90 .part L_0x55d5b1287ab0, 1, 1;
L_0x55d5b1275f40 .part L_0x55d5b1287ab0, 0, 1;
L_0x55d5b1276660 .part L_0x55d5b1287ab0, 5, 1;
L_0x55d5b1276700 .part L_0x55d5b1287ab0, 4, 1;
L_0x55d5b1276df0 .part L_0x55d5b1287ab0, 3, 1;
L_0x55d5b1277260 .part L_0x55d5b1287ab0, 2, 1;
L_0x55d5b1277980 .part L_0x55d5b1287ab0, 1, 1;
L_0x55d5b1277b30 .part L_0x55d5b1287ab0, 0, 1;
L_0x55d5b1278310 .part L_0x55d5b1287ab0, 5, 1;
L_0x55d5b1278760 .part L_0x55d5b1287ab0, 4, 1;
L_0x55d5b1278ed0 .part L_0x55d5b1287ab0, 3, 1;
L_0x55d5b1279450 .part L_0x55d5b1287ab0, 2, 1;
L_0x55d5b127a400 .part L_0x55d5b1287ab0, 1, 1;
L_0x55d5b127a9a0 .part L_0x55d5b1287ab0, 0, 1;
L_0x55d5b127b170 .part L_0x55d5b1287ab0, 5, 1;
L_0x55d5b127b2d0 .part L_0x55d5b1287ab0, 4, 1;
L_0x55d5b127bac0 .part L_0x55d5b1287ab0, 3, 1;
L_0x55d5b127bfd0 .part L_0x55d5b1287ab0, 2, 1;
L_0x55d5b127c7f0 .part L_0x55d5b1287ab0, 1, 1;
L_0x55d5b127cde0 .part L_0x55d5b1287ab0, 0, 1;
L_0x55d5b127d740 .part L_0x55d5b1287ab0, 5, 1;
L_0x55d5b127dc40 .part L_0x55d5b1287ab0, 4, 1;
L_0x55d5b127e4c0 .part L_0x55d5b1287ab0, 3, 1;
L_0x55d5b127e670 .part L_0x55d5b1287ab0, 2, 1;
L_0x55d5b127ee50 .part L_0x55d5b1287ab0, 1, 1;
L_0x55d5b127f490 .part L_0x55d5b1287ab0, 0, 1;
L_0x55d5b127fe70 .part L_0x55d5b1287ab0, 5, 1;
L_0x55d5b127ff10 .part L_0x55d5b1287ab0, 4, 1;
L_0x55d5b1280800 .part L_0x55d5b1287ab0, 3, 1;
L_0x55d5b1280e70 .part L_0x55d5b1287ab0, 2, 1;
L_0x55d5b1281790 .part L_0x55d5b1287ab0, 1, 1;
L_0x55d5b1281d60 .part L_0x55d5b1287ab0, 0, 1;
L_0x55d5b1281940 .part L_0x55d5b1287ab0, 5, 1;
L_0x55d5b1281aa0 .part L_0x55d5b1287ab0, 4, 1;
L_0x55d5b1282320 .part L_0x55d5b1287ab0, 3, 1;
L_0x55d5b1282540 .part L_0x55d5b1287ab0, 2, 1;
L_0x55d5b1282ab0 .part L_0x55d5b1287ab0, 1, 1;
L_0x55d5b1282d20 .part L_0x55d5b1287ab0, 0, 1;
L_0x55d5b1283240 .part L_0x55d5b1287ab0, 5, 1;
L_0x55d5b12833a0 .part L_0x55d5b1287ab0, 4, 1;
L_0x55d5b12838d0 .part L_0x55d5b1287ab0, 3, 1;
L_0x55d5b1283a80 .part L_0x55d5b1287ab0, 2, 1;
L_0x55d5b1283c30 .part L_0x55d5b1287ab0, 1, 1;
L_0x55d5b1284250 .part L_0x55d5b1287ab0, 0, 1;
L_0x55d5b12848e0 .concat8 [ 1 1 0 0], L_0x55d5b1287950, L_0x55d5b12844c0;
L_0x55d5b12849d0 .part L_0x55d5b1287ab0, 5, 1;
L_0x55d5b1284b30 .part L_0x55d5b1287ab0, 4, 1;
L_0x55d5b12850b0 .part L_0x55d5b1287ab0, 3, 1;
L_0x55d5b1285850 .part L_0x55d5b1287ab0, 2, 1;
L_0x55d5b1285a00 .part L_0x55d5b1287ab0, 1, 1;
L_0x55d5b1285c70 .part L_0x55d5b1287ab0, 0, 1;
L_0x55d5b1286070 .part L_0x55d5b1287ab0, 5, 1;
L_0x55d5b12861d0 .part L_0x55d5b1287ab0, 4, 1;
L_0x55d5b1286780 .part L_0x55d5b1287ab0, 3, 1;
L_0x55d5b1287530 .part L_0x55d5b1287ab0, 2, 1;
L_0x55d5b1286f50 .part L_0x55d5b1287ab0, 1, 1;
L_0x55d5b12876e0 .part L_0x55d5b1287ab0, 0, 1;
S_0x55d5b121e680 .scope module, "data_memory1" "data_memory" 3 74, 7 8 0, S_0x55d5b11a11d0;
 .timescale 0 0;
    .port_info 0 /INPUT 8 "addr";
    .port_info 1 /INPUT 32 "write_data";
    .port_info 2 /OUTPUT 32 "read_data";
    .port_info 3 /INPUT 1 "clk";
    .port_info 4 /INPUT 1 "reset";
    .port_info 5 /INPUT 1 "mem_read";
    .port_info 6 /INPUT 1 "mem_write";
v0x55d5b124ea20_0 .net *"_ivl_2", 31 0, L_0x55d5b126a6b0;  1 drivers
L_0x7fc9579361c8 .functor BUFT 1, C4<xxxxxxxxxxxxxxxxxxxxxxxxxxxxxxxx>, C4<0>, C4<0>, C4<0>;
v0x55d5b124eb20_0 .net *"_ivl_4", 31 0, L_0x7fc9579361c8;  1 drivers
v0x55d5b124ec00_0 .net "addr", 7 0, L_0x55d5b1258e30;  alias, 1 drivers
v0x55d5b124ecc0_0 .net "clk", 0 0, v0x55d5b1256bc0_0;  alias, 1 drivers
v0x55d5b124ed80 .array "dmemory", 0 63, 31 0;
v0x55d5b124ee90_0 .var/i "k", 31 0;
v0x55d5b124ef70_0 .net "mem_read", 0 0, L_0x55d5b126eb80;  alias, 1 drivers
v0x55d5b124f010_0 .net "mem_write", 0 0, L_0x55d5b12709a0;  alias, 1 drivers
v0x55d5b124f0e0_0 .net "read_data", 31 0, L_0x55d5b126a7e0;  alias, 1 drivers
v0x55d5b124f180_0 .net "reset", 0 0, v0x55d5b1258c00_0;  alias, 1 drivers
v0x55d5b124f240_0 .net "shifted_addr", 5 0, L_0x55d5b126a610;  1 drivers
v0x55d5b124f320_0 .net "write_data", 31 0, L_0x55d5b126a3c0;  alias, 1 drivers
E_0x55d5b1222ea0 .event posedge, v0x55d5b124f180_0, v0x55d5b124ecc0_0;
L_0x55d5b126a610 .part L_0x55d5b1258e30, 2, 6;
L_0x55d5b126a6b0 .array/port v0x55d5b124ed80, L_0x55d5b1258e30;
L_0x55d5b126a7e0 .functor MUXZ 32, L_0x7fc9579361c8, L_0x55d5b126a6b0, L_0x55d5b126eb80, C4<>;
S_0x55d5b121ea30 .scope module, "instruction_memory1" "instruction_memory" 3 72, 8 7 0, S_0x55d5b11a11d0;
 .timescale 0 0;
    .port_info 0 /INPUT 7 "read_addr";
    .port_info 1 /OUTPUT 32 "instruction";
    .port_info 2 /INPUT 1 "reset";
L_0x55d5b1269c30 .functor BUFZ 32, L_0x55d5b12699d0, C4<00000000000000000000000000000000>, C4<00000000000000000000000000000000>, C4<00000000000000000000000000000000>;
v0x55d5b124f5e0 .array "Imemory", 0 63, 31 0;
v0x55d5b124f6c0_0 .net *"_ivl_1", 4 0, L_0x55d5b12697f0;  1 drivers
L_0x7fc9579360f0 .functor BUFT 1, C4<00>, C4<0>, C4<0>, C4<0>;
v0x55d5b124f7a0_0 .net *"_ivl_11", 1 0, L_0x7fc9579360f0;  1 drivers
L_0x7fc9579360a8 .functor BUFT 1, C4<0>, C4<0>, C4<0>, C4<0>;
v0x55d5b124f860_0 .net *"_ivl_5", 0 0, L_0x7fc9579360a8;  1 drivers
v0x55d5b124f940_0 .net *"_ivl_6", 31 0, L_0x55d5b12699d0;  1 drivers
v0x55d5b124fa70_0 .net *"_ivl_8", 7 0, L_0x55d5b1269a70;  1 drivers
v0x55d5b124fb50_0 .net "instruction", 31 0, L_0x55d5b1269c30;  alias, 1 drivers
v0x55d5b124fc30_0 .var/i "k", 31 0;
v0x55d5b124fd10_0 .net "read_addr", 6 0, L_0x55d5b1269d40;  1 drivers
v0x55d5b124fdf0_0 .net "reset", 0 0, v0x55d5b1258c00_0;  alias, 1 drivers
v0x55d5b124fe90_0 .net "shifted_read_addr", 5 0, L_0x55d5b1269890;  1 drivers
E_0x55d5b1135d10 .event posedge, v0x55d5b124f180_0;
L_0x55d5b12697f0 .part L_0x55d5b1269d40, 2, 5;
L_0x55d5b1269890 .concat [ 5 1 0 0], L_0x55d5b12697f0, L_0x7fc9579360a8;
L_0x55d5b12699d0 .array/port v0x55d5b124f5e0, L_0x55d5b1269a70;
L_0x55d5b1269a70 .concat [ 6 2 0 0], L_0x55d5b1269890, L_0x7fc9579360f0;
S_0x55d5b124ffd0 .scope module, "jump_shift1" "jump_shiftleft2" 3 79, 9 7 0, S_0x55d5b11a11d0;
 .timescale 0 0;
    .port_info 0 /INPUT 26 "shift_in";
    .port_info 1 /OUTPUT 28 "shift_out";
L_0x7fc957936330 .functor BUFT 1, C4<00>, C4<0>, C4<0>, C4<0>;
v0x55d5b12501a0_0 .net/2u *"_ivl_0", 1 0, L_0x7fc957936330;  1 drivers
v0x55d5b12502a0_0 .net "shift_in", 25 0, L_0x55d5b1292bd0;  1 drivers
v0x55d5b1250380_0 .net "shift_out", 27 0, L_0x55d5b1292ae0;  alias, 1 drivers
L_0x55d5b1292ae0 .concat [ 2 26 0 0], L_0x7fc957936330, L_0x55d5b1292bd0;
S_0x55d5b12504d0 .scope module, "program_counter1" "program_counter" 3 71, 10 5 0, S_0x55d5b11a11d0;
 .timescale 0 0;
    .port_info 0 /INPUT 1 "clk";
    .port_info 1 /INPUT 1 "reset";
    .port_info 2 /INPUT 7 "pc_in";
    .port_info 3 /OUTPUT 7 "pc_out";
v0x55d5b12506e0_0 .net "clk", 0 0, v0x55d5b1256bc0_0;  alias, 1 drivers
v0x55d5b12507b0_0 .net "pc_in", 6 0, L_0x55d5b1269570;  1 drivers
v0x55d5b1250870_0 .var "pc_out", 6 0;
v0x55d5b1250960_0 .net "reset", 0 0, v0x55d5b1258c00_0;  alias, 1 drivers
S_0x55d5b1250ad0 .scope module, "program_counter10" "mux_N_bit" 3 80, 11 6 0, S_0x55d5b11a11d0;
 .timescale 0 0;
    .port_info 0 /INPUT 5 "in0";
    .port_info 1 /INPUT 5 "in1";
    .port_info 2 /OUTPUT 5 "mux_out";
    .port_info 3 /INPUT 1 "control";
P_0x55d5b1250cb0 .param/l "N" 0 11 7, +C4<00000000000000000000000000000101>;
v0x55d5b1250e80_0 .net "control", 0 0, L_0x55d5b126b720;  alias, 1 drivers
v0x55d5b1250f70_0 .net "in0", 4 0, L_0x55d5b1292de0;  1 drivers
v0x55d5b1251030_0 .net "in1", 4 0, L_0x55d5b1292e80;  1 drivers
v0x55d5b1251120_0 .net "mux_out", 4 0, L_0x55d5b1292d40;  alias, 1 drivers
L_0x55d5b1292d40 .functor MUXZ 5, L_0x55d5b1292de0, L_0x55d5b1292e80, L_0x55d5b126b720, C4<>;
S_0x55d5b12512b0 .scope module, "program_counter11" "mux_N_bit" 3 81, 11 6 0, S_0x55d5b11a11d0;
 .timescale 0 0;
    .port_info 0 /INPUT 32 "in0";
    .port_info 1 /INPUT 32 "in1";
    .port_info 2 /OUTPUT 32 "mux_out";
    .port_info 3 /INPUT 1 "control";
P_0x55d5b124f4e0 .param/l "N" 0 11 7, +C4<00000000000000000000000000100000>;
v0x55d5b1251610_0 .net "control", 0 0, o0x7fc9579848c8;  alias, 0 drivers
v0x55d5b12516f0_0 .net "in0", 31 0, L_0x55d5b126a3c0;  alias, 1 drivers
v0x55d5b12517e0_0 .net "in1", 31 0, L_0x55d5b1292540;  alias, 1 drivers
v0x55d5b12518e0_0 .net "mux_out", 31 0, L_0x55d5b1293000;  alias, 1 drivers
L_0x55d5b1293000 .functor MUXZ 32, L_0x55d5b126a3c0, L_0x55d5b1292540, o0x7fc9579848c8, C4<>;
S_0x55d5b1251a30 .scope module, "program_counter12" "mux_N_bit" 3 82, 11 6 0, S_0x55d5b11a11d0;
 .timescale 0 0;
    .port_info 0 /INPUT 32 "in0";
    .port_info 1 /INPUT 32 "in1";
    .port_info 2 /OUTPUT 32 "mux_out";
    .port_info 3 /INPUT 1 "control";
P_0x55d5b1251c10 .param/l "N" 0 11 7, +C4<00000000000000000000000000100000>;
v0x55d5b1251d50_0 .net "control", 0 0, L_0x55d5b126fef0;  alias, 1 drivers
v0x55d5b1251e40_0 .net "in0", 31 0, v0x55d5b12532f0_0;  alias, 1 drivers
v0x55d5b1251f00_0 .net "in1", 31 0, L_0x55d5b126a7e0;  alias, 1 drivers
v0x55d5b1252000_0 .net "mux_out", 31 0, L_0x55d5b12930f0;  alias, 1 drivers
L_0x55d5b12930f0 .functor MUXZ 32, v0x55d5b12532f0_0, L_0x55d5b126a7e0, L_0x55d5b126fef0, C4<>;
S_0x55d5b1252170 .scope module, "program_counter13" "mux_N_bit" 3 83, 11 6 0, S_0x55d5b11a11d0;
 .timescale 0 0;
    .port_info 0 /INPUT 32 "in0";
    .port_info 1 /INPUT 32 "in1";
    .port_info 2 /OUTPUT 32 "mux_out";
    .port_info 3 /INPUT 1 "control";
P_0x55d5b1252350 .param/l "N" 0 11 7, +C4<00000000000000000000000000100000>;
v0x55d5b1252490_0 .net "control", 0 0, L_0x55d5b1292460;  alias, 1 drivers
v0x55d5b1252570_0 .net "in0", 31 0, L_0x55d5b1293480;  alias, 1 drivers
v0x55d5b1252650_0 .net "in1", 31 0, L_0x55d5b1293520;  alias, 1 drivers
v0x55d5b1252740_0 .net "mux_out", 31 0, L_0x55d5b1293220;  alias, 1 drivers
L_0x55d5b1293220 .functor MUXZ 32, L_0x55d5b1293480, L_0x55d5b1293520, L_0x55d5b1292460, C4<>;
S_0x55d5b12528d0 .scope module, "program_counter14" "mux_N_bit" 3 84, 11 6 0, S_0x55d5b11a11d0;
 .timescale 0 0;
    .port_info 0 /INPUT 32 "in0";
    .port_info 1 /INPUT 32 "in1";
    .port_info 2 /OUTPUT 32 "mux_out";
    .port_info 3 /INPUT 1 "control";
P_0x55d5b1252ab0 .param/l "N" 0 11 7, +C4<00000000000000000000000000100000>;
v0x55d5b1252bf0_0 .net "control", 0 0, L_0x55d5b126c6d0;  alias, 1 drivers
v0x55d5b1252ce0_0 .net "in0", 31 0, L_0x55d5b1293220;  alias, 1 drivers
v0x55d5b1252db0_0 .net "in1", 31 0, L_0x55d5b1269380;  alias, 1 drivers
v0x55d5b1252e80_0 .net "mux_out", 31 0, L_0x55d5b12932c0;  alias, 1 drivers
L_0x55d5b12932c0 .functor MUXZ 32, L_0x55d5b1293220, L_0x55d5b1269380, L_0x55d5b126c6d0, C4<>;
S_0x55d5b1253010 .scope module, "program_counter15" "alu" 3 85, 12 6 0, S_0x55d5b11a11d0;
 .timescale 0 0;
    .port_info 0 /INPUT 32 "in_a";
    .port_info 1 /INPUT 32 "in_b";
    .port_info 2 /OUTPUT 32 "alu_out";
    .port_info 3 /OUTPUT 1 "zero";
    .port_info 4 /INPUT 4 "control";
v0x55d5b12532f0_0 .var "alu_out", 31 0;
v0x55d5b1253400_0 .net "control", 3 0, L_0x55d5b128eea0;  alias, 1 drivers
v0x55d5b12534d0_0 .net "in_a", 31 0, L_0x55d5b126a0b0;  alias, 1 drivers
v0x55d5b12535a0_0 .net "in_b", 31 0, L_0x55d5b1293000;  alias, 1 drivers
v0x55d5b1253690_0 .var "zero", 0 0;
E_0x55d5b1253270 .event edge, v0x55d5b12518e0_0, v0x55d5b12534d0_0, v0x55d5b123d660_0;
S_0x55d5b1253820 .scope module, "program_counter16" "alu_add_only" 3 86, 13 5 0, S_0x55d5b11a11d0;
 .timescale 0 0;
    .port_info 0 /INPUT 32 "in_a";
    .port_info 1 /INPUT 32 "in_b";
    .port_info 2 /OUTPUT 32 "add_out";
v0x55d5b1253a70_0 .net "add_out", 31 0, L_0x55d5b1293480;  alias, 1 drivers
v0x55d5b1253b50_0 .net "in_a", 31 0, L_0x55d5b1269170;  alias, 1 drivers
L_0x7fc957936378 .functor BUFT 1, C4<00000000000000000000000000000100>, C4<0>, C4<0>, C4<0>;
v0x55d5b1253c10_0 .net "in_b", 31 0, L_0x7fc957936378;  1 drivers
L_0x55d5b1293480 .arith/sum 32, L_0x55d5b1269170, L_0x7fc957936378;
S_0x55d5b1253d80 .scope module, "program_counter17" "alu_add_only" 3 87, 13 5 0, S_0x55d5b11a11d0;
 .timescale 0 0;
    .port_info 0 /INPUT 32 "in_a";
    .port_info 1 /INPUT 32 "in_b";
    .port_info 2 /OUTPUT 32 "add_out";
v0x55d5b1253fb0_0 .net "add_out", 31 0, L_0x55d5b1293520;  alias, 1 drivers
v0x55d5b12540c0_0 .net "in_a", 31 0, L_0x55d5b1293480;  alias, 1 drivers
v0x55d5b12541b0_0 .net "in_b", 31 0, L_0x55d5b12929a0;  alias, 1 drivers
L_0x55d5b1293520 .arith/sum 32, L_0x55d5b1293480, L_0x55d5b12929a0;
S_0x55d5b12542e0 .scope module, "register_file1" "register_file" 3 73, 14 7 0, S_0x55d5b11a11d0;
 .timescale 0 0;
    .port_info 0 /INPUT 5 "read_addr_1";
    .port_info 1 /INPUT 5 "read_addr_2";
    .port_info 2 /INPUT 5 "write_addr";
    .port_info 3 /OUTPUT 32 "read_data_1";
    .port_info 4 /OUTPUT 32 "read_data_2";
    .port_info 5 /INPUT 32 "write_data";
    .port_info 6 /INPUT 1 "reg_write";
    .port_info 7 /INPUT 1 "clk";
    .port_info 8 /INPUT 1 "reset";
L_0x55d5b126a0b0 .functor BUFZ 32, L_0x55d5b1269e30, C4<00000000000000000000000000000000>, C4<00000000000000000000000000000000>, C4<00000000000000000000000000000000>;
L_0x55d5b126a3c0 .functor BUFZ 32, L_0x55d5b126a1b0, C4<00000000000000000000000000000000>, C4<00000000000000000000000000000000>, C4<00000000000000000000000000000000>;
v0x55d5b1254650_0 .net *"_ivl_0", 31 0, L_0x55d5b1269e30;  1 drivers
v0x55d5b1254750_0 .net *"_ivl_10", 6 0, L_0x55d5b126a250;  1 drivers
L_0x7fc957936180 .functor BUFT 1, C4<00>, C4<0>, C4<0>, C4<0>;
v0x55d5b1254830_0 .net *"_ivl_13", 1 0, L_0x7fc957936180;  1 drivers
v0x55d5b1254920_0 .net *"_ivl_2", 6 0, L_0x55d5b1269ed0;  1 drivers
L_0x7fc957936138 .functor BUFT 1, C4<00>, C4<0>, C4<0>, C4<0>;
v0x55d5b1254a00_0 .net *"_ivl_5", 1 0, L_0x7fc957936138;  1 drivers
v0x55d5b1254b30_0 .net *"_ivl_8", 31 0, L_0x55d5b126a1b0;  1 drivers
v0x55d5b1254c10_0 .net "clk", 0 0, L_0x55d5b12936e0;  alias, 1 drivers
v0x55d5b1254cd0_0 .var/i "k", 31 0;
v0x55d5b1254db0_0 .net "read_addr_1", 4 0, v0x55d5b12579c0_0;  alias, 1 drivers
v0x55d5b1254e90_0 .net "read_addr_2", 4 0, L_0x55d5b126a4c0;  1 drivers
v0x55d5b1254f70_0 .net "read_data_1", 31 0, L_0x55d5b126a0b0;  alias, 1 drivers
v0x55d5b1255030_0 .net "read_data_2", 31 0, L_0x55d5b126a3c0;  alias, 1 drivers
v0x55d5b12550d0 .array "reg_file", 0 31, 31 0;
v0x55d5b1255190_0 .net "reg_write", 0 0, L_0x55d5b12938c0;  alias, 1 drivers
v0x55d5b1255250_0 .net "reset", 0 0, v0x55d5b1258c00_0;  alias, 1 drivers
v0x55d5b12552f0_0 .net "write_addr", 4 0, L_0x55d5b1292d40;  alias, 1 drivers
v0x55d5b12553b0_0 .net "write_data", 31 0, L_0x55d5b12930f0;  alias, 1 drivers
E_0x55d5b12545f0 .event posedge, v0x55d5b124f180_0, v0x55d5b1254c10_0;
L_0x55d5b1269e30 .array/port v0x55d5b12550d0, L_0x55d5b1269ed0;
L_0x55d5b1269ed0 .concat [ 5 2 0 0], v0x55d5b12579c0_0, L_0x7fc957936138;
L_0x55d5b126a1b0 .array/port v0x55d5b12550d0, L_0x55d5b126a250;
L_0x55d5b126a250 .concat [ 5 2 0 0], L_0x55d5b126a4c0, L_0x7fc957936180;
S_0x55d5b12555d0 .scope module, "sign_extension1" "sign_extension" 3 77, 15 2 0, S_0x55d5b11a11d0;
 .timescale 0 0;
    .port_info 0 /INPUT 16 "sign_in";
    .port_info 1 /OUTPUT 32 "sign_out";
L_0x55d5b12924d0 .functor BUFZ 16, L_0x55d5b1292860, C4<0000000000000000>, C4<0000000000000000>, C4<0000000000000000>;
L_0x7fc9579362a0 .functor BUFT 1, C4<0000000000000000>, C4<0>, C4<0>, C4<0>;
v0x55d5b12557c0_0 .net/2u *"_ivl_11", 15 0, L_0x7fc9579362a0;  1 drivers
v0x55d5b12558c0_0 .net *"_ivl_13", 15 0, L_0x55d5b12926d0;  1 drivers
v0x55d5b12559a0_0 .net *"_ivl_3", 15 0, L_0x55d5b12924d0;  1 drivers
v0x55d5b1255a90_0 .net *"_ivl_8", 0 0, L_0x55d5b12925e0;  1 drivers
L_0x7fc957936258 .functor BUFT 1, C4<1111111111111111>, C4<0>, C4<0>, C4<0>;
v0x55d5b1255b70_0 .net/2u *"_ivl_9", 15 0, L_0x7fc957936258;  1 drivers
v0x55d5b1255ca0_0 .net "sign_in", 15 0, L_0x55d5b1292860;  1 drivers
v0x55d5b1255d80_0 .net "sign_out", 31 0, L_0x55d5b1292540;  alias, 1 drivers
L_0x55d5b1292540 .concat8 [ 16 16 0 0], L_0x55d5b12924d0, L_0x55d5b12926d0;
L_0x55d5b12925e0 .part L_0x55d5b1292860, 15, 1;
L_0x55d5b12926d0 .functor MUXZ 16, L_0x7fc9579362a0, L_0x7fc957936258, L_0x55d5b12925e0, C4<>;
    .scope S_0x55d5b12504d0;
T_0 ;
    %wait E_0x55d5b1222ea0;
    %load/vec4 v0x55d5b1250960_0;
    %cmpi/e 1, 0, 1;
    %jmp/0xz  T_0.0, 4;
    %pushi/vec4 0, 0, 7;
    %assign/vec4 v0x55d5b1250870_0, 0;
    %jmp T_0.1;
T_0.0 ;
    %load/vec4 v0x55d5b12507b0_0;
    %assign/vec4 v0x55d5b1250870_0, 0;
T_0.1 ;
    %jmp T_0;
    .thread T_0;
    .scope S_0x55d5b121ea30;
T_1 ;
    %wait E_0x55d5b1135d10;
    %pushi/vec4 16, 0, 32;
    %store/vec4 v0x55d5b124fc30_0, 0, 32;
T_1.0 ;
    %load/vec4 v0x55d5b124fc30_0;
    %cmpi/s 32, 0, 32;
    %jmp/0xz T_1.1, 5;
    %pushi/vec4 0, 0, 32;
    %ix/getv/s 4, v0x55d5b124fc30_0;
    %store/vec4a v0x55d5b124f5e0, 4, 0;
    %load/vec4 v0x55d5b124fc30_0;
    %addi 1, 0, 32;
    %store/vec4 v0x55d5b124fc30_0, 0, 32;
    %jmp T_1.0;
T_1.1 ;
    %pushi/vec4 537395232, 0, 32;
    %ix/load 4, 0, 0;
    %flag_set/imm 4, 0;
    %store/vec4a v0x55d5b124f5e0, 4, 0;
    %pushi/vec4 537460791, 0, 32;
    %ix/load 4, 1, 0;
    %flag_set/imm 4, 0;
    %store/vec4a v0x55d5b124f5e0, 4, 0;
    %pushi/vec4 17399844, 0, 32;
    %ix/load 4, 2, 0;
    %flag_set/imm 4, 0;
    %store/vec4a v0x55d5b124f5e0, 4, 0;
    %pushi/vec4 17399845, 0, 32;
    %ix/load 4, 3, 0;
    %flag_set/imm 4, 0;
    %store/vec4a v0x55d5b124f5e0, 4, 0;
    %pushi/vec4 2886729732, 0, 32;
    %ix/load 4, 4, 0;
    %flag_set/imm 4, 0;
    %store/vec4a v0x55d5b124f5e0, 4, 0;
    %pushi/vec4 2886205448, 0, 32;
    %ix/load 4, 5, 0;
    %flag_set/imm 4, 0;
    %store/vec4a v0x55d5b124f5e0, 4, 0;
    %pushi/vec4 17401888, 0, 32;
    %ix/load 4, 6, 0;
    %flag_set/imm 4, 0;
    %store/vec4a v0x55d5b124f5e0, 4, 0;
    %pushi/vec4 17403938, 0, 32;
    %ix/load 4, 7, 0;
    %flag_set/imm 4, 0;
    %store/vec4a v0x55d5b124f5e0, 4, 0;
    %pushi/vec4 305266697, 0, 32;
    %ix/load 4, 8, 0;
    %flag_set/imm 4, 0;
    %store/vec4a v0x55d5b124f5e0, 4, 0;
    %pushi/vec4 2349924356, 0, 32;
    %ix/load 4, 9, 0;
    %flag_set/imm 4, 0;
    %store/vec4a v0x55d5b124f5e0, 4, 0;
    %pushi/vec4 842137672, 0, 32;
    %ix/load 4, 10, 0;
    %flag_set/imm 4, 0;
    %store/vec4a v0x55d5b124f5e0, 4, 0;
    %pushi/vec4 305266697, 0, 32;
    %ix/load 4, 11, 0;
    %flag_set/imm 4, 0;
    %store/vec4a v0x55d5b124f5e0, 4, 0;
    %pushi/vec4 2350055432, 0, 32;
    %ix/load 4, 12, 0;
    %flag_set/imm 4, 0;
    %store/vec4a v0x55d5b124f5e0, 4, 0;
    %pushi/vec4 303235082, 0, 32;
    %ix/load 4, 13, 0;
    %flag_set/imm 4, 0;
    %store/vec4a v0x55d5b124f5e0, 4, 0;
    %pushi/vec4 38903850, 0, 32;
    %ix/load 4, 14, 0;
    %flag_set/imm 4, 0;
    %store/vec4a v0x55d5b124f5e0, 4, 0;
    %pushi/vec4 310378511, 0, 32;
    %ix/load 4, 15, 0;
    %flag_set/imm 4, 0;
    %store/vec4a v0x55d5b124f5e0, 4, 0;
    %pushi/vec4 35688480, 0, 32;
    %ix/load 4, 16, 0;
    %flag_set/imm 4, 0;
    %store/vec4a v0x55d5b124f5e0, 4, 0;
    %pushi/vec4 134217742, 0, 32;
    %ix/load 4, 17, 0;
    %flag_set/imm 4, 0;
    %store/vec4a v0x55d5b124f5e0, 4, 0;
    %pushi/vec4 537395200, 0, 32;
    %ix/load 4, 18, 0;
    %flag_set/imm 4, 0;
    %store/vec4a v0x55d5b124f5e0, 4, 0;
    %pushi/vec4 537460736, 0, 32;
    %ix/load 4, 19, 0;
    %flag_set/imm 4, 0;
    %store/vec4a v0x55d5b124f5e0, 4, 0;
    %pushi/vec4 134217759, 0, 32;
    %ix/load 4, 20, 0;
    %flag_set/imm 4, 0;
    %store/vec4a v0x55d5b124f5e0, 4, 0;
    %pushi/vec4 537395201, 0, 32;
    %ix/load 4, 21, 0;
    %flag_set/imm 4, 0;
    %store/vec4a v0x55d5b124f5e0, 4, 0;
    %pushi/vec4 537460737, 0, 32;
    %ix/load 4, 22, 0;
    %flag_set/imm 4, 0;
    %store/vec4a v0x55d5b124f5e0, 4, 0;
    %pushi/vec4 134217759, 0, 32;
    %ix/load 4, 23, 0;
    %flag_set/imm 4, 0;
    %store/vec4a v0x55d5b124f5e0, 4, 0;
    %pushi/vec4 537395202, 0, 32;
    %ix/load 4, 24, 0;
    %flag_set/imm 4, 0;
    %store/vec4a v0x55d5b124f5e0, 4, 0;
    %pushi/vec4 537460738, 0, 32;
    %ix/load 4, 25, 0;
    %flag_set/imm 4, 0;
    %store/vec4a v0x55d5b124f5e0, 4, 0;
    %pushi/vec4 134217759, 0, 32;
    %ix/load 4, 26, 0;
    %flag_set/imm 4, 0;
    %store/vec4a v0x55d5b124f5e0, 4, 0;
    %pushi/vec4 537395203, 0, 32;
    %ix/load 4, 27, 0;
    %flag_set/imm 4, 0;
    %store/vec4a v0x55d5b124f5e0, 4, 0;
    %pushi/vec4 537460739, 0, 32;
    %ix/load 4, 28, 0;
    %flag_set/imm 4, 0;
    %store/vec4a v0x55d5b124f5e0, 4, 0;
    %pushi/vec4 134217759, 0, 32;
    %ix/load 4, 29, 0;
    %flag_set/imm 4, 0;
    %store/vec4a v0x55d5b124f5e0, 4, 0;
    %jmp T_1;
    .thread T_1;
    .scope S_0x55d5b12542e0;
T_2 ;
    %wait E_0x55d5b12545f0;
    %load/vec4 v0x55d5b1255250_0;
    %cmpi/e 1, 0, 1;
    %jmp/0xz  T_2.0, 4;
    %pushi/vec4 0, 0, 32;
    %store/vec4 v0x55d5b1254cd0_0, 0, 32;
T_2.2 ;
    %load/vec4 v0x55d5b1254cd0_0;
    %cmpi/s 32, 0, 32;
    %jmp/0xz T_2.3, 5;
    %pushi/vec4 0, 0, 32;
    %ix/getv/s 4, v0x55d5b1254cd0_0;
    %store/vec4a v0x55d5b12550d0, 4, 0;
    %load/vec4 v0x55d5b1254cd0_0;
    %addi 1, 0, 32;
    %store/vec4 v0x55d5b1254cd0_0, 0, 32;
    %jmp T_2.2;
T_2.3 ;
    %jmp T_2.1;
T_2.0 ;
    %load/vec4 v0x55d5b1255190_0;
    %cmpi/e 1, 0, 1;
    %jmp/0xz  T_2.4, 4;
    %load/vec4 v0x55d5b12553b0_0;
    %load/vec4 v0x55d5b12552f0_0;
    %pad/u 7;
    %ix/vec4 4;
    %store/vec4a v0x55d5b12550d0, 4, 0;
T_2.4 ;
T_2.1 ;
    %jmp T_2;
    .thread T_2;
    .scope S_0x55d5b121e680;
T_3 ;
    %wait E_0x55d5b1222ea0;
    %load/vec4 v0x55d5b124f180_0;
    %cmpi/e 1, 0, 1;
    %jmp/0xz  T_3.0, 4;
    %pushi/vec4 0, 0, 32;
    %store/vec4 v0x55d5b124ee90_0, 0, 32;
T_3.2 ;
    %load/vec4 v0x55d5b124ee90_0;
    %cmpi/s 64, 0, 32;
    %jmp/0xz T_3.3, 5;
    %pushi/vec4 0, 0, 32;
    %ix/getv/s 4, v0x55d5b124ee90_0;
    %store/vec4a v0x55d5b124ed80, 4, 0;
    %load/vec4 v0x55d5b124ee90_0;
    %addi 1, 0, 32;
    %store/vec4 v0x55d5b124ee90_0, 0, 32;
    %jmp T_3.2;
T_3.3 ;
    %jmp T_3.1;
T_3.0 ;
    %load/vec4 v0x55d5b124f010_0;
    %flag_set/vec4 8;
    %jmp/0xz  T_3.4, 8;
    %load/vec4 v0x55d5b124f320_0;
    %ix/getv 4, v0x55d5b124ec00_0;
    %store/vec4a v0x55d5b124ed80, 4, 0;
T_3.4 ;
T_3.1 ;
    %jmp T_3;
    .thread T_3;
    .scope S_0x55d5b1253010;
T_4 ;
    %wait E_0x55d5b1253270;
    %load/vec4 v0x55d5b1253400_0;
    %dup/vec4;
    %pushi/vec4 0, 0, 4;
    %cmp/u;
    %jmp/1 T_4.0, 6;
    %dup/vec4;
    %pushi/vec4 1, 0, 4;
    %cmp/u;
    %jmp/1 T_4.1, 6;
    %dup/vec4;
    %pushi/vec4 2, 0, 4;
    %cmp/u;
    %jmp/1 T_4.2, 6;
    %dup/vec4;
    %pushi/vec4 6, 0, 4;
    %cmp/u;
    %jmp/1 T_4.3, 6;
    %dup/vec4;
    %pushi/vec4 7, 0, 4;
    %cmp/u;
    %jmp/1 T_4.4, 6;
    %pushi/vec4 0, 0, 1;
    %assign/vec4 v0x55d5b1253690_0, 0;
    %load/vec4 v0x55d5b12534d0_0;
    %assign/vec4 v0x55d5b12532f0_0, 0;
    %jmp T_4.6;
T_4.0 ;
    %pushi/vec4 0, 0, 1;
    %assign/vec4 v0x55d5b1253690_0, 0;
    %load/vec4 v0x55d5b12534d0_0;
    %load/vec4 v0x55d5b12535a0_0;
    %and;
    %assign/vec4 v0x55d5b12532f0_0, 0;
    %jmp T_4.6;
T_4.1 ;
    %pushi/vec4 0, 0, 1;
    %assign/vec4 v0x55d5b1253690_0, 0;
    %load/vec4 v0x55d5b12534d0_0;
    %load/vec4 v0x55d5b12535a0_0;
    %or;
    %assign/vec4 v0x55d5b12532f0_0, 0;
    %jmp T_4.6;
T_4.2 ;
    %pushi/vec4 0, 0, 1;
    %assign/vec4 v0x55d5b1253690_0, 0;
    %load/vec4 v0x55d5b12534d0_0;
    %load/vec4 v0x55d5b12535a0_0;
    %add;
    %assign/vec4 v0x55d5b12532f0_0, 0;
    %jmp T_4.6;
T_4.3 ;
    %load/vec4 v0x55d5b12534d0_0;
    %load/vec4 v0x55d5b12535a0_0;
    %cmp/e;
    %jmp/0xz  T_4.7, 4;
    %pushi/vec4 1, 0, 1;
    %assign/vec4 v0x55d5b1253690_0, 0;
    %jmp T_4.8;
T_4.7 ;
    %pushi/vec4 0, 0, 1;
    %assign/vec4 v0x55d5b1253690_0, 0;
T_4.8 ;
    %load/vec4 v0x55d5b12534d0_0;
    %load/vec4 v0x55d5b12535a0_0;
    %sub;
    %assign/vec4 v0x55d5b12532f0_0, 0;
    %jmp T_4.6;
T_4.4 ;
    %pushi/vec4 0, 0, 1;
    %assign/vec4 v0x55d5b1253690_0, 0;
    %load/vec4 v0x55d5b12534d0_0;
    %load/vec4 v0x55d5b12535a0_0;
    %sub;
    %cmpi/u 2147483648, 0, 32;
    %flag_inv 5; GE is !LT
    %jmp/0xz  T_4.9, 5;
    %pushi/vec4 1, 0, 32;
    %assign/vec4 v0x55d5b12532f0_0, 0;
    %jmp T_4.10;
T_4.9 ;
    %pushi/vec4 0, 0, 32;
    %assign/vec4 v0x55d5b12532f0_0, 0;
T_4.10 ;
    %jmp T_4.6;
T_4.6 ;
    %pop/vec4 1;
    %jmp T_4;
    .thread T_4, $push;
    .scope S_0x55d5b11a11d0;
T_5 ;
    %wait E_0x55d5b11868c0;
    %load/vec4 v0x55d5b1258640_0;
    %flag_set/vec4 8;
    %jmp/0xz  T_5.0, 8;
    %load/vec4 v0x55d5b1256c60_0;
    %assign/vec4 v0x55d5b1256ed0_0, 0;
    %load/vec4 v0x55d5b1256c60_0;
    %assign/vec4 v0x55d5b1256bc0_0, 0;
    %load/vec4 v0x55d5b12572a0_0;
    %parti/s 5, 21, 6;
    %assign/vec4 v0x55d5b12579c0_0, 0;
    %load/vec4 v0x55d5b1258240_0;
    %assign/vec4 v0x55d5b1257b20_0, 0;
    %jmp T_5.1;
T_5.0 ;
    %pushi/vec4 0, 0, 1;
    %assign/vec4 v0x55d5b1256bc0_0, 0;
    %load/vec4 v0x55d5b1258700_0;
    %assign/vec4 v0x55d5b12579c0_0, 0;
    %pushi/vec4 0, 0, 1;
    %assign/vec4 v0x55d5b1257b20_0, 0;
T_5.1 ;
    %jmp T_5;
    .thread T_5, $push;
    .scope S_0x55d5b119d970;
T_6 ;
    %pushi/vec4 0, 0, 32;
    %store/vec4 v0x55d5b12589e0_0, 0, 32;
    %pushi/vec4 0, 0, 1;
    %store/vec4 v0x55d5b1258ac0_0, 0, 1;
    %pushi/vec4 1, 0, 1;
    %store/vec4 v0x55d5b1258c00_0, 0, 1;
    %pushi/vec4 0, 0, 1;
    %store/vec4 v0x55d5b1258cf0_0, 0, 1;
    %pushi/vec4 0, 0, 5;
    %store/vec4 v0x55d5b1258d90_0, 0, 5;
    %pushi/vec4 0, 0, 1;
    %store/vec4 v0x55d5b1258900_0, 0, 1;
    %delay 4000, 0;
    %pushi/vec4 0, 0, 1;
    %store/vec4 v0x55d5b1258c00_0, 0, 1;
    %delay 3000000, 0;
    %delay 50000, 0;
    %vpi_call 2 35 "$stop" {0 0 0};
    %end;
    .thread T_6;
    .scope S_0x55d5b119d970;
T_7 ;
    %delay 1000, 0;
    %load/vec4 v0x55d5b1258ac0_0;
    %inv;
    %store/vec4 v0x55d5b1258ac0_0, 0, 1;
    %jmp T_7;
    .thread T_7;
    .scope S_0x55d5b119d970;
T_8 ;
    %delay 200000, 0;
    %load/vec4 v0x55d5b1258900_0;
    %inv;
    %store/vec4 v0x55d5b1258900_0, 0, 1;
    %jmp T_8;
    .thread T_8;
    .scope S_0x55d5b119d970;
T_9 ;
    %wait E_0x55d5b1184e80;
    %delay 10000, 0;
    %pushi/vec4 16, 0, 5;
    %store/vec4 v0x55d5b1258d90_0, 0, 5;
    %delay 10000, 0;
    %pushi/vec4 17, 0, 5;
    %store/vec4 v0x55d5b1258d90_0, 0, 5;
    %delay 10000, 0;
    %pushi/vec4 18, 0, 5;
    %store/vec4 v0x55d5b1258d90_0, 0, 5;
    %delay 10000, 0;
    %pushi/vec4 19, 0, 5;
    %store/vec4 v0x55d5b1258d90_0, 0, 5;
    %delay 10000, 0;
    %pushi/vec4 20, 0, 5;
    %store/vec4 v0x55d5b1258d90_0, 0, 5;
    %delay 10000, 0;
    %pushi/vec4 21, 0, 5;
    %store/vec4 v0x55d5b1258d90_0, 0, 5;
    %delay 10000, 0;
    %pushi/vec4 22, 0, 5;
    %store/vec4 v0x55d5b1258d90_0, 0, 5;
    %delay 10000, 0;
    %pushi/vec4 23, 0, 5;
    %store/vec4 v0x55d5b1258d90_0, 0, 5;
    %delay 10000, 0;
    %pushi/vec4 8, 0, 5;
    %store/vec4 v0x55d5b1258d90_0, 0, 5;
    %delay 10000, 0;
    %pushi/vec4 9, 0, 5;
    %store/vec4 v0x55d5b1258d90_0, 0, 5;
    %delay 10000, 0;
    %pushi/vec4 10, 0, 5;
    %store/vec4 v0x55d5b1258d90_0, 0, 5;
    %delay 10000, 0;
    %pushi/vec4 11, 0, 5;
    %store/vec4 v0x55d5b1258d90_0, 0, 5;
    %delay 10000, 0;
    %pushi/vec4 12, 0, 5;
    %store/vec4 v0x55d5b1258d90_0, 0, 5;
    %delay 10000, 0;
    %pushi/vec4 13, 0, 5;
    %store/vec4 v0x55d5b1258d90_0, 0, 5;
    %delay 10000, 0;
    %pushi/vec4 14, 0, 5;
    %store/vec4 v0x55d5b1258d90_0, 0, 5;
    %delay 10000, 0;
    %pushi/vec4 15, 0, 5;
    %store/vec4 v0x55d5b1258d90_0, 0, 5;
    %delay 10000, 0;
    %pushi/vec4 24, 0, 5;
    %store/vec4 v0x55d5b1258d90_0, 0, 5;
    %delay 10000, 0;
    %pushi/vec4 25, 0, 5;
    %store/vec4 v0x55d5b1258d90_0, 0, 5;
    %delay 2000, 0;
    %pushi/vec4 1, 0, 1;
    %store/vec4 v0x55d5b1258cf0_0, 0, 1;
    %delay 32000, 0;
    %pushi/vec4 0, 0, 1;
    %store/vec4 v0x55d5b1258cf0_0, 0, 1;
    %load/vec4 v0x55d5b12589e0_0;
    %addi 1, 0, 32;
    %store/vec4 v0x55d5b12589e0_0, 0, 32;
    %jmp T_9;
    .thread T_9;
    .scope S_0x55d5b119d970;
T_10 ;
    %vpi_call 2 66 "$dumpfile", "pre_synth_sim.vcd" {0 0 0};
    %vpi_call 2 67 "$dumpvars", 32'sb00000000000000000000000000000000, S_0x55d5b119d970 {0 0 0};
    %delay 2200000, 0;
    %vpi_call 2 68 "$finish" {0 0 0};
    %end;
    .thread T_10;
# The file index is used to find the file name in the following table.
:file_names 16;
    "N/A";
    "<interactive>";
    "src/module/alphacore_tb.v";
    "src/module/alphacore.v";
    "src/module/alucontrol.v";
    "src/module/branch_shiftleft2.v";
    "src/module/control.v";
    "src/module/data_memory.v";
    "src/module/instruction_memory.v";
    "src/module/jump_shiftleft2.v";
    "src/module/program_counter.v";
    "src/module/mux_N_bit.v";
    "src/module/alu.v";
    "src/module/alu_add_only.v";
    "src/module/register_file.v";
    "src/module/sign_extension.v";
