
===========================================================================
report_checks -unconstrained
===========================================================================
======================= Typical Corner ===================================

Startpoint: _1686_ (rising edge-triggered flip-flop clocked by core_clk)
Endpoint: _1632_ (rising edge-triggered flip-flop clocked by core_clk')
Path Group: core_clk
Path Type: max

Fanout     Cap    Slew   Delay    Time   Description
-----------------------------------------------------------------------------
                  0.00    0.00    0.00   clock core_clk (rise edge)
                          0.00    0.00   clock network delay (ideal)
                  0.00    0.00    0.00 ^ _1686_/CLK (sky130_fd_sc_hd__dfxtp_1)
     3    0.02    0.09    0.33    0.33 v _1686_/Q (sky130_fd_sc_hd__dfxtp_1)
                                         xfer.dummy_count[3] (net)
                  0.09    0.00    0.33 v _0899_/A (sky130_fd_sc_hd__or4_4)
     7    0.02    0.11    0.59    0.92 v _0899_/X (sky130_fd_sc_hd__or4_4)
                                         _0446_ (net)
                  0.11    0.00    0.93 v _1016_/B1 (sky130_fd_sc_hd__a21oi_1)
     2    0.01    0.21    0.21    1.14 ^ _1016_/Y (sky130_fd_sc_hd__a21oi_1)
                                         _0544_ (net)
                  0.21    0.00    1.14 ^ _1017_/C1 (sky130_fd_sc_hd__o221a_1)
     1    0.00    0.06    0.21    1.35 ^ _1017_/X (sky130_fd_sc_hd__o221a_1)
                                         _0545_ (net)
                  0.06    0.00    1.35 ^ _1018_/B1 (sky130_fd_sc_hd__o21a_1)
     2    0.01    0.07    0.13    1.48 ^ _1018_/X (sky130_fd_sc_hd__o21a_1)
                                         xfer.flash_io0_do (net)
                  0.07    0.00    1.48 ^ _1632_/D (sky130_fd_sc_hd__dfxtp_1)
                                  1.48   data arrival time

                  0.00  550.00  550.00   clock core_clk' (rise edge)
                          0.00  550.00   clock network delay (ideal)
                          0.00  550.00   clock reconvergence pessimism
                                550.00 ^ _1632_/CLK (sky130_fd_sc_hd__dfxtp_1)
                         -0.07  549.93   library setup time
                                549.93   data required time
-----------------------------------------------------------------------------
                                549.93   data required time
                                 -1.48   data arrival time
-----------------------------------------------------------------------------
                                548.46   slack (MET)




===========================================================================
report_checks --slack_max -0.01
============================================================================
======================= Typical Corner ===================================

No paths found.


===========================================================================
 report_check_types -max_slew -max_cap -max_fanout -violators
============================================================================
======================= Typical Corner ===================================


max slew violations count Typical: 0
max fanout violations count Typical: 0
max cap violations count Typical: 0

===========================================================================
report_parasitic_annotation -report_unannotated
============================================================================
Found 1194 unannotated drivers.
 addr[0]
 addr[10]
 addr[11]
 addr[12]
 addr[13]
 addr[14]
 addr[15]
 addr[16]
 addr[17]
 addr[18]
 addr[19]
 addr[1]
 addr[20]
 addr[21]
 addr[22]
 addr[23]
 addr[2]
 addr[3]
 addr[4]
 addr[5]
 addr[6]
 addr[7]
 addr[8]
 addr[9]
 cfgreg_di[0]
 cfgreg_di[10]
 cfgreg_di[11]
 cfgreg_di[12]
 cfgreg_di[13]
 cfgreg_di[14]
 cfgreg_di[15]
 cfgreg_di[16]
 cfgreg_di[17]
 cfgreg_di[18]
 cfgreg_di[19]
 cfgreg_di[1]
 cfgreg_di[20]
 cfgreg_di[21]
 cfgreg_di[22]
 cfgreg_di[23]
 cfgreg_di[24]
 cfgreg_di[25]
 cfgreg_di[26]
 cfgreg_di[27]
 cfgreg_di[28]
 cfgreg_di[29]
 cfgreg_di[2]
 cfgreg_di[30]
 cfgreg_di[31]
 cfgreg_di[3]
 cfgreg_di[4]
 cfgreg_di[5]
 cfgreg_di[6]
 cfgreg_di[7]
 cfgreg_di[8]
 cfgreg_di[9]
 cfgreg_we[0]
 cfgreg_we[1]
 cfgreg_we[2]
 cfgreg_we[3]
 clk
 flash_io0_di
 flash_io1_di
 flash_io2_di
 flash_io3_di
 resetn
 valid
 _0766_/X
 _0767_/Y
 _0768_/Y
 _0769_/Y
 _0770_/X
 _0771_/X
 _0772_/X
 _0773_/X
 _0774_/X
 _0775_/X
 _0776_/X
 _0777_/X
 _0778_/X
 _0779_/Y
 _0780_/Y
 _0781_/X
 _0782_/X
 _0783_/X
 _0784_/Y
 _0785_/X
 _0786_/Y
 _0787_/X
 _0788_/Y
 _0789_/Y
 _0790_/Y
 _0791_/X
 _0792_/X
 _0793_/X
 _0794_/Y
 _0795_/X
 _0796_/X
 _0797_/Y
 _0798_/X
 _0799_/X
 _0800_/X
 _0801_/Y
 _0802_/Y
 _0803_/X
 _0804_/Y
 _0805_/X
 _0806_/Y
 _0807_/Y
 _0808_/X
 _0809_/X
 _0810_/X
 _0811_/X
 _0812_/X
 _0813_/Y
 _0814_/Y
 _0815_/X
 _0816_/X
 _0817_/X
 _0818_/X
 _0819_/X
 _0820_/X
 _0821_/X
 _0822_/X
 _0823_/X
 _0824_/X
 _0825_/X
 _0826_/X
 _0827_/X
 _0828_/X
 _0829_/X
 _0830_/X
 _0831_/X
 _0832_/Y
 _0833_/X
 _0834_/Y
 _0835_/X
 _0836_/X
 _0837_/X
 _0838_/Y
 _0839_/X
 _0840_/X
 _0841_/Y
 _0842_/Y
 _0843_/Y
 _0844_/X
 _0845_/X
 _0846_/Y
 _0847_/X
 _0848_/X
 _0849_/Y
 _0850_/X
 _0851_/X
 _0852_/X
 _0853_/Y
 _0854_/Y
 _0855_/X
 _0856_/Y
 _0857_/X
 _0858_/Y
 _0859_/Y
 _0860_/X
 _0861_/X
 _0862_/X
 _0863_/Y
 _0864_/Y
 _0865_/X
 _0866_/X
 _0867_/X
 _0868_/Y
 _0869_/X
 _0870_/X
 _0871_/X
 _0872_/X
 _0873_/Y
 _0874_/X
 _0875_/Y
 _0876_/X
 _0877_/Y
 _0878_/X
 _0879_/X
 _0880_/X
 _0881_/Y
 _0882_/Y
 _0883_/X
 _0884_/X
 _0885_/Y
 _0886_/X
 _0887_/Y
 _0888_/X
 _0889_/Y
 _0890_/Y
 _0891_/X
 _0892_/Y
 _0893_/X
 _0894_/X
 _0895_/X
 _0896_/X
 _0897_/X
 _0898_/Y
 _0899_/X
 _0900_/X
 _0901_/Y
 _0902_/Y
 _0903_/Y
 _0904_/X
 _0905_/X
 _0906_/X
 _0907_/Y
 _0908_/Y
 _0909_/X
 _0910_/X
 _0911_/Y
 _0912_/X
 _0913_/X
 _0914_/X
 _0915_/Y
 _0916_/Y
 _0917_/X
 _0918_/Y
 _0919_/Y
 _0920_/Y
 _0921_/X
 _0922_/X
 _0923_/Y
 _0924_/Y
 _0925_/Y
 _0926_/Y
 _0927_/X
 _0928_/Y
 _0929_/Y
 _0930_/X
 _0931_/X
 _0932_/X
 _0933_/Y
 _0934_/X
 _0935_/X
 _0936_/X
 _0937_/X
 _0938_/X
 _0939_/X
 _0940_/X
 _0941_/X
 _0942_/X
 _0943_/X
 _0944_/X
 _0945_/X
 _0946_/Y
 _0947_/Y
 _0948_/X
 _0949_/X
 _0950_/X
 _0951_/X
 _0952_/X
 _0953_/X
 _0954_/Y
 _0955_/X
 _0956_/X
 _0957_/X
 _0958_/X
 _0959_/X
 _0960_/Y
 _0961_/X
 _0962_/Y
 _0963_/X
 _0964_/X
 _0965_/X
 _0966_/Y
 _0967_/Y
 _0968_/Y
 _0969_/X
 _0970_/X
 _0971_/X
 _0972_/Y
 _0973_/X
 _0974_/X
 _0975_/Y
 _0976_/X
 _0977_/X
 _0978_/Y
 _0979_/X
 _0980_/X
 _0981_/X
 _0982_/X
 _0983_/X
 _0984_/X
 _0985_/Y
 _0986_/X
 _0987_/X
 _0988_/X
 _0989_/X
 _0990_/X
 _0991_/X
 _0992_/X
 _0993_/Y
 _0994_/Y
 _0995_/X
 _0996_/X
 _0997_/X
 _0998_/X
 _0999_/X
 _1000_/X
 _1001_/Y
 _1002_/X
 _1003_/X
 _1004_/X
 _1005_/Y
 _1006_/X
 _1007_/X
 _1008_/X
 _1009_/X
 _1010_/X
 _1011_/X
 _1012_/X
 _1013_/X
 _1014_/X
 _1015_/X
 _1016_/Y
 _1017_/X
 _1018_/X
 _1019_/X
 _1020_/X
 _1021_/X
 _1022_/Y
 _1023_/X
 _1024_/X
 _1025_/X
 _1026_/X
 _1027_/X
 _1028_/X
 _1029_/X
 _1030_/X
 _1031_/X
 _1032_/X
 _1033_/X
 _1034_/X
 _1035_/X
 _1036_/X
 _1037_/X
 _1038_/X
 _1039_/Y
 _1040_/X
 _1041_/X
 _1042_/X
 _1043_/X
 _1044_/X
 _1045_/X
 _1046_/X
 _1047_/X
 _1048_/X
 _1049_/X
 _1050_/X
 _1051_/X
 _1052_/X
 _1053_/X
 _1054_/X
 _1055_/X
 _1056_/Y
 _1057_/Y
 _1058_/X
 _1059_/Y
 _1060_/X
 _1061_/X
 _1062_/X
 _1063_/X
 _1064_/X
 _1065_/X
 _1066_/X
 _1067_/X
 _1068_/X
 _1069_/X
 _1070_/X
 _1071_/X
 _1072_/X
 _1073_/X
 _1074_/X
 _1075_/X
 _1076_/X
 _1077_/X
 _1078_/X
 _1079_/X
 _1080_/X
 _1081_/X
 _1082_/X
 _1083_/Y
 _1084_/X
 _1085_/X
 _1086_/X
 _1087_/X
 _1088_/X
 _1089_/X
 _1090_/X
 _1091_/X
 _1092_/X
 _1093_/X
 _1094_/X
 _1095_/X
 _1096_/X
 _1097_/X
 _1098_/X
 _1099_/X
 _1100_/X
 _1101_/X
 _1102_/X
 _1103_/X
 _1104_/X
 _1105_/X
 _1106_/X
 _1107_/X
 _1108_/X
 _1109_/X
 _1110_/X
 _1111_/X
 _1112_/X
 _1113_/Y
 _1114_/X
 _1115_/X
 _1116_/X
 _1117_/Y
 _1118_/Y
 _1119_/X
 _1120_/X
 _1121_/Y
 _1122_/X
 _1123_/X
 _1124_/X
 _1125_/X
 _1126_/X
 _1127_/X
 _1128_/X
 _1129_/X
 _1130_/X
 _1131_/X
 _1132_/X
 _1133_/X
 _1134_/X
 _1135_/X
 _1136_/X
 _1137_/X
 _1138_/X
 _1139_/X
 _1140_/X
 _1141_/X
 _1142_/X
 _1143_/X
 _1144_/X
 _1145_/X
 _1146_/X
 _1147_/X
 _1148_/X
 _1149_/X
 _1150_/X
 _1151_/X
 _1152_/X
 _1153_/X
 _1154_/X
 _1155_/X
 _1156_/X
 _1157_/X
 _1158_/X
 _1159_/X
 _1160_/X
 _1161_/X
 _1162_/X
 _1163_/X
 _1164_/X
 _1165_/X
 _1166_/X
 _1167_/X
 _1168_/X
 _1169_/X
 _1170_/X
 _1171_/X
 _1172_/X
 _1173_/X
 _1174_/X
 _1175_/X
 _1176_/X
 _1177_/X
 _1178_/X
 _1179_/X
 _1180_/X
 _1181_/X
 _1182_/X
 _1183_/X
 _1184_/X
 _1185_/X
 _1186_/X
 _1187_/X
 _1188_/X
 _1189_/X
 _1190_/X
 _1191_/X
 _1192_/X
 _1193_/X
 _1194_/X
 _1195_/X
 _1196_/X
 _1197_/X
 _1198_/X
 _1199_/X
 _1200_/Y
 _1201_/X
 _1202_/X
 _1203_/X
 _1204_/X
 _1205_/X
 _1206_/X
 _1207_/X
 _1208_/X
 _1209_/Y
 _1210_/X
 _1211_/X
 _1212_/X
 _1213_/X
 _1214_/Y
 _1215_/Y
 _1216_/X
 _1217_/X
 _1218_/X
 _1219_/X
 _1220_/X
 _1221_/X
 _1222_/X
 _1223_/X
 _1224_/X
 _1225_/Y
 _1226_/X
 _1227_/X
 _1228_/X
 _1229_/Y
 _1230_/X
 _1231_/X
 _1232_/X
 _1233_/X
 _1234_/X
 _1235_/X
 _1236_/X
 _1237_/X
 _1238_/X
 _1239_/X
 _1240_/X
 _1241_/X
 _1242_/X
 _1243_/X
 _1244_/X
 _1245_/X
 _1246_/X
 _1247_/X
 _1248_/X
 _1249_/X
 _1250_/X
 _1251_/X
 _1252_/X
 _1253_/X
 _1254_/X
 _1255_/X
 _1256_/X
 _1257_/X
 _1258_/X
 _1259_/X
 _1260_/X
 _1261_/X
 _1262_/X
 _1263_/X
 _1264_/X
 _1265_/X
 _1266_/X
 _1267_/Y
 _1268_/X
 _1269_/X
 _1270_/X
 _1271_/X
 _1272_/X
 _1273_/X
 _1274_/X
 _1275_/X
 _1276_/X
 _1277_/X
 _1278_/X
 _1279_/X
 _1280_/X
 _1281_/X
 _1282_/X
 _1283_/X
 _1284_/X
 _1285_/X
 _1286_/Y
 _1287_/Y
 _1288_/X
 _1289_/X
 _1290_/X
 _1291_/X
 _1292_/Y
 _1293_/X
 _1294__1/Y
 _1295__2/Y
 _1296__3/Y
 _1297__4/Y
 _1298_/X
 _1299_/X
 _1300_/X
 _1301_/X
 _1302_/X
 _1303_/X
 _1304_/X
 _1305_/X
 _1306_/X
 _1307_/X
 _1308_/X
 _1309_/X
 _1310_/X
 _1311_/X
 _1312_/X
 _1313_/X
 _1314_/X
 _1315_/X
 _1316_/X
 _1317_/X
 _1318_/X
 _1319_/X
 _1320_/X
 _1321_/X
 _1322_/X
 _1323_/X
 _1324_/X
 _1325_/X
 _1326_/X
 _1327_/X
 _1328_/X
 _1329_/X
 _1330_/X
 _1331_/X
 _1332_/X
 _1333_/X
 _1334_/X
 _1335_/X
 _1336_/X
 _1337_/X
 _1338_/X
 _1339_/X
 _1340_/X
 _1341_/X
 _1342_/X
 _1343_/X
 _1344_/X
 _1345_/X
 _1346_/X
 _1347_/X
 _1348_/X
 _1349_/X
 _1350_/X
 _1351_/X
 _1352_/X
 _1353_/X
 _1354_/X
 _1355_/X
 _1356_/Y
 _1357_/X
 _1358_/X
 _1359_/Y
 _1360_/X
 _1361_/X
 _1362_/X
 _1363_/X
 _1364_/X
 _1365_/X
 _1366_/X
 _1367_/X
 _1368_/X
 _1369_/X
 _1370_/X
 _1371_/X
 _1372_/X
 _1373_/X
 _1374_/X
 _1375_/X
 _1376_/X
 _1377_/X
 _1378_/X
 _1379_/X
 _1380_/X
 _1381_/X
 _1382_/X
 _1383_/X
 _1384_/X
 _1385_/X
 _1386_/X
 _1387_/X
 _1388_/X
 _1389_/X
 _1390_/X
 _1391_/Y
 _1392_/Y
 _1393_/X
 _1394_/X
 _1395_/Y
 _1396_/X
 _1397_/Y
 _1398_/X
 _1399_/X
 _1400_/Y
 _1401_/X
 _1402_/X
 _1403_/X
 _1404_/X
 _1405_/X
 _1406_/X
 _1407_/X
 _1408_/X
 _1409_/Y
 _1410_/Y
 _1411_/X
 _1412_/X
 _1413_/X
 _1414_/X
 _1415_/X
 _1416_/X
 _1417_/Y
 _1418_/X
 _1419_/Y
 _1420_/X
 _1421_/X
 _1422_/Y
 _1423_/X
 _1424_/X
 _1425_/X
 _1426_/Y
 _1427_/X
 _1428_/X
 _1429_/X
 _1430_/X
 _1431_/X
 _1432_/X
 _1433_/X
 _1434_/Y
 _1435_/X
 _1436_/Y
 _1437_/X
 _1438_/X
 _1439_/Y
 _1440_/X
 _1441_/X
 _1442_/X
 _1443_/X
 _1444_/X
 _1445_/X
 _1446_/Y
 _1447_/X
 _1448_/X
 _1449_/X
 _1450_/X
 _1451_/X
 _1452_/X
 _1453_/X
 _1454_/Y
 _1455_/X
 _1456_/X
 _1457_/X
 _1458_/Y
 _1459_/Y
 _1460_/X
 _1461_/X
 _1462_/X
 _1463_/X
 _1464_/Y
 _1465_/Y
 _1466_/X
 _1467_/X
 _1468_/Y
 _1469_/X
 _1470_/X
 _1471_/X
 _1472_/X
 _1473_/X
 _1474_/X
 _1475_/X
 _1476_/X
 _1477_/X
 _1478_/Y
 _1479_/X
 _1480_/X
 _1481_/X
 _1482_/Y
 _1483_/Y
 _1484_/X
 _1485_/X
 _1486_/X
 _1487_/X
 _1488_/X
 _1489_/X
 _1490_/X
 _1491_/X
 _1492_/Y
 _1493_/X
 _1494_/X
 _1495_/X
 _1496_/X
 _1497_/X
 _1498_/Y
 _1499_/X
 _1500_/Y
 _1501_/Y
 _1502_/X
 _1503_/X
 _1504_/X
 _1505_/Y
 _1506_/X
 _1507_/X
 _1508_/X
 _1509_/Y
 _1510_/Y
 _1511_/X
 _1512_/X
 _1513_/X
 _1514_/X
 _1515_/X
 _1516_/X
 _1517_/X
 _1518_/X
 _1519_/X
 _1520_/X
 _1521_/X
 _1522_/X
 _1523_/X
 _1524_/Y
 _1525_/X
 _1526_/X
 _1527_/X
 _1528_/X
 _1529_/X
 _1530_/Y
 _1531_/X
 _1532_/X
 _1533_/X
 _1534_/Y
 _1535_/Y
 _1536_/X
 _1537_/X
 _1538_/X
 _1539_/X
 _1540_/X
 _1541_/X
 _1542_/X
 _1543_/X
 _1544_/X
 _1545_/X
 _1546_/X
 _1547_/Q
 _1548_/Q
 _1549_/Q
 _1550_/Q
 _1551_/Q
 _1552_/Q
 _1553_/Q
 _1554_/Q
 _1555_/Q
 _1556_/Q
 _1557_/Q
 _1558_/Q
 _1559_/Q
 _1560_/Q
 _1561_/Q
 _1562_/Q
 _1563_/Q
 _1564_/Q
 _1565_/Q
 _1566_/Q
 _1567_/Q
 _1568_/Q
 _1569_/Q
 _1570_/Q
 _1571_/Q
 _1572_/Q
 _1573_/Q
 _1574_/Q
 _1575_/Q
 _1576_/Q
 _1577_/Q
 _1578_/Q
 _1579_/Q
 _1580_/Q
 _1581_/Q
 _1582_/Q
 _1583_/Q
 _1584_/Q
 _1585_/Q
 _1586_/Q
 _1587_/Q
 _1588_/Q
 _1589_/Q
 _1590_/Q
 _1591_/Q
 _1592_/Q
 _1593_/Q
 _1594_/Q
 _1595_/Q
 _1596_/Q
 _1597_/Q
 _1598_/Q
 _1599_/Q
 _1600_/Q
 _1601_/Q
 _1602_/Q
 _1603_/Q
 _1604_/Q
 _1605_/Q
 _1606_/Q
 _1607_/Q
 _1608_/Q
 _1609_/Q
 _1610_/Q
 _1611_/Q
 _1612_/Q
 _1613_/Q
 _1614_/Q
 _1615_/Q
 _1616_/Q
 _1617_/Q
 _1618_/Q
 _1619_/Q
 _1620_/Q
 _1621_/Q
 _1622_/Q
 _1623_/Q
 _1624_/Q
 _1625_/Q
 _1626_/Q
 _1627_/Q
 _1628_/Q
 _1629_/Q
 _1630_/Q
 _1631_/Q
 _1632_/Q
 _1633_/Q
 _1634_/Q
 _1635_/Q
 _1636_/Q
 _1637_/Q
 _1638_/Q
 _1639_/Q
 _1640_/Q
 _1641_/Q
 _1642_/Q
 _1643_/Q
 _1644_/Q
 _1645_/Q
 _1646_/Q
 _1647_/Q
 _1648_/Q
 _1649_/Q
 _1650_/Q
 _1651_/Q
 _1652_/Q
 _1653_/Q
 _1654_/Q
 _1655_/Q
 _1656_/Q
 _1657_/Q
 _1658_/Q
 _1659_/Q
 _1660_/Q
 _1661_/Q
 _1662_/Q
 _1663_/Q
 _1664_/Q
 _1665_/Q
 _1666_/Q
 _1667_/Q
 _1668_/Q
 _1669_/Q
 _1670_/Q
 _1671_/Q
 _1672_/Q
 _1673_/Q
 _1674_/Q
 _1675_/Q
 _1676_/Q
 _1677_/Q
 _1678_/Q
 _1679_/Q
 _1680_/Q
 _1681_/Q
 _1682_/Q
 _1683_/Q
 _1684_/Q
 _1685_/Q
 _1686_/Q
 _1687_/Q
 _1688_/Q
 _1689_/Q
 _1690_/Q
 _1691_/Q
 _1692_/Q
 _1693_/Q
 _1694_/Q
 _1695_/Q
 _1696_/Q
 _1697_/Q
 _1698_/Q
 _1699_/Q
 _1700_/Q
 _1701_/Q
 _1702_/Q
 _1703_/Q
 _1704_/Q
 _1705_/Q
 _1706_/Q
 _1707_/Q
 _1708_/Q
 _1709_/Q
 _1710_/Q
 _1711_/Q
 _1712_/Q
 _1713_/Q
 _1714_/Q
 _1715_/Q
 _1716_/Q
 _1717_/Q
 _1718_/Q
 _1719_/Q
 _1720_/Q
 _1735_/X
 _1736_/X
 _1737_/X
 _1738_/X
 _1739_/X
 _1740_/X
 _1741_/X
 _1742_/X
 _1743_/X
 _1744_/X
 _1745_/X
 _1746_/X
 _1747_/X
 _1748_/X
 clkbuf_0_clk/X
 clkbuf_4_0_0_clk/X
 clkbuf_4_10_0_clk/X
 clkbuf_4_11_0_clk/X
 clkbuf_4_12_0_clk/X
 clkbuf_4_13_0_clk/X
 clkbuf_4_14_0_clk/X
 clkbuf_4_15_0_clk/X
 clkbuf_4_1_0_clk/X
 clkbuf_4_2_0_clk/X
 clkbuf_4_3_0_clk/X
 clkbuf_4_4_0_clk/X
 clkbuf_4_5_0_clk/X
 clkbuf_4_6_0_clk/X
 clkbuf_4_7_0_clk/X
 clkbuf_4_8_0_clk/X
 clkbuf_4_9_0_clk/X
 input1/X
 input10/X
 input11/X
 input12/X
 input13/X
 input14/X
 input15/X
 input16/X
 input17/X
 input18/X
 input19/X
 input2/X
 input20/X
 input21/X
 input22/X
 input23/X
 input24/X
 input25/X
 input26/X
 input27/X
 input28/X
 input29/X
 input3/X
 input30/X
 input31/X
 input32/X
 input33/X
 input34/X
 input35/X
 input36/X
 input37/X
 input38/X
 input39/X
 input4/X
 input40/X
 input41/X
 input42/X
 input43/X
 input44/X
 input45/X
 input46/X
 input47/X
 input48/X
 input49/X
 input5/X
 input50/X
 input51/X
 input52/X
 input6/X
 input7/X
 input8/X
 input9/X
 output100/X
 output101/X
 output102/X
 output103/X
 output104/X
 output105/X
 output106/X
 output107/X
 output108/X
 output109/X
 output110/X
 output111/X
 output112/X
 output113/X
 output53/X
 output54/X
 output55/X
 output56/X
 output57/X
 output58/X
 output59/X
 output60/X
 output61/X
 output62/X
 output63/X
 output64/X
 output65/X
 output66/X
 output67/X
 output68/X
 output69/X
 output70/X
 output71/X
 output72/X
 output73/X
 output74/X
 output75/X
 output76/X
 output77/X
 output78/X
 output79/X
 output80/X
 output81/X
 output82/X
 output83/X
 output84/X
 output85/X
 output86/X
 output87/X
 output88/X
 output89/X
 output90/X
 output91/X
 output92/X
 output93/X
 output94/X
 output95/X
 output96/X
 output97/X
 output98/X
 output99/X
 spimemio_114/HI
 spimemio_114/LO
 spimemio_115/HI
 spimemio_115/LO
 spimemio_116/HI
 spimemio_116/LO
 spimemio_117/HI
 spimemio_117/LO
 spimemio_118/HI
 spimemio_118/LO
 spimemio_119/HI
 spimemio_119/LO
 spimemio_120/HI
 spimemio_120/LO
 spimemio_121/HI
 spimemio_121/LO
 spimemio_122/HI
 spimemio_122/LO
 spimemio_123/HI
 spimemio_123/LO
 spimemio_124/HI
 spimemio_124/LO
 spimemio_125/HI
 spimemio_125/LO
 spimemio_126/HI
 spimemio_126/LO
 spimemio_127/HI
 spimemio_127/LO
Found 0 partially unannotated drivers.

===========================================================================
max slew violation count 0
max fanout violation count 0
max cap violation count 0
============================================================================

===========================================================================
check_setup -verbose -unconstrained_endpoints -multiple_clock -no_clock -no_input_delay -loops -generated_clocks
===========================================================================
Warning: There are 66 input ports missing set_input_delay.
  addr[0]
  addr[10]
  addr[11]
  addr[12]
  addr[13]
  addr[14]
  addr[15]
  addr[16]
  addr[17]
  addr[18]
  addr[19]
  addr[1]
  addr[20]
  addr[21]
  addr[22]
  addr[23]
  addr[2]
  addr[3]
  addr[4]
  addr[5]
  addr[6]
  addr[7]
  addr[8]
  addr[9]
  cfgreg_di[0]
  cfgreg_di[10]
  cfgreg_di[11]
  cfgreg_di[12]
  cfgreg_di[13]
  cfgreg_di[14]
  cfgreg_di[15]
  cfgreg_di[16]
  cfgreg_di[17]
  cfgreg_di[18]
  cfgreg_di[19]
  cfgreg_di[1]
  cfgreg_di[20]
  cfgreg_di[21]
  cfgreg_di[22]
  cfgreg_di[23]
  cfgreg_di[24]
  cfgreg_di[25]
  cfgreg_di[26]
  cfgreg_di[27]
  cfgreg_di[28]
  cfgreg_di[29]
  cfgreg_di[2]
  cfgreg_di[30]
  cfgreg_di[31]
  cfgreg_di[3]
  cfgreg_di[4]
  cfgreg_di[5]
  cfgreg_di[6]
  cfgreg_di[7]
  cfgreg_di[8]
  cfgreg_di[9]
  cfgreg_we[0]
  cfgreg_we[1]
  cfgreg_we[2]
  cfgreg_we[3]
  flash_io0_di
  flash_io1_di
  flash_io2_di
  flash_io3_di
  resetn
  valid
Warning: There are 75 unconstrained endpoints.
  cfgreg_do[0]
  cfgreg_do[10]
  cfgreg_do[11]
  cfgreg_do[12]
  cfgreg_do[13]
  cfgreg_do[14]
  cfgreg_do[15]
  cfgreg_do[16]
  cfgreg_do[17]
  cfgreg_do[18]
  cfgreg_do[19]
  cfgreg_do[1]
  cfgreg_do[20]
  cfgreg_do[21]
  cfgreg_do[22]
  cfgreg_do[23]
  cfgreg_do[24]
  cfgreg_do[25]
  cfgreg_do[26]
  cfgreg_do[27]
  cfgreg_do[28]
  cfgreg_do[29]
  cfgreg_do[2]
  cfgreg_do[30]
  cfgreg_do[31]
  cfgreg_do[3]
  cfgreg_do[4]
  cfgreg_do[5]
  cfgreg_do[6]
  cfgreg_do[7]
  cfgreg_do[8]
  cfgreg_do[9]
  flash_clk
  flash_csb
  flash_io0_do
  flash_io0_oe
  flash_io1_do
  flash_io1_oe
  flash_io2_do
  flash_io2_oe
  flash_io3_do
  flash_io3_oe
  rdata[0]
  rdata[10]
  rdata[11]
  rdata[12]
  rdata[13]
  rdata[14]
  rdata[15]
  rdata[16]
  rdata[17]
  rdata[18]
  rdata[19]
  rdata[1]
  rdata[20]
  rdata[21]
  rdata[22]
  rdata[23]
  rdata[24]
  rdata[25]
  rdata[26]
  rdata[27]
  rdata[28]
  rdata[29]
  rdata[2]
  rdata[30]
  rdata[31]
  rdata[3]
  rdata[4]
  rdata[5]
  rdata[6]
  rdata[7]
  rdata[8]
  rdata[9]
  ready
