
===========================================================================
 report_power
============================================================================
======================= Fastest Corner ===================================

Group                  Internal  Switching    Leakage      Total
                          Power      Power      Power      Power (Watts)
----------------------------------------------------------------
Sequential             3.52e-04   1.74e-07   1.19e-07   3.53e-04  70.2%
Combinational          3.98e-06   1.64e-07   1.64e-07   4.31e-06   0.9%
Clock                  2.66e-05   1.19e-04   6.46e-08   1.45e-04  29.0%
Macro                  0.00e+00   0.00e+00   0.00e+00   0.00e+00   0.0%
Pad                    0.00e+00   0.00e+00   0.00e+00   0.00e+00   0.0%
----------------------------------------------------------------
Total                  3.83e-04   1.19e-04   3.47e-07   5.02e-04 100.0%
                          76.2%      23.7%       0.1%

======================= Slowest Corner ===================================

Group                  Internal  Switching    Leakage      Total
                          Power      Power      Power      Power (Watts)
----------------------------------------------------------------
Sequential             2.45e-04   1.12e-07   1.12e-04   3.57e-04  57.7%
Combinational          2.40e-06   1.05e-07   1.59e-04   1.62e-04  26.2%
Clock                  1.96e-05   7.57e-05   4.40e-06   9.97e-05  16.1%
Macro                  0.00e+00   0.00e+00   0.00e+00   0.00e+00   0.0%
Pad                    0.00e+00   0.00e+00   0.00e+00   0.00e+00   0.0%
----------------------------------------------------------------
Total                  2.67e-04   7.59e-05   2.75e-04   6.19e-04 100.0%
                          43.2%      12.3%      44.5%

======================= Typical Corner ===================================

Group                  Internal  Switching    Leakage      Total
                          Power      Power      Power      Power (Watts)
----------------------------------------------------------------
Sequential             3.05e-04   1.45e-07   6.62e-08   3.05e-04  70.6%
Combinational          3.34e-06   1.36e-07   1.20e-07   3.60e-06   0.8%
Clock                  2.38e-05   9.97e-05   5.92e-08   1.24e-04  28.6%
Macro                  0.00e+00   0.00e+00   0.00e+00   0.00e+00   0.0%
Pad                    0.00e+00   0.00e+00   0.00e+00   0.00e+00   0.0%
----------------------------------------------------------------
Total                  3.32e-04   1.00e-04   2.45e-07   4.32e-04 100.0%
                          76.8%      23.1%       0.1%

