
===========================================================================
 report_power
============================================================================
======================= Fastest Corner ===================================

Group                  Internal  Switching    Leakage      Total
                          Power      Power      Power      Power (Watts)
----------------------------------------------------------------
Sequential             7.54e-06   1.62e-07   2.72e-09   7.70e-06  54.8%
Combinational          2.88e-07   3.19e-07   4.98e-09   6.11e-07   4.3%
Clock                  1.80e-06   3.94e-06   1.27e-08   5.75e-06  40.9%
Macro                  0.00e+00   0.00e+00   0.00e+00   0.00e+00   0.0%
Pad                    0.00e+00   0.00e+00   0.00e+00   0.00e+00   0.0%
----------------------------------------------------------------
Total                  9.62e-06   4.42e-06   2.04e-08   1.41e-05 100.0%
                          68.4%      31.4%       0.1%

======================= Slowest Corner ===================================

Group                  Internal  Switching    Leakage      Total
                          Power      Power      Power      Power (Watts)
----------------------------------------------------------------
Sequential             5.25e-06   1.09e-07   2.42e-06   7.78e-06  46.1%
Combinational          2.12e-07   2.11e-07   4.55e-06   4.98e-06  29.5%
Clock                  1.26e-06   2.65e-06   2.23e-07   4.13e-06  24.5%
Macro                  0.00e+00   0.00e+00   0.00e+00   0.00e+00   0.0%
Pad                    0.00e+00   0.00e+00   0.00e+00   0.00e+00   0.0%
----------------------------------------------------------------
Total                  6.72e-06   2.97e-06   7.20e-06   1.69e-05 100.0%
                          39.8%      17.6%      42.6%

======================= Typical Corner ===================================

Group                  Internal  Switching    Leakage      Total
                          Power      Power      Power      Power (Watts)
----------------------------------------------------------------
Sequential             6.52e-06   1.37e-07   1.42e-09   6.66e-06  54.8%
Combinational          2.60e-07   2.69e-07   3.41e-09   5.32e-07   4.4%
Clock                  1.57e-06   3.38e-06   1.23e-08   4.96e-06  40.8%
Macro                  0.00e+00   0.00e+00   0.00e+00   0.00e+00   0.0%
Pad                    0.00e+00   0.00e+00   0.00e+00   0.00e+00   0.0%
----------------------------------------------------------------
Total                  8.34e-06   3.78e-06   1.71e-08   1.21e-05 100.0%
                          68.7%      31.2%       0.1%

