Sun Dec 03 10:07:09 UTC 2023 - Executing "{openroad -exit -no_init -python /openlane/scripts/odbpy/lefutil.py get_metal_layers -o /openlane/designs/simpleuart/runs/RUN_2023.12.03_10.07.08/tmp/layers.list /home/vsduser/Desktop/work/tools/openlane_working_dir/pdks/sky130A/libs.ref/sky130_fd_sc_hd/techlef/sky130_fd_sc_hd__nom.tlef}"

Sun Dec 03 10:07:09 UTC 2023 - Executing "{/openlane/scripts/mergeLef.py -o /openlane/designs/simpleuart/runs/RUN_2023.12.03_10.07.08/tmp/merged.nom.lef -i /home/vsduser/Desktop/work/tools/openlane_working_dir/pdks/sky130A/libs.ref/sky130_fd_sc_hd/techlef/sky130_fd_sc_hd__nom.tlef {/home/vsduser/Desktop/work/tools/openlane_working_dir/pdks/sky130A/libs.ref/sky130_fd_sc_hd/lef/sky130_ef_sc_hd.lef /home/vsduser/Desktop/work/tools/openlane_working_dir/pdks/sky130A/libs.ref/sky130_fd_sc_hd/lef/sky130_fd_sc_hd.lef} |& tee /dev/null}"

Sun Dec 03 10:07:10 UTC 2023 - Executing "{/openlane/scripts/mergeLef.py -o /openlane/designs/simpleuart/runs/RUN_2023.12.03_10.07.08/tmp/merged.min.lef -i /home/vsduser/Desktop/work/tools/openlane_working_dir/pdks/sky130A/libs.ref/sky130_fd_sc_hd/techlef/sky130_fd_sc_hd__min.tlef {/home/vsduser/Desktop/work/tools/openlane_working_dir/pdks/sky130A/libs.ref/sky130_fd_sc_hd/lef/sky130_ef_sc_hd.lef /home/vsduser/Desktop/work/tools/openlane_working_dir/pdks/sky130A/libs.ref/sky130_fd_sc_hd/lef/sky130_fd_sc_hd.lef} |& tee /dev/null}"

Sun Dec 03 10:07:10 UTC 2023 - Executing "{/openlane/scripts/mergeLef.py -o /openlane/designs/simpleuart/runs/RUN_2023.12.03_10.07.08/tmp/merged.max.lef -i /home/vsduser/Desktop/work/tools/openlane_working_dir/pdks/sky130A/libs.ref/sky130_fd_sc_hd/techlef/sky130_fd_sc_hd__max.tlef {/home/vsduser/Desktop/work/tools/openlane_working_dir/pdks/sky130A/libs.ref/sky130_fd_sc_hd/lef/sky130_ef_sc_hd.lef /home/vsduser/Desktop/work/tools/openlane_working_dir/pdks/sky130A/libs.ref/sky130_fd_sc_hd/lef/sky130_fd_sc_hd.lef} |& tee /dev/null}"

Sun Dec 03 10:07:10 UTC 2023 - Executing "{python3 /openlane/scripts/mergeLib.py --output /openlane/designs/simpleuart/runs/RUN_2023.12.03_10.07.08/tmp/synthesis/merged.lib --name sky130A_merged /home/vsduser/Desktop/work/tools/openlane_working_dir/pdks/sky130A/libs.ref/sky130_fd_sc_hd/lib/sky130_fd_sc_hd__tt_025C_1v80.lib}"

Sun Dec 03 10:07:11 UTC 2023 - Executing "{python3 /openlane/scripts/libtrim.py --cell-file /openlane/designs/simpleuart/runs/RUN_2023.12.03_10.07.08/tmp/synthesis/trimmed.lib.exclude.list --output /openlane/designs/simpleuart/runs/RUN_2023.12.03_10.07.08/tmp/synthesis/trimmed.lib /openlane/designs/simpleuart/runs/RUN_2023.12.03_10.07.08/tmp/synthesis/merged.lib}"

Sun Dec 03 10:07:11 UTC 2023 - Executing "{python3 /openlane/scripts/libtrim.py --cell-file /openlane/designs/simpleuart/runs/RUN_2023.12.03_10.07.08/tmp/cts/cts.lib.exclude.list --output /openlane/designs/simpleuart/runs/RUN_2023.12.03_10.07.08/tmp/cts/cts.lib /home/vsduser/Desktop/work/tools/openlane_working_dir/pdks/sky130A/libs.ref/sky130_fd_sc_hd/lib/sky130_fd_sc_hd__tt_025C_1v80.lib}"

Sun Dec 03 10:07:12 UTC 2023 - Executing "{python3 /openlane/scripts/libtrim.py --cell-file /openlane/designs/simpleuart/runs/RUN_2023.12.03_10.07.08/tmp/cts/cts-fastest.lib.exclude.list --output /openlane/designs/simpleuart/runs/RUN_2023.12.03_10.07.08/tmp/cts/cts-fastest.lib /home/vsduser/Desktop/work/tools/openlane_working_dir/pdks/sky130A/libs.ref/sky130_fd_sc_hd/lib/sky130_fd_sc_hd__ff_n40C_1v95.lib}"

Sun Dec 03 10:07:13 UTC 2023 - Executing "{python3 /openlane/scripts/libtrim.py --cell-file /openlane/designs/simpleuart/runs/RUN_2023.12.03_10.07.08/tmp/cts/cts-slowest.lib.exclude.list --output /openlane/designs/simpleuart/runs/RUN_2023.12.03_10.07.08/tmp/cts/cts-slowest.lib /home/vsduser/Desktop/work/tools/openlane_working_dir/pdks/sky130A/libs.ref/sky130_fd_sc_hd/lib/sky130_fd_sc_hd__ss_100C_1v60.lib}"

Sun Dec 03 10:07:14 UTC 2023 - Executing "{python3 /openlane/scripts/new_tracks.py -i /home/vsduser/Desktop/work/tools/openlane_working_dir/pdks/sky130A/libs.tech/openlane/sky130_fd_sc_hd/tracks.info -o /openlane/designs/simpleuart/runs/RUN_2023.12.03_10.07.08/tmp/routing/config.tracks}"

Sun Dec 03 10:07:14 UTC 2023 - Executing "{echo {OpenLane f691c8c0712ca6c6645e3fd548985b3cbcf08c78} > /openlane/designs/simpleuart/runs/RUN_2023.12.03_10.07.08/OPENLANE_VERSION}"

Sun Dec 03 10:07:14 UTC 2023 - Executing "{yosys -c /openlane/scripts/yosys/blackbox.tcl}"

Sun Dec 03 10:07:14 UTC 2023 - Executing "{verilator -Wall --lint-only --Wno-DECLFILENAME --top-module simpleuart /openlane/designs/simpleuart/runs/RUN_2023.12.03_10.07.08/tmp/synthesis/blackbox/sky130_fd_sc_hd__blackbox.v /openlane/designs/simpleuart/src/simpleuart.v -Wno-fatal --relative-includes |& tee /openlane/designs/simpleuart/runs/RUN_2023.12.03_10.07.08/logs/synthesis/linter.log /dev/null}"

Sun Dec 03 10:07:15 UTC 2023 - Executing "{sed -E {s/^([[:space:]]+)pg_pin(.*)/\1pin\2\n\1    direction : "inout";/g} /home/vsduser/Desktop/work/tools/openlane_working_dir/pdks/sky130A/libs.ref/sky130_fd_sc_hd/lib/sky130_fd_sc_hd__tt_025C_1v80.lib > /openlane/designs/simpleuart/runs/RUN_2023.12.03_10.07.08/tmp/synthesis/1-sky130_fd_sc_hd__tt_025C_1v80.no_pg.lib}"

Sun Dec 03 10:07:15 UTC 2023 - Executing "{sed -E {s/^([[:space:]]+)pg_pin(.*)/\1pin\2\n\1    direction : "inout";/g} /openlane/designs/simpleuart/runs/RUN_2023.12.03_10.07.08/tmp/synthesis/trimmed.lib > /openlane/designs/simpleuart/runs/RUN_2023.12.03_10.07.08/tmp/synthesis/1-trimmed.no_pg.lib}"

Sun Dec 03 10:07:15 UTC 2023 - Executing "yosys -c /openlane/scripts/yosys/synth.tcl |& tee /dev/null /openlane/designs/simpleuart/runs/RUN_2023.12.03_10.07.08/logs/synthesis/1-synthesis.log"

Sun Dec 03 10:07:15 UTC 2023 - Executing "{yosys -c /openlane/scripts/yosys/synth.tcl |& tee /dev/null /openlane/designs/simpleuart/runs/RUN_2023.12.03_10.07.08/logs/synthesis/1-synthesis.log}"

Sun Dec 03 10:07:19 UTC 2023 - Executing "{sed -i.bak -e {s/\(set ::env(CURRENT_NETLIST)\).*/\1 \/openlane\/designs\/simpleuart\/runs\/RUN_2023.12.03_10.07.08\/results\/synthesis\/simpleuart.v/} /openlane/designs/simpleuart/runs/RUN_2023.12.03_10.07.08/config.tcl}"

Sun Dec 03 10:07:19 UTC 2023 - Executing "{sed -i.bak /defparam/d /openlane/designs/simpleuart/runs/RUN_2023.12.03_10.07.08/results/synthesis/simpleuart.v}"

Sun Dec 03 10:07:20 UTC 2023 - Executing "sta -exit -no_init /openlane/scripts/openroad/sta/multi_corner.tcl |& tee /dev/null /openlane/designs/simpleuart/runs/RUN_2023.12.03_10.07.08/logs/synthesis/2-sta.log"

Sun Dec 03 10:07:20 UTC 2023 - Executing "{sta -exit -no_init /openlane/scripts/openroad/sta/multi_corner.tcl |& tee /dev/null /openlane/designs/simpleuart/runs/RUN_2023.12.03_10.07.08/logs/synthesis/2-sta.log}"

Sun Dec 03 10:07:21 UTC 2023 - Executing "openroad -exit /openlane/scripts/openroad/floorplan.tcl |& tee /dev/null /openlane/designs/simpleuart/runs/RUN_2023.12.03_10.07.08/logs/floorplan/3-initial_fp.log"

Sun Dec 03 10:07:21 UTC 2023 - Executing "{openroad -exit /openlane/scripts/openroad/floorplan.tcl |& tee /dev/null /openlane/designs/simpleuart/runs/RUN_2023.12.03_10.07.08/logs/floorplan/3-initial_fp.log}"

Sun Dec 03 10:07:22 UTC 2023 - Executing "{openroad -exit -no_init -python /openlane/scripts/odbpy/defutil.py extract_core_dims --output-data /openlane/designs/simpleuart/runs/RUN_2023.12.03_10.07.08/tmp/dimensions.txt --input-lef /openlane/designs/simpleuart/runs/RUN_2023.12.03_10.07.08/tmp/merged.nom.lef /openlane/designs/simpleuart/runs/RUN_2023.12.03_10.07.08/tmp/floorplan/3-initial_fp.def}"

Sun Dec 03 10:07:23 UTC 2023 - Executing "{openroad -exit -no_init -python /openlane/scripts/odbpy/io_place.py --config /openlane/designs/simpleuart/pin_order.cfg --hor-layer met3 --ver-layer met2 --ver-width-mult 2 --hor-width-mult 2 --hor-extension 0 --ver-extension 0 --length 4 --unmatched-error --input-lef /openlane/designs/simpleuart/runs/RUN_2023.12.03_10.07.08/tmp/merged.nom.lef --output-def /openlane/designs/simpleuart/runs/RUN_2023.12.03_10.07.08/tmp/floorplan/4-io.def --output /openlane/designs/simpleuart/runs/RUN_2023.12.03_10.07.08/tmp/floorplan/4-io.odb /openlane/designs/simpleuart/runs/RUN_2023.12.03_10.07.08/tmp/floorplan/3-initial_fp.odb |& tee /dev/null /openlane/designs/simpleuart/runs/RUN_2023.12.03_10.07.08/logs/floorplan/4-place_io.log}"

Sun Dec 03 10:07:24 UTC 2023 - Executing "openroad -exit /openlane/scripts/openroad/tapcell.tcl |& tee /dev/null /openlane/designs/simpleuart/runs/RUN_2023.12.03_10.07.08/logs/floorplan/5-tap.log"

Sun Dec 03 10:07:24 UTC 2023 - Executing "{openroad -exit /openlane/scripts/openroad/tapcell.tcl |& tee /dev/null /openlane/designs/simpleuart/runs/RUN_2023.12.03_10.07.08/logs/floorplan/5-tap.log}"

Sun Dec 03 10:07:25 UTC 2023 - Executing "openroad -exit /openlane/scripts/openroad/pdn.tcl |& tee /dev/null /openlane/designs/simpleuart/runs/RUN_2023.12.03_10.07.08/logs/floorplan/6-pdn.log"

Sun Dec 03 10:07:25 UTC 2023 - Executing "{openroad -exit /openlane/scripts/openroad/pdn.tcl |& tee /dev/null /openlane/designs/simpleuart/runs/RUN_2023.12.03_10.07.08/logs/floorplan/6-pdn.log}"

Sun Dec 03 10:07:27 UTC 2023 - Executing "openroad -exit /openlane/scripts/openroad/gpl.tcl |& tee /dev/null /openlane/designs/simpleuart/runs/RUN_2023.12.03_10.07.08/logs/placement/7-global.log"

Sun Dec 03 10:07:27 UTC 2023 - Executing "{openroad -exit /openlane/scripts/openroad/gpl.tcl |& tee /dev/null /openlane/designs/simpleuart/runs/RUN_2023.12.03_10.07.08/logs/placement/7-global.log}"

Sun Dec 03 10:07:31 UTC 2023 - Executing "{sed -i.bak -e {s/\(set ::env(CURRENT_NETLIST)\).*/\1 \/openlane\/designs\/simpleuart\/runs\/RUN_2023.12.03_10.07.08\/tmp\/placement\/7-global.nl.v/} /openlane/designs/simpleuart/runs/RUN_2023.12.03_10.07.08/config.tcl}"

Sun Dec 03 10:07:31 UTC 2023 - Executing "openroad -exit /openlane/scripts/openroad/sta/multi_corner.tcl |& tee /dev/null /openlane/designs/simpleuart/runs/RUN_2023.12.03_10.07.08/logs/placement/8-gpl_sta.log"

Sun Dec 03 10:07:31 UTC 2023 - Executing "{openroad -exit /openlane/scripts/openroad/sta/multi_corner.tcl |& tee /dev/null /openlane/designs/simpleuart/runs/RUN_2023.12.03_10.07.08/logs/placement/8-gpl_sta.log}"

Sun Dec 03 10:07:32 UTC 2023 - Executing "openroad -exit /openlane/scripts/openroad/resizer.tcl |& tee /dev/null /openlane/designs/simpleuart/runs/RUN_2023.12.03_10.07.08/logs/placement/9-resizer.log"

Sun Dec 03 10:07:33 UTC 2023 - Executing "{openroad -exit /openlane/scripts/openroad/resizer.tcl |& tee /dev/null /openlane/designs/simpleuart/runs/RUN_2023.12.03_10.07.08/logs/placement/9-resizer.log}"

Sun Dec 03 10:07:37 UTC 2023 - Executing "{sed -i.bak -e {s/\(set ::env(CURRENT_NETLIST)\).*/\1 \/openlane\/designs\/simpleuart\/runs\/RUN_2023.12.03_10.07.08\/tmp\/placement\/9-resizer.nl.v/} /openlane/designs/simpleuart/runs/RUN_2023.12.03_10.07.08/config.tcl}"

Sun Dec 03 10:07:38 UTC 2023 - Executing "openroad -exit /openlane/scripts/openroad/dpl.tcl |& tee /dev/null /openlane/designs/simpleuart/runs/RUN_2023.12.03_10.07.08/logs/placement/10-detailed.log"

Sun Dec 03 10:07:38 UTC 2023 - Executing "{openroad -exit /openlane/scripts/openroad/dpl.tcl |& tee /dev/null /openlane/designs/simpleuart/runs/RUN_2023.12.03_10.07.08/logs/placement/10-detailed.log}"

Sun Dec 03 10:07:39 UTC 2023 - Executing "{sed -i.bak -e {s/\(set ::env(CURRENT_NETLIST)\).*/\1 \/openlane\/designs\/simpleuart\/runs\/RUN_2023.12.03_10.07.08\/results\/placement\/simpleuart.nl.v/} /openlane/designs/simpleuart/runs/RUN_2023.12.03_10.07.08/config.tcl}"

Sun Dec 03 10:07:39 UTC 2023 - Executing "openroad -exit /openlane/scripts/openroad/sta/multi_corner.tcl |& tee /dev/null /openlane/designs/simpleuart/runs/RUN_2023.12.03_10.07.08/logs/placement/11-dpl_sta.log"

Sun Dec 03 10:07:39 UTC 2023 - Executing "{openroad -exit /openlane/scripts/openroad/sta/multi_corner.tcl |& tee /dev/null /openlane/designs/simpleuart/runs/RUN_2023.12.03_10.07.08/logs/placement/11-dpl_sta.log}"

Sun Dec 03 10:07:41 UTC 2023 - Executing "openroad -exit /openlane/scripts/openroad/cts.tcl |& tee /dev/null /openlane/designs/simpleuart/runs/RUN_2023.12.03_10.07.08/logs/cts/12-cts.log"

Sun Dec 03 10:07:41 UTC 2023 - Executing "{openroad -exit /openlane/scripts/openroad/cts.tcl |& tee /dev/null /openlane/designs/simpleuart/runs/RUN_2023.12.03_10.07.08/logs/cts/12-cts.log}"

Sun Dec 03 10:08:38 UTC 2023 - Executing "openroad -exit /openlane/scripts/openroad/sta/multi_corner.tcl |& tee /dev/null /openlane/designs/simpleuart/runs/RUN_2023.12.03_10.07.08/logs/cts/13-cts_sta.log"

Sun Dec 03 10:08:38 UTC 2023 - Executing "{openroad -exit /openlane/scripts/openroad/sta/multi_corner.tcl |& tee /dev/null /openlane/designs/simpleuart/runs/RUN_2023.12.03_10.07.08/logs/cts/13-cts_sta.log}"

Sun Dec 03 10:08:39 UTC 2023 - Executing "openroad -exit /openlane/scripts/openroad/resizer_timing.tcl |& tee /dev/null /openlane/designs/simpleuart/runs/RUN_2023.12.03_10.07.08/logs/cts/14-resizer.log"

Sun Dec 03 10:08:39 UTC 2023 - Executing "{openroad -exit /openlane/scripts/openroad/resizer_timing.tcl |& tee /dev/null /openlane/designs/simpleuart/runs/RUN_2023.12.03_10.07.08/logs/cts/14-resizer.log}"

Sun Dec 03 10:08:43 UTC 2023 - Executing "{sed -i.bak -e {s/\(set ::env(CURRENT_NETLIST)\).*/\1 \/openlane\/designs\/simpleuart\/runs\/RUN_2023.12.03_10.07.08\/tmp\/cts\/14-simpleuart.resized.nl.v/} /openlane/designs/simpleuart/runs/RUN_2023.12.03_10.07.08/config.tcl}"

Sun Dec 03 10:08:44 UTC 2023 - Executing "openroad -exit /openlane/scripts/openroad/resizer_routing_design.tcl |& tee /dev/null /openlane/designs/simpleuart/runs/RUN_2023.12.03_10.07.08/logs/routing/15-resizer_design.log"

Sun Dec 03 10:08:44 UTC 2023 - Executing "{openroad -exit /openlane/scripts/openroad/resizer_routing_design.tcl |& tee /dev/null /openlane/designs/simpleuart/runs/RUN_2023.12.03_10.07.08/logs/routing/15-resizer_design.log}"

Sun Dec 03 10:08:48 UTC 2023 - Executing "{sed -i.bak -e {s/\(set ::env(CURRENT_NETLIST)\).*/\1 \/openlane\/designs\/simpleuart\/runs\/RUN_2023.12.03_10.07.08\/tmp\/15-simpleuart.nl.v/} /openlane/designs/simpleuart/runs/RUN_2023.12.03_10.07.08/config.tcl}"

Sun Dec 03 10:08:49 UTC 2023 - Executing "openroad -exit /openlane/scripts/openroad/sta/multi_corner.tcl |& tee /dev/null /openlane/designs/simpleuart/runs/RUN_2023.12.03_10.07.08/logs/routing/16-rsz_design_sta.log"

Sun Dec 03 10:08:49 UTC 2023 - Executing "{openroad -exit /openlane/scripts/openroad/sta/multi_corner.tcl |& tee /dev/null /openlane/designs/simpleuart/runs/RUN_2023.12.03_10.07.08/logs/routing/16-rsz_design_sta.log}"

Sun Dec 03 10:08:50 UTC 2023 - Executing "openroad -exit /openlane/scripts/openroad/resizer_routing_timing.tcl |& tee /dev/null /openlane/designs/simpleuart/runs/RUN_2023.12.03_10.07.08/logs/routing/17-resizer_timing.log"

Sun Dec 03 10:08:50 UTC 2023 - Executing "{openroad -exit /openlane/scripts/openroad/resizer_routing_timing.tcl |& tee /dev/null /openlane/designs/simpleuart/runs/RUN_2023.12.03_10.07.08/logs/routing/17-resizer_timing.log}"

Sun Dec 03 10:08:54 UTC 2023 - Executing "{sed -i.bak -e {s/\(set ::env(CURRENT_NETLIST)\).*/\1 \/openlane\/designs\/simpleuart\/runs\/RUN_2023.12.03_10.07.08\/tmp\/17-simpleuart.nl.v/} /openlane/designs/simpleuart/runs/RUN_2023.12.03_10.07.08/config.tcl}"

Sun Dec 03 10:08:55 UTC 2023 - Executing "openroad -exit /openlane/scripts/openroad/sta/multi_corner.tcl |& tee /dev/null /openlane/designs/simpleuart/runs/RUN_2023.12.03_10.07.08/logs/routing/18-rsz_timing_sta.log"

Sun Dec 03 10:08:55 UTC 2023 - Executing "{openroad -exit /openlane/scripts/openroad/sta/multi_corner.tcl |& tee /dev/null /openlane/designs/simpleuart/runs/RUN_2023.12.03_10.07.08/logs/routing/18-rsz_timing_sta.log}"

Sun Dec 03 10:08:56 UTC 2023 - Executing "{openroad -exit -no_init -python /openlane/scripts/odbpy/diodes.py place --diode-cell sky130_fd_sc_hd__diode_2 --diode-pin DIODE --threshold 90 --side-strategy source --port-protect none --input-lef /openlane/designs/simpleuart/runs/RUN_2023.12.03_10.07.08/tmp/merged.nom.lef --output-def /openlane/designs/simpleuart/runs/RUN_2023.12.03_10.07.08/tmp/routing/19-diodes.def --output /openlane/designs/simpleuart/runs/RUN_2023.12.03_10.07.08/tmp/routing/19-diodes.odb /openlane/designs/simpleuart/runs/RUN_2023.12.03_10.07.08/tmp/17-simpleuart.odb |& tee /dev/null /openlane/designs/simpleuart/runs/RUN_2023.12.03_10.07.08/logs/routing/19-diodes.log}"

Sun Dec 03 10:08:57 UTC 2023 - Executing "openroad -exit /openlane/scripts/openroad/dpl.tcl |& tee /dev/null /openlane/designs/simpleuart/runs/RUN_2023.12.03_10.07.08/logs/routing/20-diode_legalization.log"

Sun Dec 03 10:08:57 UTC 2023 - Executing "{openroad -exit /openlane/scripts/openroad/dpl.tcl |& tee /dev/null /openlane/designs/simpleuart/runs/RUN_2023.12.03_10.07.08/logs/routing/20-diode_legalization.log}"

Sun Dec 03 10:08:58 UTC 2023 - Executing "{sed -i.bak -e {s/\(set ::env(CURRENT_NETLIST)\).*/\1 \/openlane\/designs\/simpleuart\/runs\/RUN_2023.12.03_10.07.08\/tmp\/routing\/.\/19-diodes_legalized.nl.v/} /openlane/designs/simpleuart/runs/RUN_2023.12.03_10.07.08/config.tcl}"

Sun Dec 03 10:08:59 UTC 2023 - Executing "openroad -exit /openlane/scripts/openroad/repair_antennas.tcl |& tee /dev/null /openlane/designs/simpleuart/runs/RUN_2023.12.03_10.07.08/logs/routing/21-global.log"

Sun Dec 03 10:08:59 UTC 2023 - Executing "{openroad -exit /openlane/scripts/openroad/repair_antennas.tcl |& tee /dev/null /openlane/designs/simpleuart/runs/RUN_2023.12.03_10.07.08/logs/routing/21-global.log}"

Sun Dec 03 10:09:01 UTC 2023 - Executing "openroad -exit /openlane/scripts/openroad/write_views.tcl |& tee /dev/null /openlane/designs/simpleuart/runs/RUN_2023.12.03_10.07.08/logs/routing/21-global_write_netlist.log"

Sun Dec 03 10:09:01 UTC 2023 - Executing "{openroad -exit /openlane/scripts/openroad/write_views.tcl |& tee /dev/null /openlane/designs/simpleuart/runs/RUN_2023.12.03_10.07.08/logs/routing/21-global_write_netlist.log}"

Sun Dec 03 10:09:02 UTC 2023 - Executing "{sed -i.bak -e {s/\(set ::env(CURRENT_NETLIST)\).*/\1 \/openlane\/designs\/simpleuart\/runs\/RUN_2023.12.03_10.07.08\/tmp\/routing\/global.nl.v/} /openlane/designs/simpleuart/runs/RUN_2023.12.03_10.07.08/config.tcl}"

Sun Dec 03 10:09:02 UTC 2023 - Executing "openroad -exit /openlane/scripts/openroad/sta/multi_corner.tcl |& tee /dev/null /openlane/designs/simpleuart/runs/RUN_2023.12.03_10.07.08/logs/routing/23-grt_sta.log"

Sun Dec 03 10:09:02 UTC 2023 - Executing "{openroad -exit /openlane/scripts/openroad/sta/multi_corner.tcl |& tee /dev/null /openlane/designs/simpleuart/runs/RUN_2023.12.03_10.07.08/logs/routing/23-grt_sta.log}"

Sun Dec 03 10:09:04 UTC 2023 - Executing "openroad -exit /openlane/scripts/openroad/fill.tcl |& tee /dev/null /openlane/designs/simpleuart/runs/RUN_2023.12.03_10.07.08/logs/routing/24-fill.log"

Sun Dec 03 10:09:04 UTC 2023 - Executing "{openroad -exit /openlane/scripts/openroad/fill.tcl |& tee /dev/null /openlane/designs/simpleuart/runs/RUN_2023.12.03_10.07.08/logs/routing/24-fill.log}"

Sun Dec 03 10:09:05 UTC 2023 - Executing "{sed -i.bak -e {s/\(set ::env(CURRENT_NETLIST)\).*/\1 \/openlane\/designs\/simpleuart\/runs\/RUN_2023.12.03_10.07.08\/tmp\/routing\/24-fill.nl.v/} /openlane/designs/simpleuart/runs/RUN_2023.12.03_10.07.08/config.tcl}"

Sun Dec 03 10:09:05 UTC 2023 - Executing "openroad -exit -metrics /openlane/designs/simpleuart/runs/RUN_2023.12.03_10.07.08/reports/routing/25-drt_metrics.json /openlane/scripts/openroad/droute.tcl |& tee /dev/null /openlane/designs/simpleuart/runs/RUN_2023.12.03_10.07.08/logs/routing/25-detailed.log"

Sun Dec 03 10:09:06 UTC 2023 - Executing "{openroad -exit -metrics /openlane/designs/simpleuart/runs/RUN_2023.12.03_10.07.08/reports/routing/25-drt_metrics.json /openlane/scripts/openroad/droute.tcl |& tee /dev/null /openlane/designs/simpleuart/runs/RUN_2023.12.03_10.07.08/logs/routing/25-detailed.log}"

Sun Dec 03 10:10:00 UTC 2023 - Executing "{sed -i.bak -e {s/\(set ::env(CURRENT_NETLIST)\).*/\1 \/openlane\/designs\/simpleuart\/runs\/RUN_2023.12.03_10.07.08\/results\/routing\/simpleuart.nl.v/} /openlane/designs/simpleuart/runs/RUN_2023.12.03_10.07.08/config.tcl}"

Sun Dec 03 10:10:00 UTC 2023 - Executing "{python3 /openlane/scripts/drc_rosetta.py tr to_klayout -o /openlane/designs/simpleuart/runs/RUN_2023.12.03_10.07.08/reports/routing/drt.klayout.xml --design-name simpleuart /openlane/designs/simpleuart/runs/RUN_2023.12.03_10.07.08/reports/routing/drt.drc}"

Sun Dec 03 10:10:01 UTC 2023 - Executing "{openroad -exit -no_init -python /openlane/scripts/odbpy/wire_lengths.py --report-out /openlane/designs/simpleuart/runs/RUN_2023.12.03_10.07.08/reports/routing/26-wire_lengths.csv --input-lef /openlane/designs/simpleuart/runs/RUN_2023.12.03_10.07.08/tmp/merged.nom.lef --output-def /dev/null --output /openlane/designs/simpleuart/runs/RUN_2023.12.03_10.07.08/results/routing/simpleuart.odb /openlane/designs/simpleuart/runs/RUN_2023.12.03_10.07.08/results/routing/simpleuart.odb |& tee /dev/null /openlane/designs/simpleuart/runs/RUN_2023.12.03_10.07.08/logs/routing/26-wire_lengths.log}"

Sun Dec 03 10:10:02 UTC 2023 - Executing "openroad -exit /openlane/scripts/openroad/rcx.tcl |& tee /dev/null /openlane/designs/simpleuart/runs/RUN_2023.12.03_10.07.08/logs/signoff/27-parasitics_extraction.min.log"

Sun Dec 03 10:10:02 UTC 2023 - Executing "{openroad -exit /openlane/scripts/openroad/rcx.tcl |& tee /dev/null /openlane/designs/simpleuart/runs/RUN_2023.12.03_10.07.08/logs/signoff/27-parasitics_extraction.min.log}"

Sun Dec 03 10:10:04 UTC 2023 - Executing "sta -exit -no_init /openlane/scripts/openroad/sta/multi_corner.tcl |& tee /dev/null /openlane/designs/simpleuart/runs/RUN_2023.12.03_10.07.08/logs/signoff/28-rcx_mcsta.min.log"

Sun Dec 03 10:10:04 UTC 2023 - Executing "{sta -exit -no_init /openlane/scripts/openroad/sta/multi_corner.tcl |& tee /dev/null /openlane/designs/simpleuart/runs/RUN_2023.12.03_10.07.08/logs/signoff/28-rcx_mcsta.min.log}"

Sun Dec 03 10:10:09 UTC 2023 - Executing "openroad -exit /openlane/scripts/openroad/rcx.tcl |& tee /dev/null /openlane/designs/simpleuart/runs/RUN_2023.12.03_10.07.08/logs/signoff/29-parasitics_extraction.max.log"

Sun Dec 03 10:10:09 UTC 2023 - Executing "{openroad -exit /openlane/scripts/openroad/rcx.tcl |& tee /dev/null /openlane/designs/simpleuart/runs/RUN_2023.12.03_10.07.08/logs/signoff/29-parasitics_extraction.max.log}"

Sun Dec 03 10:10:11 UTC 2023 - Executing "sta -exit -no_init /openlane/scripts/openroad/sta/multi_corner.tcl |& tee /dev/null /openlane/designs/simpleuart/runs/RUN_2023.12.03_10.07.08/logs/signoff/30-rcx_mcsta.max.log"

Sun Dec 03 10:10:11 UTC 2023 - Executing "{sta -exit -no_init /openlane/scripts/openroad/sta/multi_corner.tcl |& tee /dev/null /openlane/designs/simpleuart/runs/RUN_2023.12.03_10.07.08/logs/signoff/30-rcx_mcsta.max.log}"

Sun Dec 03 10:10:16 UTC 2023 - Executing "openroad -exit /openlane/scripts/openroad/rcx.tcl |& tee /dev/null /openlane/designs/simpleuart/runs/RUN_2023.12.03_10.07.08/logs/signoff/31-parasitics_extraction.nom.log"

Sun Dec 03 10:10:16 UTC 2023 - Executing "{openroad -exit /openlane/scripts/openroad/rcx.tcl |& tee /dev/null /openlane/designs/simpleuart/runs/RUN_2023.12.03_10.07.08/logs/signoff/31-parasitics_extraction.nom.log}"

Sun Dec 03 10:10:18 UTC 2023 - Executing "sta -exit -no_init /openlane/scripts/openroad/sta/multi_corner.tcl |& tee /dev/null /openlane/designs/simpleuart/runs/RUN_2023.12.03_10.07.08/logs/signoff/32-rcx_mcsta.nom.log"

Sun Dec 03 10:10:18 UTC 2023 - Executing "{sta -exit -no_init /openlane/scripts/openroad/sta/multi_corner.tcl |& tee /dev/null /openlane/designs/simpleuart/runs/RUN_2023.12.03_10.07.08/logs/signoff/32-rcx_mcsta.nom.log}"

Sun Dec 03 10:10:24 UTC 2023 - Executing "openroad -exit /openlane/scripts/openroad/irdrop.tcl |& tee /dev/null /openlane/designs/simpleuart/runs/RUN_2023.12.03_10.07.08/logs/signoff/33-irdrop.log"

Sun Dec 03 10:10:24 UTC 2023 - Executing "{openroad -exit /openlane/scripts/openroad/irdrop.tcl |& tee /dev/null /openlane/designs/simpleuart/runs/RUN_2023.12.03_10.07.08/logs/signoff/33-irdrop.log}"

Sun Dec 03 10:10:31 UTC 2023 - Executing "magic -noconsole -dnull -rcfile /home/vsduser/Desktop/work/tools/openlane_working_dir/pdks/sky130A/libs.tech/magic/sky130A.magicrc < /openlane/scripts/magic/wrapper.tcl |& tee /dev/null /openlane/designs/simpleuart/runs/RUN_2023.12.03_10.07.08/logs/signoff/34-gdsii.log"

Sun Dec 03 10:10:31 UTC 2023 - Executing "{magic -noconsole -dnull -rcfile /home/vsduser/Desktop/work/tools/openlane_working_dir/pdks/sky130A/libs.tech/magic/sky130A.magicrc < /openlane/scripts/magic/wrapper.tcl |& tee /dev/null /openlane/designs/simpleuart/runs/RUN_2023.12.03_10.07.08/logs/signoff/34-gdsii.log}"

Sun Dec 03 10:10:33 UTC 2023 - Executing "magic -noconsole -dnull -rcfile /home/vsduser/Desktop/work/tools/openlane_working_dir/pdks/sky130A/libs.tech/magic/sky130A.magicrc < /openlane/scripts/magic/wrapper.tcl |& tee /dev/null /openlane/designs/simpleuart/runs/RUN_2023.12.03_10.07.08/logs/signoff/34-gds_ptrs.log"

Sun Dec 03 10:10:33 UTC 2023 - Executing "{magic -noconsole -dnull -rcfile /home/vsduser/Desktop/work/tools/openlane_working_dir/pdks/sky130A/libs.tech/magic/sky130A.magicrc < /openlane/scripts/magic/wrapper.tcl |& tee /dev/null /openlane/designs/simpleuart/runs/RUN_2023.12.03_10.07.08/logs/signoff/34-gds_ptrs.log}"

Sun Dec 03 10:10:35 UTC 2023 - Executing "{sed -i.bak -n {/^<< properties >>/,/^<< end >>/p} /openlane/designs/simpleuart/runs/RUN_2023.12.03_10.07.08/tmp/signoff/gds_ptrs.mag}"

Sun Dec 03 10:10:35 UTC 2023 - Executing "magic -noconsole -dnull -rcfile /home/vsduser/Desktop/work/tools/openlane_working_dir/pdks/sky130A/libs.tech/magic/sky130A.magicrc < /openlane/scripts/magic/wrapper.tcl |& tee /dev/null /openlane/designs/simpleuart/runs/RUN_2023.12.03_10.07.08/logs/signoff/34-lef.log"

Sun Dec 03 10:10:35 UTC 2023 - Executing "{magic -noconsole -dnull -rcfile /home/vsduser/Desktop/work/tools/openlane_working_dir/pdks/sky130A/libs.tech/magic/sky130A.magicrc < /openlane/scripts/magic/wrapper.tcl |& tee /dev/null /openlane/designs/simpleuart/runs/RUN_2023.12.03_10.07.08/logs/signoff/34-lef.log}"

Sun Dec 03 10:10:40 UTC 2023 - Executing "magic -noconsole -dnull -rcfile /home/vsduser/Desktop/work/tools/openlane_working_dir/pdks/sky130A/libs.tech/magic/sky130A.magicrc < /openlane/scripts/magic/wrapper.tcl |& tee /dev/null /openlane/designs/simpleuart/runs/RUN_2023.12.03_10.07.08/logs/signoff/34-maglef.log"

Sun Dec 03 10:10:40 UTC 2023 - Executing "{magic -noconsole -dnull -rcfile /home/vsduser/Desktop/work/tools/openlane_working_dir/pdks/sky130A/libs.tech/magic/sky130A.magicrc < /openlane/scripts/magic/wrapper.tcl |& tee /dev/null /openlane/designs/simpleuart/runs/RUN_2023.12.03_10.07.08/logs/signoff/34-maglef.log}"

Sun Dec 03 10:10:41 UTC 2023 - Executing "{python3 /openlane/scripts/klayout/stream_out.py --output /openlane/designs/simpleuart/runs/RUN_2023.12.03_10.07.08/results/signoff/simpleuart.klayout.gds --lyt /home/vsduser/Desktop/work/tools/openlane_working_dir/pdks/sky130A/libs.tech/klayout/tech/sky130A.lyt --lym /home/vsduser/Desktop/work/tools/openlane_working_dir/pdks/sky130A/libs.tech/klayout/tech/sky130A.map --lyp /home/vsduser/Desktop/work/tools/openlane_working_dir/pdks/sky130A/libs.tech/klayout/tech/sky130A.lyp --top simpleuart --with-gds-file /home/vsduser/Desktop/work/tools/openlane_working_dir/pdks/sky130A/libs.ref/sky130_fd_sc_hd/gds/sky130_fd_sc_hd.gds --input-lef /openlane/designs/simpleuart/runs/RUN_2023.12.03_10.07.08/tmp/merged.nom.lef /openlane/designs/simpleuart/runs/RUN_2023.12.03_10.07.08/results/routing/simpleuart.def |& tee /dev/null /openlane/designs/simpleuart/runs/RUN_2023.12.03_10.07.08/logs/signoff/35-gdsii-klayout.log}"

Sun Dec 03 10:10:42 UTC 2023 - Executing "{klayout -b -r /openlane/scripts/klayout/xor.drc -rd a=/openlane/designs/simpleuart/runs/RUN_2023.12.03_10.07.08/results/signoff/simpleuart.gds -rd b=/openlane/designs/simpleuart/runs/RUN_2023.12.03_10.07.08/results/signoff/simpleuart.klayout.gds -rd jobs=1 -rd rdb_out=/openlane/designs/simpleuart/runs/RUN_2023.12.03_10.07.08/reports/signoff/36-xor.xml -rd ignore=81/14 -rd rpt_out=/openlane/designs/simpleuart/runs/RUN_2023.12.03_10.07.08/reports/signoff/36-xor.rpt |& tee /dev/null /openlane/designs/simpleuart/runs/RUN_2023.12.03_10.07.08/logs/signoff/36-xor.log}"

Sun Dec 03 10:10:53 UTC 2023 - Executing "magic -noconsole -dnull -rcfile /home/vsduser/Desktop/work/tools/openlane_working_dir/pdks/sky130A/libs.tech/magic/sky130A.magicrc < /openlane/scripts/magic/wrapper.tcl |& tee /dev/null /openlane/designs/simpleuart/runs/RUN_2023.12.03_10.07.08/logs/signoff/37-spice.log"

Sun Dec 03 10:10:53 UTC 2023 - Executing "{magic -noconsole -dnull -rcfile /home/vsduser/Desktop/work/tools/openlane_working_dir/pdks/sky130A/libs.tech/magic/sky130A.magicrc < /openlane/scripts/magic/wrapper.tcl |& tee /dev/null /openlane/designs/simpleuart/runs/RUN_2023.12.03_10.07.08/logs/signoff/37-spice.log}"

Sun Dec 03 10:11:06 UTC 2023 - Executing "{openroad -exit -no_init -python /openlane/scripts/odbpy/power_utils.py write_powered_def --output /openlane/designs/simpleuart/runs/RUN_2023.12.03_10.07.08/tmp/signoff/37-simpleuart.p.def --input-lef /openlane/designs/simpleuart/runs/RUN_2023.12.03_10.07.08/tmp/merged.nom.lef --power-port VPWR --ground-port VGND --powered-netlist {} /openlane/designs/simpleuart/runs/RUN_2023.12.03_10.07.08/results/routing/simpleuart.def |& tee /dev/null /openlane/designs/simpleuart/runs/RUN_2023.12.03_10.07.08/logs/signoff/38-write_powered_def.log}"

Sun Dec 03 10:11:07 UTC 2023 - Executing "openroad -exit /openlane/scripts/openroad/write_views.tcl |& tee /dev/null /openlane/designs/simpleuart/runs/RUN_2023.12.03_10.07.08/logs/signoff/38-write_powered_verilog.log"

Sun Dec 03 10:11:07 UTC 2023 - Executing "{openroad -exit /openlane/scripts/openroad/write_views.tcl |& tee /dev/null /openlane/designs/simpleuart/runs/RUN_2023.12.03_10.07.08/logs/signoff/38-write_powered_verilog.log}"

Sun Dec 03 10:11:09 UTC 2023 - Executing "{sed -i.bak -e {s/\(set ::env(CURRENT_NETLIST)\).*/\1 \/openlane\/designs\/simpleuart\/runs\/RUN_2023.12.03_10.07.08\/tmp\/signoff\/37-simpleuart.nl.v/} /openlane/designs/simpleuart/runs/RUN_2023.12.03_10.07.08/config.tcl}"

Sun Dec 03 10:11:09 UTC 2023 - Executing "{netgen -batch source /openlane/designs/simpleuart/runs/RUN_2023.12.03_10.07.08/tmp/signoff/40-setup_file.lef.lvs |& tee /dev/null /openlane/designs/simpleuart/runs/RUN_2023.12.03_10.07.08/logs/signoff/40-lvs.lef.log}"

Sun Dec 03 10:11:11 UTC 2023 - Executing "magic -noconsole -dnull -rcfile /home/vsduser/Desktop/work/tools/openlane_working_dir/pdks/sky130A/libs.tech/magic/sky130A.magicrc < /openlane/scripts/magic/wrapper.tcl |& tee /dev/null /openlane/designs/simpleuart/runs/RUN_2023.12.03_10.07.08/logs/signoff/41-drc.log"

Sun Dec 03 10:11:11 UTC 2023 - Executing "{magic -noconsole -dnull -rcfile /home/vsduser/Desktop/work/tools/openlane_working_dir/pdks/sky130A/libs.tech/magic/sky130A.magicrc < /openlane/scripts/magic/wrapper.tcl |& tee /dev/null /openlane/designs/simpleuart/runs/RUN_2023.12.03_10.07.08/logs/signoff/41-drc.log}"

Sun Dec 03 10:11:45 UTC 2023 - Executing "{python3 /openlane/scripts/drc_rosetta.py magic to_tcl -o /openlane/designs/simpleuart/runs/RUN_2023.12.03_10.07.08/reports/signoff/drc.tcl /openlane/designs/simpleuart/runs/RUN_2023.12.03_10.07.08/reports/signoff/drc.rpt}"

Sun Dec 03 10:11:45 UTC 2023 - Executing "{python3 /openlane/scripts/drc_rosetta.py magic to_tr -o /openlane/designs/simpleuart/runs/RUN_2023.12.03_10.07.08/reports/signoff/drc.tr /openlane/designs/simpleuart/runs/RUN_2023.12.03_10.07.08/reports/signoff/drc.rpt}"

Sun Dec 03 10:11:46 UTC 2023 - Executing "{python3 /openlane/scripts/drc_rosetta.py tr to_klayout -o /openlane/designs/simpleuart/runs/RUN_2023.12.03_10.07.08/reports/signoff/drc.klayout.xml --design-name simpleuart /openlane/designs/simpleuart/runs/RUN_2023.12.03_10.07.08/reports/signoff/drc.tr}"

Sun Dec 03 10:11:46 UTC 2023 - Executing "{python3 /openlane/scripts/drc_rosetta.py magic to_rdb -o /openlane/designs/simpleuart/runs/RUN_2023.12.03_10.07.08/reports/signoff/drc.rdb /openlane/designs/simpleuart/runs/RUN_2023.12.03_10.07.08/reports/signoff/drc.rpt}"

Sun Dec 03 10:11:46 UTC 2023 - Executing "openroad -exit /openlane/scripts/openroad/antenna_check.tcl |& tee /dev/null /openlane/designs/simpleuart/runs/RUN_2023.12.03_10.07.08/logs/signoff/42-arc.log"

Sun Dec 03 10:11:46 UTC 2023 - Executing "{openroad -exit /openlane/scripts/openroad/antenna_check.tcl |& tee /dev/null /openlane/designs/simpleuart/runs/RUN_2023.12.03_10.07.08/logs/signoff/42-arc.log}"

Sun Dec 03 10:11:48 UTC 2023 - Executing "{python3 /openlane/scripts/extract_antenna_violators.py --output /openlane/designs/simpleuart/runs/RUN_2023.12.03_10.07.08/reports/signoff/42-antenna_violators.rpt --plain-out /openlane/designs/simpleuart/runs/RUN_2023.12.03_10.07.08/reports/signoff/42-antenna_violators_pins.txt /openlane/designs/simpleuart/runs/RUN_2023.12.03_10.07.08/logs/signoff/42-arc.log}"

Sun Dec 03 10:11:48 UTC 2023 - Executing "{python3 /openlane/scripts/write_runtime.py --conclude --seconds --time-in 1701598308 {flow completed}}"

Sun Dec 03 10:11:48 UTC 2023 - Executing "{python3 /openlane/scripts/generate_reports.py -d /openlane/designs/simpleuart --design_name simpleuart --tag RUN_2023.12.03_10.07.08 --output_file /openlane/designs/simpleuart/runs/RUN_2023.12.03_10.07.08/reports/metrics.csv --man_report /openlane/designs/simpleuart/runs/RUN_2023.12.03_10.07.08/reports/manufacturability.rpt --run_path /openlane/designs/simpleuart/runs/RUN_2023.12.03_10.07.08}"

