OpenROAD 6f9b2bb8b808b1bb5831d4525d868212ae50517a 
This program is licensed under the BSD-3 license. See the LICENSE file for details.
Components of this program may be licensed under more restrictive licenses which must be honored.
[INFO ODB-0222] Reading LEF file: /openlane/designs/alphacore/runs/RUN_2023.12.03_09.03.48/tmp/merged.nom.lef
[INFO ODB-0223]     Created 13 technology layers
[INFO ODB-0224]     Created 25 technology vias
[INFO ODB-0225]     Created 442 library cells
[INFO ODB-0226] Finished LEF file:  /openlane/designs/alphacore/runs/RUN_2023.12.03_09.03.48/tmp/merged.nom.lef
[INFO ODB-0127] Reading DEF file: /openlane/designs/alphacore/runs/RUN_2023.12.03_09.03.48/tmp/signoff/37-alphacore.p.def
[INFO ODB-0128] Design: alphacore
[INFO ODB-0130]     Created 377 pins.
[INFO ODB-0131]     Created 41324 components and 206185 component-terminals.
[INFO ODB-0132]     Created 2 special nets and 158960 connections.
[INFO ODB-0133]     Created 10911 nets and 47151 connections.
[INFO ODB-0134] Finished DEF file: /openlane/designs/alphacore/runs/RUN_2023.12.03_09.03.48/tmp/signoff/37-alphacore.p.def
define_corners Typical
read_liberty -corner Typical /home/vsduser/Desktop/work/tools/openlane_working_dir/pdks/sky130A/libs.ref/sky130_fd_sc_hd/lib/sky130_fd_sc_hd__tt_025C_1v80.lib
Using 1e-12 for capacitance...
Using 1e+03 for resistance...
Using 1e-09 for time...
Using 1e+00 for voltage...
Using 1e-03 for current...
Using 1e-09 for power...
Using 1e-06 for distance...
Reading design constraints file at '/openlane/designs/alphacore/src/alphacore_synthesis.sdc'…
[WARNING] Did not save OpenROAD database!
Writing netlist to '/openlane/designs/alphacore/runs/RUN_2023.12.03_09.03.48/tmp/signoff/37-alphacore.nl.v'…
Writing powered netlist to '/openlane/designs/alphacore/runs/RUN_2023.12.03_09.03.48/tmp/signoff/37-alphacore.pnl.v'…
