
===========================================================================
 report_power
============================================================================
======================= Fastest Corner ===================================

Group                  Internal  Switching    Leakage      Total
                          Power      Power      Power      Power (Watts)
----------------------------------------------------------------
Sequential             7.54e-06   1.70e-07   2.72e-09   7.71e-06  54.1%
Combinational          2.88e-07   3.33e-07   4.98e-09   6.26e-07   4.4%
Clock                  1.80e-06   4.11e-06   1.27e-08   5.92e-06  41.5%
Macro                  0.00e+00   0.00e+00   0.00e+00   0.00e+00   0.0%
Pad                    0.00e+00   0.00e+00   0.00e+00   0.00e+00   0.0%
----------------------------------------------------------------
Total                  9.62e-06   4.61e-06   2.04e-08   1.43e-05 100.0%
                          67.5%      32.4%       0.1%

======================= Slowest Corner ===================================

Group                  Internal  Switching    Leakage      Total
                          Power      Power      Power      Power (Watts)
----------------------------------------------------------------
Sequential             5.25e-06   1.14e-07   2.42e-06   7.79e-06  45.8%
Combinational          2.12e-07   2.21e-07   4.55e-06   4.99e-06  29.3%
Clock                  1.26e-06   2.76e-06   2.23e-07   4.25e-06  24.9%
Macro                  0.00e+00   0.00e+00   0.00e+00   0.00e+00   0.0%
Pad                    0.00e+00   0.00e+00   0.00e+00   0.00e+00   0.0%
----------------------------------------------------------------
Total                  6.72e-06   3.10e-06   7.20e-06   1.70e-05 100.0%
                          39.5%      18.2%      42.3%

======================= Typical Corner ===================================

Group                  Internal  Switching    Leakage      Total
                          Power      Power      Power      Power (Watts)
----------------------------------------------------------------
Sequential             6.52e-06   1.45e-07   1.42e-09   6.66e-06  54.1%
Combinational          2.60e-07   2.82e-07   3.41e-09   5.45e-07   4.4%
Clock                  1.57e-06   3.52e-06   1.23e-08   5.10e-06  41.5%
Macro                  0.00e+00   0.00e+00   0.00e+00   0.00e+00   0.0%
Pad                    0.00e+00   0.00e+00   0.00e+00   0.00e+00   0.0%
----------------------------------------------------------------
Total                  8.35e-06   3.95e-06   1.71e-08   1.23e-05 100.0%
                          67.8%      32.1%       0.1%

