
===========================================================================
report_checks -unconstrained
===========================================================================
======================= Fastest Corner ===================================

Startpoint: _52162_ (rising edge-triggered flip-flop clocked by core_clk)
Endpoint: _49650_ (rising edge-triggered flip-flop clocked by core_clk)
Path Group: core_clk
Path Type: max
Corner: Fastest

Fanout     Cap    Slew   Delay    Time   Description
-----------------------------------------------------------------------------
                  0.00    0.00    0.00   clock core_clk (rise edge)
                          0.00    0.00   clock network delay (ideal)
                  0.00    0.00    0.00 ^ _52162_/CLK (sky130_fd_sc_hd__dfxtp_1)
     2    0.00    0.02    0.18    0.18 v _52162_/Q (sky130_fd_sc_hd__dfxtp_1)
                                         mem[15][16] (net)
                  0.02    0.00    0.18 v _26701_/A3 (sky130_fd_sc_hd__mux4_2)
     1    0.05    0.14    0.37    0.55 v _26701_/X (sky130_fd_sc_hd__mux4_2)
                                         _10759_ (net)
                  0.14    0.00    0.56 v _26703_/B1 (sky130_fd_sc_hd__a22o_2)
     1    0.09    0.15    0.26    0.81 v _26703_/X (sky130_fd_sc_hd__a22o_2)
                                         _10761_ (net)
                  0.15    0.00    0.82 v _26707_/A1 (sky130_fd_sc_hd__o21a_1)
     1    0.02    0.06    0.19    1.01 v _26707_/X (sky130_fd_sc_hd__o21a_1)
                                         _10765_ (net)
                  0.06    0.00    1.01 v _26717_/A3 (sky130_fd_sc_hd__o41a_4)
     1    0.06    0.11    0.35    1.36 v _26717_/X (sky130_fd_sc_hd__o41a_4)
                                         _10775_ (net)
                  0.11    0.00    1.37 v _26757_/C1 (sky130_fd_sc_hd__a2111o_1)
     1    0.00    0.04    0.18    1.55 v _26757_/X (sky130_fd_sc_hd__a2111o_1)
                                         _00007_ (net)
                  0.04    0.00    1.55 v _49650_/D (sky130_fd_sc_hd__dfxtp_4)
                                  1.55   data arrival time

                  0.00 1100.00 1100.00   clock core_clk (rise edge)
                          0.00 1100.00   clock network delay (ideal)
                          0.00 1100.00   clock reconvergence pessimism
                               1100.00 ^ _49650_/CLK (sky130_fd_sc_hd__dfxtp_4)
                         -0.08 1099.92   library setup time
                               1099.92   data required time
-----------------------------------------------------------------------------
                               1099.92   data required time
                                 -1.55   data arrival time
-----------------------------------------------------------------------------
                               1098.37   slack (MET)



======================= Slowest Corner ===================================

Startpoint: _51487_ (rising edge-triggered flip-flop clocked by core_clk)
Endpoint: _49663_ (rising edge-triggered flip-flop clocked by core_clk)
Path Group: core_clk
Path Type: max
Corner: Slowest

Fanout     Cap    Slew   Delay    Time   Description
-----------------------------------------------------------------------------
                  0.00    0.00    0.00   clock core_clk (rise edge)
                          0.00    0.00   clock network delay (ideal)
                  0.00    0.00    0.00 ^ _51487_/CLK (sky130_fd_sc_hd__dfxtp_1)
     2    0.01    0.12    0.61    0.61 v _51487_/Q (sky130_fd_sc_hd__dfxtp_1)
                                         mem[8][29] (net)
                  0.12    0.00    0.61 v _28351_/A0 (sky130_fd_sc_hd__mux4_1)
     1    0.02    0.28    1.30    1.91 v _28351_/X (sky130_fd_sc_hd__mux4_1)
                                         _12396_ (net)
                  0.28    0.00    1.91 v _28353_/A2 (sky130_fd_sc_hd__a22o_2)
     2    0.05    0.27    0.77    2.68 v _28353_/X (sky130_fd_sc_hd__a22o_2)
                                         _12398_ (net)
                  0.27    0.00    2.68 v _28357_/A1 (sky130_fd_sc_hd__o21a_1)
     1    0.02    0.17    0.52    3.20 v _28357_/X (sky130_fd_sc_hd__o21a_1)
                                         _12402_ (net)
                  0.17    0.00    3.20 v _28365_/A3 (sky130_fd_sc_hd__o41a_2)
     1    0.06    0.37    1.19    4.39 v _28365_/X (sky130_fd_sc_hd__o41a_2)
                                         _12410_ (net)
                  0.37    0.00    4.39 v _28395_/C1 (sky130_fd_sc_hd__a2111o_1)
     1    0.00    0.10    0.76    5.15 v _28395_/X (sky130_fd_sc_hd__a2111o_1)
                                         _00021_ (net)
                  0.10    0.00    5.15 v _49663_/D (sky130_fd_sc_hd__dfxtp_4)
                                  5.15   data arrival time

                  0.00 1100.00 1100.00   clock core_clk (rise edge)
                          0.00 1100.00   clock network delay (ideal)
                          0.00 1100.00   clock reconvergence pessimism
                               1100.00 ^ _49663_/CLK (sky130_fd_sc_hd__dfxtp_4)
                         -0.30 1099.70   library setup time
                               1099.70   data required time
-----------------------------------------------------------------------------
                               1099.70   data required time
                                 -5.15   data arrival time
-----------------------------------------------------------------------------
                               1094.54   slack (MET)



======================= Typical Corner ===================================

Startpoint: _52162_ (rising edge-triggered flip-flop clocked by core_clk)
Endpoint: _49650_ (rising edge-triggered flip-flop clocked by core_clk)
Path Group: core_clk
Path Type: max
Corner: Typical

Fanout     Cap    Slew   Delay    Time   Description
-----------------------------------------------------------------------------
                  0.00    0.00    0.00   clock core_clk (rise edge)
                          0.00    0.00   clock network delay (ideal)
                  0.00    0.00    0.00 ^ _52162_/CLK (sky130_fd_sc_hd__dfxtp_1)
     2    0.00    0.03    0.28    0.28 v _52162_/Q (sky130_fd_sc_hd__dfxtp_1)
                                         mem[15][16] (net)
                  0.03    0.00    0.28 v _26701_/A3 (sky130_fd_sc_hd__mux4_2)
     1    0.05    0.20    0.63    0.91 v _26701_/X (sky130_fd_sc_hd__mux4_2)
                                         _10759_ (net)
                  0.20    0.00    0.91 v _26703_/B1 (sky130_fd_sc_hd__a22o_2)
     1    0.09    0.22    0.44    1.36 v _26703_/X (sky130_fd_sc_hd__a22o_2)
                                         _10761_ (net)
                  0.22    0.00    1.36 v _26707_/A1 (sky130_fd_sc_hd__o21a_1)
     1    0.02    0.09    0.30    1.66 v _26707_/X (sky130_fd_sc_hd__o21a_1)
                                         _10765_ (net)
                  0.09    0.00    1.66 v _26717_/A3 (sky130_fd_sc_hd__o41a_4)
     1    0.06    0.14    0.55    2.21 v _26717_/X (sky130_fd_sc_hd__o41a_4)
                                         _10775_ (net)
                  0.14    0.00    2.21 v _26757_/C1 (sky130_fd_sc_hd__a2111o_1)
     1    0.00    0.06    0.37    2.58 v _26757_/X (sky130_fd_sc_hd__a2111o_1)
                                         _00007_ (net)
                  0.06    0.00    2.58 v _49650_/D (sky130_fd_sc_hd__dfxtp_4)
                                  2.58   data arrival time

                  0.00 1100.00 1100.00   clock core_clk (rise edge)
                          0.00 1100.00   clock network delay (ideal)
                          0.00 1100.00   clock reconvergence pessimism
                               1100.00 ^ _49650_/CLK (sky130_fd_sc_hd__dfxtp_4)
                         -0.13 1099.87   library setup time
                               1099.87   data required time
-----------------------------------------------------------------------------
                               1099.87   data required time
                                 -2.58   data arrival time
-----------------------------------------------------------------------------
                               1097.29   slack (MET)




===========================================================================
report_checks --slack_max -0.01
============================================================================
======================= Fastest Corner ===================================

No paths found.

======================= Slowest Corner ===================================

No paths found.

======================= Typical Corner ===================================

No paths found.


===========================================================================
 report_check_types -max_slew -max_cap -max_fanout -violators
============================================================================
======================= Fastest Corner ===================================


max slew violations count Fastest: 0
max fanout violations count Fastest: 0
max cap violations count Fastest: 0
======================= Slowest Corner ===================================

max slew

Pin                                    Limit    Slew   Slack
------------------------------------------------------------
_29019_/Y                               1.50    1.97   -0.47 (VIOLATED)
_34029_/A                               1.50    1.97   -0.47 (VIOLATED)
_47494_/C                               1.50    1.97   -0.47 (VIOLATED)
_47530_/C                               1.50    1.97   -0.47 (VIOLATED)
_47566_/C                               1.50    1.97   -0.47 (VIOLATED)
ANTENNA_730/DIODE                       1.50    1.97   -0.47 (VIOLATED)
_48062_/C                               1.50    1.97   -0.47 (VIOLATED)
_35730_/A                               1.50    1.89   -0.39 (VIOLATED)
_37971_/A                               1.50    1.89   -0.39 (VIOLATED)
_28999_/A                               1.50    1.89   -0.39 (VIOLATED)
_30143_/A                               1.50    1.89   -0.39 (VIOLATED)
_24262_/Y                               1.50    1.89   -0.39 (VIOLATED)
_28800_/Y                               1.50    1.81   -0.31 (VIOLATED)
ANTENNA_146/DIODE                       1.50    1.81   -0.31 (VIOLATED)
ANTENNA_147/DIODE                       1.50    1.81   -0.31 (VIOLATED)
ANTENNA_149/DIODE                       1.50    1.81   -0.31 (VIOLATED)
ANTENNA_140/DIODE                       1.50    1.81   -0.31 (VIOLATED)
ANTENNA_142/DIODE                       1.50    1.81   -0.31 (VIOLATED)
ANTENNA_144/DIODE                       1.50    1.81   -0.31 (VIOLATED)
_31296_/C                               1.50    1.81   -0.31 (VIOLATED)
ANTENNA_141/DIODE                       1.50    1.81   -0.31 (VIOLATED)
ANTENNA_143/DIODE                       1.50    1.81   -0.31 (VIOLATED)
ANTENNA_145/DIODE                       1.50    1.81   -0.31 (VIOLATED)
ANTENNA_148/DIODE                       1.50    1.81   -0.31 (VIOLATED)
ANTENNA_150/DIODE                       1.50    1.81   -0.31 (VIOLATED)
ANTENNA_151/DIODE                       1.50    1.81   -0.31 (VIOLATED)
_33544_/A                               1.50    1.81   -0.31 (VIOLATED)
_29427_/A                               1.50    1.81   -0.31 (VIOLATED)
_39062_/A                               1.50    1.81   -0.31 (VIOLATED)
ANTENNA_152/DIODE                       1.50    1.81   -0.31 (VIOLATED)
_28801_/A                               1.50    1.81   -0.31 (VIOLATED)
_37084_/C                               1.50    1.81   -0.31 (VIOLATED)
_37120_/C                               1.50    1.81   -0.31 (VIOLATED)
_37047_/C                               1.50    1.81   -0.31 (VIOLATED)
_28740_/Y                               1.50    1.63   -0.13 (VIOLATED)
_33506_/A                               1.50    1.63   -0.13 (VIOLATED)
_36562_/A                               1.50    1.63   -0.13 (VIOLATED)
ANTENNA_725/DIODE                       1.50    1.63   -0.13 (VIOLATED)
_43520_/A                               1.50    1.63   -0.13 (VIOLATED)
_30033_/A                               1.50    1.63   -0.13 (VIOLATED)
_31260_/C                               1.50    1.63   -0.13 (VIOLATED)
_28741_/A                               1.50    1.63   -0.13 (VIOLATED)
_36975_/C                               1.50    1.63   -0.13 (VIOLATED)
_37011_/C                               1.50    1.63   -0.13 (VIOLATED)
_36938_/C                               1.50    1.63   -0.13 (VIOLATED)
_28665_/A                               1.50    1.57   -0.07 (VIOLATED)
_36709_/A                               1.50    1.57   -0.07 (VIOLATED)
_24151_/A                               1.50    1.57   -0.07 (VIOLATED)
_32680_/A                               1.50    1.57   -0.07 (VIOLATED)
_28636_/A                               1.50    1.57   -0.07 (VIOLATED)
_24150_/Y                               1.50    1.57   -0.06 (VIOLATED)

max capacitance

Pin                                    Limit     Cap   Slack
------------------------------------------------------------
_29019_/Y                               0.27    0.36   -0.09 (VIOLATED)
_28800_/Y                               0.27    0.33   -0.06 (VIOLATED)
_24262_/Y                               0.15    0.20   -0.04 (VIOLATED)
_28740_/Y                               0.27    0.30   -0.03 (VIOLATED)
_24150_/Y                               0.15    0.16   -0.01 (VIOLATED)


max slew violations count Slowest: 51
max fanout violations count Slowest: 0
max cap violations count Slowest: 5
======================= Typical Corner ===================================


max slew violations count Typical: 0
max fanout violations count Typical: 0
max cap violations count Typical: 0

===========================================================================
report_parasitic_annotation -report_unannotated
============================================================================
Found 14 unannotated drivers.
 addr[10]
 addr[11]
 addr[12]
 addr[13]
 addr[14]
 addr[15]
 addr[16]
 addr[17]
 addr[18]
 addr[19]
 addr[20]
 addr[21]
 addr[8]
 addr[9]
Found 0 partially unannotated drivers.

===========================================================================
max slew violation count 51
max fanout violation count 0
max cap violation count 5
============================================================================

===========================================================================
check_setup -verbose -unconstrained_endpoints -multiple_clock -no_clock -no_input_delay -loops -generated_clocks
===========================================================================
Warning: There are 58 input ports missing set_input_delay.
  addr[0]
  addr[10]
  addr[11]
  addr[12]
  addr[13]
  addr[14]
  addr[15]
  addr[16]
  addr[17]
  addr[18]
  addr[19]
  addr[1]
  addr[20]
  addr[21]
  addr[2]
  addr[3]
  addr[4]
  addr[5]
  addr[6]
  addr[7]
  addr[8]
  addr[9]
  wdata[0]
  wdata[10]
  wdata[11]
  wdata[12]
  wdata[13]
  wdata[14]
  wdata[15]
  wdata[16]
  wdata[17]
  wdata[18]
  wdata[19]
  wdata[1]
  wdata[20]
  wdata[21]
  wdata[22]
  wdata[23]
  wdata[24]
  wdata[25]
  wdata[26]
  wdata[27]
  wdata[28]
  wdata[29]
  wdata[2]
  wdata[30]
  wdata[31]
  wdata[3]
  wdata[4]
  wdata[5]
  wdata[6]
  wdata[7]
  wdata[8]
  wdata[9]
  wen[0]
  wen[1]
  wen[2]
  wen[3]
Warning: There are 32 unconstrained endpoints.
  rdata[0]
  rdata[10]
  rdata[11]
  rdata[12]
  rdata[13]
  rdata[14]
  rdata[15]
  rdata[16]
  rdata[17]
  rdata[18]
  rdata[19]
  rdata[1]
  rdata[20]
  rdata[21]
  rdata[22]
  rdata[23]
  rdata[24]
  rdata[25]
  rdata[26]
  rdata[27]
  rdata[28]
  rdata[29]
  rdata[2]
  rdata[30]
  rdata[31]
  rdata[3]
  rdata[4]
  rdata[5]
  rdata[6]
  rdata[7]
  rdata[8]
  rdata[9]
