OpenROAD 6f9b2bb8b808b1bb5831d4525d868212ae50517a 
This program is licensed under the BSD-3 license. See the LICENSE file for details.
Components of this program may be licensed under more restrictive licenses which must be honored.
[INFO ODB-0222] Reading LEF file: /openlane/designs/simpleuart/runs/RUN_2023.12.03_10.07.08/tmp/merged.max.lef
[INFO ODB-0223]     Created 13 technology layers
[INFO ODB-0224]     Created 25 technology vias
[INFO ODB-0225]     Created 442 library cells
[INFO ODB-0226] Finished LEF file:  /openlane/designs/simpleuart/runs/RUN_2023.12.03_10.07.08/tmp/merged.max.lef
[INFO ODB-0127] Reading DEF file: /openlane/designs/simpleuart/runs/RUN_2023.12.03_10.07.08/results/routing/simpleuart.def
[INFO ODB-0128] Design: simpleuart
[INFO ODB-0130]     Created 141 pins.
[INFO ODB-0131]     Created 19158 components and 75620 component-terminals.
[INFO ODB-0132]     Created 2 special nets and 71672 connections.
[INFO ODB-0133]     Created 1137 nets and 3948 connections.
[INFO ODB-0134] Finished DEF file: /openlane/designs/simpleuart/runs/RUN_2023.12.03_10.07.08/results/routing/simpleuart.def
define_corners Typical
read_liberty -corner Typical /home/vsduser/Desktop/work/tools/openlane_working_dir/pdks/sky130A/libs.ref/sky130_fd_sc_hd/lib/sky130_fd_sc_hd__tt_025C_1v80.lib
read_liberty -corner Typical /openlane/designs/simpleuart/src/sky130_fd_sc_hd__tt_025C_1v80.lib
[WARNING STA-0053] /openlane/designs/simpleuart/src/sky130_fd_sc_hd__tt_025C_1v80.lib line 1, library sky130_fd_sc_hd__tt_025C_1v80 already exists.
Using 1e-12 for capacitance...
Using 1e+03 for resistance...
Using 1e-09 for time...
Using 1e+00 for voltage...
Using 1e-03 for current...
Using 1e-09 for power...
Using 1e-06 for distance...
Using RCX ruleset '/home/vsduser/Desktop/work/tools/openlane_working_dir/pdks/sky130A/libs.tech/openlane/rules.openrcx.sky130A.max.calibre'...
[INFO RCX-0431] Defined process_corner X with ext_model_index 0
[INFO RCX-0029] Defined extraction corner X
[INFO RCX-0008] extracting parasitics of simpleuart ...
[INFO RCX-0435] Reading extraction model file /home/vsduser/Desktop/work/tools/openlane_working_dir/pdks/sky130A/libs.tech/openlane/rules.openrcx.sky130A.max.calibre ...
[INFO RCX-0436] RC segment generation simpleuart (max_merge_res 50.0) ...
[INFO RCX-0040] Final 6131 rc segments
[INFO RCX-0439] Coupling Cap extraction simpleuart ...
[INFO RCX-0440] Coupling threshhold is 0.1000 fF, coupling capacitance less than 0.1000 fF will be grounded.
[INFO RCX-0043] 8898 wires to be extracted
[INFO RCX-0442] 55% completion -- 4915 wires have been extracted
[INFO RCX-0442] 100% completion -- 8898 wires have been extracted
[INFO RCX-0045] Extract 1137 nets, 7244 rsegs, 7244 caps, 6898 ccs
[INFO RCX-0015] Finished extracting simpleuart.
Writing result to /openlane/designs/simpleuart/runs/RUN_2023.12.03_10.07.08/results/routing/mca/process_corner_max/simpleuart.spef...
Setting global connections for newly added cells…
[WARNING] Did not save OpenROAD database!
Writing extracted parasitics to '/openlane/designs/simpleuart/runs/RUN_2023.12.03_10.07.08/results/routing/mca/process_corner_max/simpleuart.spef'…
[INFO RCX-0016] Writing SPEF ...
[INFO RCX-0443] 1137 nets finished
[INFO RCX-0017] Finished writing SPEF ...
