OpenROAD 6f9b2bb8b808b1bb5831d4525d868212ae50517a 
This program is licensed under the BSD-3 license. See the LICENSE file for details.
Components of this program may be licensed under more restrictive licenses which must be honored.
[INFO]: Reading ODB at '/openlane/designs/simpleuart/runs/RUN_2023.12.03_10.07.08/results/routing/simpleuart.odb'…
define_corners Typical
read_liberty -corner Typical /home/vsduser/Desktop/work/tools/openlane_working_dir/pdks/sky130A/libs.ref/sky130_fd_sc_hd/lib/sky130_fd_sc_hd__tt_025C_1v80.lib
[INFO] Setting operating conditions to 'tt_025C_1v80'…
read_liberty -corner Typical /openlane/designs/simpleuart/src/sky130_fd_sc_hd__tt_025C_1v80.lib
[WARNING STA-0053] /openlane/designs/simpleuart/src/sky130_fd_sc_hd__tt_025C_1v80.lib line 1, library sky130_fd_sc_hd__tt_025C_1v80 already exists.
Using 1e-12 for capacitance...
Using 1e+03 for resistance...
Using 1e-09 for time...
Using 1e+00 for voltage...
Using 1e-03 for current...
Using 1e-09 for power...
Using 1e-06 for distance...
Reading design constraints file at '/openlane/designs/simpleuart/src/simpleuart_synthesis.sdc'…
[INFO]: Setting RC values...
[INFO PSM-0022] Using 1.800V for VPWR
[INFO PSM-0076] Setting metal node density to be standard cell height times 5.
[INFO PSM-0031] Number of PDN nodes on net VPWR = 10781.
[INFO PSM-0064] Number of voltage sources = 36.
[INFO PSM-0040] All PDN stripes on net VPWR are connected.
########## IR report #################
Corner: Typical
Worstcase voltage: 1.80e+00 V
Average IR drop  : 3.72e-07 V
Worstcase IR drop: 9.86e-06 V
######################################
[INFO PSM-0022] Using 0.000V for VGND
[INFO PSM-0076] Setting metal node density to be standard cell height times 5.
[INFO PSM-0031] Number of PDN nodes on net VGND = 10785.
[INFO PSM-0064] Number of voltage sources = 36.
[INFO PSM-0040] All PDN stripes on net VGND are connected.
########## IR report #################
Corner: Typical
Worstcase voltage: 8.39e-06 V
Average IR drop  : 2.82e-07 V
Worstcase IR drop: 8.39e-06 V
######################################
