OpenROAD 6f9b2bb8b808b1bb5831d4525d868212ae50517a 
This program is licensed under the BSD-3 license. See the LICENSE file for details.
Components of this program may be licensed under more restrictive licenses which must be honored.
[INFO]: Reading ODB at '/openlane/designs/spimemio/runs/RUN_2023.12.03_10.14.21/tmp/floorplan/4-io.odb'…
define_corners Typical
read_liberty -corner Typical /home/vsduser/Desktop/work/tools/openlane_working_dir/pdks/sky130A/libs.ref/sky130_fd_sc_hd/lib/sky130_fd_sc_hd__tt_025C_1v80.lib
read_liberty -corner Typical /openlane/designs/spimemio/src/sky130_fd_sc_hd__tt_025C_1v80.lib
[WARNING STA-0053] /openlane/designs/spimemio/src/sky130_fd_sc_hd__tt_025C_1v80.lib line 1, library sky130_fd_sc_hd__tt_025C_1v80 already exists.
Using 1e-12 for capacitance...
Using 1e+03 for resistance...
Using 1e-09 for time...
Using 1e+00 for voltage...
Using 1e-03 for current...
Using 1e-09 for power...
Using 1e-06 for distance...
Reading design constraints file at '/openlane/designs/spimemio/src/spimemio_synthesis.sdc'…
[INFO TAP-0004] Inserted 334 endcaps.
[INFO TAP-0005] Inserted 2957 tapcells.
Writing OpenROAD database to '/openlane/designs/spimemio/runs/RUN_2023.12.03_10.14.21/tmp/floorplan/5-tapcell.odb'…
Writing layout to '/openlane/designs/spimemio/runs/RUN_2023.12.03_10.14.21/tmp/floorplan/5-tapcell.def'…
