Sat Dec 02 20:46:34 UTC 2023 - Executing "{openroad -exit -no_init -python /openlane/scripts/odbpy/lefutil.py get_metal_layers -o /openlane/designs/alphasoc_mem/runs/RUN_2023.12.02_20.46.33/tmp/layers.list /home/vsduser/Desktop/work/tools/openlane_working_dir/pdks/sky130A/libs.ref/sky130_fd_sc_hd/techlef/sky130_fd_sc_hd__nom.tlef}"

Sat Dec 02 20:46:35 UTC 2023 - Executing "{/openlane/scripts/mergeLef.py -o /openlane/designs/alphasoc_mem/runs/RUN_2023.12.02_20.46.33/tmp/merged.nom.lef -i /home/vsduser/Desktop/work/tools/openlane_working_dir/pdks/sky130A/libs.ref/sky130_fd_sc_hd/techlef/sky130_fd_sc_hd__nom.tlef {/home/vsduser/Desktop/work/tools/openlane_working_dir/pdks/sky130A/libs.ref/sky130_fd_sc_hd/lef/sky130_ef_sc_hd.lef /home/vsduser/Desktop/work/tools/openlane_working_dir/pdks/sky130A/libs.ref/sky130_fd_sc_hd/lef/sky130_fd_sc_hd.lef} |& tee /dev/null}"

Sat Dec 02 20:46:35 UTC 2023 - Executing "{/openlane/scripts/mergeLef.py -o /openlane/designs/alphasoc_mem/runs/RUN_2023.12.02_20.46.33/tmp/merged.min.lef -i /home/vsduser/Desktop/work/tools/openlane_working_dir/pdks/sky130A/libs.ref/sky130_fd_sc_hd/techlef/sky130_fd_sc_hd__min.tlef {/home/vsduser/Desktop/work/tools/openlane_working_dir/pdks/sky130A/libs.ref/sky130_fd_sc_hd/lef/sky130_ef_sc_hd.lef /home/vsduser/Desktop/work/tools/openlane_working_dir/pdks/sky130A/libs.ref/sky130_fd_sc_hd/lef/sky130_fd_sc_hd.lef} |& tee /dev/null}"

Sat Dec 02 20:46:35 UTC 2023 - Executing "{/openlane/scripts/mergeLef.py -o /openlane/designs/alphasoc_mem/runs/RUN_2023.12.02_20.46.33/tmp/merged.max.lef -i /home/vsduser/Desktop/work/tools/openlane_working_dir/pdks/sky130A/libs.ref/sky130_fd_sc_hd/techlef/sky130_fd_sc_hd__max.tlef {/home/vsduser/Desktop/work/tools/openlane_working_dir/pdks/sky130A/libs.ref/sky130_fd_sc_hd/lef/sky130_ef_sc_hd.lef /home/vsduser/Desktop/work/tools/openlane_working_dir/pdks/sky130A/libs.ref/sky130_fd_sc_hd/lef/sky130_fd_sc_hd.lef} |& tee /dev/null}"

Sat Dec 02 20:46:35 UTC 2023 - Executing "{python3 /openlane/scripts/mergeLib.py --output /openlane/designs/alphasoc_mem/runs/RUN_2023.12.02_20.46.33/tmp/synthesis/merged.lib --name sky130A_merged /home/vsduser/Desktop/work/tools/openlane_working_dir/pdks/sky130A/libs.ref/sky130_fd_sc_hd/lib/sky130_fd_sc_hd__tt_025C_1v80.lib}"

Sat Dec 02 20:46:36 UTC 2023 - Executing "{python3 /openlane/scripts/libtrim.py --cell-file /openlane/designs/alphasoc_mem/runs/RUN_2023.12.02_20.46.33/tmp/synthesis/trimmed.lib.exclude.list --output /openlane/designs/alphasoc_mem/runs/RUN_2023.12.02_20.46.33/tmp/synthesis/trimmed.lib /openlane/designs/alphasoc_mem/runs/RUN_2023.12.02_20.46.33/tmp/synthesis/merged.lib}"

Sat Dec 02 20:46:37 UTC 2023 - Executing "{python3 /openlane/scripts/libtrim.py --cell-file /openlane/designs/alphasoc_mem/runs/RUN_2023.12.02_20.46.33/tmp/cts/cts.lib.exclude.list --output /openlane/designs/alphasoc_mem/runs/RUN_2023.12.02_20.46.33/tmp/cts/cts.lib /home/vsduser/Desktop/work/tools/openlane_working_dir/pdks/sky130A/libs.ref/sky130_fd_sc_hd/lib/sky130_fd_sc_hd__tt_025C_1v80.lib}"

Sat Dec 02 20:46:37 UTC 2023 - Executing "{python3 /openlane/scripts/libtrim.py --cell-file /openlane/designs/alphasoc_mem/runs/RUN_2023.12.02_20.46.33/tmp/cts/cts-fastest.lib.exclude.list --output /openlane/designs/alphasoc_mem/runs/RUN_2023.12.02_20.46.33/tmp/cts/cts-fastest.lib /home/vsduser/Desktop/work/tools/openlane_working_dir/pdks/sky130A/libs.ref/sky130_fd_sc_hd/lib/sky130_fd_sc_hd__ff_n40C_1v95.lib}"

Sat Dec 02 20:46:40 UTC 2023 - Executing "{python3 /openlane/scripts/libtrim.py --cell-file /openlane/designs/alphasoc_mem/runs/RUN_2023.12.02_20.46.33/tmp/cts/cts-slowest.lib.exclude.list --output /openlane/designs/alphasoc_mem/runs/RUN_2023.12.02_20.46.33/tmp/cts/cts-slowest.lib /home/vsduser/Desktop/work/tools/openlane_working_dir/pdks/sky130A/libs.ref/sky130_fd_sc_hd/lib/sky130_fd_sc_hd__ss_100C_1v60.lib}"

Sat Dec 02 20:46:40 UTC 2023 - Executing "{python3 /openlane/scripts/new_tracks.py -i /home/vsduser/Desktop/work/tools/openlane_working_dir/pdks/sky130A/libs.tech/openlane/sky130_fd_sc_hd/tracks.info -o /openlane/designs/alphasoc_mem/runs/RUN_2023.12.02_20.46.33/tmp/routing/config.tracks}"

Sat Dec 02 20:46:41 UTC 2023 - Executing "{echo {OpenLane f691c8c0712ca6c6645e3fd548985b3cbcf08c78} > /openlane/designs/alphasoc_mem/runs/RUN_2023.12.02_20.46.33/OPENLANE_VERSION}"

Sat Dec 02 20:46:41 UTC 2023 - Executing "{yosys -c /openlane/scripts/yosys/blackbox.tcl}"

Sat Dec 02 20:46:41 UTC 2023 - Executing "{verilator -Wall --lint-only --Wno-DECLFILENAME --top-module alphasoc_mem /openlane/designs/alphasoc_mem/runs/RUN_2023.12.02_20.46.33/tmp/synthesis/blackbox/sky130_fd_sc_hd__blackbox.v /openlane/designs/alphasoc_mem/src/alphasoc_mem.v -Wno-fatal --relative-includes |& tee /openlane/designs/alphasoc_mem/runs/RUN_2023.12.02_20.46.33/logs/synthesis/linter.log /dev/null}"

Sat Dec 02 20:46:41 UTC 2023 - Executing "{sed -E {s/^([[:space:]]+)pg_pin(.*)/\1pin\2\n\1    direction : "inout";/g} /home/vsduser/Desktop/work/tools/openlane_working_dir/pdks/sky130A/libs.ref/sky130_fd_sc_hd/lib/sky130_fd_sc_hd__tt_025C_1v80.lib > /openlane/designs/alphasoc_mem/runs/RUN_2023.12.02_20.46.33/tmp/synthesis/1-sky130_fd_sc_hd__tt_025C_1v80.no_pg.lib}"

Sat Dec 02 20:46:42 UTC 2023 - Executing "{sed -E {s/^([[:space:]]+)pg_pin(.*)/\1pin\2\n\1    direction : "inout";/g} /openlane/designs/alphasoc_mem/runs/RUN_2023.12.02_20.46.33/tmp/synthesis/trimmed.lib > /openlane/designs/alphasoc_mem/runs/RUN_2023.12.02_20.46.33/tmp/synthesis/1-trimmed.no_pg.lib}"

Sat Dec 02 20:46:42 UTC 2023 - Executing "yosys -c /openlane/scripts/yosys/synth.tcl |& tee /dev/null /openlane/designs/alphasoc_mem/runs/RUN_2023.12.02_20.46.33/logs/synthesis/1-synthesis.log"

Sat Dec 02 20:46:42 UTC 2023 - Executing "{yosys -c /openlane/scripts/yosys/synth.tcl |& tee /dev/null /openlane/designs/alphasoc_mem/runs/RUN_2023.12.02_20.46.33/logs/synthesis/1-synthesis.log}"

Sat Dec 02 20:47:29 UTC 2023 - Executing "{sed -i.bak -e {s/\(set ::env(CURRENT_NETLIST)\).*/\1 \/openlane\/designs\/alphasoc_mem\/runs\/RUN_2023.12.02_20.46.33\/results\/synthesis\/alphasoc_mem.v/} /openlane/designs/alphasoc_mem/runs/RUN_2023.12.02_20.46.33/config.tcl}"

Sat Dec 02 20:47:29 UTC 2023 - Executing "{sed -i.bak /defparam/d /openlane/designs/alphasoc_mem/runs/RUN_2023.12.02_20.46.33/results/synthesis/alphasoc_mem.v}"

Sat Dec 02 20:47:30 UTC 2023 - Executing "sta -exit -no_init /openlane/scripts/openroad/sta/multi_corner.tcl |& tee /dev/null /openlane/designs/alphasoc_mem/runs/RUN_2023.12.02_20.46.33/logs/synthesis/2-sta.log"

Sat Dec 02 20:47:30 UTC 2023 - Executing "{sta -exit -no_init /openlane/scripts/openroad/sta/multi_corner.tcl |& tee /dev/null /openlane/designs/alphasoc_mem/runs/RUN_2023.12.02_20.46.33/logs/synthesis/2-sta.log}"

Sat Dec 02 20:47:35 UTC 2023 - Executing "openroad -exit /openlane/scripts/openroad/floorplan.tcl |& tee /dev/null /openlane/designs/alphasoc_mem/runs/RUN_2023.12.02_20.46.33/logs/floorplan/3-initial_fp.log"

Sat Dec 02 20:47:35 UTC 2023 - Executing "{openroad -exit /openlane/scripts/openroad/floorplan.tcl |& tee /dev/null /openlane/designs/alphasoc_mem/runs/RUN_2023.12.02_20.46.33/logs/floorplan/3-initial_fp.log}"

Sat Dec 02 20:47:37 UTC 2023 - Executing "{openroad -exit -no_init -python /openlane/scripts/odbpy/defutil.py extract_core_dims --output-data /openlane/designs/alphasoc_mem/runs/RUN_2023.12.02_20.46.33/tmp/dimensions.txt --input-lef /openlane/designs/alphasoc_mem/runs/RUN_2023.12.02_20.46.33/tmp/merged.nom.lef /openlane/designs/alphasoc_mem/runs/RUN_2023.12.02_20.46.33/tmp/floorplan/3-initial_fp.def}"

Sat Dec 02 20:47:38 UTC 2023 - Executing "{openroad -exit -no_init -python /openlane/scripts/odbpy/io_place.py --config /openlane/designs/alphasoc_mem/pin_order.cfg --hor-layer met3 --ver-layer met2 --ver-width-mult 2 --hor-width-mult 2 --hor-extension 0 --ver-extension 0 --length 4 --unmatched-error --input-lef /openlane/designs/alphasoc_mem/runs/RUN_2023.12.02_20.46.33/tmp/merged.nom.lef --output-def /openlane/designs/alphasoc_mem/runs/RUN_2023.12.02_20.46.33/tmp/floorplan/4-io.def --output /openlane/designs/alphasoc_mem/runs/RUN_2023.12.02_20.46.33/tmp/floorplan/4-io.odb /openlane/designs/alphasoc_mem/runs/RUN_2023.12.02_20.46.33/tmp/floorplan/3-initial_fp.odb |& tee /dev/null /openlane/designs/alphasoc_mem/runs/RUN_2023.12.02_20.46.33/logs/floorplan/4-place_io.log}"

Sat Dec 02 20:47:40 UTC 2023 - Executing "openroad -exit /openlane/scripts/openroad/tapcell.tcl |& tee /dev/null /openlane/designs/alphasoc_mem/runs/RUN_2023.12.02_20.46.33/logs/floorplan/5-tap.log"

Sat Dec 02 20:47:40 UTC 2023 - Executing "{openroad -exit /openlane/scripts/openroad/tapcell.tcl |& tee /dev/null /openlane/designs/alphasoc_mem/runs/RUN_2023.12.02_20.46.33/logs/floorplan/5-tap.log}"

Sat Dec 02 20:47:42 UTC 2023 - Executing "openroad -exit /openlane/scripts/openroad/pdn.tcl |& tee /dev/null /openlane/designs/alphasoc_mem/runs/RUN_2023.12.02_20.46.33/logs/floorplan/6-pdn.log"

Sat Dec 02 20:47:42 UTC 2023 - Executing "{openroad -exit /openlane/scripts/openroad/pdn.tcl |& tee /dev/null /openlane/designs/alphasoc_mem/runs/RUN_2023.12.02_20.46.33/logs/floorplan/6-pdn.log}"

Sat Dec 02 20:47:46 UTC 2023 - Executing "openroad -exit /openlane/scripts/openroad/gpl.tcl |& tee /dev/null /openlane/designs/alphasoc_mem/runs/RUN_2023.12.02_20.46.33/logs/placement/7-global.log"

Sat Dec 02 20:47:46 UTC 2023 - Executing "{openroad -exit /openlane/scripts/openroad/gpl.tcl |& tee /dev/null /openlane/designs/alphasoc_mem/runs/RUN_2023.12.02_20.46.33/logs/placement/7-global.log}"

Sat Dec 02 20:49:48 UTC 2023 - Executing "{sed -i.bak -e {s/\(set ::env(CURRENT_NETLIST)\).*/\1 \/openlane\/designs\/alphasoc_mem\/runs\/RUN_2023.12.02_20.46.33\/tmp\/placement\/7-global.nl.v/} /openlane/designs/alphasoc_mem/runs/RUN_2023.12.02_20.46.33/config.tcl}"

Sat Dec 02 20:49:48 UTC 2023 - Executing "openroad -exit /openlane/scripts/openroad/sta/multi_corner.tcl |& tee /dev/null /openlane/designs/alphasoc_mem/runs/RUN_2023.12.02_20.46.33/logs/placement/8-gpl_sta.log"

Sat Dec 02 20:49:48 UTC 2023 - Executing "{openroad -exit /openlane/scripts/openroad/sta/multi_corner.tcl |& tee /dev/null /openlane/designs/alphasoc_mem/runs/RUN_2023.12.02_20.46.33/logs/placement/8-gpl_sta.log}"

Sat Dec 02 20:49:57 UTC 2023 - Executing "openroad -exit /openlane/scripts/openroad/resizer.tcl |& tee /dev/null /openlane/designs/alphasoc_mem/runs/RUN_2023.12.02_20.46.33/logs/placement/9-resizer.log"

Sat Dec 02 20:49:57 UTC 2023 - Executing "{openroad -exit /openlane/scripts/openroad/resizer.tcl |& tee /dev/null /openlane/designs/alphasoc_mem/runs/RUN_2023.12.02_20.46.33/logs/placement/9-resizer.log}"

Sat Dec 02 20:50:24 UTC 2023 - Executing "{sed -i.bak -e {s/\(set ::env(CURRENT_NETLIST)\).*/\1 \/openlane\/designs\/alphasoc_mem\/runs\/RUN_2023.12.02_20.46.33\/tmp\/placement\/9-resizer.nl.v/} /openlane/designs/alphasoc_mem/runs/RUN_2023.12.02_20.46.33/config.tcl}"

Sat Dec 02 20:50:24 UTC 2023 - Executing "openroad -exit /openlane/scripts/openroad/dpl.tcl |& tee /dev/null /openlane/designs/alphasoc_mem/runs/RUN_2023.12.02_20.46.33/logs/placement/10-detailed.log"

Sat Dec 02 20:50:24 UTC 2023 - Executing "{openroad -exit /openlane/scripts/openroad/dpl.tcl |& tee /dev/null /openlane/designs/alphasoc_mem/runs/RUN_2023.12.02_20.46.33/logs/placement/10-detailed.log}"

Sat Dec 02 20:50:27 UTC 2023 - Executing "{sed -i.bak -e {s/\(set ::env(CURRENT_NETLIST)\).*/\1 \/openlane\/designs\/alphasoc_mem\/runs\/RUN_2023.12.02_20.46.33\/results\/placement\/alphasoc_mem.nl.v/} /openlane/designs/alphasoc_mem/runs/RUN_2023.12.02_20.46.33/config.tcl}"

Sat Dec 02 20:50:27 UTC 2023 - Executing "openroad -exit /openlane/scripts/openroad/sta/multi_corner.tcl |& tee /dev/null /openlane/designs/alphasoc_mem/runs/RUN_2023.12.02_20.46.33/logs/placement/11-dpl_sta.log"

Sat Dec 02 20:50:27 UTC 2023 - Executing "{openroad -exit /openlane/scripts/openroad/sta/multi_corner.tcl |& tee /dev/null /openlane/designs/alphasoc_mem/runs/RUN_2023.12.02_20.46.33/logs/placement/11-dpl_sta.log}"

Sat Dec 02 20:50:35 UTC 2023 - Executing "openroad -exit /openlane/scripts/openroad/cts.tcl |& tee /dev/null /openlane/designs/alphasoc_mem/runs/RUN_2023.12.02_20.46.33/logs/cts/12-cts.log"

Sat Dec 02 20:50:35 UTC 2023 - Executing "{openroad -exit /openlane/scripts/openroad/cts.tcl |& tee /dev/null /openlane/designs/alphasoc_mem/runs/RUN_2023.12.02_20.46.33/logs/cts/12-cts.log}"

Sat Dec 02 20:51:47 UTC 2023 - Executing "openroad -exit /openlane/scripts/openroad/sta/multi_corner.tcl |& tee /dev/null /openlane/designs/alphasoc_mem/runs/RUN_2023.12.02_20.46.33/logs/cts/13-cts_sta.log"

Sat Dec 02 20:51:47 UTC 2023 - Executing "{openroad -exit /openlane/scripts/openroad/sta/multi_corner.tcl |& tee /dev/null /openlane/designs/alphasoc_mem/runs/RUN_2023.12.02_20.46.33/logs/cts/13-cts_sta.log}"

Sat Dec 02 20:52:08 UTC 2023 - Executing "openroad -exit /openlane/scripts/openroad/resizer_timing.tcl |& tee /dev/null /openlane/designs/alphasoc_mem/runs/RUN_2023.12.02_20.46.33/logs/cts/14-resizer.log"

Sat Dec 02 20:52:08 UTC 2023 - Executing "{openroad -exit /openlane/scripts/openroad/resizer_timing.tcl |& tee /dev/null /openlane/designs/alphasoc_mem/runs/RUN_2023.12.02_20.46.33/logs/cts/14-resizer.log}"

Sat Dec 02 20:52:25 UTC 2023 - Executing "{sed -i.bak -e {s/\(set ::env(CURRENT_NETLIST)\).*/\1 \/openlane\/designs\/alphasoc_mem\/runs\/RUN_2023.12.02_20.46.33\/tmp\/cts\/14-alphasoc_mem.resized.nl.v/} /openlane/designs/alphasoc_mem/runs/RUN_2023.12.02_20.46.33/config.tcl}"

Sat Dec 02 20:52:25 UTC 2023 - Executing "openroad -exit /openlane/scripts/openroad/resizer_routing_design.tcl |& tee /dev/null /openlane/designs/alphasoc_mem/runs/RUN_2023.12.02_20.46.33/logs/routing/15-resizer_design.log"

Sat Dec 02 20:52:25 UTC 2023 - Executing "{openroad -exit /openlane/scripts/openroad/resizer_routing_design.tcl |& tee /dev/null /openlane/designs/alphasoc_mem/runs/RUN_2023.12.02_20.46.33/logs/routing/15-resizer_design.log}"

Sat Dec 02 20:52:58 UTC 2023 - Executing "{sed -i.bak -e {s/\(set ::env(CURRENT_NETLIST)\).*/\1 \/openlane\/designs\/alphasoc_mem\/runs\/RUN_2023.12.02_20.46.33\/tmp\/15-alphasoc_mem.nl.v/} /openlane/designs/alphasoc_mem/runs/RUN_2023.12.02_20.46.33/config.tcl}"

Sat Dec 02 20:52:58 UTC 2023 - Executing "openroad -exit /openlane/scripts/openroad/sta/multi_corner.tcl |& tee /dev/null /openlane/designs/alphasoc_mem/runs/RUN_2023.12.02_20.46.33/logs/routing/16-rsz_design_sta.log"

Sat Dec 02 20:52:58 UTC 2023 - Executing "{openroad -exit /openlane/scripts/openroad/sta/multi_corner.tcl |& tee /dev/null /openlane/designs/alphasoc_mem/runs/RUN_2023.12.02_20.46.33/logs/routing/16-rsz_design_sta.log}"

Sat Dec 02 20:53:19 UTC 2023 - Executing "openroad -exit /openlane/scripts/openroad/resizer_routing_timing.tcl |& tee /dev/null /openlane/designs/alphasoc_mem/runs/RUN_2023.12.02_20.46.33/logs/routing/17-resizer_timing.log"

Sat Dec 02 20:53:19 UTC 2023 - Executing "{openroad -exit /openlane/scripts/openroad/resizer_routing_timing.tcl |& tee /dev/null /openlane/designs/alphasoc_mem/runs/RUN_2023.12.02_20.46.33/logs/routing/17-resizer_timing.log}"

Sat Dec 02 20:53:41 UTC 2023 - Executing "{sed -i.bak -e {s/\(set ::env(CURRENT_NETLIST)\).*/\1 \/openlane\/designs\/alphasoc_mem\/runs\/RUN_2023.12.02_20.46.33\/tmp\/17-alphasoc_mem.nl.v/} /openlane/designs/alphasoc_mem/runs/RUN_2023.12.02_20.46.33/config.tcl}"

Sat Dec 02 20:53:41 UTC 2023 - Executing "openroad -exit /openlane/scripts/openroad/sta/multi_corner.tcl |& tee /dev/null /openlane/designs/alphasoc_mem/runs/RUN_2023.12.02_20.46.33/logs/routing/18-rsz_timing_sta.log"

Sat Dec 02 20:53:41 UTC 2023 - Executing "{openroad -exit /openlane/scripts/openroad/sta/multi_corner.tcl |& tee /dev/null /openlane/designs/alphasoc_mem/runs/RUN_2023.12.02_20.46.33/logs/routing/18-rsz_timing_sta.log}"

Sat Dec 02 20:54:04 UTC 2023 - Executing "openroad -exit /openlane/scripts/openroad/repair_antennas.tcl |& tee /dev/null /openlane/designs/alphasoc_mem/runs/RUN_2023.12.02_20.46.33/logs/routing/19-global.log"

Sat Dec 02 20:54:04 UTC 2023 - Executing "{openroad -exit /openlane/scripts/openroad/repair_antennas.tcl |& tee /dev/null /openlane/designs/alphasoc_mem/runs/RUN_2023.12.02_20.46.33/logs/routing/19-global.log}"

Sat Dec 02 20:55:00 UTC 2023 - Executing "{openroad -exit -no_init -python /openlane/scripts/odbpy/defutil.py replace_instance_prefixes --original-prefix ANTENNA --new-prefix INSDIODE1 --input-lef /openlane/designs/alphasoc_mem/runs/RUN_2023.12.02_20.46.33/tmp/merged.nom.lef --output-def /openlane/designs/alphasoc_mem/runs/RUN_2023.12.02_20.46.33/tmp/17-alphasoc_mem.def --output /openlane/designs/alphasoc_mem/runs/RUN_2023.12.02_20.46.33/tmp/17-alphasoc_mem.odb /openlane/designs/alphasoc_mem/runs/RUN_2023.12.02_20.46.33/tmp/17-alphasoc_mem.odb |& tee /dev/null /openlane/designs/alphasoc_mem/runs/RUN_2023.12.02_20.46.33/logs/routing/19-antenna_diodes_1.log}"

Sat Dec 02 20:55:02 UTC 2023 - Executing "openroad -exit /openlane/scripts/openroad/repair_antennas.tcl |& tee /dev/null /openlane/designs/alphasoc_mem/runs/RUN_2023.12.02_20.46.33/logs/routing/19-antenna_route_1.log"

Sat Dec 02 20:55:02 UTC 2023 - Executing "{openroad -exit /openlane/scripts/openroad/repair_antennas.tcl |& tee /dev/null /openlane/designs/alphasoc_mem/runs/RUN_2023.12.02_20.46.33/logs/routing/19-antenna_route_1.log}"

Sat Dec 02 20:55:58 UTC 2023 - Executing "openroad -exit /openlane/scripts/openroad/write_views.tcl |& tee /dev/null /openlane/designs/alphasoc_mem/runs/RUN_2023.12.02_20.46.33/logs/routing/19-global_write_netlist.log"

Sat Dec 02 20:55:58 UTC 2023 - Executing "{openroad -exit /openlane/scripts/openroad/write_views.tcl |& tee /dev/null /openlane/designs/alphasoc_mem/runs/RUN_2023.12.02_20.46.33/logs/routing/19-global_write_netlist.log}"

Sat Dec 02 20:56:00 UTC 2023 - Executing "{sed -i.bak -e {s/\(set ::env(CURRENT_NETLIST)\).*/\1 \/openlane\/designs\/alphasoc_mem\/runs\/RUN_2023.12.02_20.46.33\/tmp\/routing\/global.nl.v/} /openlane/designs/alphasoc_mem/runs/RUN_2023.12.02_20.46.33/config.tcl}"

Sat Dec 02 20:56:00 UTC 2023 - Executing "openroad -exit /openlane/scripts/openroad/sta/multi_corner.tcl |& tee /dev/null /openlane/designs/alphasoc_mem/runs/RUN_2023.12.02_20.46.33/logs/routing/21-grt_sta.log"

Sat Dec 02 20:56:00 UTC 2023 - Executing "{openroad -exit /openlane/scripts/openroad/sta/multi_corner.tcl |& tee /dev/null /openlane/designs/alphasoc_mem/runs/RUN_2023.12.02_20.46.33/logs/routing/21-grt_sta.log}"

Sat Dec 02 20:56:06 UTC 2023 - Executing "openroad -exit /openlane/scripts/openroad/fill.tcl |& tee /dev/null /openlane/designs/alphasoc_mem/runs/RUN_2023.12.02_20.46.33/logs/routing/22-fill.log"

Sat Dec 02 20:56:06 UTC 2023 - Executing "{openroad -exit /openlane/scripts/openroad/fill.tcl |& tee /dev/null /openlane/designs/alphasoc_mem/runs/RUN_2023.12.02_20.46.33/logs/routing/22-fill.log}"

Sat Dec 02 20:56:10 UTC 2023 - Executing "{sed -i.bak -e {s/\(set ::env(CURRENT_NETLIST)\).*/\1 \/openlane\/designs\/alphasoc_mem\/runs\/RUN_2023.12.02_20.46.33\/tmp\/routing\/22-fill.nl.v/} /openlane/designs/alphasoc_mem/runs/RUN_2023.12.02_20.46.33/config.tcl}"

Sat Dec 02 20:56:10 UTC 2023 - Executing "openroad -exit -metrics /openlane/designs/alphasoc_mem/runs/RUN_2023.12.02_20.46.33/reports/routing/23-drt_metrics.json /openlane/scripts/openroad/droute.tcl |& tee /dev/null /openlane/designs/alphasoc_mem/runs/RUN_2023.12.02_20.46.33/logs/routing/23-detailed.log"

Sat Dec 02 20:56:10 UTC 2023 - Executing "{openroad -exit -metrics /openlane/designs/alphasoc_mem/runs/RUN_2023.12.02_20.46.33/reports/routing/23-drt_metrics.json /openlane/scripts/openroad/droute.tcl |& tee /dev/null /openlane/designs/alphasoc_mem/runs/RUN_2023.12.02_20.46.33/logs/routing/23-detailed.log}"

Sat Dec 02 21:28:43 UTC 2023 - Executing "{sed -i.bak -e {s/\(set ::env(CURRENT_NETLIST)\).*/\1 \/openlane\/designs\/alphasoc_mem\/runs\/RUN_2023.12.02_20.46.33\/results\/routing\/alphasoc_mem.nl.v/} /openlane/designs/alphasoc_mem/runs/RUN_2023.12.02_20.46.33/config.tcl}"

Sat Dec 02 21:28:43 UTC 2023 - Executing "{python3 /openlane/scripts/drc_rosetta.py tr to_klayout -o /openlane/designs/alphasoc_mem/runs/RUN_2023.12.02_20.46.33/reports/routing/drt.klayout.xml --design-name alphasoc_mem /openlane/designs/alphasoc_mem/runs/RUN_2023.12.02_20.46.33/reports/routing/drt.drc}"

Sat Dec 02 21:28:44 UTC 2023 - Executing "{openroad -exit -no_init -python /openlane/scripts/odbpy/wire_lengths.py --report-out /openlane/designs/alphasoc_mem/runs/RUN_2023.12.02_20.46.33/reports/routing/24-wire_lengths.csv --input-lef /openlane/designs/alphasoc_mem/runs/RUN_2023.12.02_20.46.33/tmp/merged.nom.lef --output-def /dev/null --output /openlane/designs/alphasoc_mem/runs/RUN_2023.12.02_20.46.33/results/routing/alphasoc_mem.odb /openlane/designs/alphasoc_mem/runs/RUN_2023.12.02_20.46.33/results/routing/alphasoc_mem.odb |& tee /dev/null /openlane/designs/alphasoc_mem/runs/RUN_2023.12.02_20.46.33/logs/routing/24-wire_lengths.log}"

Sat Dec 02 21:28:47 UTC 2023 - Executing "openroad -exit /openlane/scripts/openroad/rcx.tcl |& tee /dev/null /openlane/designs/alphasoc_mem/runs/RUN_2023.12.02_20.46.33/logs/signoff/25-parasitics_extraction.min.log"

Sat Dec 02 21:28:47 UTC 2023 - Executing "{openroad -exit /openlane/scripts/openroad/rcx.tcl |& tee /dev/null /openlane/designs/alphasoc_mem/runs/RUN_2023.12.02_20.46.33/logs/signoff/25-parasitics_extraction.min.log}"

Sat Dec 02 21:29:06 UTC 2023 - Executing "sta -exit -no_init /openlane/scripts/openroad/sta/multi_corner.tcl |& tee /dev/null /openlane/designs/alphasoc_mem/runs/RUN_2023.12.02_20.46.33/logs/signoff/26-rcx_mcsta.min.log"

Sat Dec 02 21:29:06 UTC 2023 - Executing "{sta -exit -no_init /openlane/scripts/openroad/sta/multi_corner.tcl |& tee /dev/null /openlane/designs/alphasoc_mem/runs/RUN_2023.12.02_20.46.33/logs/signoff/26-rcx_mcsta.min.log}"

Sat Dec 02 21:30:58 UTC 2023 - Executing "openroad -exit /openlane/scripts/openroad/rcx.tcl |& tee /dev/null /openlane/designs/alphasoc_mem/runs/RUN_2023.12.02_20.46.33/logs/signoff/27-parasitics_extraction.max.log"

Sat Dec 02 21:30:58 UTC 2023 - Executing "{openroad -exit /openlane/scripts/openroad/rcx.tcl |& tee /dev/null /openlane/designs/alphasoc_mem/runs/RUN_2023.12.02_20.46.33/logs/signoff/27-parasitics_extraction.max.log}"

Sat Dec 02 21:31:18 UTC 2023 - Executing "sta -exit -no_init /openlane/scripts/openroad/sta/multi_corner.tcl |& tee /dev/null /openlane/designs/alphasoc_mem/runs/RUN_2023.12.02_20.46.33/logs/signoff/28-rcx_mcsta.max.log"

Sat Dec 02 21:31:18 UTC 2023 - Executing "{sta -exit -no_init /openlane/scripts/openroad/sta/multi_corner.tcl |& tee /dev/null /openlane/designs/alphasoc_mem/runs/RUN_2023.12.02_20.46.33/logs/signoff/28-rcx_mcsta.max.log}"

Sat Dec 02 21:33:16 UTC 2023 - Executing "openroad -exit /openlane/scripts/openroad/rcx.tcl |& tee /dev/null /openlane/designs/alphasoc_mem/runs/RUN_2023.12.02_20.46.33/logs/signoff/29-parasitics_extraction.nom.log"

Sat Dec 02 21:33:16 UTC 2023 - Executing "{openroad -exit /openlane/scripts/openroad/rcx.tcl |& tee /dev/null /openlane/designs/alphasoc_mem/runs/RUN_2023.12.02_20.46.33/logs/signoff/29-parasitics_extraction.nom.log}"

Sat Dec 02 21:33:35 UTC 2023 - Executing "sta -exit -no_init /openlane/scripts/openroad/sta/multi_corner.tcl |& tee /dev/null /openlane/designs/alphasoc_mem/runs/RUN_2023.12.02_20.46.33/logs/signoff/30-rcx_mcsta.nom.log"

Sat Dec 02 21:33:35 UTC 2023 - Executing "{sta -exit -no_init /openlane/scripts/openroad/sta/multi_corner.tcl |& tee /dev/null /openlane/designs/alphasoc_mem/runs/RUN_2023.12.02_20.46.33/logs/signoff/30-rcx_mcsta.nom.log}"

Sat Dec 02 21:35:30 UTC 2023 - Executing "openroad -exit /openlane/scripts/openroad/irdrop.tcl |& tee /dev/null /openlane/designs/alphasoc_mem/runs/RUN_2023.12.02_20.46.33/logs/signoff/31-irdrop.log"

Sat Dec 02 21:35:30 UTC 2023 - Executing "{openroad -exit /openlane/scripts/openroad/irdrop.tcl |& tee /dev/null /openlane/designs/alphasoc_mem/runs/RUN_2023.12.02_20.46.33/logs/signoff/31-irdrop.log}"

Sat Dec 02 21:36:28 UTC 2023 - Executing "magic -noconsole -dnull -rcfile /home/vsduser/Desktop/work/tools/openlane_working_dir/pdks/sky130A/libs.tech/magic/sky130A.magicrc < /openlane/scripts/magic/wrapper.tcl |& tee /dev/null /openlane/designs/alphasoc_mem/runs/RUN_2023.12.02_20.46.33/logs/signoff/32-gdsii.log"

Sat Dec 02 21:36:28 UTC 2023 - Executing "{magic -noconsole -dnull -rcfile /home/vsduser/Desktop/work/tools/openlane_working_dir/pdks/sky130A/libs.tech/magic/sky130A.magicrc < /openlane/scripts/magic/wrapper.tcl |& tee /dev/null /openlane/designs/alphasoc_mem/runs/RUN_2023.12.02_20.46.33/logs/signoff/32-gdsii.log}"

Sat Dec 02 21:37:16 UTC 2023 - Executing "magic -noconsole -dnull -rcfile /home/vsduser/Desktop/work/tools/openlane_working_dir/pdks/sky130A/libs.tech/magic/sky130A.magicrc < /openlane/scripts/magic/wrapper.tcl |& tee /dev/null /openlane/designs/alphasoc_mem/runs/RUN_2023.12.02_20.46.33/logs/signoff/32-gds_ptrs.log"

Sat Dec 02 21:37:16 UTC 2023 - Executing "{magic -noconsole -dnull -rcfile /home/vsduser/Desktop/work/tools/openlane_working_dir/pdks/sky130A/libs.tech/magic/sky130A.magicrc < /openlane/scripts/magic/wrapper.tcl |& tee /dev/null /openlane/designs/alphasoc_mem/runs/RUN_2023.12.02_20.46.33/logs/signoff/32-gds_ptrs.log}"

Sat Dec 02 21:37:49 UTC 2023 - Executing "{sed -i.bak -n {/^<< properties >>/,/^<< end >>/p} /openlane/designs/alphasoc_mem/runs/RUN_2023.12.02_20.46.33/tmp/signoff/gds_ptrs.mag}"

Sat Dec 02 21:37:50 UTC 2023 - Executing "magic -noconsole -dnull -rcfile /home/vsduser/Desktop/work/tools/openlane_working_dir/pdks/sky130A/libs.tech/magic/sky130A.magicrc < /openlane/scripts/magic/wrapper.tcl |& tee /dev/null /openlane/designs/alphasoc_mem/runs/RUN_2023.12.02_20.46.33/logs/signoff/32-lef.log"

Sat Dec 02 21:37:50 UTC 2023 - Executing "{magic -noconsole -dnull -rcfile /home/vsduser/Desktop/work/tools/openlane_working_dir/pdks/sky130A/libs.tech/magic/sky130A.magicrc < /openlane/scripts/magic/wrapper.tcl |& tee /dev/null /openlane/designs/alphasoc_mem/runs/RUN_2023.12.02_20.46.33/logs/signoff/32-lef.log}"

Sat Dec 02 21:38:56 UTC 2023 - Executing "magic -noconsole -dnull -rcfile /home/vsduser/Desktop/work/tools/openlane_working_dir/pdks/sky130A/libs.tech/magic/sky130A.magicrc < /openlane/scripts/magic/wrapper.tcl |& tee /dev/null /openlane/designs/alphasoc_mem/runs/RUN_2023.12.02_20.46.33/logs/signoff/32-maglef.log"

Sat Dec 02 21:38:56 UTC 2023 - Executing "{magic -noconsole -dnull -rcfile /home/vsduser/Desktop/work/tools/openlane_working_dir/pdks/sky130A/libs.tech/magic/sky130A.magicrc < /openlane/scripts/magic/wrapper.tcl |& tee /dev/null /openlane/designs/alphasoc_mem/runs/RUN_2023.12.02_20.46.33/logs/signoff/32-maglef.log}"

Sat Dec 02 21:38:57 UTC 2023 - Executing "{python3 /openlane/scripts/klayout/stream_out.py --output /openlane/designs/alphasoc_mem/runs/RUN_2023.12.02_20.46.33/results/signoff/alphasoc_mem.klayout.gds --lyt /home/vsduser/Desktop/work/tools/openlane_working_dir/pdks/sky130A/libs.tech/klayout/tech/sky130A.lyt --lym /home/vsduser/Desktop/work/tools/openlane_working_dir/pdks/sky130A/libs.tech/klayout/tech/sky130A.map --lyp /home/vsduser/Desktop/work/tools/openlane_working_dir/pdks/sky130A/libs.tech/klayout/tech/sky130A.lyp --top alphasoc_mem --with-gds-file /home/vsduser/Desktop/work/tools/openlane_working_dir/pdks/sky130A/libs.ref/sky130_fd_sc_hd/gds/sky130_fd_sc_hd.gds --input-lef /openlane/designs/alphasoc_mem/runs/RUN_2023.12.02_20.46.33/tmp/merged.nom.lef /openlane/designs/alphasoc_mem/runs/RUN_2023.12.02_20.46.33/results/routing/alphasoc_mem.def |& tee /dev/null /openlane/designs/alphasoc_mem/runs/RUN_2023.12.02_20.46.33/logs/signoff/33-gdsii-klayout.log}"

Sat Dec 02 21:39:04 UTC 2023 - Executing "{klayout -b -r /openlane/scripts/klayout/xor.drc -rd a=/openlane/designs/alphasoc_mem/runs/RUN_2023.12.02_20.46.33/results/signoff/alphasoc_mem.gds -rd b=/openlane/designs/alphasoc_mem/runs/RUN_2023.12.02_20.46.33/results/signoff/alphasoc_mem.klayout.gds -rd jobs=1 -rd rdb_out=/openlane/designs/alphasoc_mem/runs/RUN_2023.12.02_20.46.33/reports/signoff/34-xor.xml -rd ignore=81/14 -rd rpt_out=/openlane/designs/alphasoc_mem/runs/RUN_2023.12.02_20.46.33/reports/signoff/34-xor.rpt |& tee /dev/null /openlane/designs/alphasoc_mem/runs/RUN_2023.12.02_20.46.33/logs/signoff/34-xor.log}"

Sat Dec 02 21:40:30 UTC 2023 - Executing "magic -noconsole -dnull -rcfile /home/vsduser/Desktop/work/tools/openlane_working_dir/pdks/sky130A/libs.tech/magic/sky130A.magicrc < /openlane/scripts/magic/wrapper.tcl |& tee /dev/null /openlane/designs/alphasoc_mem/runs/RUN_2023.12.02_20.46.33/logs/signoff/35-spice.log"

Sat Dec 02 21:40:30 UTC 2023 - Executing "{magic -noconsole -dnull -rcfile /home/vsduser/Desktop/work/tools/openlane_working_dir/pdks/sky130A/libs.tech/magic/sky130A.magicrc < /openlane/scripts/magic/wrapper.tcl |& tee /dev/null /openlane/designs/alphasoc_mem/runs/RUN_2023.12.02_20.46.33/logs/signoff/35-spice.log}"

Sat Dec 02 21:42:53 UTC 2023 - Executing "{openroad -exit -no_init -python /openlane/scripts/odbpy/power_utils.py write_powered_def --output /openlane/designs/alphasoc_mem/runs/RUN_2023.12.02_20.46.33/tmp/signoff/35-alphasoc_mem.p.def --input-lef /openlane/designs/alphasoc_mem/runs/RUN_2023.12.02_20.46.33/tmp/merged.nom.lef --power-port VPWR --ground-port VGND --powered-netlist {} /openlane/designs/alphasoc_mem/runs/RUN_2023.12.02_20.46.33/results/routing/alphasoc_mem.def |& tee /dev/null /openlane/designs/alphasoc_mem/runs/RUN_2023.12.02_20.46.33/logs/signoff/36-write_powered_def.log}"

Sat Dec 02 21:42:58 UTC 2023 - Executing "openroad -exit /openlane/scripts/openroad/write_views.tcl |& tee /dev/null /openlane/designs/alphasoc_mem/runs/RUN_2023.12.02_20.46.33/logs/signoff/36-write_powered_verilog.log"

Sat Dec 02 21:42:58 UTC 2023 - Executing "{openroad -exit /openlane/scripts/openroad/write_views.tcl |& tee /dev/null /openlane/designs/alphasoc_mem/runs/RUN_2023.12.02_20.46.33/logs/signoff/36-write_powered_verilog.log}"

Sat Dec 02 21:43:06 UTC 2023 - Executing "{sed -i.bak -e {s/\(set ::env(CURRENT_NETLIST)\).*/\1 \/openlane\/designs\/alphasoc_mem\/runs\/RUN_2023.12.02_20.46.33\/tmp\/signoff\/35-alphasoc_mem.nl.v/} /openlane/designs/alphasoc_mem/runs/RUN_2023.12.02_20.46.33/config.tcl}"

Sat Dec 02 21:43:06 UTC 2023 - Executing "{netgen -batch source /openlane/designs/alphasoc_mem/runs/RUN_2023.12.02_20.46.33/tmp/signoff/38-setup_file.lef.lvs |& tee /dev/null /openlane/designs/alphasoc_mem/runs/RUN_2023.12.02_20.46.33/logs/signoff/38-lvs.lef.log}"

Sat Dec 02 21:43:17 UTC 2023 - Executing "magic -noconsole -dnull -rcfile /home/vsduser/Desktop/work/tools/openlane_working_dir/pdks/sky130A/libs.tech/magic/sky130A.magicrc < /openlane/scripts/magic/wrapper.tcl |& tee /dev/null /openlane/designs/alphasoc_mem/runs/RUN_2023.12.02_20.46.33/logs/signoff/39-drc.log"

Sat Dec 02 21:43:17 UTC 2023 - Executing "{magic -noconsole -dnull -rcfile /home/vsduser/Desktop/work/tools/openlane_working_dir/pdks/sky130A/libs.tech/magic/sky130A.magicrc < /openlane/scripts/magic/wrapper.tcl |& tee /dev/null /openlane/designs/alphasoc_mem/runs/RUN_2023.12.02_20.46.33/logs/signoff/39-drc.log}"

Sat Dec 02 21:53:47 UTC 2023 - Executing "{python3 /openlane/scripts/drc_rosetta.py magic to_tcl -o /openlane/designs/alphasoc_mem/runs/RUN_2023.12.02_20.46.33/reports/signoff/drc.tcl /openlane/designs/alphasoc_mem/runs/RUN_2023.12.02_20.46.33/reports/signoff/drc.rpt}"

Sat Dec 02 21:53:47 UTC 2023 - Executing "{python3 /openlane/scripts/drc_rosetta.py magic to_tr -o /openlane/designs/alphasoc_mem/runs/RUN_2023.12.02_20.46.33/reports/signoff/drc.tr /openlane/designs/alphasoc_mem/runs/RUN_2023.12.02_20.46.33/reports/signoff/drc.rpt}"

Sat Dec 02 21:53:47 UTC 2023 - Executing "{python3 /openlane/scripts/drc_rosetta.py tr to_klayout -o /openlane/designs/alphasoc_mem/runs/RUN_2023.12.02_20.46.33/reports/signoff/drc.klayout.xml --design-name alphasoc_mem /openlane/designs/alphasoc_mem/runs/RUN_2023.12.02_20.46.33/reports/signoff/drc.tr}"

Sat Dec 02 21:53:47 UTC 2023 - Executing "{python3 /openlane/scripts/drc_rosetta.py magic to_rdb -o /openlane/designs/alphasoc_mem/runs/RUN_2023.12.02_20.46.33/reports/signoff/drc.rdb /openlane/designs/alphasoc_mem/runs/RUN_2023.12.02_20.46.33/reports/signoff/drc.rpt}"

Sat Dec 02 21:53:48 UTC 2023 - Executing "openroad -exit /openlane/scripts/openroad/antenna_check.tcl |& tee /dev/null /openlane/designs/alphasoc_mem/runs/RUN_2023.12.02_20.46.33/logs/signoff/40-arc.log"

Sat Dec 02 21:53:48 UTC 2023 - Executing "{openroad -exit /openlane/scripts/openroad/antenna_check.tcl |& tee /dev/null /openlane/designs/alphasoc_mem/runs/RUN_2023.12.02_20.46.33/logs/signoff/40-arc.log}"

Sat Dec 02 21:53:59 UTC 2023 - Executing "{python3 /openlane/scripts/extract_antenna_violators.py --output /openlane/designs/alphasoc_mem/runs/RUN_2023.12.02_20.46.33/reports/signoff/40-antenna_violators.rpt --plain-out /openlane/designs/alphasoc_mem/runs/RUN_2023.12.02_20.46.33/reports/signoff/40-antenna_violators_pins.txt /openlane/designs/alphasoc_mem/runs/RUN_2023.12.02_20.46.33/logs/signoff/40-arc.log}"

Sat Dec 02 21:54:00 UTC 2023 - Executing "{python3 /openlane/scripts/write_runtime.py --conclude --seconds --time-in 1701554040 {flow completed}}"

Sat Dec 02 21:54:00 UTC 2023 - Executing "{python3 /openlane/scripts/generate_reports.py -d /openlane/designs/alphasoc_mem --design_name alphasoc_mem --tag RUN_2023.12.02_20.46.33 --output_file /openlane/designs/alphasoc_mem/runs/RUN_2023.12.02_20.46.33/reports/metrics.csv --man_report /openlane/designs/alphasoc_mem/runs/RUN_2023.12.02_20.46.33/reports/manufacturability.rpt --run_path /openlane/designs/alphasoc_mem/runs/RUN_2023.12.02_20.46.33}"

