
===========================================================================
 report_power
============================================================================
======================= Fastest Corner ===================================

Group                  Internal  Switching    Leakage      Total
                          Power      Power      Power      Power (Watts)
----------------------------------------------------------------
Sequential             8.31e-05   2.08e-05   2.75e-08   1.04e-04  38.8%
Combinational          3.91e-05   8.85e-05   5.78e-08   1.28e-04  47.6%
Clock                  7.22e-06   2.93e-05   1.77e-08   3.65e-05  13.6%
Macro                  0.00e+00   0.00e+00   0.00e+00   0.00e+00   0.0%
Pad                    0.00e+00   0.00e+00   0.00e+00   0.00e+00   0.0%
----------------------------------------------------------------
Total                  1.29e-04   1.39e-04   1.03e-07   2.68e-04 100.0%
                          48.3%      51.7%       0.0%

======================= Slowest Corner ===================================

Group                  Internal  Switching    Leakage      Total
                          Power      Power      Power      Power (Watts)
----------------------------------------------------------------
Sequential             5.80e-05   1.40e-05   2.45e-05   9.65e-05  37.3%
Combinational          2.77e-05   5.92e-05   4.98e-05   1.37e-04  52.9%
Clock                  5.28e-06   1.89e-05   1.20e-06   2.54e-05   9.8%
Macro                  0.00e+00   0.00e+00   0.00e+00   0.00e+00   0.0%
Pad                    0.00e+00   0.00e+00   0.00e+00   0.00e+00   0.0%
----------------------------------------------------------------
Total                  9.09e-05   9.21e-05   7.55e-05   2.59e-04 100.0%
                          35.2%      35.6%      29.2%

======================= Typical Corner ===================================

Group                  Internal  Switching    Leakage      Total
                          Power      Power      Power      Power (Watts)
----------------------------------------------------------------
Sequential             7.20e-05   1.77e-05   1.44e-08   8.97e-05  38.9%
Combinational          3.46e-05   7.51e-05   4.00e-08   1.10e-04  47.6%
Clock                  6.43e-06   2.47e-05   1.62e-08   3.11e-05  13.5%
Macro                  0.00e+00   0.00e+00   0.00e+00   0.00e+00   0.0%
Pad                    0.00e+00   0.00e+00   0.00e+00   0.00e+00   0.0%
----------------------------------------------------------------
Total                  1.13e-04   1.17e-04   7.06e-08   2.31e-04 100.0%
                          49.0%      51.0%       0.0%

