OpenROAD 6f9b2bb8b808b1bb5831d4525d868212ae50517a 
This program is licensed under the BSD-3 license. See the LICENSE file for details.
Components of this program may be licensed under more restrictive licenses which must be honored.
[INFO]: Reading ODB at '/openlane/designs/spimemio/runs/RUN_2023.12.03_10.14.21/tmp/routing/19-diodes.odb'…
define_corners Typical
read_liberty -corner Typical /home/vsduser/Desktop/work/tools/openlane_working_dir/pdks/sky130A/libs.ref/sky130_fd_sc_hd/lib/sky130_fd_sc_hd__tt_025C_1v80.lib
read_liberty -corner Typical /openlane/designs/spimemio/src/sky130_fd_sc_hd__tt_025C_1v80.lib
[WARNING STA-0053] /openlane/designs/spimemio/src/sky130_fd_sc_hd__tt_025C_1v80.lib line 1, library sky130_fd_sc_hd__tt_025C_1v80 already exists.
Using 1e-12 for capacitance...
Using 1e+03 for resistance...
Using 1e-09 for time...
Using 1e+00 for voltage...
Using 1e-03 for current...
Using 1e-09 for power...
Using 1e-06 for distance...
Reading design constraints file at '/openlane/designs/spimemio/src/spimemio_synthesis.sdc'…
Placement Analysis
---------------------------------
total displacement       1505.5 u
average displacement        0.3 u
max displacement            8.7 u
original HPWL           48217.9 u
legalized HPWL          49170.1 u
delta HPWL                    2 %

[INFO DPL-0020] Mirrored 578 instances
[INFO DPL-0021] HPWL before           49170.1 u
[INFO DPL-0022] HPWL after            48348.5 u
[INFO DPL-0023] HPWL delta               -1.7 %
Setting global connections for newly added cells…
Writing OpenROAD database to '/openlane/designs/spimemio/runs/RUN_2023.12.03_10.14.21/tmp/routing/./19-diodes_legalized.odb'…
Writing netlist to '/openlane/designs/spimemio/runs/RUN_2023.12.03_10.14.21/tmp/routing/./19-diodes_legalized.nl.v'…
Writing powered netlist to '/openlane/designs/spimemio/runs/RUN_2023.12.03_10.14.21/tmp/routing/./19-diodes_legalized.pnl.v'…
Writing layout to '/openlane/designs/spimemio/runs/RUN_2023.12.03_10.14.21/tmp/routing/./19-diodes_legalized.def'…
